<?xml version="1.0" encoding="UTF-8"?>
<testsuites name="Report testing" time="4708" tests="30" failures="0" errors="0">
   <testsuite name="Report testing" tests="30" failures="0" errors="0" time="4708" timestamp="2019-03-11 16:15:51" hostname="rkulkarn - 41XHMV1-E6330.callidussoftware.com" id="Test Suites/Report testing">
      <properties>
         <property name="deviceName" value=""/>
         <property name="devicePlatform" value=""/>
         <property name="logFolder" value="C:\\Users\\rkulkarn\\git\\commissionUAT_Jan28\\Reports\\Report testing\\20190311_161542"/>
         <property name="logFiles" value="C:\\Users\\rkulkarn\\git\\commissionUAT_Jan28\\Reports\\Report testing\\20190311_161542\\execution0.log"/>
         <property name="attachments" value=""/>
         <property name="hostName" value="rkulkarn - 41XHMV1-E6330.callidussoftware.com"/>
         <property name="os" value="Windows 10 64bit"/>
         <property name="katalonVersion" value="5.10.1.1"/>
         <property name="browser" value="Chrome 72.0.3626.121"/>
         <property name="hostAddress" value="192.168.241.8"/>
         <property name="sessionId" value="2696518670be7a8ce27b769753526446"/>
         <property name="seleniumVersion" value="3.7.1"/>
         <property name="proxyInformation" value="ProxyInformation{proxyOption=NO_PROXY, proxyServerType=HTTP, password=, proxyServerAddress=, proxyServerPort=0}"/>
         <property name="platform" value="Windows 10"/>
      </properties>
      <testcase name="Test Cases/Compensation_Elements_Workspace/Fixed_Value_exist in the  system" classname="Test Cases/Compensation_Elements_Workspace/Fixed_Value_exist in the  system" status="PASSED">
         <system-out><![CDATA[2019-03-11 16:15:52 - [TEST_CASE][PASSED] - Test Cases/Compensation_Elements_Workspace/Fixed_Value_exist in the  system: Test Cases/Compensation_Elements_Workspace/Fixed_Value_exist in the  system

2019-03-11 16:15:52 - [TEST_STEP][PASSED] - Start listener action : sampleBeforeTestCase: null

2019-03-11 16:15:52 - [TEST_STEP][PASSED] - println(testCaseContext.getTestCaseId()): null

2019-03-11 16:15:52 - [TEST_STEP][PASSED] - println(testCaseContext.getTestCaseVariables()): null

2019-03-11 16:15:53 - [TEST_STEP][PASSED] - callTestCase(findTestCase("Commission Login_Logout/Commission Login"), [:], STOP_ON_FAILURE): Call Test Case 'Test Cases/Commission Login_Logout/Commission Login' successfully

2019-03-11 16:15:53 - [TEST_CASE][PASSED] - Test Cases/Commission Login_Logout/Commission Login: Test Cases/Commission Login_Logout/Commission Login

2019-03-11 16:15:54 - [TEST_STEP][PASSED] - openBrowser(""): Browser is opened with url: ''

2019-03-11 16:15:54 - [MESSAGE][INFO] - Starting 'Chrome' driver

2019-03-11 16:15:54 - [MESSAGE][INFO] - Action delay is set to 1 seconds

2019-03-11 16:16:02 - [MESSAGE][PASSED] - Browser is opened with url: ''

2019-03-11 16:16:02 - [TEST_STEP][PASSED] - navigateToUrl(BecURL): Navigate to 'https://biz3-tst.callidusondemand.com/SalesPortal/#!/' successfully

2019-03-11 16:16:19 - [MESSAGE][PASSED] - Navigate to 'https://biz3-tst.callidusondemand.com/SalesPortal/#!/' successfully

2019-03-11 16:16:19 - [TEST_STEP][PASSED] - maximizeWindow(): Current window maximized

2019-03-11 16:16:21 - [MESSAGE][PASSED] - Current window maximized

2019-03-11 16:16:21 - [TEST_STEP][PASSED] - Assert.assertEquals(getText(findTestObject("LoginPage/Header_homepage")), header_name): Text of object 'Object Repository/LoginPage/Header_homepage' is: 'Sales Performance Home '

2019-03-11 16:16:23 - [MESSAGE][PASSED] - Text of object 'Object Repository/LoginPage/Header_homepage' is: 'Sales Performance Home '

2019-03-11 16:16:23 - [TEST_STEP][PASSED] - setText(findTestObject("LoginPage/input_Username_username"), Bec_UserName): Text 'rkulkarn@calliduscloud.com' is set on object 'Object Repository/LoginPage/input_Username_username'

2019-03-11 16:16:27 - [MESSAGE][PASSED] - Text 'rkulkarn@calliduscloud.com' is set on object 'Object Repository/LoginPage/input_Username_username'

2019-03-11 16:16:27 - [TEST_STEP][PASSED] - setText(findTestObject("LoginPage/input_Password_password"), Bec_Password): Text 'Augg@1234' is set on object 'Object Repository/LoginPage/input_Password_password'

2019-03-11 16:16:32 - [MESSAGE][PASSED] - Text 'Augg@1234' is set on object 'Object Repository/LoginPage/input_Password_password'

2019-03-11 16:16:32 - [TEST_STEP][PASSED] - waitForElementClickable(findTestObject("LoginPage/Login_Button"), 2): Object 'Object Repository/LoginPage/Login_Button' is clickable

2019-03-11 16:16:34 - [MESSAGE][PASSED] - Object 'Object Repository/LoginPage/Login_Button' is clickable

2019-03-11 16:16:34 - [TEST_STEP][PASSED] - click(findTestObject("LoginPage/Login_Button")): Object: 'Object Repository/LoginPage/Login_Button' is clicked on

2019-03-11 16:16:36 - [MESSAGE][PASSED] - Object: 'Object Repository/LoginPage/Login_Button' is clicked on

2019-03-11 16:16:36 - [TEST_STEP][PASSED] - waitForPageLoad(2): Wait for page load successfully

2019-03-11 16:16:37 - [MESSAGE][PASSED] - Wait for page load successfully

2019-03-11 16:16:37 - [TEST_STEP][PASSED] - click(findTestObject("MessagesPage/Icon_Apps")): Object: 'Object Repository/MessagesPage/Icon_Apps' is clicked on

2019-03-11 16:16:41 - [MESSAGE][PASSED] - Object: 'Object Repository/MessagesPage/Icon_Apps' is clicked on

2019-03-11 16:16:41 - [TEST_STEP][PASSED] - mouseOver(findTestObject("MessagesPage/Link_Commissions")): Object: 'Object Repository/MessagesPage/Link_Commissions' is hovered

2019-03-11 16:16:44 - [MESSAGE][PASSED] - Object: 'Object Repository/MessagesPage/Link_Commissions' is hovered

2019-03-11 16:16:44 - [TEST_STEP][PASSED] - scrollToElement(findTestObject("MessagesPage/Link_Commissions"), 1): Scroll to object 'Object Repository/MessagesPage/Link_Commissions' successfully

2019-03-11 16:16:46 - [MESSAGE][PASSED] - Scroll to object 'Object Repository/MessagesPage/Link_Commissions' successfully

2019-03-11 16:16:46 - [TEST_STEP][PASSED] - click(findTestObject("MessagesPage/Link_Commissions")): Object: 'Object Repository/MessagesPage/Link_Commissions' is clicked on

2019-03-11 16:17:12 - [MESSAGE][PASSED] - Object: 'Object Repository/MessagesPage/Link_Commissions' is clicked on

2019-03-11 16:17:12 - [TEST_STEP][PASSED] - click(findTestObject("LoginPage/User_id")): Object: 'Object Repository/LoginPage/User_id' is clicked on

2019-03-11 16:17:15 - [MESSAGE][PASSED] - Object: 'Object Repository/LoginPage/User_id' is clicked on

2019-03-11 16:17:15 - [TEST_STEP][PASSED] - waitForElementVisible(findTestObject("LoginPage/user_name"), 1): Object 'Object Repository/LoginPage/user_name' is visible

2019-03-11 16:17:17 - [MESSAGE][PASSED] - Object 'Object Repository/LoginPage/user_name' is visible

2019-03-11 16:17:17 - [TEST_STEP][PASSED] - Assert.assertEquals(getText(findTestObject("LoginPage/user_name")), User_name): Text of object 'Object Repository/LoginPage/user_name' is: 'rkulkarn@calliduscloud.com'

2019-03-11 16:17:19 - [MESSAGE][PASSED] - Text of object 'Object Repository/LoginPage/user_name' is: 'rkulkarn@calliduscloud.com'

2019-03-11 16:17:19 - [TEST_STEP][PASSED] - waitForPageLoad(3): Wait for page load successfully

2019-03-11 16:17:20 - [MESSAGE][PASSED] - Wait for page load successfully

2019-03-11 16:17:20 - [MESSAGE][PASSED] - Call Test Case 'Test Cases/Commission Login_Logout/Commission Login' successfully

2019-03-11 16:17:20 - [TEST_STEP][PASSED] - mouseOver(findTestObject("HomePage_Commission/Commission_CompensationElements/Icon_Compensationelement")): Object: 'Object Repository/HomePage_Commission/Commission_CompensationElements/Icon_Compensationelement' is hovered

2019-03-11 16:17:23 - [MESSAGE][PASSED] - Object: 'Object Repository/HomePage_Commission/Commission_CompensationElements/Icon_Compensationelement' is hovered

2019-03-11 16:17:23 - [TEST_STEP][PASSED] - waitForElementPresent(findTestObject("HomePage_Commission/Commission_CompensationElements/Icon_Compensationelement"), 3): Object 'Object Repository/HomePage_Commission/Commission_CompensationElements/Icon_Compensationelement' is present

2019-03-11 16:17:24 - [MESSAGE][PASSED] - Object 'Object Repository/HomePage_Commission/Commission_CompensationElements/Icon_Compensationelement' is present

2019-03-11 16:17:24 - [TEST_STEP][PASSED] - click(findTestObject("HomePage_Commission/Commission_CompensationElements/Icon_Compensationelement")): Object: 'Object Repository/HomePage_Commission/Commission_CompensationElements/Icon_Compensationelement' is clicked on

2019-03-11 16:17:26 - [MESSAGE][PASSED] - Object: 'Object Repository/HomePage_Commission/Commission_CompensationElements/Icon_Compensationelement' is clicked on

2019-03-11 16:17:26 - [TEST_STEP][PASSED] - Assert.assertEquals(getText(findTestObject("Assertion_objects/Compensation_elements")), Compensation_ele): Text of object 'Object Repository/Assertion_objects/Compensation_elements' is: 'Compensation Elements'

2019-03-11 16:17:28 - [MESSAGE][PASSED] - Text of object 'Object Repository/Assertion_objects/Compensation_elements' is: 'Compensation Elements'

2019-03-11 16:17:28 - [TEST_STEP][PASSED] - println("User is able to navigate to Plan tab"): null

2019-03-11 16:17:28 - [TEST_STEP][PASSED] - waitForElementVisible(findTestObject("HomePage_Commission/Commission_CompensationElements/Link_Fixed Value"), 1): Object 'Object Repository/HomePage_Commission/Commission_CompensationElements/Link_Fixed Value' is visible

2019-03-11 16:17:30 - [MESSAGE][PASSED] - Object 'Object Repository/HomePage_Commission/Commission_CompensationElements/Link_Fixed Value' is visible

2019-03-11 16:17:30 - [TEST_STEP][PASSED] - mouseOver(findTestObject("HomePage_Commission/Commission_CompensationElements/Link_Fixed Value"), STOP_ON_FAILURE): Object: 'Object Repository/HomePage_Commission/Commission_CompensationElements/Link_Fixed Value' is hovered

2019-03-11 16:17:34 - [MESSAGE][PASSED] - Object: 'Object Repository/HomePage_Commission/Commission_CompensationElements/Link_Fixed Value' is hovered

2019-03-11 16:17:34 - [TEST_STEP][PASSED] - click(findTestObject("HomePage_Commission/Commission_CompensationElements/Link_Fixed Value")): Object: 'Object Repository/HomePage_Commission/Commission_CompensationElements/Link_Fixed Value' is clicked on

2019-03-11 16:17:46 - [MESSAGE][PASSED] - Object: 'Object Repository/HomePage_Commission/Commission_CompensationElements/Link_Fixed Value' is clicked on

2019-03-11 16:17:46 - [TEST_STEP][PASSED] - Assert.assertEquals(getText(findTestObject("Assertion_objects/Fixed_value")), FV_Name): Text of object 'Object Repository/Assertion_objects/Fixed_value' is: 'Fixed Values'

2019-03-11 16:17:49 - [MESSAGE][PASSED] - Text of object 'Object Repository/Assertion_objects/Fixed_value' is: 'Fixed Values'

2019-03-11 16:17:49 - [TEST_STEP][PASSED] - println("User Navigated to Fixed Values screen"): null

2019-03-11 16:17:49 - [TEST_STEP][PASSED] - if (verifyElementClickable(findTestObject("AdvanceSearch_Page/Advanced_searchtext"))): null

2019-03-11 16:17:51 - [MESSAGE][PASSED] - Object 'Object Repository/AdvanceSearch_Page/Advanced_searchtext' is clickable

2019-03-11 16:17:51 - [TEST_STEP][PASSED] - click(findTestObject("AdvanceSearch_Page/Icon_Advanced Search")): Object: 'Object Repository/AdvanceSearch_Page/Icon_Advanced Search' is clicked on

2019-03-11 16:17:54 - [MESSAGE][PASSED] - Object: 'Object Repository/AdvanceSearch_Page/Icon_Advanced Search' is clicked on

2019-03-11 16:17:54 - [TEST_STEP][PASSED] - println("Performing advance search"): null

2019-03-11 16:17:54 - [TEST_STEP][PASSED] - click(findTestObject("AdvanceSearch_Page/FieldName_DropDown")): Object: 'Object Repository/AdvanceSearch_Page/FieldName_DropDown' is clicked on

2019-03-11 16:17:56 - [MESSAGE][PASSED] - Object: 'Object Repository/AdvanceSearch_Page/FieldName_DropDown' is clicked on

2019-03-11 16:17:56 - [TEST_STEP][PASSED] - scrollToElement(findTestObject("AdvanceSearch_Page/option_Compensations Elements"), 4): Scroll to object 'Object Repository/AdvanceSearch_Page/option_Compensations Elements' successfully

2019-03-11 16:17:58 - [MESSAGE][PASSED] - Scroll to object 'Object Repository/AdvanceSearch_Page/option_Compensations Elements' successfully

2019-03-11 16:17:58 - [TEST_STEP][PASSED] - click(findTestObject("AdvanceSearch_Page/option_Compensations Elements")): Object: 'Object Repository/AdvanceSearch_Page/option_Compensations Elements' is clicked on

2019-03-11 16:18:00 - [MESSAGE][PASSED] - Object: 'Object Repository/AdvanceSearch_Page/option_Compensations Elements' is clicked on

2019-03-11 16:18:00 - [TEST_STEP][PASSED] - click(findTestObject("AdvanceSearch_Page/td_Comparision")): Object: 'Object Repository/AdvanceSearch_Page/td_Comparision' is clicked on

2019-03-11 16:18:02 - [MESSAGE][PASSED] - Object: 'Object Repository/AdvanceSearch_Page/td_Comparision' is clicked on

2019-03-11 16:18:02 - [TEST_STEP][PASSED] - scrollToElement(findTestObject("AdvanceSearch_Page/option_Equals"), 2): Scroll to object 'Object Repository/AdvanceSearch_Page/option_Equals' successfully

2019-03-11 16:18:04 - [MESSAGE][PASSED] - Scroll to object 'Object Repository/AdvanceSearch_Page/option_Equals' successfully

2019-03-11 16:18:04 - [TEST_STEP][PASSED] - click(findTestObject("AdvanceSearch_Page/option_Equals")): Object: 'Object Repository/AdvanceSearch_Page/option_Equals' is clicked on

2019-03-11 16:18:07 - [MESSAGE][PASSED] - Object: 'Object Repository/AdvanceSearch_Page/option_Equals' is clicked on

2019-03-11 16:18:07 - [TEST_STEP][PASSED] - setText(findTestObject("AdvanceSearch_Page/td_Value"), FIX_VAL): Text 'HC Target Value_G' is set on object 'Object Repository/AdvanceSearch_Page/td_Value'

2019-03-11 16:18:11 - [MESSAGE][PASSED] - Text 'HC Target Value_G' is set on object 'Object Repository/AdvanceSearch_Page/td_Value'

2019-03-11 16:18:11 - [TEST_STEP][PASSED] - click(findTestObject("AdvanceSearch_Page/AppySearch_button")): Object: 'Object Repository/AdvanceSearch_Page/AppySearch_button' is clicked on

2019-03-11 16:18:14 - [MESSAGE][PASSED] - Object: 'Object Repository/AdvanceSearch_Page/AppySearch_button' is clicked on

2019-03-11 16:18:14 - [TEST_STEP][PASSED] - globalkeywords.record.RecordNotFound(): globalkeywords.record.RecordNotFound is PASSED

2019-03-11 16:18:25 - [MESSAGE][INFO] - Unable to find the element located by 'By.xpath: //td[@class='dataTables_empty']'. Please recheck the objects properties to make sure the desired element is located. 

2019-03-11 16:18:25 - [MESSAGE][WARNING] - Object 'Object Repository/Page_Callidus Cloud Commissions Man/NoRecordsFound' is not present after 10 second(s)

2019-03-11 16:18:25 - [MESSAGE][PASSED] - globalkeywords.record.RecordNotFound is PASSED]]></system-out>
         <system-err><![CDATA[]]></system-err>
      </testcase>
      <testcase name="Test Cases/Compensation_Elements_Workspace/Fixed_Value_Variables_exist_in_the_System" classname="Test Cases/Compensation_Elements_Workspace/Fixed_Value_Variables_exist_in_the_System" status="PASSED">
         <system-out><![CDATA[2019-03-11 16:18:25 - [TEST_CASE][PASSED] - Test Cases/Compensation_Elements_Workspace/Fixed_Value_Variables_exist_in_the_System: Test Cases/Compensation_Elements_Workspace/Fixed_Value_Variables_exist_in_the_System

2019-03-11 16:18:25 - [TEST_STEP][PASSED] - Start listener action : sampleBeforeTestCase: null

2019-03-11 16:18:25 - [TEST_STEP][PASSED] - println(testCaseContext.getTestCaseId()): null

2019-03-11 16:18:25 - [TEST_STEP][PASSED] - println(testCaseContext.getTestCaseVariables()): null

2019-03-11 16:18:25 - [TEST_STEP][PASSED] - callTestCase(findTestCase("Commission Login_Logout/Commission Login"), [:], STOP_ON_FAILURE): Call Test Case 'Test Cases/Commission Login_Logout/Commission Login' successfully

2019-03-11 16:18:26 - [TEST_CASE][PASSED] - Test Cases/Commission Login_Logout/Commission Login: Test Cases/Commission Login_Logout/Commission Login

2019-03-11 16:18:26 - [TEST_STEP][PASSED] - openBrowser(""): Browser is opened with url: ''

2019-03-11 16:18:26 - [MESSAGE][WARNING] - A browser is already opened. Closing browser and opening a new one

2019-03-11 16:18:27 - [MESSAGE][INFO] - Starting 'Chrome' driver

2019-03-11 16:18:32 - [MESSAGE][PASSED] - Browser is opened with url: ''

2019-03-11 16:18:32 - [TEST_STEP][PASSED] - navigateToUrl(BecURL): Navigate to 'https://biz3-tst.callidusondemand.com/SalesPortal/#!/' successfully

2019-03-11 16:18:41 - [MESSAGE][PASSED] - Navigate to 'https://biz3-tst.callidusondemand.com/SalesPortal/#!/' successfully

2019-03-11 16:18:41 - [TEST_STEP][PASSED] - maximizeWindow(): Current window maximized

2019-03-11 16:18:43 - [MESSAGE][PASSED] - Current window maximized

2019-03-11 16:18:43 - [TEST_STEP][PASSED] - Assert.assertEquals(getText(findTestObject("LoginPage/Header_homepage")), header_name): Text of object 'Object Repository/LoginPage/Header_homepage' is: 'Sales Performance Home '

2019-03-11 16:18:45 - [MESSAGE][PASSED] - Text of object 'Object Repository/LoginPage/Header_homepage' is: 'Sales Performance Home '

2019-03-11 16:18:45 - [TEST_STEP][PASSED] - setText(findTestObject("LoginPage/input_Username_username"), Bec_UserName): Text 'rkulkarn@calliduscloud.com' is set on object 'Object Repository/LoginPage/input_Username_username'

2019-03-11 16:18:49 - [MESSAGE][PASSED] - Text 'rkulkarn@calliduscloud.com' is set on object 'Object Repository/LoginPage/input_Username_username'

2019-03-11 16:18:49 - [TEST_STEP][PASSED] - setText(findTestObject("LoginPage/input_Password_password"), Bec_Password): Text 'Augg@1234' is set on object 'Object Repository/LoginPage/input_Password_password'

2019-03-11 16:18:54 - [MESSAGE][PASSED] - Text 'Augg@1234' is set on object 'Object Repository/LoginPage/input_Password_password'

2019-03-11 16:18:54 - [TEST_STEP][PASSED] - waitForElementClickable(findTestObject("LoginPage/Login_Button"), 2): Object 'Object Repository/LoginPage/Login_Button' is clickable

2019-03-11 16:18:56 - [MESSAGE][PASSED] - Object 'Object Repository/LoginPage/Login_Button' is clickable

2019-03-11 16:18:56 - [TEST_STEP][PASSED] - click(findTestObject("LoginPage/Login_Button")): Object: 'Object Repository/LoginPage/Login_Button' is clicked on

2019-03-11 16:18:58 - [MESSAGE][PASSED] - Object: 'Object Repository/LoginPage/Login_Button' is clicked on

2019-03-11 16:18:58 - [TEST_STEP][PASSED] - waitForPageLoad(2): Wait for page load successfully

2019-03-11 16:18:59 - [MESSAGE][PASSED] - Wait for page load successfully

2019-03-11 16:18:59 - [TEST_STEP][PASSED] - click(findTestObject("MessagesPage/Icon_Apps")): Object: 'Object Repository/MessagesPage/Icon_Apps' is clicked on

2019-03-11 16:19:03 - [MESSAGE][PASSED] - Object: 'Object Repository/MessagesPage/Icon_Apps' is clicked on

2019-03-11 16:19:03 - [TEST_STEP][PASSED] - mouseOver(findTestObject("MessagesPage/Link_Commissions")): Object: 'Object Repository/MessagesPage/Link_Commissions' is hovered

2019-03-11 16:19:06 - [MESSAGE][PASSED] - Object: 'Object Repository/MessagesPage/Link_Commissions' is hovered

2019-03-11 16:19:06 - [TEST_STEP][PASSED] - scrollToElement(findTestObject("MessagesPage/Link_Commissions"), 1): Scroll to object 'Object Repository/MessagesPage/Link_Commissions' successfully

2019-03-11 16:19:08 - [MESSAGE][PASSED] - Scroll to object 'Object Repository/MessagesPage/Link_Commissions' successfully

2019-03-11 16:19:08 - [TEST_STEP][PASSED] - click(findTestObject("MessagesPage/Link_Commissions")): Object: 'Object Repository/MessagesPage/Link_Commissions' is clicked on

2019-03-11 16:19:33 - [MESSAGE][PASSED] - Object: 'Object Repository/MessagesPage/Link_Commissions' is clicked on

2019-03-11 16:19:33 - [TEST_STEP][PASSED] - click(findTestObject("LoginPage/User_id")): Object: 'Object Repository/LoginPage/User_id' is clicked on

2019-03-11 16:19:35 - [MESSAGE][PASSED] - Object: 'Object Repository/LoginPage/User_id' is clicked on

2019-03-11 16:19:35 - [TEST_STEP][PASSED] - waitForElementVisible(findTestObject("LoginPage/user_name"), 1): Object 'Object Repository/LoginPage/user_name' is visible

2019-03-11 16:19:37 - [MESSAGE][PASSED] - Object 'Object Repository/LoginPage/user_name' is visible

2019-03-11 16:19:37 - [TEST_STEP][PASSED] - Assert.assertEquals(getText(findTestObject("LoginPage/user_name")), User_name): Text of object 'Object Repository/LoginPage/user_name' is: 'rkulkarn@calliduscloud.com'

2019-03-11 16:19:39 - [MESSAGE][PASSED] - Text of object 'Object Repository/LoginPage/user_name' is: 'rkulkarn@calliduscloud.com'

2019-03-11 16:19:39 - [TEST_STEP][PASSED] - waitForPageLoad(3): Wait for page load successfully

2019-03-11 16:19:40 - [MESSAGE][PASSED] - Wait for page load successfully

2019-03-11 16:19:40 - [MESSAGE][PASSED] - Call Test Case 'Test Cases/Commission Login_Logout/Commission Login' successfully

2019-03-11 16:19:40 - [TEST_STEP][PASSED] - mouseOver(findTestObject("HomePage_Commission/Commission_CompensationElements/Icon_Compensationelement")): Object: 'Object Repository/HomePage_Commission/Commission_CompensationElements/Icon_Compensationelement' is hovered

2019-03-11 16:19:43 - [MESSAGE][PASSED] - Object: 'Object Repository/HomePage_Commission/Commission_CompensationElements/Icon_Compensationelement' is hovered

2019-03-11 16:19:43 - [TEST_STEP][PASSED] - waitForElementPresent(findTestObject("HomePage_Commission/Commission_CompensationElements/Icon_Compensationelement"), 3): Object 'Object Repository/HomePage_Commission/Commission_CompensationElements/Icon_Compensationelement' is present

2019-03-11 16:19:44 - [MESSAGE][PASSED] - Object 'Object Repository/HomePage_Commission/Commission_CompensationElements/Icon_Compensationelement' is present

2019-03-11 16:19:44 - [TEST_STEP][PASSED] - click(findTestObject("HomePage_Commission/Commission_CompensationElements/Icon_Compensationelement")): Object: 'Object Repository/HomePage_Commission/Commission_CompensationElements/Icon_Compensationelement' is clicked on

2019-03-11 16:19:46 - [MESSAGE][PASSED] - Object: 'Object Repository/HomePage_Commission/Commission_CompensationElements/Icon_Compensationelement' is clicked on

2019-03-11 16:19:46 - [TEST_STEP][PASSED] - Assert.assertEquals(getText(findTestObject("Assertion_objects/Compensation_elements")), Compensation_ele): Text of object 'Object Repository/Assertion_objects/Compensation_elements' is: 'Compensation Elements'

2019-03-11 16:19:48 - [MESSAGE][PASSED] - Text of object 'Object Repository/Assertion_objects/Compensation_elements' is: 'Compensation Elements'

2019-03-11 16:19:48 - [TEST_STEP][PASSED] - println("User is able to navigate to Plan tab"): null

2019-03-11 16:19:48 - [TEST_STEP][PASSED] - waitForElementVisible(findTestObject("HomePage_Commission/Commission_CompensationElements/Link_Variables"), 7): Object 'Object Repository/HomePage_Commission/Commission_CompensationElements/Link_Variables' is visible

2019-03-11 16:19:50 - [MESSAGE][PASSED] - Object 'Object Repository/HomePage_Commission/Commission_CompensationElements/Link_Variables' is visible

2019-03-11 16:19:50 - [TEST_STEP][PASSED] - mouseOver(findTestObject("HomePage_Commission/Commission_CompensationElements/Link_Variables"), STOP_ON_FAILURE): Object: 'Object Repository/HomePage_Commission/Commission_CompensationElements/Link_Variables' is hovered

2019-03-11 16:19:54 - [MESSAGE][PASSED] - Object: 'Object Repository/HomePage_Commission/Commission_CompensationElements/Link_Variables' is hovered

2019-03-11 16:19:54 - [TEST_STEP][PASSED] - click(findTestObject("HomePage_Commission/Commission_CompensationElements/Link_Variables")): Object: 'Object Repository/HomePage_Commission/Commission_CompensationElements/Link_Variables' is clicked on

2019-03-11 16:20:08 - [MESSAGE][PASSED] - Object: 'Object Repository/HomePage_Commission/Commission_CompensationElements/Link_Variables' is clicked on

2019-03-11 16:20:08 - [TEST_STEP][PASSED] - Assert.assertEquals(getText(findTestObject("Assertion_objects/Variable")), Var_name): Text of object 'Object Repository/Assertion_objects/Variable' is: 'Variables'

2019-03-11 16:20:11 - [MESSAGE][PASSED] - Text of object 'Object Repository/Assertion_objects/Variable' is: 'Variables'

2019-03-11 16:20:11 - [TEST_STEP][PASSED] - println("User Navigated to Varaible screen"): null

2019-03-11 16:20:11 - [TEST_STEP][PASSED] - if (verifyElementClickable(findTestObject("AdvanceSearch_Page/Advanced_searchtext"))): null

2019-03-11 16:20:13 - [MESSAGE][PASSED] - Object 'Object Repository/AdvanceSearch_Page/Advanced_searchtext' is clickable

2019-03-11 16:20:13 - [TEST_STEP][PASSED] - click(findTestObject("AdvanceSearch_Page/Icon_Advanced Search")): Object: 'Object Repository/AdvanceSearch_Page/Icon_Advanced Search' is clicked on

2019-03-11 16:20:16 - [MESSAGE][PASSED] - Object: 'Object Repository/AdvanceSearch_Page/Icon_Advanced Search' is clicked on

2019-03-11 16:20:16 - [TEST_STEP][PASSED] - println("Performing advance search"): null

2019-03-11 16:20:16 - [TEST_STEP][PASSED] - click(findTestObject("AdvanceSearch_Page/FieldName_DropDown")): Object: 'Object Repository/AdvanceSearch_Page/FieldName_DropDown' is clicked on

2019-03-11 16:20:18 - [MESSAGE][PASSED] - Object: 'Object Repository/AdvanceSearch_Page/FieldName_DropDown' is clicked on

2019-03-11 16:20:18 - [TEST_STEP][PASSED] - scrollToElement(findTestObject("AdvanceSearch_Page/option_Value"), 4): Scroll to object 'Object Repository/AdvanceSearch_Page/option_Value' successfully

2019-03-11 16:20:20 - [MESSAGE][PASSED] - Scroll to object 'Object Repository/AdvanceSearch_Page/option_Value' successfully

2019-03-11 16:20:20 - [TEST_STEP][PASSED] - click(findTestObject("AdvanceSearch_Page/option_Value")): Object: 'Object Repository/AdvanceSearch_Page/option_Value' is clicked on

2019-03-11 16:20:22 - [MESSAGE][PASSED] - Object: 'Object Repository/AdvanceSearch_Page/option_Value' is clicked on

2019-03-11 16:20:22 - [TEST_STEP][PASSED] - click(findTestObject("AdvanceSearch_Page/td_Comparision")): Object: 'Object Repository/AdvanceSearch_Page/td_Comparision' is clicked on

2019-03-11 16:20:24 - [MESSAGE][PASSED] - Object: 'Object Repository/AdvanceSearch_Page/td_Comparision' is clicked on

2019-03-11 16:20:24 - [TEST_STEP][PASSED] - scrollToElement(findTestObject("AdvanceSearch_Page/option_Equals"), 2): Scroll to object 'Object Repository/AdvanceSearch_Page/option_Equals' successfully

2019-03-11 16:20:26 - [MESSAGE][PASSED] - Scroll to object 'Object Repository/AdvanceSearch_Page/option_Equals' successfully

2019-03-11 16:20:26 - [TEST_STEP][PASSED] - click(findTestObject("AdvanceSearch_Page/option_Equals")): Object: 'Object Repository/AdvanceSearch_Page/option_Equals' is clicked on

2019-03-11 16:20:29 - [MESSAGE][PASSED] - Object: 'Object Repository/AdvanceSearch_Page/option_Equals' is clicked on

2019-03-11 16:20:29 - [TEST_STEP][PASSED] - setText(findTestObject("AdvanceSearch_Page/td_Value"), FV_Var): Text 'HC Flat Rate Multiplier Variable_G' is set on object 'Object Repository/AdvanceSearch_Page/td_Value'

2019-03-11 16:20:33 - [MESSAGE][PASSED] - Text 'HC Flat Rate Multiplier Variable_G' is set on object 'Object Repository/AdvanceSearch_Page/td_Value'

2019-03-11 16:20:33 - [TEST_STEP][PASSED] - click(findTestObject("AdvanceSearch_Page/AppySearch_button")): Object: 'Object Repository/AdvanceSearch_Page/AppySearch_button' is clicked on

2019-03-11 16:20:36 - [MESSAGE][PASSED] - Object: 'Object Repository/AdvanceSearch_Page/AppySearch_button' is clicked on

2019-03-11 16:20:36 - [TEST_STEP][PASSED] - globalkeywords.record.RecordNotFound(): globalkeywords.record.RecordNotFound is PASSED

2019-03-11 16:20:47 - [MESSAGE][INFO] - Unable to find the element located by 'By.xpath: //td[@class='dataTables_empty']'. Please recheck the objects properties to make sure the desired element is located. 

2019-03-11 16:20:47 - [MESSAGE][WARNING] - Object 'Object Repository/Page_Callidus Cloud Commissions Man/NoRecordsFound' is not present after 10 second(s)

2019-03-11 16:20:47 - [MESSAGE][PASSED] - globalkeywords.record.RecordNotFound is PASSED]]></system-out>
         <system-err><![CDATA[]]></system-err>
      </testcase>
      <testcase name="Test Cases/Compensation_Elements_Workspace/Formulas exits in the system" classname="Test Cases/Compensation_Elements_Workspace/Formulas exits in the system" status="PASSED">
         <system-out><![CDATA[2019-03-11 16:20:47 - [TEST_CASE][PASSED] - Test Cases/Compensation_Elements_Workspace/Formulas exits in the system: Test Cases/Compensation_Elements_Workspace/Formulas exits in the system

2019-03-11 16:20:47 - [TEST_STEP][PASSED] - Start listener action : sampleBeforeTestCase: null

2019-03-11 16:20:47 - [TEST_STEP][PASSED] - println(testCaseContext.getTestCaseId()): null

2019-03-11 16:20:47 - [TEST_STEP][PASSED] - println(testCaseContext.getTestCaseVariables()): null

2019-03-11 16:20:47 - [TEST_STEP][PASSED] - callTestCase(findTestCase("Commission Login_Logout/Commission Login"), [:], STOP_ON_FAILURE): Call Test Case 'Test Cases/Commission Login_Logout/Commission Login' successfully

2019-03-11 16:20:47 - [TEST_CASE][PASSED] - Test Cases/Commission Login_Logout/Commission Login: Test Cases/Commission Login_Logout/Commission Login

2019-03-11 16:20:47 - [TEST_STEP][PASSED] - openBrowser(""): Browser is opened with url: ''

2019-03-11 16:20:47 - [MESSAGE][WARNING] - A browser is already opened. Closing browser and opening a new one

2019-03-11 16:20:49 - [MESSAGE][INFO] - Starting 'Chrome' driver

2019-03-11 16:20:54 - [MESSAGE][PASSED] - Browser is opened with url: ''

2019-03-11 16:20:54 - [TEST_STEP][PASSED] - navigateToUrl(BecURL): Navigate to 'https://biz3-tst.callidusondemand.com/SalesPortal/#!/' successfully

2019-03-11 16:21:02 - [MESSAGE][PASSED] - Navigate to 'https://biz3-tst.callidusondemand.com/SalesPortal/#!/' successfully

2019-03-11 16:21:02 - [TEST_STEP][PASSED] - maximizeWindow(): Current window maximized

2019-03-11 16:21:05 - [MESSAGE][PASSED] - Current window maximized

2019-03-11 16:21:05 - [TEST_STEP][PASSED] - Assert.assertEquals(getText(findTestObject("LoginPage/Header_homepage")), header_name): Text of object 'Object Repository/LoginPage/Header_homepage' is: 'Sales Performance Home '

2019-03-11 16:21:07 - [MESSAGE][PASSED] - Text of object 'Object Repository/LoginPage/Header_homepage' is: 'Sales Performance Home '

2019-03-11 16:21:07 - [TEST_STEP][PASSED] - setText(findTestObject("LoginPage/input_Username_username"), Bec_UserName): Text 'rkulkarn@calliduscloud.com' is set on object 'Object Repository/LoginPage/input_Username_username'

2019-03-11 16:21:11 - [MESSAGE][PASSED] - Text 'rkulkarn@calliduscloud.com' is set on object 'Object Repository/LoginPage/input_Username_username'

2019-03-11 16:21:11 - [TEST_STEP][PASSED] - setText(findTestObject("LoginPage/input_Password_password"), Bec_Password): Text 'Augg@1234' is set on object 'Object Repository/LoginPage/input_Password_password'

2019-03-11 16:21:15 - [MESSAGE][PASSED] - Text 'Augg@1234' is set on object 'Object Repository/LoginPage/input_Password_password'

2019-03-11 16:21:15 - [TEST_STEP][PASSED] - waitForElementClickable(findTestObject("LoginPage/Login_Button"), 2): Object 'Object Repository/LoginPage/Login_Button' is clickable

2019-03-11 16:21:18 - [MESSAGE][PASSED] - Object 'Object Repository/LoginPage/Login_Button' is clickable

2019-03-11 16:21:18 - [TEST_STEP][PASSED] - click(findTestObject("LoginPage/Login_Button")): Object: 'Object Repository/LoginPage/Login_Button' is clicked on

2019-03-11 16:21:20 - [MESSAGE][PASSED] - Object: 'Object Repository/LoginPage/Login_Button' is clicked on

2019-03-11 16:21:20 - [TEST_STEP][PASSED] - waitForPageLoad(2): Wait for page load successfully

2019-03-11 16:21:21 - [MESSAGE][PASSED] - Wait for page load successfully

2019-03-11 16:21:21 - [TEST_STEP][PASSED] - click(findTestObject("MessagesPage/Icon_Apps")): Object: 'Object Repository/MessagesPage/Icon_Apps' is clicked on

2019-03-11 16:21:24 - [MESSAGE][PASSED] - Object: 'Object Repository/MessagesPage/Icon_Apps' is clicked on

2019-03-11 16:21:24 - [TEST_STEP][PASSED] - mouseOver(findTestObject("MessagesPage/Link_Commissions")): Object: 'Object Repository/MessagesPage/Link_Commissions' is hovered

2019-03-11 16:21:28 - [MESSAGE][PASSED] - Object: 'Object Repository/MessagesPage/Link_Commissions' is hovered

2019-03-11 16:21:28 - [TEST_STEP][PASSED] - scrollToElement(findTestObject("MessagesPage/Link_Commissions"), 1): Scroll to object 'Object Repository/MessagesPage/Link_Commissions' successfully

2019-03-11 16:21:30 - [MESSAGE][PASSED] - Scroll to object 'Object Repository/MessagesPage/Link_Commissions' successfully

2019-03-11 16:21:30 - [TEST_STEP][PASSED] - click(findTestObject("MessagesPage/Link_Commissions")): Object: 'Object Repository/MessagesPage/Link_Commissions' is clicked on

2019-03-11 16:22:06 - [MESSAGE][PASSED] - Object: 'Object Repository/MessagesPage/Link_Commissions' is clicked on

2019-03-11 16:22:06 - [TEST_STEP][PASSED] - click(findTestObject("LoginPage/User_id")): Object: 'Object Repository/LoginPage/User_id' is clicked on

2019-03-11 16:22:08 - [MESSAGE][PASSED] - Object: 'Object Repository/LoginPage/User_id' is clicked on

2019-03-11 16:22:08 - [TEST_STEP][PASSED] - waitForElementVisible(findTestObject("LoginPage/user_name"), 1): Object 'Object Repository/LoginPage/user_name' is visible

2019-03-11 16:22:10 - [MESSAGE][PASSED] - Object 'Object Repository/LoginPage/user_name' is visible

2019-03-11 16:22:10 - [TEST_STEP][PASSED] - Assert.assertEquals(getText(findTestObject("LoginPage/user_name")), User_name): Text of object 'Object Repository/LoginPage/user_name' is: 'rkulkarn@calliduscloud.com'

2019-03-11 16:22:13 - [MESSAGE][PASSED] - Text of object 'Object Repository/LoginPage/user_name' is: 'rkulkarn@calliduscloud.com'

2019-03-11 16:22:13 - [TEST_STEP][PASSED] - waitForPageLoad(3): Wait for page load successfully

2019-03-11 16:22:14 - [MESSAGE][PASSED] - Wait for page load successfully

2019-03-11 16:22:14 - [MESSAGE][PASSED] - Call Test Case 'Test Cases/Commission Login_Logout/Commission Login' successfully

2019-03-11 16:22:14 - [TEST_STEP][PASSED] - mouseOver(findTestObject("HomePage_Commission/Commission_CompensationElements/Icon_Compensationelement")): Object: 'Object Repository/HomePage_Commission/Commission_CompensationElements/Icon_Compensationelement' is hovered

2019-03-11 16:22:17 - [MESSAGE][PASSED] - Object: 'Object Repository/HomePage_Commission/Commission_CompensationElements/Icon_Compensationelement' is hovered

2019-03-11 16:22:17 - [TEST_STEP][PASSED] - waitForElementPresent(findTestObject("HomePage_Commission/Commission_CompensationElements/Icon_Compensationelement"), 3): Object 'Object Repository/HomePage_Commission/Commission_CompensationElements/Icon_Compensationelement' is present

2019-03-11 16:22:18 - [MESSAGE][PASSED] - Object 'Object Repository/HomePage_Commission/Commission_CompensationElements/Icon_Compensationelement' is present

2019-03-11 16:22:18 - [TEST_STEP][PASSED] - click(findTestObject("HomePage_Commission/Commission_CompensationElements/Icon_Compensationelement")): Object: 'Object Repository/HomePage_Commission/Commission_CompensationElements/Icon_Compensationelement' is clicked on

2019-03-11 16:22:20 - [MESSAGE][PASSED] - Object: 'Object Repository/HomePage_Commission/Commission_CompensationElements/Icon_Compensationelement' is clicked on

2019-03-11 16:22:20 - [TEST_STEP][PASSED] - Assert.assertEquals(getText(findTestObject("Assertion_objects/Compensation_elements")), Compensation_ele): Text of object 'Object Repository/Assertion_objects/Compensation_elements' is: 'Compensation Elements'

2019-03-11 16:22:22 - [MESSAGE][PASSED] - Text of object 'Object Repository/Assertion_objects/Compensation_elements' is: 'Compensation Elements'

2019-03-11 16:22:22 - [TEST_STEP][PASSED] - waitForElementVisible(findTestObject("HomePage_Commission/Commission_CompensationElements/Link_Formulas"), 2): Object 'Object Repository/HomePage_Commission/Commission_CompensationElements/Link_Formulas' is visible

2019-03-11 16:22:24 - [MESSAGE][PASSED] - Object 'Object Repository/HomePage_Commission/Commission_CompensationElements/Link_Formulas' is visible

2019-03-11 16:22:24 - [TEST_STEP][PASSED] - mouseOver(findTestObject("HomePage_Commission/Commission_CompensationElements/Link_Formulas"), STOP_ON_FAILURE): Object: 'Object Repository/HomePage_Commission/Commission_CompensationElements/Link_Formulas' is hovered

2019-03-11 16:22:27 - [MESSAGE][PASSED] - Object: 'Object Repository/HomePage_Commission/Commission_CompensationElements/Link_Formulas' is hovered

2019-03-11 16:22:27 - [TEST_STEP][PASSED] - click(findTestObject("HomePage_Commission/Commission_CompensationElements/Link_Formulas"), CONTINUE_ON_FAILURE): Object: 'Object Repository/HomePage_Commission/Commission_CompensationElements/Link_Formulas' is clicked on

2019-03-11 16:22:39 - [MESSAGE][PASSED] - Object: 'Object Repository/HomePage_Commission/Commission_CompensationElements/Link_Formulas' is clicked on

2019-03-11 16:22:39 - [TEST_STEP][PASSED] - Assert.assertEquals(getText(findTestObject("Assertion_objects/Formulas")), For_Name): Text of object 'Object Repository/Assertion_objects/Formulas' is: 'Formulas'

2019-03-11 16:22:42 - [MESSAGE][PASSED] - Text of object 'Object Repository/Assertion_objects/Formulas' is: 'Formulas'

2019-03-11 16:22:42 - [TEST_STEP][PASSED] - if (verifyElementClickable(findTestObject("AdvanceSearch_Page/Advanced_searchtext"))): null

2019-03-11 16:22:44 - [MESSAGE][PASSED] - Object 'Object Repository/AdvanceSearch_Page/Advanced_searchtext' is clickable

2019-03-11 16:22:44 - [TEST_STEP][PASSED] - click(findTestObject("AdvanceSearch_Page/Icon_Advanced Search")): Object: 'Object Repository/AdvanceSearch_Page/Icon_Advanced Search' is clicked on

2019-03-11 16:22:47 - [MESSAGE][PASSED] - Object: 'Object Repository/AdvanceSearch_Page/Icon_Advanced Search' is clicked on

2019-03-11 16:22:47 - [TEST_STEP][PASSED] - println("Performing advance search"): null

2019-03-11 16:22:47 - [TEST_STEP][PASSED] - click(findTestObject("AdvanceSearch_Page/FieldName_DropDown")): Object: 'Object Repository/AdvanceSearch_Page/FieldName_DropDown' is clicked on

2019-03-11 16:22:49 - [MESSAGE][PASSED] - Object: 'Object Repository/AdvanceSearch_Page/FieldName_DropDown' is clicked on

2019-03-11 16:22:49 - [TEST_STEP][PASSED] - scrollToElement(findTestObject("AdvanceSearch_Page/Option_FormulaName"), 4): Scroll to object 'Object Repository/AdvanceSearch_Page/Option_FormulaName' successfully

2019-03-11 16:22:51 - [MESSAGE][PASSED] - Scroll to object 'Object Repository/AdvanceSearch_Page/Option_FormulaName' successfully

2019-03-11 16:22:51 - [TEST_STEP][PASSED] - click(findTestObject("AdvanceSearch_Page/Option_FormulaName")): Object: 'Object Repository/AdvanceSearch_Page/Option_FormulaName' is clicked on

2019-03-11 16:22:53 - [MESSAGE][PASSED] - Object: 'Object Repository/AdvanceSearch_Page/Option_FormulaName' is clicked on

2019-03-11 16:22:53 - [TEST_STEP][PASSED] - click(findTestObject("AdvanceSearch_Page/td_Comparision")): Object: 'Object Repository/AdvanceSearch_Page/td_Comparision' is clicked on

2019-03-11 16:22:55 - [MESSAGE][PASSED] - Object: 'Object Repository/AdvanceSearch_Page/td_Comparision' is clicked on

2019-03-11 16:22:55 - [TEST_STEP][PASSED] - scrollToElement(findTestObject("AdvanceSearch_Page/option_Equals"), 2): Scroll to object 'Object Repository/AdvanceSearch_Page/option_Equals' successfully

2019-03-11 16:22:57 - [MESSAGE][PASSED] - Scroll to object 'Object Repository/AdvanceSearch_Page/option_Equals' successfully

2019-03-11 16:22:57 - [TEST_STEP][PASSED] - click(findTestObject("AdvanceSearch_Page/option_Equals")): Object: 'Object Repository/AdvanceSearch_Page/option_Equals' is clicked on

2019-03-11 16:23:00 - [MESSAGE][PASSED] - Object: 'Object Repository/AdvanceSearch_Page/option_Equals' is clicked on

2019-03-11 16:23:00 - [TEST_STEP][PASSED] - setText(findTestObject("AdvanceSearch_Page/td_Value"), Formulas): Text 'Quarterly Target Incentive' is set on object 'Object Repository/AdvanceSearch_Page/td_Value'

2019-03-11 16:23:04 - [MESSAGE][PASSED] - Text 'Quarterly Target Incentive' is set on object 'Object Repository/AdvanceSearch_Page/td_Value'

2019-03-11 16:23:04 - [TEST_STEP][PASSED] - click(findTestObject("AdvanceSearch_Page/AppySearch_button")): Object: 'Object Repository/AdvanceSearch_Page/AppySearch_button' is clicked on

2019-03-11 16:23:07 - [MESSAGE][PASSED] - Object: 'Object Repository/AdvanceSearch_Page/AppySearch_button' is clicked on

2019-03-11 16:23:07 - [TEST_STEP][PASSED] - globalkeywords.record.RecordNotFound(): globalkeywords.record.RecordNotFound is PASSED

2019-03-11 16:23:18 - [MESSAGE][INFO] - Unable to find the element located by 'By.xpath: //td[@class='dataTables_empty']'. Please recheck the objects properties to make sure the desired element is located. 

2019-03-11 16:23:18 - [MESSAGE][WARNING] - Object 'Object Repository/Page_Callidus Cloud Commissions Man/NoRecordsFound' is not present after 10 second(s)

2019-03-11 16:23:18 - [MESSAGE][PASSED] - globalkeywords.record.RecordNotFound is PASSED]]></system-out>
         <system-err><![CDATA[]]></system-err>
      </testcase>
      <testcase name="Test Cases/Compensation_Elements_Workspace/Lookup_Tables_exist_in_the_system" classname="Test Cases/Compensation_Elements_Workspace/Lookup_Tables_exist_in_the_system" status="PASSED">
         <system-out><![CDATA[2019-03-11 16:23:18 - [TEST_CASE][PASSED] - Test Cases/Compensation_Elements_Workspace/Lookup_Tables_exist_in_the_system: Test Cases/Compensation_Elements_Workspace/Lookup_Tables_exist_in_the_system

2019-03-11 16:23:18 - [TEST_STEP][PASSED] - Start listener action : sampleBeforeTestCase: null

2019-03-11 16:23:18 - [TEST_STEP][PASSED] - println(testCaseContext.getTestCaseId()): null

2019-03-11 16:23:18 - [TEST_STEP][PASSED] - println(testCaseContext.getTestCaseVariables()): null

2019-03-11 16:23:18 - [TEST_STEP][PASSED] - callTestCase(findTestCase("Commission Login_Logout/Commission Login"), [:], STOP_ON_FAILURE): Call Test Case 'Test Cases/Commission Login_Logout/Commission Login' successfully

2019-03-11 16:23:18 - [TEST_CASE][PASSED] - Test Cases/Commission Login_Logout/Commission Login: Test Cases/Commission Login_Logout/Commission Login

2019-03-11 16:23:18 - [TEST_STEP][PASSED] - openBrowser(""): Browser is opened with url: ''

2019-03-11 16:23:18 - [MESSAGE][WARNING] - A browser is already opened. Closing browser and opening a new one

2019-03-11 16:23:20 - [MESSAGE][INFO] - Starting 'Chrome' driver

2019-03-11 16:23:25 - [MESSAGE][PASSED] - Browser is opened with url: ''

2019-03-11 16:23:25 - [TEST_STEP][PASSED] - navigateToUrl(BecURL): Navigate to 'https://biz3-tst.callidusondemand.com/SalesPortal/#!/' successfully

2019-03-11 16:23:34 - [MESSAGE][PASSED] - Navigate to 'https://biz3-tst.callidusondemand.com/SalesPortal/#!/' successfully

2019-03-11 16:23:34 - [TEST_STEP][PASSED] - maximizeWindow(): Current window maximized

2019-03-11 16:23:36 - [MESSAGE][PASSED] - Current window maximized

2019-03-11 16:23:36 - [TEST_STEP][PASSED] - Assert.assertEquals(getText(findTestObject("LoginPage/Header_homepage")), header_name): Text of object 'Object Repository/LoginPage/Header_homepage' is: 'Sales Performance Home '

2019-03-11 16:23:38 - [MESSAGE][PASSED] - Text of object 'Object Repository/LoginPage/Header_homepage' is: 'Sales Performance Home '

2019-03-11 16:23:38 - [TEST_STEP][PASSED] - setText(findTestObject("LoginPage/input_Username_username"), Bec_UserName): Text 'rkulkarn@calliduscloud.com' is set on object 'Object Repository/LoginPage/input_Username_username'

2019-03-11 16:23:43 - [MESSAGE][PASSED] - Text 'rkulkarn@calliduscloud.com' is set on object 'Object Repository/LoginPage/input_Username_username'

2019-03-11 16:23:43 - [TEST_STEP][PASSED] - setText(findTestObject("LoginPage/input_Password_password"), Bec_Password): Text 'Augg@1234' is set on object 'Object Repository/LoginPage/input_Password_password'

2019-03-11 16:23:47 - [MESSAGE][PASSED] - Text 'Augg@1234' is set on object 'Object Repository/LoginPage/input_Password_password'

2019-03-11 16:23:47 - [TEST_STEP][PASSED] - waitForElementClickable(findTestObject("LoginPage/Login_Button"), 2): Object 'Object Repository/LoginPage/Login_Button' is clickable

2019-03-11 16:23:49 - [MESSAGE][PASSED] - Object 'Object Repository/LoginPage/Login_Button' is clickable

2019-03-11 16:23:49 - [TEST_STEP][PASSED] - click(findTestObject("LoginPage/Login_Button")): Object: 'Object Repository/LoginPage/Login_Button' is clicked on

2019-03-11 16:23:51 - [MESSAGE][PASSED] - Object: 'Object Repository/LoginPage/Login_Button' is clicked on

2019-03-11 16:23:51 - [TEST_STEP][PASSED] - waitForPageLoad(2): Wait for page load successfully

2019-03-11 16:23:52 - [MESSAGE][PASSED] - Wait for page load successfully

2019-03-11 16:23:52 - [TEST_STEP][PASSED] - click(findTestObject("MessagesPage/Icon_Apps")): Object: 'Object Repository/MessagesPage/Icon_Apps' is clicked on

2019-03-11 16:23:56 - [MESSAGE][PASSED] - Object: 'Object Repository/MessagesPage/Icon_Apps' is clicked on

2019-03-11 16:23:56 - [TEST_STEP][PASSED] - mouseOver(findTestObject("MessagesPage/Link_Commissions")): Object: 'Object Repository/MessagesPage/Link_Commissions' is hovered

2019-03-11 16:23:59 - [MESSAGE][PASSED] - Object: 'Object Repository/MessagesPage/Link_Commissions' is hovered

2019-03-11 16:23:59 - [TEST_STEP][PASSED] - scrollToElement(findTestObject("MessagesPage/Link_Commissions"), 1): Scroll to object 'Object Repository/MessagesPage/Link_Commissions' successfully

2019-03-11 16:24:01 - [MESSAGE][PASSED] - Scroll to object 'Object Repository/MessagesPage/Link_Commissions' successfully

2019-03-11 16:24:01 - [TEST_STEP][PASSED] - click(findTestObject("MessagesPage/Link_Commissions")): Object: 'Object Repository/MessagesPage/Link_Commissions' is clicked on

2019-03-11 16:24:30 - [MESSAGE][PASSED] - Object: 'Object Repository/MessagesPage/Link_Commissions' is clicked on

2019-03-11 16:24:30 - [TEST_STEP][PASSED] - click(findTestObject("LoginPage/User_id")): Object: 'Object Repository/LoginPage/User_id' is clicked on

2019-03-11 16:24:32 - [MESSAGE][PASSED] - Object: 'Object Repository/LoginPage/User_id' is clicked on

2019-03-11 16:24:32 - [TEST_STEP][PASSED] - waitForElementVisible(findTestObject("LoginPage/user_name"), 1): Object 'Object Repository/LoginPage/user_name' is visible

2019-03-11 16:24:34 - [MESSAGE][PASSED] - Object 'Object Repository/LoginPage/user_name' is visible

2019-03-11 16:24:34 - [TEST_STEP][PASSED] - Assert.assertEquals(getText(findTestObject("LoginPage/user_name")), User_name): Text of object 'Object Repository/LoginPage/user_name' is: 'rkulkarn@calliduscloud.com'

2019-03-11 16:24:36 - [MESSAGE][PASSED] - Text of object 'Object Repository/LoginPage/user_name' is: 'rkulkarn@calliduscloud.com'

2019-03-11 16:24:36 - [TEST_STEP][PASSED] - waitForPageLoad(3): Wait for page load successfully

2019-03-11 16:24:37 - [MESSAGE][PASSED] - Wait for page load successfully

2019-03-11 16:24:37 - [MESSAGE][PASSED] - Call Test Case 'Test Cases/Commission Login_Logout/Commission Login' successfully

2019-03-11 16:24:37 - [TEST_STEP][PASSED] - mouseOver(findTestObject("HomePage_Commission/Commission_CompensationElements/Icon_Compensationelement")): Object: 'Object Repository/HomePage_Commission/Commission_CompensationElements/Icon_Compensationelement' is hovered

2019-03-11 16:24:40 - [MESSAGE][PASSED] - Object: 'Object Repository/HomePage_Commission/Commission_CompensationElements/Icon_Compensationelement' is hovered

2019-03-11 16:24:40 - [TEST_STEP][PASSED] - waitForElementPresent(findTestObject("HomePage_Commission/Commission_CompensationElements/Icon_Compensationelement"), 3): Object 'Object Repository/HomePage_Commission/Commission_CompensationElements/Icon_Compensationelement' is present

2019-03-11 16:24:41 - [MESSAGE][PASSED] - Object 'Object Repository/HomePage_Commission/Commission_CompensationElements/Icon_Compensationelement' is present

2019-03-11 16:24:41 - [TEST_STEP][PASSED] - click(findTestObject("HomePage_Commission/Commission_CompensationElements/Icon_Compensationelement")): Object: 'Object Repository/HomePage_Commission/Commission_CompensationElements/Icon_Compensationelement' is clicked on

2019-03-11 16:24:43 - [MESSAGE][PASSED] - Object: 'Object Repository/HomePage_Commission/Commission_CompensationElements/Icon_Compensationelement' is clicked on

2019-03-11 16:24:43 - [TEST_STEP][PASSED] - Assert.assertEquals(getText(findTestObject("Assertion_objects/Compensation_elements")), Compensation_ele): Text of object 'Object Repository/Assertion_objects/Compensation_elements' is: 'Compensation Elements'

2019-03-11 16:24:46 - [MESSAGE][PASSED] - Text of object 'Object Repository/Assertion_objects/Compensation_elements' is: 'Compensation Elements'

2019-03-11 16:24:46 - [TEST_STEP][PASSED] - println("User is able to navigated to Plan tab"): null

2019-03-11 16:24:46 - [TEST_STEP][PASSED] - waitForElementVisible(findTestObject("HomePage_Commission/Commission_CompensationElements/Link_Lookup Tables"), 3): Object 'Object Repository/HomePage_Commission/Commission_CompensationElements/Link_Lookup Tables' is visible

2019-03-11 16:24:48 - [MESSAGE][PASSED] - Object 'Object Repository/HomePage_Commission/Commission_CompensationElements/Link_Lookup Tables' is visible

2019-03-11 16:24:48 - [TEST_STEP][PASSED] - mouseOver(findTestObject("HomePage_Commission/Commission_CompensationElements/Link_Lookup Tables"), STOP_ON_FAILURE): Object: 'Object Repository/HomePage_Commission/Commission_CompensationElements/Link_Lookup Tables' is hovered

2019-03-11 16:24:51 - [MESSAGE][PASSED] - Object: 'Object Repository/HomePage_Commission/Commission_CompensationElements/Link_Lookup Tables' is hovered

2019-03-11 16:24:51 - [TEST_STEP][PASSED] - click(findTestObject("HomePage_Commission/Commission_CompensationElements/Link_Lookup Tables")): Object: 'Object Repository/HomePage_Commission/Commission_CompensationElements/Link_Lookup Tables' is clicked on

2019-03-11 16:25:04 - [MESSAGE][PASSED] - Object: 'Object Repository/HomePage_Commission/Commission_CompensationElements/Link_Lookup Tables' is clicked on

2019-03-11 16:25:04 - [TEST_STEP][PASSED] - Assert.assertEquals(getText(findTestObject("Assertion_objects/Lookup Tables")), Lookup_name): Text of object 'Object Repository/Assertion_objects/Lookup Tables' is: 'Lookup Tables'

2019-03-11 16:25:07 - [MESSAGE][PASSED] - Text of object 'Object Repository/Assertion_objects/Lookup Tables' is: 'Lookup Tables'

2019-03-11 16:25:07 - [TEST_STEP][PASSED] - println("User Navigated to Lookup Tables screen"): null

2019-03-11 16:25:07 - [TEST_STEP][PASSED] - if (verifyElementClickable(findTestObject("AdvanceSearch_Page/Advanced_searchtext"))): null

2019-03-11 16:25:09 - [MESSAGE][PASSED] - Object 'Object Repository/AdvanceSearch_Page/Advanced_searchtext' is clickable

2019-03-11 16:25:09 - [TEST_STEP][PASSED] - click(findTestObject("AdvanceSearch_Page/Icon_Advanced Search")): Object: 'Object Repository/AdvanceSearch_Page/Icon_Advanced Search' is clicked on

2019-03-11 16:25:11 - [MESSAGE][PASSED] - Object: 'Object Repository/AdvanceSearch_Page/Icon_Advanced Search' is clicked on

2019-03-11 16:25:11 - [TEST_STEP][PASSED] - println("Performing advance search"): null

2019-03-11 16:25:11 - [TEST_STEP][PASSED] - click(findTestObject("AdvanceSearch_Page/FieldName_DropDown")): Object: 'Object Repository/AdvanceSearch_Page/FieldName_DropDown' is clicked on

2019-03-11 16:25:14 - [MESSAGE][PASSED] - Object: 'Object Repository/AdvanceSearch_Page/FieldName_DropDown' is clicked on

2019-03-11 16:25:14 - [TEST_STEP][PASSED] - scrollToElement(findTestObject("AdvanceSearch_Page/option_Compensations Elements"), 4): Scroll to object 'Object Repository/AdvanceSearch_Page/option_Compensations Elements' successfully

2019-03-11 16:25:16 - [MESSAGE][PASSED] - Scroll to object 'Object Repository/AdvanceSearch_Page/option_Compensations Elements' successfully

2019-03-11 16:25:16 - [TEST_STEP][PASSED] - click(findTestObject("AdvanceSearch_Page/option_Compensations Elements")): Object: 'Object Repository/AdvanceSearch_Page/option_Compensations Elements' is clicked on

2019-03-11 16:25:18 - [MESSAGE][PASSED] - Object: 'Object Repository/AdvanceSearch_Page/option_Compensations Elements' is clicked on

2019-03-11 16:25:18 - [TEST_STEP][PASSED] - click(findTestObject("AdvanceSearch_Page/td_Comparision")): Object: 'Object Repository/AdvanceSearch_Page/td_Comparision' is clicked on

2019-03-11 16:25:20 - [MESSAGE][PASSED] - Object: 'Object Repository/AdvanceSearch_Page/td_Comparision' is clicked on

2019-03-11 16:25:20 - [TEST_STEP][PASSED] - scrollToElement(findTestObject("AdvanceSearch_Page/option_Equals"), 2): Scroll to object 'Object Repository/AdvanceSearch_Page/option_Equals' successfully

2019-03-11 16:25:22 - [MESSAGE][PASSED] - Scroll to object 'Object Repository/AdvanceSearch_Page/option_Equals' successfully

2019-03-11 16:25:22 - [TEST_STEP][PASSED] - click(findTestObject("AdvanceSearch_Page/option_Equals")): Object: 'Object Repository/AdvanceSearch_Page/option_Equals' is clicked on

2019-03-11 16:25:24 - [MESSAGE][PASSED] - Object: 'Object Repository/AdvanceSearch_Page/option_Equals' is clicked on

2019-03-11 16:25:24 - [TEST_STEP][PASSED] - setText(findTestObject("AdvanceSearch_Page/td_Value"), Lookupvar): Text 'LTD' is set on object 'Object Repository/AdvanceSearch_Page/td_Value'

2019-03-11 16:25:29 - [MESSAGE][PASSED] - Text 'LTD' is set on object 'Object Repository/AdvanceSearch_Page/td_Value'

2019-03-11 16:25:29 - [TEST_STEP][PASSED] - click(findTestObject("AdvanceSearch_Page/AppySearch_button")): Object: 'Object Repository/AdvanceSearch_Page/AppySearch_button' is clicked on

2019-03-11 16:25:31 - [MESSAGE][PASSED] - Object: 'Object Repository/AdvanceSearch_Page/AppySearch_button' is clicked on

2019-03-11 16:25:31 - [TEST_STEP][PASSED] - globalkeywords.record.RecordNotFound(): globalkeywords.record.RecordNotFound is PASSED

2019-03-11 16:25:42 - [MESSAGE][INFO] - Unable to find the element located by 'By.xpath: //td[@class='dataTables_empty']'. Please recheck the objects properties to make sure the desired element is located. 

2019-03-11 16:25:42 - [MESSAGE][WARNING] - Object 'Object Repository/Page_Callidus Cloud Commissions Man/NoRecordsFound' is not present after 10 second(s)

2019-03-11 16:25:42 - [MESSAGE][PASSED] - globalkeywords.record.RecordNotFound is PASSED]]></system-out>
         <system-err><![CDATA[]]></system-err>
      </testcase>
      <testcase name="Test Cases/Compensation_Elements_Workspace/Lookup_Table_Varaibles_exist_in_the_system" classname="Test Cases/Compensation_Elements_Workspace/Lookup_Table_Varaibles_exist_in_the_system" status="PASSED">
         <system-out><![CDATA[2019-03-11 16:25:42 - [TEST_CASE][PASSED] - Test Cases/Compensation_Elements_Workspace/Lookup_Table_Varaibles_exist_in_the_system: Test Cases/Compensation_Elements_Workspace/Lookup_Table_Varaibles_exist_in_the_system

2019-03-11 16:25:42 - [TEST_STEP][PASSED] - Start listener action : sampleBeforeTestCase: null

2019-03-11 16:25:42 - [TEST_STEP][PASSED] - println(testCaseContext.getTestCaseId()): null

2019-03-11 16:25:42 - [TEST_STEP][PASSED] - println(testCaseContext.getTestCaseVariables()): null

2019-03-11 16:25:42 - [TEST_STEP][PASSED] - callTestCase(findTestCase("Commission Login_Logout/Commission Login"), [:], STOP_ON_FAILURE): Call Test Case 'Test Cases/Commission Login_Logout/Commission Login' successfully

2019-03-11 16:25:42 - [TEST_CASE][PASSED] - Test Cases/Commission Login_Logout/Commission Login: Test Cases/Commission Login_Logout/Commission Login

2019-03-11 16:25:42 - [TEST_STEP][PASSED] - openBrowser(""): Browser is opened with url: ''

2019-03-11 16:25:42 - [MESSAGE][WARNING] - A browser is already opened. Closing browser and opening a new one

2019-03-11 16:25:44 - [MESSAGE][INFO] - Starting 'Chrome' driver

2019-03-11 16:25:49 - [MESSAGE][PASSED] - Browser is opened with url: ''

2019-03-11 16:25:49 - [TEST_STEP][PASSED] - navigateToUrl(BecURL): Navigate to 'https://biz3-tst.callidusondemand.com/SalesPortal/#!/' successfully

2019-03-11 16:26:09 - [MESSAGE][PASSED] - Navigate to 'https://biz3-tst.callidusondemand.com/SalesPortal/#!/' successfully

2019-03-11 16:26:09 - [TEST_STEP][PASSED] - maximizeWindow(): Current window maximized

2019-03-11 16:26:11 - [MESSAGE][PASSED] - Current window maximized

2019-03-11 16:26:11 - [TEST_STEP][PASSED] - Assert.assertEquals(getText(findTestObject("LoginPage/Header_homepage")), header_name): Text of object 'Object Repository/LoginPage/Header_homepage' is: 'Sales Performance Home '

2019-03-11 16:26:13 - [MESSAGE][PASSED] - Text of object 'Object Repository/LoginPage/Header_homepage' is: 'Sales Performance Home '

2019-03-11 16:26:13 - [TEST_STEP][PASSED] - setText(findTestObject("LoginPage/input_Username_username"), Bec_UserName): Text 'rkulkarn@calliduscloud.com' is set on object 'Object Repository/LoginPage/input_Username_username'

2019-03-11 16:26:17 - [MESSAGE][PASSED] - Text 'rkulkarn@calliduscloud.com' is set on object 'Object Repository/LoginPage/input_Username_username'

2019-03-11 16:26:17 - [TEST_STEP][PASSED] - setText(findTestObject("LoginPage/input_Password_password"), Bec_Password): Text 'Augg@1234' is set on object 'Object Repository/LoginPage/input_Password_password'

2019-03-11 16:26:22 - [MESSAGE][PASSED] - Text 'Augg@1234' is set on object 'Object Repository/LoginPage/input_Password_password'

2019-03-11 16:26:22 - [TEST_STEP][PASSED] - waitForElementClickable(findTestObject("LoginPage/Login_Button"), 2): Object 'Object Repository/LoginPage/Login_Button' is clickable

2019-03-11 16:26:24 - [MESSAGE][PASSED] - Object 'Object Repository/LoginPage/Login_Button' is clickable

2019-03-11 16:26:24 - [TEST_STEP][PASSED] - click(findTestObject("LoginPage/Login_Button")): Object: 'Object Repository/LoginPage/Login_Button' is clicked on

2019-03-11 16:26:26 - [MESSAGE][PASSED] - Object: 'Object Repository/LoginPage/Login_Button' is clicked on

2019-03-11 16:26:26 - [TEST_STEP][PASSED] - waitForPageLoad(2): Wait for page load successfully

2019-03-11 16:26:27 - [MESSAGE][PASSED] - Wait for page load successfully

2019-03-11 16:26:27 - [TEST_STEP][PASSED] - click(findTestObject("MessagesPage/Icon_Apps")): Object: 'Object Repository/MessagesPage/Icon_Apps' is clicked on

2019-03-11 16:26:31 - [MESSAGE][PASSED] - Object: 'Object Repository/MessagesPage/Icon_Apps' is clicked on

2019-03-11 16:26:31 - [TEST_STEP][PASSED] - mouseOver(findTestObject("MessagesPage/Link_Commissions")): Object: 'Object Repository/MessagesPage/Link_Commissions' is hovered

2019-03-11 16:26:34 - [MESSAGE][PASSED] - Object: 'Object Repository/MessagesPage/Link_Commissions' is hovered

2019-03-11 16:26:34 - [TEST_STEP][PASSED] - scrollToElement(findTestObject("MessagesPage/Link_Commissions"), 1): Scroll to object 'Object Repository/MessagesPage/Link_Commissions' successfully

2019-03-11 16:26:36 - [MESSAGE][PASSED] - Scroll to object 'Object Repository/MessagesPage/Link_Commissions' successfully

2019-03-11 16:26:36 - [TEST_STEP][PASSED] - click(findTestObject("MessagesPage/Link_Commissions")): Object: 'Object Repository/MessagesPage/Link_Commissions' is clicked on

2019-03-11 16:27:02 - [MESSAGE][PASSED] - Object: 'Object Repository/MessagesPage/Link_Commissions' is clicked on

2019-03-11 16:27:02 - [TEST_STEP][PASSED] - click(findTestObject("LoginPage/User_id")): Object: 'Object Repository/LoginPage/User_id' is clicked on

2019-03-11 16:27:05 - [MESSAGE][PASSED] - Object: 'Object Repository/LoginPage/User_id' is clicked on

2019-03-11 16:27:05 - [TEST_STEP][PASSED] - waitForElementVisible(findTestObject("LoginPage/user_name"), 1): Object 'Object Repository/LoginPage/user_name' is visible

2019-03-11 16:27:07 - [MESSAGE][PASSED] - Object 'Object Repository/LoginPage/user_name' is visible

2019-03-11 16:27:07 - [TEST_STEP][PASSED] - Assert.assertEquals(getText(findTestObject("LoginPage/user_name")), User_name): Text of object 'Object Repository/LoginPage/user_name' is: 'rkulkarn@calliduscloud.com'

2019-03-11 16:27:09 - [MESSAGE][PASSED] - Text of object 'Object Repository/LoginPage/user_name' is: 'rkulkarn@calliduscloud.com'

2019-03-11 16:27:09 - [TEST_STEP][PASSED] - waitForPageLoad(3): Wait for page load successfully

2019-03-11 16:27:10 - [MESSAGE][PASSED] - Wait for page load successfully

2019-03-11 16:27:10 - [MESSAGE][PASSED] - Call Test Case 'Test Cases/Commission Login_Logout/Commission Login' successfully

2019-03-11 16:27:10 - [TEST_STEP][PASSED] - mouseOver(findTestObject("HomePage_Commission/Commission_CompensationElements/Icon_Compensationelement")): Object: 'Object Repository/HomePage_Commission/Commission_CompensationElements/Icon_Compensationelement' is hovered

2019-03-11 16:27:13 - [MESSAGE][PASSED] - Object: 'Object Repository/HomePage_Commission/Commission_CompensationElements/Icon_Compensationelement' is hovered

2019-03-11 16:27:13 - [TEST_STEP][PASSED] - waitForElementPresent(findTestObject("HomePage_Commission/Commission_CompensationElements/Icon_Compensationelement"), 3): Object 'Object Repository/HomePage_Commission/Commission_CompensationElements/Icon_Compensationelement' is present

2019-03-11 16:27:14 - [MESSAGE][PASSED] - Object 'Object Repository/HomePage_Commission/Commission_CompensationElements/Icon_Compensationelement' is present

2019-03-11 16:27:14 - [TEST_STEP][PASSED] - click(findTestObject("HomePage_Commission/Commission_CompensationElements/Icon_Compensationelement")): Object: 'Object Repository/HomePage_Commission/Commission_CompensationElements/Icon_Compensationelement' is clicked on

2019-03-11 16:27:16 - [MESSAGE][PASSED] - Object: 'Object Repository/HomePage_Commission/Commission_CompensationElements/Icon_Compensationelement' is clicked on

2019-03-11 16:27:16 - [TEST_STEP][PASSED] - Assert.assertEquals(getText(findTestObject("Assertion_objects/Compensation_elements")), Compensation_ele): Text of object 'Object Repository/Assertion_objects/Compensation_elements' is: 'Compensation Elements'

2019-03-11 16:27:18 - [MESSAGE][PASSED] - Text of object 'Object Repository/Assertion_objects/Compensation_elements' is: 'Compensation Elements'

2019-03-11 16:27:18 - [TEST_STEP][PASSED] - println("User is able to navigate to Plan tab"): null

2019-03-11 16:27:18 - [TEST_STEP][PASSED] - waitForElementVisible(findTestObject("HomePage_Commission/Commission_CompensationElements/Link_Variables"), 7): Object 'Object Repository/HomePage_Commission/Commission_CompensationElements/Link_Variables' is visible

2019-03-11 16:27:20 - [MESSAGE][PASSED] - Object 'Object Repository/HomePage_Commission/Commission_CompensationElements/Link_Variables' is visible

2019-03-11 16:27:20 - [TEST_STEP][PASSED] - mouseOver(findTestObject("HomePage_Commission/Commission_CompensationElements/Link_Variables"), STOP_ON_FAILURE): Object: 'Object Repository/HomePage_Commission/Commission_CompensationElements/Link_Variables' is hovered

2019-03-11 16:27:23 - [MESSAGE][PASSED] - Object: 'Object Repository/HomePage_Commission/Commission_CompensationElements/Link_Variables' is hovered

2019-03-11 16:27:23 - [TEST_STEP][PASSED] - click(findTestObject("HomePage_Commission/Commission_CompensationElements/Link_Variables")): Object: 'Object Repository/HomePage_Commission/Commission_CompensationElements/Link_Variables' is clicked on

2019-03-11 16:27:35 - [MESSAGE][PASSED] - Object: 'Object Repository/HomePage_Commission/Commission_CompensationElements/Link_Variables' is clicked on

2019-03-11 16:27:35 - [TEST_STEP][PASSED] - Assert.assertEquals(getText(findTestObject("Assertion_objects/Variable")), Var_name): Text of object 'Object Repository/Assertion_objects/Variable' is: 'Variables'

2019-03-11 16:27:38 - [MESSAGE][PASSED] - Text of object 'Object Repository/Assertion_objects/Variable' is: 'Variables'

2019-03-11 16:27:38 - [TEST_STEP][PASSED] - println("User Navigated to Varaible screen"): null

2019-03-11 16:27:38 - [TEST_STEP][PASSED] - if (verifyElementClickable(findTestObject("AdvanceSearch_Page/Advanced_searchtext"))): null

2019-03-11 16:27:40 - [MESSAGE][PASSED] - Object 'Object Repository/AdvanceSearch_Page/Advanced_searchtext' is clickable

2019-03-11 16:27:40 - [TEST_STEP][PASSED] - click(findTestObject("AdvanceSearch_Page/Icon_Advanced Search")): Object: 'Object Repository/AdvanceSearch_Page/Icon_Advanced Search' is clicked on

2019-03-11 16:27:42 - [MESSAGE][PASSED] - Object: 'Object Repository/AdvanceSearch_Page/Icon_Advanced Search' is clicked on

2019-03-11 16:27:42 - [TEST_STEP][PASSED] - println("Performing advance search"): null

2019-03-11 16:27:42 - [TEST_STEP][PASSED] - click(findTestObject("AdvanceSearch_Page/FieldName_DropDown")): Object: 'Object Repository/AdvanceSearch_Page/FieldName_DropDown' is clicked on

2019-03-11 16:27:44 - [MESSAGE][PASSED] - Object: 'Object Repository/AdvanceSearch_Page/FieldName_DropDown' is clicked on

2019-03-11 16:27:44 - [TEST_STEP][PASSED] - scrollToElement(findTestObject("AdvanceSearch_Page/option_Value"), 4): Scroll to object 'Object Repository/AdvanceSearch_Page/option_Value' successfully

2019-03-11 16:27:46 - [MESSAGE][PASSED] - Scroll to object 'Object Repository/AdvanceSearch_Page/option_Value' successfully

2019-03-11 16:27:46 - [TEST_STEP][PASSED] - click(findTestObject("AdvanceSearch_Page/option_Value")): Object: 'Object Repository/AdvanceSearch_Page/option_Value' is clicked on

2019-03-11 16:27:48 - [MESSAGE][PASSED] - Object: 'Object Repository/AdvanceSearch_Page/option_Value' is clicked on

2019-03-11 16:27:48 - [TEST_STEP][PASSED] - click(findTestObject("AdvanceSearch_Page/td_Comparision")): Object: 'Object Repository/AdvanceSearch_Page/td_Comparision' is clicked on

2019-03-11 16:27:51 - [MESSAGE][PASSED] - Object: 'Object Repository/AdvanceSearch_Page/td_Comparision' is clicked on

2019-03-11 16:27:51 - [TEST_STEP][PASSED] - scrollToElement(findTestObject("AdvanceSearch_Page/option_Equals"), 2): Scroll to object 'Object Repository/AdvanceSearch_Page/option_Equals' successfully

2019-03-11 16:27:53 - [MESSAGE][PASSED] - Scroll to object 'Object Repository/AdvanceSearch_Page/option_Equals' successfully

2019-03-11 16:27:53 - [TEST_STEP][PASSED] - click(findTestObject("AdvanceSearch_Page/option_Equals")): Object: 'Object Repository/AdvanceSearch_Page/option_Equals' is clicked on

2019-03-11 16:27:55 - [MESSAGE][PASSED] - Object: 'Object Repository/AdvanceSearch_Page/option_Equals' is clicked on

2019-03-11 16:27:55 - [TEST_STEP][PASSED] - setText(findTestObject("AdvanceSearch_Page/td_Value"), LUP_Var): Text 'LUTD' is set on object 'Object Repository/AdvanceSearch_Page/td_Value'

2019-03-11 16:27:59 - [MESSAGE][PASSED] - Text 'LUTD' is set on object 'Object Repository/AdvanceSearch_Page/td_Value'

2019-03-11 16:27:59 - [TEST_STEP][PASSED] - click(findTestObject("AdvanceSearch_Page/AppySearch_button")): Object: 'Object Repository/AdvanceSearch_Page/AppySearch_button' is clicked on

2019-03-11 16:28:02 - [MESSAGE][PASSED] - Object: 'Object Repository/AdvanceSearch_Page/AppySearch_button' is clicked on

2019-03-11 16:28:02 - [TEST_STEP][PASSED] - globalkeywords.record.RecordNotFound(): globalkeywords.record.RecordNotFound is PASSED

2019-03-11 16:28:13 - [MESSAGE][INFO] - Unable to find the element located by 'By.xpath: //td[@class='dataTables_empty']'. Please recheck the objects properties to make sure the desired element is located. 

2019-03-11 16:28:13 - [MESSAGE][WARNING] - Object 'Object Repository/Page_Callidus Cloud Commissions Man/NoRecordsFound' is not present after 10 second(s)

2019-03-11 16:28:13 - [MESSAGE][PASSED] - globalkeywords.record.RecordNotFound is PASSED]]></system-out>
         <system-err><![CDATA[]]></system-err>
      </testcase>
      <testcase name="Test Cases/Compensation_Elements_Workspace/Quotas exists in the system" classname="Test Cases/Compensation_Elements_Workspace/Quotas exists in the system" status="PASSED">
         <system-out><![CDATA[2019-03-11 16:28:13 - [TEST_CASE][PASSED] - Test Cases/Compensation_Elements_Workspace/Quotas exists in the system: Test Cases/Compensation_Elements_Workspace/Quotas exists in the system

2019-03-11 16:28:13 - [TEST_STEP][PASSED] - Start listener action : sampleBeforeTestCase: null

2019-03-11 16:28:13 - [TEST_STEP][PASSED] - println(testCaseContext.getTestCaseId()): null

2019-03-11 16:28:13 - [TEST_STEP][PASSED] - println(testCaseContext.getTestCaseVariables()): null

2019-03-11 16:28:13 - [TEST_STEP][PASSED] - callTestCase(findTestCase("Commission Login_Logout/Commission Login"), [:], STOP_ON_FAILURE): Call Test Case 'Test Cases/Commission Login_Logout/Commission Login' successfully

2019-03-11 16:28:13 - [TEST_CASE][PASSED] - Test Cases/Commission Login_Logout/Commission Login: Test Cases/Commission Login_Logout/Commission Login

2019-03-11 16:28:14 - [TEST_STEP][PASSED] - openBrowser(""): Browser is opened with url: ''

2019-03-11 16:28:14 - [MESSAGE][WARNING] - A browser is already opened. Closing browser and opening a new one

2019-03-11 16:28:15 - [MESSAGE][INFO] - Starting 'Chrome' driver

2019-03-11 16:28:20 - [MESSAGE][PASSED] - Browser is opened with url: ''

2019-03-11 16:28:20 - [TEST_STEP][PASSED] - navigateToUrl(BecURL): Navigate to 'https://biz3-tst.callidusondemand.com/SalesPortal/#!/' successfully

2019-03-11 16:28:34 - [MESSAGE][PASSED] - Navigate to 'https://biz3-tst.callidusondemand.com/SalesPortal/#!/' successfully

2019-03-11 16:28:34 - [TEST_STEP][PASSED] - maximizeWindow(): Current window maximized

2019-03-11 16:28:36 - [MESSAGE][PASSED] - Current window maximized

2019-03-11 16:28:36 - [TEST_STEP][PASSED] - Assert.assertEquals(getText(findTestObject("LoginPage/Header_homepage")), header_name): Text of object 'Object Repository/LoginPage/Header_homepage' is: 'Sales Performance Home '

2019-03-11 16:28:38 - [MESSAGE][PASSED] - Text of object 'Object Repository/LoginPage/Header_homepage' is: 'Sales Performance Home '

2019-03-11 16:28:38 - [TEST_STEP][PASSED] - setText(findTestObject("LoginPage/input_Username_username"), Bec_UserName): Text 'rkulkarn@calliduscloud.com' is set on object 'Object Repository/LoginPage/input_Username_username'

2019-03-11 16:28:43 - [MESSAGE][PASSED] - Text 'rkulkarn@calliduscloud.com' is set on object 'Object Repository/LoginPage/input_Username_username'

2019-03-11 16:28:43 - [TEST_STEP][PASSED] - setText(findTestObject("LoginPage/input_Password_password"), Bec_Password): Text 'Augg@1234' is set on object 'Object Repository/LoginPage/input_Password_password'

2019-03-11 16:28:47 - [MESSAGE][PASSED] - Text 'Augg@1234' is set on object 'Object Repository/LoginPage/input_Password_password'

2019-03-11 16:28:47 - [TEST_STEP][PASSED] - waitForElementClickable(findTestObject("LoginPage/Login_Button"), 2): Object 'Object Repository/LoginPage/Login_Button' is clickable

2019-03-11 16:28:49 - [MESSAGE][PASSED] - Object 'Object Repository/LoginPage/Login_Button' is clickable

2019-03-11 16:28:49 - [TEST_STEP][PASSED] - click(findTestObject("LoginPage/Login_Button")): Object: 'Object Repository/LoginPage/Login_Button' is clicked on

2019-03-11 16:28:51 - [MESSAGE][PASSED] - Object: 'Object Repository/LoginPage/Login_Button' is clicked on

2019-03-11 16:28:51 - [TEST_STEP][PASSED] - waitForPageLoad(2): Wait for page load successfully

2019-03-11 16:28:52 - [MESSAGE][PASSED] - Wait for page load successfully

2019-03-11 16:28:52 - [TEST_STEP][PASSED] - click(findTestObject("MessagesPage/Icon_Apps")): Object: 'Object Repository/MessagesPage/Icon_Apps' is clicked on

2019-03-11 16:28:56 - [MESSAGE][PASSED] - Object: 'Object Repository/MessagesPage/Icon_Apps' is clicked on

2019-03-11 16:28:56 - [TEST_STEP][PASSED] - mouseOver(findTestObject("MessagesPage/Link_Commissions")): Object: 'Object Repository/MessagesPage/Link_Commissions' is hovered

2019-03-11 16:28:59 - [MESSAGE][PASSED] - Object: 'Object Repository/MessagesPage/Link_Commissions' is hovered

2019-03-11 16:28:59 - [TEST_STEP][PASSED] - scrollToElement(findTestObject("MessagesPage/Link_Commissions"), 1): Scroll to object 'Object Repository/MessagesPage/Link_Commissions' successfully

2019-03-11 16:29:01 - [MESSAGE][PASSED] - Scroll to object 'Object Repository/MessagesPage/Link_Commissions' successfully

2019-03-11 16:29:01 - [TEST_STEP][PASSED] - click(findTestObject("MessagesPage/Link_Commissions")): Object: 'Object Repository/MessagesPage/Link_Commissions' is clicked on

2019-03-11 16:30:19 - [MESSAGE][PASSED] - Object: 'Object Repository/MessagesPage/Link_Commissions' is clicked on

2019-03-11 16:30:19 - [TEST_STEP][PASSED] - click(findTestObject("LoginPage/User_id")): Object: 'Object Repository/LoginPage/User_id' is clicked on

2019-03-11 16:30:21 - [MESSAGE][PASSED] - Object: 'Object Repository/LoginPage/User_id' is clicked on

2019-03-11 16:30:21 - [TEST_STEP][PASSED] - waitForElementVisible(findTestObject("LoginPage/user_name"), 1): Object 'Object Repository/LoginPage/user_name' is visible

2019-03-11 16:30:23 - [MESSAGE][PASSED] - Object 'Object Repository/LoginPage/user_name' is visible

2019-03-11 16:30:23 - [TEST_STEP][PASSED] - Assert.assertEquals(getText(findTestObject("LoginPage/user_name")), User_name): Text of object 'Object Repository/LoginPage/user_name' is: 'rkulkarn@calliduscloud.com'

2019-03-11 16:30:25 - [MESSAGE][PASSED] - Text of object 'Object Repository/LoginPage/user_name' is: 'rkulkarn@calliduscloud.com'

2019-03-11 16:30:25 - [TEST_STEP][PASSED] - waitForPageLoad(3): Wait for page load successfully

2019-03-11 16:30:26 - [MESSAGE][PASSED] - Wait for page load successfully

2019-03-11 16:30:26 - [MESSAGE][PASSED] - Call Test Case 'Test Cases/Commission Login_Logout/Commission Login' successfully

2019-03-11 16:30:26 - [TEST_STEP][PASSED] - mouseOver(findTestObject("HomePage_Commission/Commission_CompensationElements/Icon_Compensationelement")): Object: 'Object Repository/HomePage_Commission/Commission_CompensationElements/Icon_Compensationelement' is hovered

2019-03-11 16:30:30 - [MESSAGE][PASSED] - Object: 'Object Repository/HomePage_Commission/Commission_CompensationElements/Icon_Compensationelement' is hovered

2019-03-11 16:30:30 - [TEST_STEP][PASSED] - waitForElementPresent(findTestObject("HomePage_Commission/Commission_CompensationElements/Icon_Compensationelement"), 3): Object 'Object Repository/HomePage_Commission/Commission_CompensationElements/Icon_Compensationelement' is present

2019-03-11 16:30:31 - [MESSAGE][PASSED] - Object 'Object Repository/HomePage_Commission/Commission_CompensationElements/Icon_Compensationelement' is present

2019-03-11 16:30:31 - [TEST_STEP][PASSED] - click(findTestObject("HomePage_Commission/Commission_CompensationElements/Icon_Compensationelement")): Object: 'Object Repository/HomePage_Commission/Commission_CompensationElements/Icon_Compensationelement' is clicked on

2019-03-11 16:30:33 - [MESSAGE][PASSED] - Object: 'Object Repository/HomePage_Commission/Commission_CompensationElements/Icon_Compensationelement' is clicked on

2019-03-11 16:30:33 - [TEST_STEP][PASSED] - Assert.assertEquals(getText(findTestObject("Assertion_objects/Compensation_elements")), Compensation_ele): Text of object 'Object Repository/Assertion_objects/Compensation_elements' is: 'Compensation Elements'

2019-03-11 16:30:35 - [MESSAGE][PASSED] - Text of object 'Object Repository/Assertion_objects/Compensation_elements' is: 'Compensation Elements'

2019-03-11 16:30:35 - [TEST_STEP][PASSED] - println("User is able to navigate to Plan tab"): null

2019-03-11 16:30:35 - [TEST_STEP][PASSED] - waitForElementVisible(findTestObject("HomePage_Commission/Commission_CompensationElements/Link_Quota"), 4): Object 'Object Repository/HomePage_Commission/Commission_CompensationElements/Link_Quota' is visible

2019-03-11 16:30:37 - [MESSAGE][PASSED] - Object 'Object Repository/HomePage_Commission/Commission_CompensationElements/Link_Quota' is visible

2019-03-11 16:30:37 - [TEST_STEP][PASSED] - mouseOver(findTestObject("HomePage_Commission/Commission_CompensationElements/Link_Quota"), STOP_ON_FAILURE): Object: 'Object Repository/HomePage_Commission/Commission_CompensationElements/Link_Quota' is hovered

2019-03-11 16:30:40 - [MESSAGE][PASSED] - Object: 'Object Repository/HomePage_Commission/Commission_CompensationElements/Link_Quota' is hovered

2019-03-11 16:30:40 - [TEST_STEP][PASSED] - click(findTestObject("HomePage_Commission/Commission_CompensationElements/Link_Quota")): Object: 'Object Repository/HomePage_Commission/Commission_CompensationElements/Link_Quota' is clicked on

2019-03-11 16:31:02 - [MESSAGE][PASSED] - Object: 'Object Repository/HomePage_Commission/Commission_CompensationElements/Link_Quota' is clicked on

2019-03-11 16:31:02 - [TEST_STEP][PASSED] - Assert.assertEquals(getText(findTestObject("Assertion_objects/Quotas")), Quotastxt): Text of object 'Object Repository/Assertion_objects/Quotas' is: 'Quotas'

2019-03-11 16:31:04 - [MESSAGE][PASSED] - Text of object 'Object Repository/Assertion_objects/Quotas' is: 'Quotas'

2019-03-11 16:31:04 - [TEST_STEP][PASSED] - println("User Navigated to Quotas screen"): null

2019-03-11 16:31:04 - [TEST_STEP][PASSED] - if (verifyElementClickable(findTestObject("AdvanceSearch_Page/Advanced_searchtext"))): null

2019-03-11 16:31:06 - [MESSAGE][PASSED] - Object 'Object Repository/AdvanceSearch_Page/Advanced_searchtext' is clickable

2019-03-11 16:31:06 - [TEST_STEP][PASSED] - click(findTestObject("AdvanceSearch_Page/Icon_Advanced Search")): Object: 'Object Repository/AdvanceSearch_Page/Icon_Advanced Search' is clicked on

2019-03-11 16:31:08 - [MESSAGE][PASSED] - Object: 'Object Repository/AdvanceSearch_Page/Icon_Advanced Search' is clicked on

2019-03-11 16:31:08 - [TEST_STEP][PASSED] - println("Performing advance search"): null

2019-03-11 16:31:08 - [TEST_STEP][PASSED] - click(findTestObject("AdvanceSearch_Page/FieldName_DropDown")): Object: 'Object Repository/AdvanceSearch_Page/FieldName_DropDown' is clicked on

2019-03-11 16:31:10 - [MESSAGE][PASSED] - Object: 'Object Repository/AdvanceSearch_Page/FieldName_DropDown' is clicked on

2019-03-11 16:31:10 - [TEST_STEP][PASSED] - scrollToElement(findTestObject("AdvanceSearch_Page/option_QuotaName"), 4): Scroll to object 'Object Repository/AdvanceSearch_Page/option_QuotaName' successfully

2019-03-11 16:31:13 - [MESSAGE][PASSED] - Scroll to object 'Object Repository/AdvanceSearch_Page/option_QuotaName' successfully

2019-03-11 16:31:13 - [TEST_STEP][PASSED] - click(findTestObject("AdvanceSearch_Page/option_QuotaName")): Object: 'Object Repository/AdvanceSearch_Page/option_QuotaName' is clicked on

2019-03-11 16:31:15 - [MESSAGE][PASSED] - Object: 'Object Repository/AdvanceSearch_Page/option_QuotaName' is clicked on

2019-03-11 16:31:15 - [TEST_STEP][PASSED] - click(findTestObject("AdvanceSearch_Page/td_Comparision")): Object: 'Object Repository/AdvanceSearch_Page/td_Comparision' is clicked on

2019-03-11 16:31:17 - [MESSAGE][PASSED] - Object: 'Object Repository/AdvanceSearch_Page/td_Comparision' is clicked on

2019-03-11 16:31:17 - [TEST_STEP][PASSED] - scrollToElement(findTestObject("AdvanceSearch_Page/option_Equals"), 2): Scroll to object 'Object Repository/AdvanceSearch_Page/option_Equals' successfully

2019-03-11 16:31:19 - [MESSAGE][PASSED] - Scroll to object 'Object Repository/AdvanceSearch_Page/option_Equals' successfully

2019-03-11 16:31:19 - [TEST_STEP][PASSED] - click(findTestObject("AdvanceSearch_Page/option_Equals")): Object: 'Object Repository/AdvanceSearch_Page/option_Equals' is clicked on

2019-03-11 16:31:21 - [MESSAGE][PASSED] - Object: 'Object Repository/AdvanceSearch_Page/option_Equals' is clicked on

2019-03-11 16:31:21 - [TEST_STEP][PASSED] - setText(findTestObject("AdvanceSearch_Page/td_Value"), Quotas): Text 'Quota' is set on object 'Object Repository/AdvanceSearch_Page/td_Value'

2019-03-11 16:31:26 - [MESSAGE][PASSED] - Text 'Quota' is set on object 'Object Repository/AdvanceSearch_Page/td_Value'

2019-03-11 16:31:26 - [TEST_STEP][PASSED] - click(findTestObject("AdvanceSearch_Page/AppySearch_button")): Object: 'Object Repository/AdvanceSearch_Page/AppySearch_button' is clicked on

2019-03-11 16:31:28 - [MESSAGE][PASSED] - Object: 'Object Repository/AdvanceSearch_Page/AppySearch_button' is clicked on

2019-03-11 16:31:28 - [TEST_STEP][PASSED] - globalkeywords.record.RecordNotFound(): globalkeywords.record.RecordNotFound is PASSED

2019-03-11 16:31:39 - [MESSAGE][INFO] - Unable to find the element located by 'By.xpath: //td[@class='dataTables_empty']'. Please recheck the objects properties to make sure the desired element is located. 

2019-03-11 16:31:39 - [MESSAGE][WARNING] - Object 'Object Repository/Page_Callidus Cloud Commissions Man/NoRecordsFound' is not present after 10 second(s)

2019-03-11 16:31:39 - [MESSAGE][PASSED] - globalkeywords.record.RecordNotFound is PASSED]]></system-out>
         <system-err><![CDATA[]]></system-err>
      </testcase>
      <testcase name="Test Cases/Compensation_Elements_Workspace/Rate_Tables_exist_in_the_system" classname="Test Cases/Compensation_Elements_Workspace/Rate_Tables_exist_in_the_system" status="PASSED">
         <system-out><![CDATA[2019-03-11 16:31:39 - [TEST_CASE][PASSED] - Test Cases/Compensation_Elements_Workspace/Rate_Tables_exist_in_the_system: Test Cases/Compensation_Elements_Workspace/Rate_Tables_exist_in_the_system

2019-03-11 16:31:39 - [TEST_STEP][PASSED] - Start listener action : sampleBeforeTestCase: null

2019-03-11 16:31:39 - [TEST_STEP][PASSED] - println(testCaseContext.getTestCaseId()): null

2019-03-11 16:31:39 - [TEST_STEP][PASSED] - println(testCaseContext.getTestCaseVariables()): null

2019-03-11 16:31:39 - [TEST_STEP][PASSED] - callTestCase(findTestCase("Commission Login_Logout/Commission Login"), [:], STOP_ON_FAILURE): Call Test Case 'Test Cases/Commission Login_Logout/Commission Login' successfully

2019-03-11 16:31:39 - [TEST_CASE][PASSED] - Test Cases/Commission Login_Logout/Commission Login: Test Cases/Commission Login_Logout/Commission Login

2019-03-11 16:31:39 - [TEST_STEP][PASSED] - openBrowser(""): Browser is opened with url: ''

2019-03-11 16:31:39 - [MESSAGE][WARNING] - A browser is already opened. Closing browser and opening a new one

2019-03-11 16:31:41 - [MESSAGE][INFO] - Starting 'Chrome' driver

2019-03-11 16:31:46 - [MESSAGE][PASSED] - Browser is opened with url: ''

2019-03-11 16:31:46 - [TEST_STEP][PASSED] - navigateToUrl(BecURL): Navigate to 'https://biz3-tst.callidusondemand.com/SalesPortal/#!/' successfully

2019-03-11 16:31:58 - [MESSAGE][PASSED] - Navigate to 'https://biz3-tst.callidusondemand.com/SalesPortal/#!/' successfully

2019-03-11 16:31:58 - [TEST_STEP][PASSED] - maximizeWindow(): Current window maximized

2019-03-11 16:32:00 - [MESSAGE][PASSED] - Current window maximized

2019-03-11 16:32:00 - [TEST_STEP][PASSED] - Assert.assertEquals(getText(findTestObject("LoginPage/Header_homepage")), header_name): Text of object 'Object Repository/LoginPage/Header_homepage' is: 'Sales Performance Home '

2019-03-11 16:32:02 - [MESSAGE][PASSED] - Text of object 'Object Repository/LoginPage/Header_homepage' is: 'Sales Performance Home '

2019-03-11 16:32:02 - [TEST_STEP][PASSED] - setText(findTestObject("LoginPage/input_Username_username"), Bec_UserName): Text 'rkulkarn@calliduscloud.com' is set on object 'Object Repository/LoginPage/input_Username_username'

2019-03-11 16:32:07 - [MESSAGE][PASSED] - Text 'rkulkarn@calliduscloud.com' is set on object 'Object Repository/LoginPage/input_Username_username'

2019-03-11 16:32:07 - [TEST_STEP][PASSED] - setText(findTestObject("LoginPage/input_Password_password"), Bec_Password): Text 'Augg@1234' is set on object 'Object Repository/LoginPage/input_Password_password'

2019-03-11 16:32:11 - [MESSAGE][PASSED] - Text 'Augg@1234' is set on object 'Object Repository/LoginPage/input_Password_password'

2019-03-11 16:32:11 - [TEST_STEP][PASSED] - waitForElementClickable(findTestObject("LoginPage/Login_Button"), 2): Object 'Object Repository/LoginPage/Login_Button' is clickable

2019-03-11 16:32:13 - [MESSAGE][PASSED] - Object 'Object Repository/LoginPage/Login_Button' is clickable

2019-03-11 16:32:13 - [TEST_STEP][PASSED] - click(findTestObject("LoginPage/Login_Button")): Object: 'Object Repository/LoginPage/Login_Button' is clicked on

2019-03-11 16:32:15 - [MESSAGE][PASSED] - Object: 'Object Repository/LoginPage/Login_Button' is clicked on

2019-03-11 16:32:15 - [TEST_STEP][PASSED] - waitForPageLoad(2): Wait for page load successfully

2019-03-11 16:32:16 - [MESSAGE][PASSED] - Wait for page load successfully

2019-03-11 16:32:16 - [TEST_STEP][PASSED] - click(findTestObject("MessagesPage/Icon_Apps")): Object: 'Object Repository/MessagesPage/Icon_Apps' is clicked on

2019-03-11 16:32:20 - [MESSAGE][PASSED] - Object: 'Object Repository/MessagesPage/Icon_Apps' is clicked on

2019-03-11 16:32:20 - [TEST_STEP][PASSED] - mouseOver(findTestObject("MessagesPage/Link_Commissions")): Object: 'Object Repository/MessagesPage/Link_Commissions' is hovered

2019-03-11 16:32:23 - [MESSAGE][PASSED] - Object: 'Object Repository/MessagesPage/Link_Commissions' is hovered

2019-03-11 16:32:23 - [TEST_STEP][PASSED] - scrollToElement(findTestObject("MessagesPage/Link_Commissions"), 1): Scroll to object 'Object Repository/MessagesPage/Link_Commissions' successfully

2019-03-11 16:32:25 - [MESSAGE][PASSED] - Scroll to object 'Object Repository/MessagesPage/Link_Commissions' successfully

2019-03-11 16:32:25 - [TEST_STEP][PASSED] - click(findTestObject("MessagesPage/Link_Commissions")): Object: 'Object Repository/MessagesPage/Link_Commissions' is clicked on

2019-03-11 16:33:04 - [MESSAGE][PASSED] - Object: 'Object Repository/MessagesPage/Link_Commissions' is clicked on

2019-03-11 16:33:04 - [TEST_STEP][PASSED] - click(findTestObject("LoginPage/User_id")): Object: 'Object Repository/LoginPage/User_id' is clicked on

2019-03-11 16:33:06 - [MESSAGE][PASSED] - Object: 'Object Repository/LoginPage/User_id' is clicked on

2019-03-11 16:33:06 - [TEST_STEP][PASSED] - waitForElementVisible(findTestObject("LoginPage/user_name"), 1): Object 'Object Repository/LoginPage/user_name' is visible

2019-03-11 16:33:08 - [MESSAGE][PASSED] - Object 'Object Repository/LoginPage/user_name' is visible

2019-03-11 16:33:08 - [TEST_STEP][PASSED] - Assert.assertEquals(getText(findTestObject("LoginPage/user_name")), User_name): Text of object 'Object Repository/LoginPage/user_name' is: 'rkulkarn@calliduscloud.com'

2019-03-11 16:33:10 - [MESSAGE][PASSED] - Text of object 'Object Repository/LoginPage/user_name' is: 'rkulkarn@calliduscloud.com'

2019-03-11 16:33:10 - [TEST_STEP][PASSED] - waitForPageLoad(3): Wait for page load successfully

2019-03-11 16:33:11 - [MESSAGE][PASSED] - Wait for page load successfully

2019-03-11 16:33:11 - [MESSAGE][PASSED] - Call Test Case 'Test Cases/Commission Login_Logout/Commission Login' successfully

2019-03-11 16:33:11 - [TEST_STEP][PASSED] - mouseOver(findTestObject("HomePage_Commission/Commission_CompensationElements/Icon_Compensationelement")): Object: 'Object Repository/HomePage_Commission/Commission_CompensationElements/Icon_Compensationelement' is hovered

2019-03-11 16:33:14 - [MESSAGE][PASSED] - Object: 'Object Repository/HomePage_Commission/Commission_CompensationElements/Icon_Compensationelement' is hovered

2019-03-11 16:33:14 - [TEST_STEP][PASSED] - waitForElementPresent(findTestObject("HomePage_Commission/Commission_CompensationElements/Icon_Compensationelement"), 3): Object 'Object Repository/HomePage_Commission/Commission_CompensationElements/Icon_Compensationelement' is present

2019-03-11 16:33:15 - [MESSAGE][PASSED] - Object 'Object Repository/HomePage_Commission/Commission_CompensationElements/Icon_Compensationelement' is present

2019-03-11 16:33:15 - [TEST_STEP][PASSED] - click(findTestObject("HomePage_Commission/Commission_CompensationElements/Icon_Compensationelement")): Object: 'Object Repository/HomePage_Commission/Commission_CompensationElements/Icon_Compensationelement' is clicked on

2019-03-11 16:33:17 - [MESSAGE][PASSED] - Object: 'Object Repository/HomePage_Commission/Commission_CompensationElements/Icon_Compensationelement' is clicked on

2019-03-11 16:33:17 - [TEST_STEP][PASSED] - Assert.assertEquals(getText(findTestObject("Assertion_objects/Compensation_elements")), Compensation_ele): Text of object 'Object Repository/Assertion_objects/Compensation_elements' is: 'Compensation Elements'

2019-03-11 16:33:19 - [MESSAGE][PASSED] - Text of object 'Object Repository/Assertion_objects/Compensation_elements' is: 'Compensation Elements'

2019-03-11 16:33:19 - [TEST_STEP][PASSED] - println("User is able to navigate to Plan tab"): null

2019-03-11 16:33:19 - [TEST_STEP][PASSED] - waitForElementVisible(findTestObject("HomePage_Commission/Commission_CompensationElements/Link_Rate Tables"), 5): Object 'Object Repository/HomePage_Commission/Commission_CompensationElements/Link_Rate Tables' is visible

2019-03-11 16:33:22 - [MESSAGE][PASSED] - Object 'Object Repository/HomePage_Commission/Commission_CompensationElements/Link_Rate Tables' is visible

2019-03-11 16:33:22 - [TEST_STEP][PASSED] - mouseOver(findTestObject("HomePage_Commission/Commission_CompensationElements/Link_Rate Tables"), STOP_ON_FAILURE): Object: 'Object Repository/HomePage_Commission/Commission_CompensationElements/Link_Rate Tables' is hovered

2019-03-11 16:33:25 - [MESSAGE][PASSED] - Object: 'Object Repository/HomePage_Commission/Commission_CompensationElements/Link_Rate Tables' is hovered

2019-03-11 16:33:25 - [TEST_STEP][PASSED] - click(findTestObject("HomePage_Commission/Commission_CompensationElements/Link_Rate Tables")): Object: 'Object Repository/HomePage_Commission/Commission_CompensationElements/Link_Rate Tables' is clicked on

2019-03-11 16:33:37 - [MESSAGE][PASSED] - Object: 'Object Repository/HomePage_Commission/Commission_CompensationElements/Link_Rate Tables' is clicked on

2019-03-11 16:33:37 - [TEST_STEP][PASSED] - Assert.assertEquals(getText(findTestObject("Assertion_objects/Rate Tables")), Ratetabletxt): Text of object 'Object Repository/Assertion_objects/Rate Tables' is: 'Rate Tables'

2019-03-11 16:33:40 - [MESSAGE][PASSED] - Text of object 'Object Repository/Assertion_objects/Rate Tables' is: 'Rate Tables'

2019-03-11 16:33:40 - [TEST_STEP][PASSED] - println("User Navigated to Rate Tables screen"): null

2019-03-11 16:33:40 - [TEST_STEP][PASSED] - if (verifyElementClickable(findTestObject("AdvanceSearch_Page/Advanced_searchtext"))): null

2019-03-11 16:33:42 - [MESSAGE][PASSED] - Object 'Object Repository/AdvanceSearch_Page/Advanced_searchtext' is clickable

2019-03-11 16:33:42 - [TEST_STEP][PASSED] - click(findTestObject("AdvanceSearch_Page/Icon_Advanced Search")): Object: 'Object Repository/AdvanceSearch_Page/Icon_Advanced Search' is clicked on

2019-03-11 16:33:44 - [MESSAGE][PASSED] - Object: 'Object Repository/AdvanceSearch_Page/Icon_Advanced Search' is clicked on

2019-03-11 16:33:44 - [TEST_STEP][PASSED] - println("Performing advance search"): null

2019-03-11 16:33:44 - [TEST_STEP][PASSED] - click(findTestObject("AdvanceSearch_Page/FieldName_DropDown")): Object: 'Object Repository/AdvanceSearch_Page/FieldName_DropDown' is clicked on

2019-03-11 16:33:46 - [MESSAGE][PASSED] - Object: 'Object Repository/AdvanceSearch_Page/FieldName_DropDown' is clicked on

2019-03-11 16:33:46 - [TEST_STEP][PASSED] - scrollToElement(findTestObject("AdvanceSearch_Page/option_Compensations Elements"), 4): Scroll to object 'Object Repository/AdvanceSearch_Page/option_Compensations Elements' successfully

2019-03-11 16:33:48 - [MESSAGE][PASSED] - Scroll to object 'Object Repository/AdvanceSearch_Page/option_Compensations Elements' successfully

2019-03-11 16:33:48 - [TEST_STEP][PASSED] - click(findTestObject("AdvanceSearch_Page/option_Compensations Elements")): Object: 'Object Repository/AdvanceSearch_Page/option_Compensations Elements' is clicked on

2019-03-11 16:33:51 - [MESSAGE][PASSED] - Object: 'Object Repository/AdvanceSearch_Page/option_Compensations Elements' is clicked on

2019-03-11 16:33:51 - [TEST_STEP][PASSED] - click(findTestObject("AdvanceSearch_Page/td_Comparision")): Object: 'Object Repository/AdvanceSearch_Page/td_Comparision' is clicked on

2019-03-11 16:33:53 - [MESSAGE][PASSED] - Object: 'Object Repository/AdvanceSearch_Page/td_Comparision' is clicked on

2019-03-11 16:33:53 - [TEST_STEP][PASSED] - scrollToElement(findTestObject("AdvanceSearch_Page/option_Equals"), 2): Scroll to object 'Object Repository/AdvanceSearch_Page/option_Equals' successfully

2019-03-11 16:33:55 - [MESSAGE][PASSED] - Scroll to object 'Object Repository/AdvanceSearch_Page/option_Equals' successfully

2019-03-11 16:33:55 - [TEST_STEP][PASSED] - click(findTestObject("AdvanceSearch_Page/option_Equals")): Object: 'Object Repository/AdvanceSearch_Page/option_Equals' is clicked on

2019-03-11 16:33:57 - [MESSAGE][PASSED] - Object: 'Object Repository/AdvanceSearch_Page/option_Equals' is clicked on

2019-03-11 16:33:57 - [TEST_STEP][PASSED] - setText(findTestObject("AdvanceSearch_Page/td_Value"), Rate_table): Text 'R_T_Demo1' is set on object 'Object Repository/AdvanceSearch_Page/td_Value'

2019-03-11 16:34:02 - [MESSAGE][PASSED] - Text 'R_T_Demo1' is set on object 'Object Repository/AdvanceSearch_Page/td_Value'

2019-03-11 16:34:02 - [TEST_STEP][PASSED] - click(findTestObject("AdvanceSearch_Page/AppySearch_button")): Object: 'Object Repository/AdvanceSearch_Page/AppySearch_button' is clicked on

2019-03-11 16:34:04 - [MESSAGE][PASSED] - Object: 'Object Repository/AdvanceSearch_Page/AppySearch_button' is clicked on

2019-03-11 16:34:04 - [TEST_STEP][PASSED] - globalkeywords.record.RecordNotFound(): globalkeywords.record.RecordNotFound is PASSED

2019-03-11 16:34:15 - [MESSAGE][INFO] - Unable to find the element located by 'By.xpath: //td[@class='dataTables_empty']'. Please recheck the objects properties to make sure the desired element is located. 

2019-03-11 16:34:15 - [MESSAGE][WARNING] - Object 'Object Repository/Page_Callidus Cloud Commissions Man/NoRecordsFound' is not present after 10 second(s)

2019-03-11 16:34:15 - [MESSAGE][PASSED] - globalkeywords.record.RecordNotFound is PASSED]]></system-out>
         <system-err><![CDATA[]]></system-err>
      </testcase>
      <testcase name="Test Cases/Compensation_Elements_Workspace/Rate_Table_Variable_exist_in_the_system" classname="Test Cases/Compensation_Elements_Workspace/Rate_Table_Variable_exist_in_the_system" status="PASSED">
         <system-out><![CDATA[2019-03-11 16:34:15 - [TEST_CASE][PASSED] - Test Cases/Compensation_Elements_Workspace/Rate_Table_Variable_exist_in_the_system: Test Cases/Compensation_Elements_Workspace/Rate_Table_Variable_exist_in_the_system

2019-03-11 16:34:15 - [TEST_STEP][PASSED] - Start listener action : sampleBeforeTestCase: null

2019-03-11 16:34:15 - [TEST_STEP][PASSED] - println(testCaseContext.getTestCaseId()): null

2019-03-11 16:34:15 - [TEST_STEP][PASSED] - println(testCaseContext.getTestCaseVariables()): null

2019-03-11 16:34:16 - [TEST_STEP][PASSED] - callTestCase(findTestCase("Commission Login_Logout/Commission Login"), [:], STOP_ON_FAILURE): Call Test Case 'Test Cases/Commission Login_Logout/Commission Login' successfully

2019-03-11 16:34:16 - [TEST_CASE][PASSED] - Test Cases/Commission Login_Logout/Commission Login: Test Cases/Commission Login_Logout/Commission Login

2019-03-11 16:34:16 - [TEST_STEP][PASSED] - openBrowser(""): Browser is opened with url: ''

2019-03-11 16:34:16 - [MESSAGE][WARNING] - A browser is already opened. Closing browser and opening a new one

2019-03-11 16:34:18 - [MESSAGE][INFO] - Starting 'Chrome' driver

2019-03-11 16:34:22 - [MESSAGE][PASSED] - Browser is opened with url: ''

2019-03-11 16:34:22 - [TEST_STEP][PASSED] - navigateToUrl(BecURL): Navigate to 'https://biz3-tst.callidusondemand.com/SalesPortal/#!/' successfully

2019-03-11 16:34:31 - [MESSAGE][PASSED] - Navigate to 'https://biz3-tst.callidusondemand.com/SalesPortal/#!/' successfully

2019-03-11 16:34:31 - [TEST_STEP][PASSED] - maximizeWindow(): Current window maximized

2019-03-11 16:34:34 - [MESSAGE][PASSED] - Current window maximized

2019-03-11 16:34:34 - [TEST_STEP][PASSED] - Assert.assertEquals(getText(findTestObject("LoginPage/Header_homepage")), header_name): Text of object 'Object Repository/LoginPage/Header_homepage' is: 'Sales Performance Home '

2019-03-11 16:34:36 - [MESSAGE][PASSED] - Text of object 'Object Repository/LoginPage/Header_homepage' is: 'Sales Performance Home '

2019-03-11 16:34:36 - [TEST_STEP][PASSED] - setText(findTestObject("LoginPage/input_Username_username"), Bec_UserName): Text 'rkulkarn@calliduscloud.com' is set on object 'Object Repository/LoginPage/input_Username_username'

2019-03-11 16:34:40 - [MESSAGE][PASSED] - Text 'rkulkarn@calliduscloud.com' is set on object 'Object Repository/LoginPage/input_Username_username'

2019-03-11 16:34:40 - [TEST_STEP][PASSED] - setText(findTestObject("LoginPage/input_Password_password"), Bec_Password): Text 'Augg@1234' is set on object 'Object Repository/LoginPage/input_Password_password'

2019-03-11 16:34:44 - [MESSAGE][PASSED] - Text 'Augg@1234' is set on object 'Object Repository/LoginPage/input_Password_password'

2019-03-11 16:34:44 - [TEST_STEP][PASSED] - waitForElementClickable(findTestObject("LoginPage/Login_Button"), 2): Object 'Object Repository/LoginPage/Login_Button' is clickable

2019-03-11 16:34:47 - [MESSAGE][PASSED] - Object 'Object Repository/LoginPage/Login_Button' is clickable

2019-03-11 16:34:47 - [TEST_STEP][PASSED] - click(findTestObject("LoginPage/Login_Button")): Object: 'Object Repository/LoginPage/Login_Button' is clicked on

2019-03-11 16:34:49 - [MESSAGE][PASSED] - Object: 'Object Repository/LoginPage/Login_Button' is clicked on

2019-03-11 16:34:49 - [TEST_STEP][PASSED] - waitForPageLoad(2): Wait for page load successfully

2019-03-11 16:34:50 - [MESSAGE][PASSED] - Wait for page load successfully

2019-03-11 16:34:50 - [TEST_STEP][PASSED] - click(findTestObject("MessagesPage/Icon_Apps")): Object: 'Object Repository/MessagesPage/Icon_Apps' is clicked on

2019-03-11 16:34:53 - [MESSAGE][PASSED] - Object: 'Object Repository/MessagesPage/Icon_Apps' is clicked on

2019-03-11 16:34:53 - [TEST_STEP][PASSED] - mouseOver(findTestObject("MessagesPage/Link_Commissions")): Object: 'Object Repository/MessagesPage/Link_Commissions' is hovered

2019-03-11 16:34:56 - [MESSAGE][PASSED] - Object: 'Object Repository/MessagesPage/Link_Commissions' is hovered

2019-03-11 16:34:57 - [TEST_STEP][PASSED] - scrollToElement(findTestObject("MessagesPage/Link_Commissions"), 1): Scroll to object 'Object Repository/MessagesPage/Link_Commissions' successfully

2019-03-11 16:34:59 - [MESSAGE][PASSED] - Scroll to object 'Object Repository/MessagesPage/Link_Commissions' successfully

2019-03-11 16:34:59 - [TEST_STEP][PASSED] - click(findTestObject("MessagesPage/Link_Commissions")): Object: 'Object Repository/MessagesPage/Link_Commissions' is clicked on

2019-03-11 16:35:30 - [MESSAGE][PASSED] - Object: 'Object Repository/MessagesPage/Link_Commissions' is clicked on

2019-03-11 16:35:30 - [TEST_STEP][PASSED] - click(findTestObject("LoginPage/User_id")): Object: 'Object Repository/LoginPage/User_id' is clicked on

2019-03-11 16:35:32 - [MESSAGE][PASSED] - Object: 'Object Repository/LoginPage/User_id' is clicked on

2019-03-11 16:35:32 - [TEST_STEP][PASSED] - waitForElementVisible(findTestObject("LoginPage/user_name"), 1): Object 'Object Repository/LoginPage/user_name' is visible

2019-03-11 16:35:34 - [MESSAGE][PASSED] - Object 'Object Repository/LoginPage/user_name' is visible

2019-03-11 16:35:34 - [TEST_STEP][PASSED] - Assert.assertEquals(getText(findTestObject("LoginPage/user_name")), User_name): Text of object 'Object Repository/LoginPage/user_name' is: 'rkulkarn@calliduscloud.com'

2019-03-11 16:35:36 - [MESSAGE][PASSED] - Text of object 'Object Repository/LoginPage/user_name' is: 'rkulkarn@calliduscloud.com'

2019-03-11 16:35:36 - [TEST_STEP][PASSED] - waitForPageLoad(3): Wait for page load successfully

2019-03-11 16:35:37 - [MESSAGE][PASSED] - Wait for page load successfully

2019-03-11 16:35:37 - [MESSAGE][PASSED] - Call Test Case 'Test Cases/Commission Login_Logout/Commission Login' successfully

2019-03-11 16:35:37 - [TEST_STEP][PASSED] - mouseOver(findTestObject("HomePage_Commission/Commission_CompensationElements/Icon_Compensationelement")): Object: 'Object Repository/HomePage_Commission/Commission_CompensationElements/Icon_Compensationelement' is hovered

2019-03-11 16:35:40 - [MESSAGE][PASSED] - Object: 'Object Repository/HomePage_Commission/Commission_CompensationElements/Icon_Compensationelement' is hovered

2019-03-11 16:35:40 - [TEST_STEP][PASSED] - waitForElementPresent(findTestObject("HomePage_Commission/Commission_CompensationElements/Icon_Compensationelement"), 3): Object 'Object Repository/HomePage_Commission/Commission_CompensationElements/Icon_Compensationelement' is present

2019-03-11 16:35:41 - [MESSAGE][PASSED] - Object 'Object Repository/HomePage_Commission/Commission_CompensationElements/Icon_Compensationelement' is present

2019-03-11 16:35:41 - [TEST_STEP][PASSED] - click(findTestObject("HomePage_Commission/Commission_CompensationElements/Icon_Compensationelement")): Object: 'Object Repository/HomePage_Commission/Commission_CompensationElements/Icon_Compensationelement' is clicked on

2019-03-11 16:35:43 - [MESSAGE][PASSED] - Object: 'Object Repository/HomePage_Commission/Commission_CompensationElements/Icon_Compensationelement' is clicked on

2019-03-11 16:35:43 - [TEST_STEP][PASSED] - Assert.assertEquals(getText(findTestObject("Assertion_objects/Compensation_elements")), Compensation_ele): Text of object 'Object Repository/Assertion_objects/Compensation_elements' is: 'Compensation Elements'

2019-03-11 16:35:46 - [MESSAGE][PASSED] - Text of object 'Object Repository/Assertion_objects/Compensation_elements' is: 'Compensation Elements'

2019-03-11 16:35:46 - [TEST_STEP][PASSED] - println("User is able to navigate to Plan tab"): null

2019-03-11 16:35:46 - [TEST_STEP][PASSED] - waitForElementVisible(findTestObject("HomePage_Commission/Commission_CompensationElements/Link_Variables"), 7): Object 'Object Repository/HomePage_Commission/Commission_CompensationElements/Link_Variables' is visible

2019-03-11 16:35:48 - [MESSAGE][PASSED] - Object 'Object Repository/HomePage_Commission/Commission_CompensationElements/Link_Variables' is visible

2019-03-11 16:35:48 - [TEST_STEP][PASSED] - mouseOver(findTestObject("HomePage_Commission/Commission_CompensationElements/Link_Variables"), STOP_ON_FAILURE): Object: 'Object Repository/HomePage_Commission/Commission_CompensationElements/Link_Variables' is hovered

2019-03-11 16:35:51 - [MESSAGE][PASSED] - Object: 'Object Repository/HomePage_Commission/Commission_CompensationElements/Link_Variables' is hovered

2019-03-11 16:35:51 - [TEST_STEP][PASSED] - click(findTestObject("HomePage_Commission/Commission_CompensationElements/Link_Variables")): Object: 'Object Repository/HomePage_Commission/Commission_CompensationElements/Link_Variables' is clicked on

2019-03-11 16:36:02 - [MESSAGE][PASSED] - Object: 'Object Repository/HomePage_Commission/Commission_CompensationElements/Link_Variables' is clicked on

2019-03-11 16:36:02 - [TEST_STEP][PASSED] - Assert.assertEquals(getText(findTestObject("Assertion_objects/Variable")), Varaiabletxt): Text of object 'Object Repository/Assertion_objects/Variable' is: 'Variables'

2019-03-11 16:36:05 - [MESSAGE][PASSED] - Text of object 'Object Repository/Assertion_objects/Variable' is: 'Variables'

2019-03-11 16:36:05 - [TEST_STEP][PASSED] - println("User Navigated to Varaible screen"): null

2019-03-11 16:36:05 - [TEST_STEP][PASSED] - if (verifyElementClickable(findTestObject("AdvanceSearch_Page/Advanced_searchtext"))): null

2019-03-11 16:36:07 - [MESSAGE][PASSED] - Object 'Object Repository/AdvanceSearch_Page/Advanced_searchtext' is clickable

2019-03-11 16:36:07 - [TEST_STEP][PASSED] - click(findTestObject("AdvanceSearch_Page/Icon_Advanced Search")): Object: 'Object Repository/AdvanceSearch_Page/Icon_Advanced Search' is clicked on

2019-03-11 16:36:09 - [MESSAGE][PASSED] - Object: 'Object Repository/AdvanceSearch_Page/Icon_Advanced Search' is clicked on

2019-03-11 16:36:09 - [TEST_STEP][PASSED] - println("Performing advance search"): null

2019-03-11 16:36:09 - [TEST_STEP][PASSED] - click(findTestObject("AdvanceSearch_Page/FieldName_DropDown")): Object: 'Object Repository/AdvanceSearch_Page/FieldName_DropDown' is clicked on

2019-03-11 16:36:11 - [MESSAGE][PASSED] - Object: 'Object Repository/AdvanceSearch_Page/FieldName_DropDown' is clicked on

2019-03-11 16:36:11 - [TEST_STEP][PASSED] - scrollToElement(findTestObject("AdvanceSearch_Page/option_Value"), 4): Scroll to object 'Object Repository/AdvanceSearch_Page/option_Value' successfully

2019-03-11 16:36:14 - [MESSAGE][PASSED] - Scroll to object 'Object Repository/AdvanceSearch_Page/option_Value' successfully

2019-03-11 16:36:14 - [TEST_STEP][PASSED] - click(findTestObject("AdvanceSearch_Page/option_Value")): Object: 'Object Repository/AdvanceSearch_Page/option_Value' is clicked on

2019-03-11 16:36:16 - [MESSAGE][PASSED] - Object: 'Object Repository/AdvanceSearch_Page/option_Value' is clicked on

2019-03-11 16:36:16 - [TEST_STEP][PASSED] - click(findTestObject("AdvanceSearch_Page/td_Comparision")): Object: 'Object Repository/AdvanceSearch_Page/td_Comparision' is clicked on

2019-03-11 16:36:18 - [MESSAGE][PASSED] - Object: 'Object Repository/AdvanceSearch_Page/td_Comparision' is clicked on

2019-03-11 16:36:18 - [TEST_STEP][PASSED] - scrollToElement(findTestObject("AdvanceSearch_Page/option_Equals"), 2): Scroll to object 'Object Repository/AdvanceSearch_Page/option_Equals' successfully

2019-03-11 16:36:20 - [MESSAGE][PASSED] - Scroll to object 'Object Repository/AdvanceSearch_Page/option_Equals' successfully

2019-03-11 16:36:20 - [TEST_STEP][PASSED] - click(findTestObject("AdvanceSearch_Page/option_Equals")): Object: 'Object Repository/AdvanceSearch_Page/option_Equals' is clicked on

2019-03-11 16:36:22 - [MESSAGE][PASSED] - Object: 'Object Repository/AdvanceSearch_Page/option_Equals' is clicked on

2019-03-11 16:36:22 - [TEST_STEP][PASSED] - setText(findTestObject("AdvanceSearch_Page/td_Value"), R_T_Var): Text 'RTD' is set on object 'Object Repository/AdvanceSearch_Page/td_Value'

2019-03-11 16:36:27 - [MESSAGE][PASSED] - Text 'RTD' is set on object 'Object Repository/AdvanceSearch_Page/td_Value'

2019-03-11 16:36:27 - [TEST_STEP][PASSED] - click(findTestObject("AdvanceSearch_Page/AppySearch_button")): Object: 'Object Repository/AdvanceSearch_Page/AppySearch_button' is clicked on

2019-03-11 16:36:29 - [MESSAGE][PASSED] - Object: 'Object Repository/AdvanceSearch_Page/AppySearch_button' is clicked on

2019-03-11 16:36:29 - [TEST_STEP][PASSED] - globalkeywords.record.RecordNotFound(): globalkeywords.record.RecordNotFound is PASSED

2019-03-11 16:36:40 - [MESSAGE][INFO] - Unable to find the element located by 'By.xpath: //td[@class='dataTables_empty']'. Please recheck the objects properties to make sure the desired element is located. 

2019-03-11 16:36:40 - [MESSAGE][WARNING] - Object 'Object Repository/Page_Callidus Cloud Commissions Man/NoRecordsFound' is not present after 10 second(s)

2019-03-11 16:36:40 - [MESSAGE][PASSED] - globalkeywords.record.RecordNotFound is PASSED]]></system-out>
         <system-err><![CDATA[]]></system-err>
      </testcase>
      <testcase name="Test Cases/Compensation_Elements_Workspace/Territory_Elements_exist_in_the_system" classname="Test Cases/Compensation_Elements_Workspace/Territory_Elements_exist_in_the_system" status="PASSED">
         <system-out><![CDATA[2019-03-11 16:36:40 - [TEST_CASE][PASSED] - Test Cases/Compensation_Elements_Workspace/Territory_Elements_exist_in_the_system: Test Cases/Compensation_Elements_Workspace/Territory_Elements_exist_in_the_system

2019-03-11 16:36:40 - [TEST_STEP][PASSED] - Start listener action : sampleBeforeTestCase: null

2019-03-11 16:36:40 - [TEST_STEP][PASSED] - println(testCaseContext.getTestCaseId()): null

2019-03-11 16:36:40 - [TEST_STEP][PASSED] - println(testCaseContext.getTestCaseVariables()): null

2019-03-11 16:36:40 - [TEST_STEP][PASSED] - callTestCase(findTestCase("Commission Login_Logout/Commission Login"), [:], STOP_ON_FAILURE): Call Test Case 'Test Cases/Commission Login_Logout/Commission Login' successfully

2019-03-11 16:36:40 - [TEST_CASE][PASSED] - Test Cases/Commission Login_Logout/Commission Login: Test Cases/Commission Login_Logout/Commission Login

2019-03-11 16:36:40 - [TEST_STEP][PASSED] - openBrowser(""): Browser is opened with url: ''

2019-03-11 16:36:40 - [MESSAGE][WARNING] - A browser is already opened. Closing browser and opening a new one

2019-03-11 16:36:42 - [MESSAGE][INFO] - Starting 'Chrome' driver

2019-03-11 16:36:47 - [MESSAGE][PASSED] - Browser is opened with url: ''

2019-03-11 16:36:47 - [TEST_STEP][PASSED] - navigateToUrl(BecURL): Navigate to 'https://biz3-tst.callidusondemand.com/SalesPortal/#!/' successfully

2019-03-11 16:36:56 - [MESSAGE][PASSED] - Navigate to 'https://biz3-tst.callidusondemand.com/SalesPortal/#!/' successfully

2019-03-11 16:36:56 - [TEST_STEP][PASSED] - maximizeWindow(): Current window maximized

2019-03-11 16:36:58 - [MESSAGE][PASSED] - Current window maximized

2019-03-11 16:36:58 - [TEST_STEP][PASSED] - Assert.assertEquals(getText(findTestObject("LoginPage/Header_homepage")), header_name): Text of object 'Object Repository/LoginPage/Header_homepage' is: 'Sales Performance Home '

2019-03-11 16:37:00 - [MESSAGE][PASSED] - Text of object 'Object Repository/LoginPage/Header_homepage' is: 'Sales Performance Home '

2019-03-11 16:37:00 - [TEST_STEP][PASSED] - setText(findTestObject("LoginPage/input_Username_username"), Bec_UserName): Text 'rkulkarn@calliduscloud.com' is set on object 'Object Repository/LoginPage/input_Username_username'

2019-03-11 16:37:05 - [MESSAGE][PASSED] - Text 'rkulkarn@calliduscloud.com' is set on object 'Object Repository/LoginPage/input_Username_username'

2019-03-11 16:37:05 - [TEST_STEP][PASSED] - setText(findTestObject("LoginPage/input_Password_password"), Bec_Password): Text 'Augg@1234' is set on object 'Object Repository/LoginPage/input_Password_password'

2019-03-11 16:37:09 - [MESSAGE][PASSED] - Text 'Augg@1234' is set on object 'Object Repository/LoginPage/input_Password_password'

2019-03-11 16:37:09 - [TEST_STEP][PASSED] - waitForElementClickable(findTestObject("LoginPage/Login_Button"), 2): Object 'Object Repository/LoginPage/Login_Button' is clickable

2019-03-11 16:37:11 - [MESSAGE][PASSED] - Object 'Object Repository/LoginPage/Login_Button' is clickable

2019-03-11 16:37:11 - [TEST_STEP][PASSED] - click(findTestObject("LoginPage/Login_Button")): Object: 'Object Repository/LoginPage/Login_Button' is clicked on

2019-03-11 16:37:13 - [MESSAGE][PASSED] - Object: 'Object Repository/LoginPage/Login_Button' is clicked on

2019-03-11 16:37:13 - [TEST_STEP][PASSED] - waitForPageLoad(2): Wait for page load successfully

2019-03-11 16:37:14 - [MESSAGE][PASSED] - Wait for page load successfully

2019-03-11 16:37:14 - [TEST_STEP][PASSED] - click(findTestObject("MessagesPage/Icon_Apps")): Object: 'Object Repository/MessagesPage/Icon_Apps' is clicked on

2019-03-11 16:37:18 - [MESSAGE][PASSED] - Object: 'Object Repository/MessagesPage/Icon_Apps' is clicked on

2019-03-11 16:37:18 - [TEST_STEP][PASSED] - mouseOver(findTestObject("MessagesPage/Link_Commissions")): Object: 'Object Repository/MessagesPage/Link_Commissions' is hovered

2019-03-11 16:37:21 - [MESSAGE][PASSED] - Object: 'Object Repository/MessagesPage/Link_Commissions' is hovered

2019-03-11 16:37:21 - [TEST_STEP][PASSED] - scrollToElement(findTestObject("MessagesPage/Link_Commissions"), 1): Scroll to object 'Object Repository/MessagesPage/Link_Commissions' successfully

2019-03-11 16:37:23 - [MESSAGE][PASSED] - Scroll to object 'Object Repository/MessagesPage/Link_Commissions' successfully

2019-03-11 16:37:23 - [TEST_STEP][PASSED] - click(findTestObject("MessagesPage/Link_Commissions")): Object: 'Object Repository/MessagesPage/Link_Commissions' is clicked on

2019-03-11 16:37:51 - [MESSAGE][PASSED] - Object: 'Object Repository/MessagesPage/Link_Commissions' is clicked on

2019-03-11 16:37:51 - [TEST_STEP][PASSED] - click(findTestObject("LoginPage/User_id")): Object: 'Object Repository/LoginPage/User_id' is clicked on

2019-03-11 16:37:53 - [MESSAGE][PASSED] - Object: 'Object Repository/LoginPage/User_id' is clicked on

2019-03-11 16:37:53 - [TEST_STEP][PASSED] - waitForElementVisible(findTestObject("LoginPage/user_name"), 1): Object 'Object Repository/LoginPage/user_name' is visible

2019-03-11 16:37:55 - [MESSAGE][PASSED] - Object 'Object Repository/LoginPage/user_name' is visible

2019-03-11 16:37:55 - [TEST_STEP][PASSED] - Assert.assertEquals(getText(findTestObject("LoginPage/user_name")), User_name): Text of object 'Object Repository/LoginPage/user_name' is: 'rkulkarn@calliduscloud.com'

2019-03-11 16:37:57 - [MESSAGE][PASSED] - Text of object 'Object Repository/LoginPage/user_name' is: 'rkulkarn@calliduscloud.com'

2019-03-11 16:37:57 - [TEST_STEP][PASSED] - waitForPageLoad(3): Wait for page load successfully

2019-03-11 16:37:58 - [MESSAGE][PASSED] - Wait for page load successfully

2019-03-11 16:37:58 - [MESSAGE][PASSED] - Call Test Case 'Test Cases/Commission Login_Logout/Commission Login' successfully

2019-03-11 16:37:58 - [TEST_STEP][PASSED] - mouseOver(findTestObject("HomePage_Commission/Commission_CompensationElements/Icon_Compensationelement")): Object: 'Object Repository/HomePage_Commission/Commission_CompensationElements/Icon_Compensationelement' is hovered

2019-03-11 16:38:01 - [MESSAGE][PASSED] - Object: 'Object Repository/HomePage_Commission/Commission_CompensationElements/Icon_Compensationelement' is hovered

2019-03-11 16:38:01 - [TEST_STEP][PASSED] - waitForElementPresent(findTestObject("HomePage_Commission/Commission_CompensationElements/Icon_Compensationelement"), 3): Object 'Object Repository/HomePage_Commission/Commission_CompensationElements/Icon_Compensationelement' is present

2019-03-11 16:38:02 - [MESSAGE][PASSED] - Object 'Object Repository/HomePage_Commission/Commission_CompensationElements/Icon_Compensationelement' is present

2019-03-11 16:38:02 - [TEST_STEP][PASSED] - click(findTestObject("HomePage_Commission/Commission_CompensationElements/Icon_Compensationelement")): Object: 'Object Repository/HomePage_Commission/Commission_CompensationElements/Icon_Compensationelement' is clicked on

2019-03-11 16:38:05 - [MESSAGE][PASSED] - Object: 'Object Repository/HomePage_Commission/Commission_CompensationElements/Icon_Compensationelement' is clicked on

2019-03-11 16:38:05 - [TEST_STEP][PASSED] - Assert.assertEquals(getText(findTestObject("Assertion_objects/Compensation_elements")), Compensation_ele): Text of object 'Object Repository/Assertion_objects/Compensation_elements' is: 'Compensation Elements'

2019-03-11 16:38:07 - [MESSAGE][PASSED] - Text of object 'Object Repository/Assertion_objects/Compensation_elements' is: 'Compensation Elements'

2019-03-11 16:38:07 - [TEST_STEP][PASSED] - println("User is able to navigate to Plan tab"): null

2019-03-11 16:38:07 - [TEST_STEP][PASSED] - waitForElementVisible(findTestObject("HomePage_Commission/Commission_CompensationElements/Link_Territory"), 6): Object 'Object Repository/HomePage_Commission/Commission_CompensationElements/Link_Territory' is visible

2019-03-11 16:38:09 - [MESSAGE][PASSED] - Object 'Object Repository/HomePage_Commission/Commission_CompensationElements/Link_Territory' is visible

2019-03-11 16:38:09 - [TEST_STEP][PASSED] - mouseOver(findTestObject("HomePage_Commission/Commission_CompensationElements/Link_Territory"), STOP_ON_FAILURE): Object: 'Object Repository/HomePage_Commission/Commission_CompensationElements/Link_Territory' is hovered

2019-03-11 16:38:12 - [MESSAGE][PASSED] - Object: 'Object Repository/HomePage_Commission/Commission_CompensationElements/Link_Territory' is hovered

2019-03-11 16:38:12 - [TEST_STEP][PASSED] - click(findTestObject("HomePage_Commission/Commission_CompensationElements/Link_Territory")): Object: 'Object Repository/HomePage_Commission/Commission_CompensationElements/Link_Territory' is clicked on

2019-03-11 16:38:23 - [MESSAGE][PASSED] - Object: 'Object Repository/HomePage_Commission/Commission_CompensationElements/Link_Territory' is clicked on

2019-03-11 16:38:23 - [TEST_STEP][PASSED] - Assert.assertEquals(getText(findTestObject("Assertion_objects/Territory")), Territorytxt): Text of object 'Object Repository/Assertion_objects/Territory' is: 'Territories'

2019-03-11 16:38:26 - [MESSAGE][PASSED] - Text of object 'Object Repository/Assertion_objects/Territory' is: 'Territories'

2019-03-11 16:38:26 - [TEST_STEP][PASSED] - println("User Navigated to Territory screen"): null

2019-03-11 16:38:26 - [TEST_STEP][PASSED] - if (verifyElementClickable(findTestObject("AdvanceSearch_Page/Advanced_searchtext"))): null

2019-03-11 16:38:28 - [MESSAGE][PASSED] - Object 'Object Repository/AdvanceSearch_Page/Advanced_searchtext' is clickable

2019-03-11 16:38:28 - [TEST_STEP][PASSED] - click(findTestObject("AdvanceSearch_Page/Icon_Advanced Search")): Object: 'Object Repository/AdvanceSearch_Page/Icon_Advanced Search' is clicked on

2019-03-11 16:38:30 - [MESSAGE][PASSED] - Object: 'Object Repository/AdvanceSearch_Page/Icon_Advanced Search' is clicked on

2019-03-11 16:38:30 - [TEST_STEP][PASSED] - println("Performing advance search"): null

2019-03-11 16:38:30 - [TEST_STEP][PASSED] - click(findTestObject("AdvanceSearch_Page/FieldName_DropDown")): Object: 'Object Repository/AdvanceSearch_Page/FieldName_DropDown' is clicked on

2019-03-11 16:38:32 - [MESSAGE][PASSED] - Object: 'Object Repository/AdvanceSearch_Page/FieldName_DropDown' is clicked on

2019-03-11 16:38:32 - [TEST_STEP][PASSED] - scrollToElement(findTestObject("AdvanceSearch_Page/option_Compensations Elements"), 4): Scroll to object 'Object Repository/AdvanceSearch_Page/option_Compensations Elements' successfully

2019-03-11 16:38:35 - [MESSAGE][PASSED] - Scroll to object 'Object Repository/AdvanceSearch_Page/option_Compensations Elements' successfully

2019-03-11 16:38:35 - [TEST_STEP][PASSED] - click(findTestObject("AdvanceSearch_Page/option_Compensations Elements")): Object: 'Object Repository/AdvanceSearch_Page/option_Compensations Elements' is clicked on

2019-03-11 16:38:37 - [MESSAGE][PASSED] - Object: 'Object Repository/AdvanceSearch_Page/option_Compensations Elements' is clicked on

2019-03-11 16:38:37 - [TEST_STEP][PASSED] - click(findTestObject("AdvanceSearch_Page/td_Comparision")): Object: 'Object Repository/AdvanceSearch_Page/td_Comparision' is clicked on

2019-03-11 16:38:39 - [MESSAGE][PASSED] - Object: 'Object Repository/AdvanceSearch_Page/td_Comparision' is clicked on

2019-03-11 16:38:39 - [TEST_STEP][PASSED] - scrollToElement(findTestObject("AdvanceSearch_Page/option_Equals"), 2): Scroll to object 'Object Repository/AdvanceSearch_Page/option_Equals' successfully

2019-03-11 16:38:41 - [MESSAGE][PASSED] - Scroll to object 'Object Repository/AdvanceSearch_Page/option_Equals' successfully

2019-03-11 16:38:41 - [TEST_STEP][PASSED] - click(findTestObject("AdvanceSearch_Page/option_Equals")): Object: 'Object Repository/AdvanceSearch_Page/option_Equals' is clicked on

2019-03-11 16:38:43 - [MESSAGE][PASSED] - Object: 'Object Repository/AdvanceSearch_Page/option_Equals' is clicked on

2019-03-11 16:38:43 - [TEST_STEP][PASSED] - setText(findTestObject("AdvanceSearch_Page/td_Value"), TerritoryElementName): Text 'Territory_demo' is set on object 'Object Repository/AdvanceSearch_Page/td_Value'

2019-03-11 16:38:48 - [MESSAGE][PASSED] - Text 'Territory_demo' is set on object 'Object Repository/AdvanceSearch_Page/td_Value'

2019-03-11 16:38:48 - [TEST_STEP][PASSED] - click(findTestObject("AdvanceSearch_Page/AppySearch_button")): Object: 'Object Repository/AdvanceSearch_Page/AppySearch_button' is clicked on

2019-03-11 16:38:50 - [MESSAGE][PASSED] - Object: 'Object Repository/AdvanceSearch_Page/AppySearch_button' is clicked on

2019-03-11 16:38:50 - [TEST_STEP][PASSED] - globalkeywords.record.RecordNotFound(): globalkeywords.record.RecordNotFound is PASSED

2019-03-11 16:39:01 - [MESSAGE][INFO] - Unable to find the element located by 'By.xpath: //td[@class='dataTables_empty']'. Please recheck the objects properties to make sure the desired element is located. 

2019-03-11 16:39:01 - [MESSAGE][WARNING] - Object 'Object Repository/Page_Callidus Cloud Commissions Man/NoRecordsFound' is not present after 10 second(s)

2019-03-11 16:39:01 - [MESSAGE][PASSED] - globalkeywords.record.RecordNotFound is PASSED]]></system-out>
         <system-err><![CDATA[]]></system-err>
      </testcase>
      <testcase name="Test Cases/Compensation_Elements_Workspace/Territory_Variables_exist_in_the_system" classname="Test Cases/Compensation_Elements_Workspace/Territory_Variables_exist_in_the_system" status="PASSED">
         <system-out><![CDATA[2019-03-11 16:39:01 - [TEST_CASE][PASSED] - Test Cases/Compensation_Elements_Workspace/Territory_Variables_exist_in_the_system: Test Cases/Compensation_Elements_Workspace/Territory_Variables_exist_in_the_system

2019-03-11 16:39:01 - [TEST_STEP][PASSED] - Start listener action : sampleBeforeTestCase: null

2019-03-11 16:39:01 - [TEST_STEP][PASSED] - println(testCaseContext.getTestCaseId()): null

2019-03-11 16:39:01 - [TEST_STEP][PASSED] - println(testCaseContext.getTestCaseVariables()): null

2019-03-11 16:39:02 - [TEST_STEP][PASSED] - callTestCase(findTestCase("Commission Login_Logout/Commission Login"), [:], STOP_ON_FAILURE): Call Test Case 'Test Cases/Commission Login_Logout/Commission Login' successfully

2019-03-11 16:39:02 - [TEST_CASE][PASSED] - Test Cases/Commission Login_Logout/Commission Login: Test Cases/Commission Login_Logout/Commission Login

2019-03-11 16:39:02 - [TEST_STEP][PASSED] - openBrowser(""): Browser is opened with url: ''

2019-03-11 16:39:02 - [MESSAGE][WARNING] - A browser is already opened. Closing browser and opening a new one

2019-03-11 16:39:03 - [MESSAGE][INFO] - Starting 'Chrome' driver

2019-03-11 16:39:08 - [MESSAGE][PASSED] - Browser is opened with url: ''

2019-03-11 16:39:08 - [TEST_STEP][PASSED] - navigateToUrl(BecURL): Navigate to 'https://biz3-tst.callidusondemand.com/SalesPortal/#!/' successfully

2019-03-11 16:39:34 - [MESSAGE][PASSED] - Navigate to 'https://biz3-tst.callidusondemand.com/SalesPortal/#!/' successfully

2019-03-11 16:39:34 - [TEST_STEP][PASSED] - maximizeWindow(): Current window maximized

2019-03-11 16:39:36 - [MESSAGE][PASSED] - Current window maximized

2019-03-11 16:39:36 - [TEST_STEP][PASSED] - Assert.assertEquals(getText(findTestObject("LoginPage/Header_homepage")), header_name): Text of object 'Object Repository/LoginPage/Header_homepage' is: 'Sales Performance Home '

2019-03-11 16:39:38 - [MESSAGE][PASSED] - Text of object 'Object Repository/LoginPage/Header_homepage' is: 'Sales Performance Home '

2019-03-11 16:39:38 - [TEST_STEP][PASSED] - setText(findTestObject("LoginPage/input_Username_username"), Bec_UserName): Text 'rkulkarn@calliduscloud.com' is set on object 'Object Repository/LoginPage/input_Username_username'

2019-03-11 16:39:42 - [MESSAGE][PASSED] - Text 'rkulkarn@calliduscloud.com' is set on object 'Object Repository/LoginPage/input_Username_username'

2019-03-11 16:39:42 - [TEST_STEP][PASSED] - setText(findTestObject("LoginPage/input_Password_password"), Bec_Password): Text 'Augg@1234' is set on object 'Object Repository/LoginPage/input_Password_password'

2019-03-11 16:39:47 - [MESSAGE][PASSED] - Text 'Augg@1234' is set on object 'Object Repository/LoginPage/input_Password_password'

2019-03-11 16:39:47 - [TEST_STEP][PASSED] - waitForElementClickable(findTestObject("LoginPage/Login_Button"), 2): Object 'Object Repository/LoginPage/Login_Button' is clickable

2019-03-11 16:39:49 - [MESSAGE][PASSED] - Object 'Object Repository/LoginPage/Login_Button' is clickable

2019-03-11 16:39:49 - [TEST_STEP][PASSED] - click(findTestObject("LoginPage/Login_Button")): Object: 'Object Repository/LoginPage/Login_Button' is clicked on

2019-03-11 16:39:51 - [MESSAGE][PASSED] - Object: 'Object Repository/LoginPage/Login_Button' is clicked on

2019-03-11 16:39:51 - [TEST_STEP][PASSED] - waitForPageLoad(2): Wait for page load successfully

2019-03-11 16:39:52 - [MESSAGE][PASSED] - Wait for page load successfully

2019-03-11 16:39:52 - [TEST_STEP][PASSED] - click(findTestObject("MessagesPage/Icon_Apps")): Object: 'Object Repository/MessagesPage/Icon_Apps' is clicked on

2019-03-11 16:39:56 - [MESSAGE][PASSED] - Object: 'Object Repository/MessagesPage/Icon_Apps' is clicked on

2019-03-11 16:39:56 - [TEST_STEP][PASSED] - mouseOver(findTestObject("MessagesPage/Link_Commissions")): Object: 'Object Repository/MessagesPage/Link_Commissions' is hovered

2019-03-11 16:39:59 - [MESSAGE][PASSED] - Object: 'Object Repository/MessagesPage/Link_Commissions' is hovered

2019-03-11 16:39:59 - [TEST_STEP][PASSED] - scrollToElement(findTestObject("MessagesPage/Link_Commissions"), 1): Scroll to object 'Object Repository/MessagesPage/Link_Commissions' successfully

2019-03-11 16:40:01 - [MESSAGE][PASSED] - Scroll to object 'Object Repository/MessagesPage/Link_Commissions' successfully

2019-03-11 16:40:01 - [TEST_STEP][PASSED] - click(findTestObject("MessagesPage/Link_Commissions")): Object: 'Object Repository/MessagesPage/Link_Commissions' is clicked on

2019-03-11 16:40:29 - [MESSAGE][PASSED] - Object: 'Object Repository/MessagesPage/Link_Commissions' is clicked on

2019-03-11 16:40:29 - [TEST_STEP][PASSED] - click(findTestObject("LoginPage/User_id")): Object: 'Object Repository/LoginPage/User_id' is clicked on

2019-03-11 16:40:31 - [MESSAGE][PASSED] - Object: 'Object Repository/LoginPage/User_id' is clicked on

2019-03-11 16:40:31 - [TEST_STEP][PASSED] - waitForElementVisible(findTestObject("LoginPage/user_name"), 1): Object 'Object Repository/LoginPage/user_name' is visible

2019-03-11 16:40:33 - [MESSAGE][PASSED] - Object 'Object Repository/LoginPage/user_name' is visible

2019-03-11 16:40:33 - [TEST_STEP][PASSED] - Assert.assertEquals(getText(findTestObject("LoginPage/user_name")), User_name): Text of object 'Object Repository/LoginPage/user_name' is: 'rkulkarn@calliduscloud.com'

2019-03-11 16:40:35 - [MESSAGE][PASSED] - Text of object 'Object Repository/LoginPage/user_name' is: 'rkulkarn@calliduscloud.com'

2019-03-11 16:40:35 - [TEST_STEP][PASSED] - waitForPageLoad(3): Wait for page load successfully

2019-03-11 16:40:36 - [MESSAGE][PASSED] - Wait for page load successfully

2019-03-11 16:40:36 - [MESSAGE][PASSED] - Call Test Case 'Test Cases/Commission Login_Logout/Commission Login' successfully

2019-03-11 16:40:36 - [TEST_STEP][PASSED] - mouseOver(findTestObject("HomePage_Commission/Commission_CompensationElements/Icon_Compensationelement")): Object: 'Object Repository/HomePage_Commission/Commission_CompensationElements/Icon_Compensationelement' is hovered

2019-03-11 16:40:39 - [MESSAGE][PASSED] - Object: 'Object Repository/HomePage_Commission/Commission_CompensationElements/Icon_Compensationelement' is hovered

2019-03-11 16:40:39 - [TEST_STEP][PASSED] - waitForElementPresent(findTestObject("HomePage_Commission/Commission_CompensationElements/Icon_Compensationelement"), 3): Object 'Object Repository/HomePage_Commission/Commission_CompensationElements/Icon_Compensationelement' is present

2019-03-11 16:40:40 - [MESSAGE][PASSED] - Object 'Object Repository/HomePage_Commission/Commission_CompensationElements/Icon_Compensationelement' is present

2019-03-11 16:40:40 - [TEST_STEP][PASSED] - click(findTestObject("HomePage_Commission/Commission_CompensationElements/Icon_Compensationelement")): Object: 'Object Repository/HomePage_Commission/Commission_CompensationElements/Icon_Compensationelement' is clicked on

2019-03-11 16:40:42 - [MESSAGE][PASSED] - Object: 'Object Repository/HomePage_Commission/Commission_CompensationElements/Icon_Compensationelement' is clicked on

2019-03-11 16:40:42 - [TEST_STEP][PASSED] - Assert.assertEquals(getText(findTestObject("Assertion_objects/Compensation_elements")), Compensation_ele): Text of object 'Object Repository/Assertion_objects/Compensation_elements' is: 'Compensation Elements'

2019-03-11 16:40:45 - [MESSAGE][PASSED] - Text of object 'Object Repository/Assertion_objects/Compensation_elements' is: 'Compensation Elements'

2019-03-11 16:40:45 - [TEST_STEP][PASSED] - println("User is able to navigate to Plan tab"): null

2019-03-11 16:40:45 - [TEST_STEP][PASSED] - waitForElementVisible(findTestObject("HomePage_Commission/Commission_CompensationElements/Link_Variables"), 7): Object 'Object Repository/HomePage_Commission/Commission_CompensationElements/Link_Variables' is visible

2019-03-11 16:40:47 - [MESSAGE][PASSED] - Object 'Object Repository/HomePage_Commission/Commission_CompensationElements/Link_Variables' is visible

2019-03-11 16:40:47 - [TEST_STEP][PASSED] - mouseOver(findTestObject("HomePage_Commission/Commission_CompensationElements/Link_Variables"), STOP_ON_FAILURE): Object: 'Object Repository/HomePage_Commission/Commission_CompensationElements/Link_Variables' is hovered

2019-03-11 16:40:50 - [MESSAGE][PASSED] - Object: 'Object Repository/HomePage_Commission/Commission_CompensationElements/Link_Variables' is hovered

2019-03-11 16:40:50 - [TEST_STEP][PASSED] - click(findTestObject("HomePage_Commission/Commission_CompensationElements/Link_Variables")): Object: 'Object Repository/HomePage_Commission/Commission_CompensationElements/Link_Variables' is clicked on

2019-03-11 16:41:01 - [MESSAGE][PASSED] - Object: 'Object Repository/HomePage_Commission/Commission_CompensationElements/Link_Variables' is clicked on

2019-03-11 16:41:01 - [TEST_STEP][PASSED] - Assert.assertEquals(getText(findTestObject("Assertion_objects/Variable")), Var_name): Text of object 'Object Repository/Assertion_objects/Variable' is: 'Variables'

2019-03-11 16:41:03 - [MESSAGE][PASSED] - Text of object 'Object Repository/Assertion_objects/Variable' is: 'Variables'

2019-03-11 16:41:03 - [TEST_STEP][PASSED] - println("User Navigated to Varaible screen"): null

2019-03-11 16:41:04 - [TEST_STEP][PASSED] - if (verifyElementClickable(findTestObject("AdvanceSearch_Page/Advanced_searchtext"))): null

2019-03-11 16:41:06 - [MESSAGE][PASSED] - Object 'Object Repository/AdvanceSearch_Page/Advanced_searchtext' is clickable

2019-03-11 16:41:06 - [TEST_STEP][PASSED] - click(findTestObject("AdvanceSearch_Page/Icon_Advanced Search")): Object: 'Object Repository/AdvanceSearch_Page/Icon_Advanced Search' is clicked on

2019-03-11 16:41:08 - [MESSAGE][PASSED] - Object: 'Object Repository/AdvanceSearch_Page/Icon_Advanced Search' is clicked on

2019-03-11 16:41:08 - [TEST_STEP][PASSED] - println("Performing advance search"): null

2019-03-11 16:41:08 - [TEST_STEP][PASSED] - click(findTestObject("AdvanceSearch_Page/FieldName_DropDown")): Object: 'Object Repository/AdvanceSearch_Page/FieldName_DropDown' is clicked on

2019-03-11 16:41:10 - [MESSAGE][PASSED] - Object: 'Object Repository/AdvanceSearch_Page/FieldName_DropDown' is clicked on

2019-03-11 16:41:10 - [TEST_STEP][PASSED] - scrollToElement(findTestObject("AdvanceSearch_Page/option_Value"), 4): Scroll to object 'Object Repository/AdvanceSearch_Page/option_Value' successfully

2019-03-11 16:41:12 - [MESSAGE][PASSED] - Scroll to object 'Object Repository/AdvanceSearch_Page/option_Value' successfully

2019-03-11 16:41:12 - [TEST_STEP][PASSED] - click(findTestObject("AdvanceSearch_Page/option_Value")): Object: 'Object Repository/AdvanceSearch_Page/option_Value' is clicked on

2019-03-11 16:41:14 - [MESSAGE][PASSED] - Object: 'Object Repository/AdvanceSearch_Page/option_Value' is clicked on

2019-03-11 16:41:14 - [TEST_STEP][PASSED] - click(findTestObject("AdvanceSearch_Page/td_Comparision")): Object: 'Object Repository/AdvanceSearch_Page/td_Comparision' is clicked on

2019-03-11 16:41:17 - [MESSAGE][PASSED] - Object: 'Object Repository/AdvanceSearch_Page/td_Comparision' is clicked on

2019-03-11 16:41:17 - [TEST_STEP][PASSED] - scrollToElement(findTestObject("AdvanceSearch_Page/option_Equals"), 2): Scroll to object 'Object Repository/AdvanceSearch_Page/option_Equals' successfully

2019-03-11 16:41:19 - [MESSAGE][PASSED] - Scroll to object 'Object Repository/AdvanceSearch_Page/option_Equals' successfully

2019-03-11 16:41:19 - [TEST_STEP][PASSED] - click(findTestObject("AdvanceSearch_Page/option_Equals")): Object: 'Object Repository/AdvanceSearch_Page/option_Equals' is clicked on

2019-03-11 16:41:21 - [MESSAGE][PASSED] - Object: 'Object Repository/AdvanceSearch_Page/option_Equals' is clicked on

2019-03-11 16:41:21 - [TEST_STEP][PASSED] - setText(findTestObject("AdvanceSearch_Page/td_Value"), TerritoryVariableName): Text 'VTD' is set on object 'Object Repository/AdvanceSearch_Page/td_Value'

2019-03-11 16:41:25 - [MESSAGE][PASSED] - Text 'VTD' is set on object 'Object Repository/AdvanceSearch_Page/td_Value'

2019-03-11 16:41:25 - [TEST_STEP][PASSED] - click(findTestObject("AdvanceSearch_Page/AppySearch_button")): Object: 'Object Repository/AdvanceSearch_Page/AppySearch_button' is clicked on

2019-03-11 16:41:27 - [MESSAGE][PASSED] - Object: 'Object Repository/AdvanceSearch_Page/AppySearch_button' is clicked on

2019-03-11 16:41:27 - [TEST_STEP][PASSED] - globalkeywords.record.RecordNotFound(): globalkeywords.record.RecordNotFound is PASSED

2019-03-11 16:41:38 - [MESSAGE][INFO] - Unable to find the element located by 'By.xpath: //td[@class='dataTables_empty']'. Please recheck the objects properties to make sure the desired element is located. 

2019-03-11 16:41:38 - [MESSAGE][WARNING] - Object 'Object Repository/Page_Callidus Cloud Commissions Man/NoRecordsFound' is not present after 10 second(s)

2019-03-11 16:41:38 - [MESSAGE][PASSED] - globalkeywords.record.RecordNotFound is PASSED]]></system-out>
         <system-err><![CDATA[]]></system-err>
      </testcase>
      <testcase name="Test Cases/Global_values_Workspace/Calendar_exist_in_the_system" classname="Test Cases/Global_values_Workspace/Calendar_exist_in_the_system" status="PASSED">
         <system-out><![CDATA[2019-03-11 16:41:38 - [TEST_CASE][PASSED] - Test Cases/Global_values_Workspace/Calendar_exist_in_the_system: Test Cases/Global_values_Workspace/Calendar_exist_in_the_system

2019-03-11 16:41:38 - [TEST_STEP][PASSED] - Start listener action : sampleBeforeTestCase: null

2019-03-11 16:41:38 - [TEST_STEP][PASSED] - println(testCaseContext.getTestCaseId()): null

2019-03-11 16:41:38 - [TEST_STEP][PASSED] - println(testCaseContext.getTestCaseVariables()): null

2019-03-11 16:41:39 - [TEST_STEP][PASSED] - callTestCase(findTestCase("Commission Login_Logout/Commission Login"), [:], STOP_ON_FAILURE): Call Test Case 'Test Cases/Commission Login_Logout/Commission Login' successfully

2019-03-11 16:41:39 - [TEST_CASE][PASSED] - Test Cases/Commission Login_Logout/Commission Login: Test Cases/Commission Login_Logout/Commission Login

2019-03-11 16:41:39 - [TEST_STEP][PASSED] - openBrowser(""): Browser is opened with url: ''

2019-03-11 16:41:39 - [MESSAGE][WARNING] - A browser is already opened. Closing browser and opening a new one

2019-03-11 16:41:41 - [MESSAGE][INFO] - Starting 'Chrome' driver

2019-03-11 16:41:45 - [MESSAGE][PASSED] - Browser is opened with url: ''

2019-03-11 16:41:45 - [TEST_STEP][PASSED] - navigateToUrl(BecURL): Navigate to 'https://biz3-tst.callidusondemand.com/SalesPortal/#!/' successfully

2019-03-11 16:41:54 - [MESSAGE][PASSED] - Navigate to 'https://biz3-tst.callidusondemand.com/SalesPortal/#!/' successfully

2019-03-11 16:41:54 - [TEST_STEP][PASSED] - maximizeWindow(): Current window maximized

2019-03-11 16:41:56 - [MESSAGE][PASSED] - Current window maximized

2019-03-11 16:41:56 - [TEST_STEP][PASSED] - Assert.assertEquals(getText(findTestObject("LoginPage/Header_homepage")), header_name): Text of object 'Object Repository/LoginPage/Header_homepage' is: 'Sales Performance Home '

2019-03-11 16:41:59 - [MESSAGE][PASSED] - Text of object 'Object Repository/LoginPage/Header_homepage' is: 'Sales Performance Home '

2019-03-11 16:41:59 - [TEST_STEP][PASSED] - setText(findTestObject("LoginPage/input_Username_username"), Bec_UserName): Text 'rkulkarn@calliduscloud.com' is set on object 'Object Repository/LoginPage/input_Username_username'

2019-03-11 16:42:03 - [MESSAGE][PASSED] - Text 'rkulkarn@calliduscloud.com' is set on object 'Object Repository/LoginPage/input_Username_username'

2019-03-11 16:42:03 - [TEST_STEP][PASSED] - setText(findTestObject("LoginPage/input_Password_password"), Bec_Password): Text 'Augg@1234' is set on object 'Object Repository/LoginPage/input_Password_password'

2019-03-11 16:42:07 - [MESSAGE][PASSED] - Text 'Augg@1234' is set on object 'Object Repository/LoginPage/input_Password_password'

2019-03-11 16:42:07 - [TEST_STEP][PASSED] - waitForElementClickable(findTestObject("LoginPage/Login_Button"), 2): Object 'Object Repository/LoginPage/Login_Button' is clickable

2019-03-11 16:42:09 - [MESSAGE][PASSED] - Object 'Object Repository/LoginPage/Login_Button' is clickable

2019-03-11 16:42:09 - [TEST_STEP][PASSED] - click(findTestObject("LoginPage/Login_Button")): Object: 'Object Repository/LoginPage/Login_Button' is clicked on

2019-03-11 16:42:12 - [MESSAGE][PASSED] - Object: 'Object Repository/LoginPage/Login_Button' is clicked on

2019-03-11 16:42:12 - [TEST_STEP][PASSED] - waitForPageLoad(2): Wait for page load successfully

2019-03-11 16:42:13 - [MESSAGE][PASSED] - Wait for page load successfully

2019-03-11 16:42:13 - [TEST_STEP][PASSED] - click(findTestObject("MessagesPage/Icon_Apps")): Object: 'Object Repository/MessagesPage/Icon_Apps' is clicked on

2019-03-11 16:42:16 - [MESSAGE][PASSED] - Object: 'Object Repository/MessagesPage/Icon_Apps' is clicked on

2019-03-11 16:42:16 - [TEST_STEP][PASSED] - mouseOver(findTestObject("MessagesPage/Link_Commissions")): Object: 'Object Repository/MessagesPage/Link_Commissions' is hovered

2019-03-11 16:42:19 - [MESSAGE][PASSED] - Object: 'Object Repository/MessagesPage/Link_Commissions' is hovered

2019-03-11 16:42:19 - [TEST_STEP][PASSED] - scrollToElement(findTestObject("MessagesPage/Link_Commissions"), 1): Scroll to object 'Object Repository/MessagesPage/Link_Commissions' successfully

2019-03-11 16:42:21 - [MESSAGE][PASSED] - Scroll to object 'Object Repository/MessagesPage/Link_Commissions' successfully

2019-03-11 16:42:21 - [TEST_STEP][PASSED] - click(findTestObject("MessagesPage/Link_Commissions")): Object: 'Object Repository/MessagesPage/Link_Commissions' is clicked on

2019-03-11 16:42:46 - [MESSAGE][PASSED] - Object: 'Object Repository/MessagesPage/Link_Commissions' is clicked on

2019-03-11 16:42:46 - [TEST_STEP][PASSED] - click(findTestObject("LoginPage/User_id")): Object: 'Object Repository/LoginPage/User_id' is clicked on

2019-03-11 16:42:49 - [MESSAGE][PASSED] - Object: 'Object Repository/LoginPage/User_id' is clicked on

2019-03-11 16:42:49 - [TEST_STEP][PASSED] - waitForElementVisible(findTestObject("LoginPage/user_name"), 1): Object 'Object Repository/LoginPage/user_name' is visible

2019-03-11 16:42:51 - [MESSAGE][PASSED] - Object 'Object Repository/LoginPage/user_name' is visible

2019-03-11 16:42:51 - [TEST_STEP][PASSED] - Assert.assertEquals(getText(findTestObject("LoginPage/user_name")), User_name): Text of object 'Object Repository/LoginPage/user_name' is: 'rkulkarn@calliduscloud.com'

2019-03-11 16:42:53 - [MESSAGE][PASSED] - Text of object 'Object Repository/LoginPage/user_name' is: 'rkulkarn@calliduscloud.com'

2019-03-11 16:42:53 - [TEST_STEP][PASSED] - waitForPageLoad(3): Wait for page load successfully

2019-03-11 16:42:54 - [MESSAGE][PASSED] - Wait for page load successfully

2019-03-11 16:42:54 - [MESSAGE][PASSED] - Call Test Case 'Test Cases/Commission Login_Logout/Commission Login' successfully

2019-03-11 16:42:54 - [TEST_STEP][PASSED] - waitForPageLoad(5): Wait for page load successfully

2019-03-11 16:42:55 - [MESSAGE][PASSED] - Wait for page load successfully

2019-03-11 16:42:55 - [TEST_STEP][PASSED] - mouseOver(findTestObject("HomePage_Commission/Commission_Globalvalues/Icon_GlobalValues")): Object: 'Object Repository/HomePage_Commission/Commission_Globalvalues/Icon_GlobalValues' is hovered

2019-03-11 16:42:58 - [MESSAGE][PASSED] - Object: 'Object Repository/HomePage_Commission/Commission_Globalvalues/Icon_GlobalValues' is hovered

2019-03-11 16:42:58 - [TEST_STEP][PASSED] - waitForElementPresent(findTestObject("HomePage_Commission/Commission_Globalvalues/Icon_GlobalValues"), 7): Object 'Object Repository/HomePage_Commission/Commission_Globalvalues/Icon_GlobalValues' is present

2019-03-11 16:42:59 - [MESSAGE][PASSED] - Object 'Object Repository/HomePage_Commission/Commission_Globalvalues/Icon_GlobalValues' is present

2019-03-11 16:42:59 - [TEST_STEP][PASSED] - click(findTestObject("HomePage_Commission/Commission_Globalvalues/Icon_GlobalValues")): Object: 'Object Repository/HomePage_Commission/Commission_Globalvalues/Icon_GlobalValues' is clicked on

2019-03-11 16:43:01 - [MESSAGE][PASSED] - Object: 'Object Repository/HomePage_Commission/Commission_Globalvalues/Icon_GlobalValues' is clicked on

2019-03-11 16:43:01 - [TEST_STEP][PASSED] - Assert.assertEquals(getText(findTestObject("Assertion_objects/Global_values")), Global_val): Text of object 'Object Repository/Assertion_objects/Global_values' is: 'Global Values'

2019-03-11 16:43:03 - [MESSAGE][PASSED] - Text of object 'Object Repository/Assertion_objects/Global_values' is: 'Global Values'

2019-03-11 16:43:03 - [TEST_STEP][PASSED] - waitForElementVisible(findTestObject("HomePage_Commission/Commission_Globalvalues/Link_Calendar"), 1): Object 'Object Repository/HomePage_Commission/Commission_Globalvalues/Link_Calendar' is visible

2019-03-11 16:43:06 - [MESSAGE][PASSED] - Object 'Object Repository/HomePage_Commission/Commission_Globalvalues/Link_Calendar' is visible

2019-03-11 16:43:06 - [TEST_STEP][PASSED] - mouseOver(findTestObject("HomePage_Commission/Commission_Globalvalues/Link_Calendar"), STOP_ON_FAILURE): Object: 'Object Repository/HomePage_Commission/Commission_Globalvalues/Link_Calendar' is hovered

2019-03-11 16:43:09 - [MESSAGE][PASSED] - Object: 'Object Repository/HomePage_Commission/Commission_Globalvalues/Link_Calendar' is hovered

2019-03-11 16:43:09 - [TEST_STEP][PASSED] - click(findTestObject("HomePage_Commission/Commission_Globalvalues/Link_Calendar")): Object: 'Object Repository/HomePage_Commission/Commission_Globalvalues/Link_Calendar' is clicked on

2019-03-11 16:43:23 - [MESSAGE][PASSED] - Object: 'Object Repository/HomePage_Commission/Commission_Globalvalues/Link_Calendar' is clicked on

2019-03-11 16:43:23 - [TEST_STEP][PASSED] - Assert.assertEquals(getText(findTestObject("Assertion_objects/Calendar")), Calendartxt): Text of object 'Object Repository/Assertion_objects/Calendar' is: 'Calendars'

2019-03-11 16:43:25 - [MESSAGE][PASSED] - Text of object 'Object Repository/Assertion_objects/Calendar' is: 'Calendars'

2019-03-11 16:43:25 - [TEST_STEP][PASSED] - if (verifyTextPresent("Main Monthly Calendar", true)): null

2019-03-11 16:43:27 - [MESSAGE][PASSED] - Text 'Main Monthly Calendar' is present on page  using regular expression

2019-03-11 16:43:27 - [TEST_STEP][PASSED] - out.println("Able to find the record"): null]]></system-out>
         <system-err><![CDATA[]]></system-err>
      </testcase>
      <testcase name="Test Cases/Global_values_Workspace/Credit Type Exists in the System" classname="Test Cases/Global_values_Workspace/Credit Type Exists in the System" status="PASSED">
         <system-out><![CDATA[2019-03-11 16:43:27 - [TEST_CASE][PASSED] - Test Cases/Global_values_Workspace/Credit Type Exists in the System: Test Cases/Global_values_Workspace/Credit Type Exists in the System

2019-03-11 16:43:27 - [TEST_STEP][PASSED] - Start listener action : sampleBeforeTestCase: null

2019-03-11 16:43:27 - [TEST_STEP][PASSED] - println(testCaseContext.getTestCaseId()): null

2019-03-11 16:43:27 - [TEST_STEP][PASSED] - println(testCaseContext.getTestCaseVariables()): null

2019-03-11 16:43:27 - [TEST_STEP][PASSED] - callTestCase(findTestCase("Commission Login_Logout/Commission Login"), [:], STOP_ON_FAILURE): Call Test Case 'Test Cases/Commission Login_Logout/Commission Login' successfully

2019-03-11 16:43:27 - [TEST_CASE][PASSED] - Test Cases/Commission Login_Logout/Commission Login: Test Cases/Commission Login_Logout/Commission Login

2019-03-11 16:43:27 - [TEST_STEP][PASSED] - openBrowser(""): Browser is opened with url: ''

2019-03-11 16:43:27 - [MESSAGE][WARNING] - A browser is already opened. Closing browser and opening a new one

2019-03-11 16:43:29 - [MESSAGE][INFO] - Starting 'Chrome' driver

2019-03-11 16:43:34 - [MESSAGE][PASSED] - Browser is opened with url: ''

2019-03-11 16:43:34 - [TEST_STEP][PASSED] - navigateToUrl(BecURL): Navigate to 'https://biz3-tst.callidusondemand.com/SalesPortal/#!/' successfully

2019-03-11 16:43:43 - [MESSAGE][PASSED] - Navigate to 'https://biz3-tst.callidusondemand.com/SalesPortal/#!/' successfully

2019-03-11 16:43:43 - [TEST_STEP][PASSED] - maximizeWindow(): Current window maximized

2019-03-11 16:43:45 - [MESSAGE][PASSED] - Current window maximized

2019-03-11 16:43:45 - [TEST_STEP][PASSED] - Assert.assertEquals(getText(findTestObject("LoginPage/Header_homepage")), header_name): Text of object 'Object Repository/LoginPage/Header_homepage' is: 'Sales Performance Home '

2019-03-11 16:43:47 - [MESSAGE][PASSED] - Text of object 'Object Repository/LoginPage/Header_homepage' is: 'Sales Performance Home '

2019-03-11 16:43:47 - [TEST_STEP][PASSED] - setText(findTestObject("LoginPage/input_Username_username"), Bec_UserName): Text 'rkulkarn@calliduscloud.com' is set on object 'Object Repository/LoginPage/input_Username_username'

2019-03-11 16:43:51 - [MESSAGE][PASSED] - Text 'rkulkarn@calliduscloud.com' is set on object 'Object Repository/LoginPage/input_Username_username'

2019-03-11 16:43:51 - [TEST_STEP][PASSED] - setText(findTestObject("LoginPage/input_Password_password"), Bec_Password): Text 'Augg@1234' is set on object 'Object Repository/LoginPage/input_Password_password'

2019-03-11 16:43:56 - [MESSAGE][PASSED] - Text 'Augg@1234' is set on object 'Object Repository/LoginPage/input_Password_password'

2019-03-11 16:43:56 - [TEST_STEP][PASSED] - waitForElementClickable(findTestObject("LoginPage/Login_Button"), 2): Object 'Object Repository/LoginPage/Login_Button' is clickable

2019-03-11 16:43:58 - [MESSAGE][PASSED] - Object 'Object Repository/LoginPage/Login_Button' is clickable

2019-03-11 16:43:58 - [TEST_STEP][PASSED] - click(findTestObject("LoginPage/Login_Button")): Object: 'Object Repository/LoginPage/Login_Button' is clicked on

2019-03-11 16:44:00 - [MESSAGE][PASSED] - Object: 'Object Repository/LoginPage/Login_Button' is clicked on

2019-03-11 16:44:00 - [TEST_STEP][PASSED] - waitForPageLoad(2): Wait for page load successfully

2019-03-11 16:44:01 - [MESSAGE][PASSED] - Wait for page load successfully

2019-03-11 16:44:01 - [TEST_STEP][PASSED] - click(findTestObject("MessagesPage/Icon_Apps")): Object: 'Object Repository/MessagesPage/Icon_Apps' is clicked on

2019-03-11 16:44:05 - [MESSAGE][PASSED] - Object: 'Object Repository/MessagesPage/Icon_Apps' is clicked on

2019-03-11 16:44:05 - [TEST_STEP][PASSED] - mouseOver(findTestObject("MessagesPage/Link_Commissions")): Object: 'Object Repository/MessagesPage/Link_Commissions' is hovered

2019-03-11 16:44:08 - [MESSAGE][PASSED] - Object: 'Object Repository/MessagesPage/Link_Commissions' is hovered

2019-03-11 16:44:08 - [TEST_STEP][PASSED] - scrollToElement(findTestObject("MessagesPage/Link_Commissions"), 1): Scroll to object 'Object Repository/MessagesPage/Link_Commissions' successfully

2019-03-11 16:44:10 - [MESSAGE][PASSED] - Scroll to object 'Object Repository/MessagesPage/Link_Commissions' successfully

2019-03-11 16:44:10 - [TEST_STEP][PASSED] - click(findTestObject("MessagesPage/Link_Commissions")): Object: 'Object Repository/MessagesPage/Link_Commissions' is clicked on

2019-03-11 16:45:18 - [MESSAGE][PASSED] - Object: 'Object Repository/MessagesPage/Link_Commissions' is clicked on

2019-03-11 16:45:18 - [TEST_STEP][PASSED] - click(findTestObject("LoginPage/User_id")): Object: 'Object Repository/LoginPage/User_id' is clicked on

2019-03-11 16:45:20 - [MESSAGE][PASSED] - Object: 'Object Repository/LoginPage/User_id' is clicked on

2019-03-11 16:45:20 - [TEST_STEP][PASSED] - waitForElementVisible(findTestObject("LoginPage/user_name"), 1): Object 'Object Repository/LoginPage/user_name' is visible

2019-03-11 16:45:22 - [MESSAGE][PASSED] - Object 'Object Repository/LoginPage/user_name' is visible

2019-03-11 16:45:22 - [TEST_STEP][PASSED] - Assert.assertEquals(getText(findTestObject("LoginPage/user_name")), User_name): Text of object 'Object Repository/LoginPage/user_name' is: 'rkulkarn@calliduscloud.com'

2019-03-11 16:45:25 - [MESSAGE][PASSED] - Text of object 'Object Repository/LoginPage/user_name' is: 'rkulkarn@calliduscloud.com'

2019-03-11 16:45:25 - [TEST_STEP][PASSED] - waitForPageLoad(3): Wait for page load successfully

2019-03-11 16:45:26 - [MESSAGE][PASSED] - Wait for page load successfully

2019-03-11 16:45:26 - [MESSAGE][PASSED] - Call Test Case 'Test Cases/Commission Login_Logout/Commission Login' successfully

2019-03-11 16:45:26 - [TEST_STEP][PASSED] - mouseOver(findTestObject("HomePage_Commission/Commission_Globalvalues/Icon_GlobalValues")): Object: 'Object Repository/HomePage_Commission/Commission_Globalvalues/Icon_GlobalValues' is hovered

2019-03-11 16:45:29 - [MESSAGE][PASSED] - Object: 'Object Repository/HomePage_Commission/Commission_Globalvalues/Icon_GlobalValues' is hovered

2019-03-11 16:45:29 - [TEST_STEP][PASSED] - waitForElementPresent(findTestObject("HomePage_Commission/Commission_Globalvalues/Icon_GlobalValues"), 7): Object 'Object Repository/HomePage_Commission/Commission_Globalvalues/Icon_GlobalValues' is present

2019-03-11 16:45:30 - [MESSAGE][PASSED] - Object 'Object Repository/HomePage_Commission/Commission_Globalvalues/Icon_GlobalValues' is present

2019-03-11 16:45:30 - [TEST_STEP][PASSED] - click(findTestObject("HomePage_Commission/Commission_Globalvalues/Icon_GlobalValues")): Object: 'Object Repository/HomePage_Commission/Commission_Globalvalues/Icon_GlobalValues' is clicked on

2019-03-11 16:45:32 - [MESSAGE][PASSED] - Object: 'Object Repository/HomePage_Commission/Commission_Globalvalues/Icon_GlobalValues' is clicked on

2019-03-11 16:45:32 - [TEST_STEP][PASSED] - Assert.assertEquals(getText(findTestObject("Assertion_objects/Global_values")), Global_val): Text of object 'Object Repository/Assertion_objects/Global_values' is: 'Global Values'

2019-03-11 16:45:34 - [MESSAGE][PASSED] - Text of object 'Object Repository/Assertion_objects/Global_values' is: 'Global Values'

2019-03-11 16:45:34 - [TEST_STEP][PASSED] - println("User is able to navigate to Administration tab"): null

2019-03-11 16:45:34 - [TEST_STEP][PASSED] - waitForElementVisible(findTestObject("HomePage_Commission/Commission_Globalvalues/Link_Credit Types"), 2): Object 'Object Repository/HomePage_Commission/Commission_Globalvalues/Link_Credit Types' is visible

2019-03-11 16:45:36 - [MESSAGE][PASSED] - Object 'Object Repository/HomePage_Commission/Commission_Globalvalues/Link_Credit Types' is visible

2019-03-11 16:45:36 - [TEST_STEP][PASSED] - mouseOver(findTestObject("HomePage_Commission/Commission_Globalvalues/Link_Credit Types"), STOP_ON_FAILURE): Object: 'Object Repository/HomePage_Commission/Commission_Globalvalues/Link_Credit Types' is hovered

2019-03-11 16:45:39 - [MESSAGE][PASSED] - Object: 'Object Repository/HomePage_Commission/Commission_Globalvalues/Link_Credit Types' is hovered

2019-03-11 16:45:39 - [TEST_STEP][PASSED] - click(findTestObject("HomePage_Commission/Commission_Globalvalues/Link_Credit Types")): Object: 'Object Repository/HomePage_Commission/Commission_Globalvalues/Link_Credit Types' is clicked on

2019-03-11 16:45:54 - [MESSAGE][PASSED] - Object: 'Object Repository/HomePage_Commission/Commission_Globalvalues/Link_Credit Types' is clicked on

2019-03-11 16:45:54 - [TEST_STEP][PASSED] - Assert.assertEquals(getText(findTestObject("Assertion_objects/Credit types")), credit_typename): Text of object 'Object Repository/Assertion_objects/Credit types' is: 'Credit Types'

2019-03-11 16:45:56 - [MESSAGE][PASSED] - Text of object 'Object Repository/Assertion_objects/Credit types' is: 'Credit Types'

2019-03-11 16:45:56 - [TEST_STEP][PASSED] - println("User Navigated to Credit Types screen"): null

2019-03-11 16:45:56 - [TEST_STEP][PASSED] - if (verifyElementClickable(findTestObject("AdvanceSearch_Page/Advanced_searchtext"))): null

2019-03-11 16:45:58 - [MESSAGE][PASSED] - Object 'Object Repository/AdvanceSearch_Page/Advanced_searchtext' is clickable

2019-03-11 16:45:58 - [TEST_STEP][PASSED] - click(findTestObject("AdvanceSearch_Page/Icon_Advanced Search")): Object: 'Object Repository/AdvanceSearch_Page/Icon_Advanced Search' is clicked on

2019-03-11 16:46:00 - [MESSAGE][PASSED] - Object: 'Object Repository/AdvanceSearch_Page/Icon_Advanced Search' is clicked on

2019-03-11 16:46:00 - [TEST_STEP][PASSED] - println("Performing advance search"): null

2019-03-11 16:46:00 - [TEST_STEP][PASSED] - click(findTestObject("AdvanceSearch_Page/FieldName_DropDown")): Object: 'Object Repository/AdvanceSearch_Page/FieldName_DropDown' is clicked on

2019-03-11 16:46:02 - [MESSAGE][PASSED] - Object: 'Object Repository/AdvanceSearch_Page/FieldName_DropDown' is clicked on

2019-03-11 16:46:02 - [TEST_STEP][PASSED] - scrollToElement(findTestObject("AdvanceSearch_Page/option_credit types id"), 2): Scroll to object 'Object Repository/AdvanceSearch_Page/option_credit types id' successfully

2019-03-11 16:46:04 - [MESSAGE][PASSED] - Scroll to object 'Object Repository/AdvanceSearch_Page/option_credit types id' successfully

2019-03-11 16:46:04 - [TEST_STEP][PASSED] - click(findTestObject("AdvanceSearch_Page/option_credit types id")): Object: 'Object Repository/AdvanceSearch_Page/option_credit types id' is clicked on

2019-03-11 16:46:07 - [MESSAGE][PASSED] - Object: 'Object Repository/AdvanceSearch_Page/option_credit types id' is clicked on

2019-03-11 16:46:07 - [TEST_STEP][PASSED] - click(findTestObject("AdvanceSearch_Page/td_Comparision")): Object: 'Object Repository/AdvanceSearch_Page/td_Comparision' is clicked on

2019-03-11 16:46:09 - [MESSAGE][PASSED] - Object: 'Object Repository/AdvanceSearch_Page/td_Comparision' is clicked on

2019-03-11 16:46:09 - [TEST_STEP][PASSED] - scrollToElement(findTestObject("AdvanceSearch_Page/option_Equals"), 2): Scroll to object 'Object Repository/AdvanceSearch_Page/option_Equals' successfully

2019-03-11 16:46:11 - [MESSAGE][PASSED] - Scroll to object 'Object Repository/AdvanceSearch_Page/option_Equals' successfully

2019-03-11 16:46:11 - [TEST_STEP][PASSED] - click(findTestObject("AdvanceSearch_Page/option_Equals")): Object: 'Object Repository/AdvanceSearch_Page/option_Equals' is clicked on

2019-03-11 16:46:13 - [MESSAGE][PASSED] - Object: 'Object Repository/AdvanceSearch_Page/option_Equals' is clicked on

2019-03-11 16:46:13 - [TEST_STEP][PASSED] - setText(findTestObject("AdvanceSearch_Page/td_Value"), Credit_Types): Text 'Commission' is set on object 'Object Repository/AdvanceSearch_Page/td_Value'

2019-03-11 16:46:18 - [MESSAGE][PASSED] - Text 'Commission' is set on object 'Object Repository/AdvanceSearch_Page/td_Value'

2019-03-11 16:46:18 - [TEST_STEP][PASSED] - click(findTestObject("AdvanceSearch_Page/AppySearch_button")): Object: 'Object Repository/AdvanceSearch_Page/AppySearch_button' is clicked on

2019-03-11 16:46:20 - [MESSAGE][PASSED] - Object: 'Object Repository/AdvanceSearch_Page/AppySearch_button' is clicked on

2019-03-11 16:46:20 - [TEST_STEP][PASSED] - globalkeywords.record.RecordNotFound(): globalkeywords.record.RecordNotFound is PASSED

2019-03-11 16:46:30 - [MESSAGE][INFO] - Unable to find the element located by 'By.xpath: //td[@class='dataTables_empty']'. Please recheck the objects properties to make sure the desired element is located. 

2019-03-11 16:46:30 - [MESSAGE][WARNING] - Object 'Object Repository/Page_Callidus Cloud Commissions Man/NoRecordsFound' is not present after 10 second(s)

2019-03-11 16:46:30 - [MESSAGE][PASSED] - globalkeywords.record.RecordNotFound is PASSED]]></system-out>
         <system-err><![CDATA[]]></system-err>
      </testcase>
      <testcase name="Test Cases/Global_values_Workspace/Earning Codes exist in the system" classname="Test Cases/Global_values_Workspace/Earning Codes exist in the system" status="PASSED">
         <system-out><![CDATA[2019-03-11 16:46:30 - [TEST_CASE][PASSED] - Test Cases/Global_values_Workspace/Earning Codes exist in the system: Test Cases/Global_values_Workspace/Earning Codes exist in the system

2019-03-11 16:46:31 - [TEST_STEP][PASSED] - Start listener action : sampleBeforeTestCase: null

2019-03-11 16:46:31 - [TEST_STEP][PASSED] - println(testCaseContext.getTestCaseId()): null

2019-03-11 16:46:31 - [TEST_STEP][PASSED] - println(testCaseContext.getTestCaseVariables()): null

2019-03-11 16:46:31 - [TEST_STEP][PASSED] - callTestCase(findTestCase("Commission Login_Logout/Commission Login"), [:], STOP_ON_FAILURE): Call Test Case 'Test Cases/Commission Login_Logout/Commission Login' successfully

2019-03-11 16:46:31 - [TEST_CASE][PASSED] - Test Cases/Commission Login_Logout/Commission Login: Test Cases/Commission Login_Logout/Commission Login

2019-03-11 16:46:31 - [TEST_STEP][PASSED] - openBrowser(""): Browser is opened with url: ''

2019-03-11 16:46:31 - [MESSAGE][WARNING] - A browser is already opened. Closing browser and opening a new one

2019-03-11 16:46:33 - [MESSAGE][INFO] - Starting 'Chrome' driver

2019-03-11 16:46:37 - [MESSAGE][PASSED] - Browser is opened with url: ''

2019-03-11 16:46:37 - [TEST_STEP][PASSED] - navigateToUrl(BecURL): Navigate to 'https://biz3-tst.callidusondemand.com/SalesPortal/#!/' successfully

2019-03-11 16:46:47 - [MESSAGE][PASSED] - Navigate to 'https://biz3-tst.callidusondemand.com/SalesPortal/#!/' successfully

2019-03-11 16:46:47 - [TEST_STEP][PASSED] - maximizeWindow(): Current window maximized

2019-03-11 16:46:49 - [MESSAGE][PASSED] - Current window maximized

2019-03-11 16:46:49 - [TEST_STEP][PASSED] - Assert.assertEquals(getText(findTestObject("LoginPage/Header_homepage")), header_name): Text of object 'Object Repository/LoginPage/Header_homepage' is: 'Sales Performance Home '

2019-03-11 16:46:51 - [MESSAGE][PASSED] - Text of object 'Object Repository/LoginPage/Header_homepage' is: 'Sales Performance Home '

2019-03-11 16:46:51 - [TEST_STEP][PASSED] - setText(findTestObject("LoginPage/input_Username_username"), Bec_UserName): Text 'rkulkarn@calliduscloud.com' is set on object 'Object Repository/LoginPage/input_Username_username'

2019-03-11 16:46:55 - [MESSAGE][PASSED] - Text 'rkulkarn@calliduscloud.com' is set on object 'Object Repository/LoginPage/input_Username_username'

2019-03-11 16:46:55 - [TEST_STEP][PASSED] - setText(findTestObject("LoginPage/input_Password_password"), Bec_Password): Text 'Augg@1234' is set on object 'Object Repository/LoginPage/input_Password_password'

2019-03-11 16:47:00 - [MESSAGE][PASSED] - Text 'Augg@1234' is set on object 'Object Repository/LoginPage/input_Password_password'

2019-03-11 16:47:00 - [TEST_STEP][PASSED] - waitForElementClickable(findTestObject("LoginPage/Login_Button"), 2): Object 'Object Repository/LoginPage/Login_Button' is clickable

2019-03-11 16:47:02 - [MESSAGE][PASSED] - Object 'Object Repository/LoginPage/Login_Button' is clickable

2019-03-11 16:47:02 - [TEST_STEP][PASSED] - click(findTestObject("LoginPage/Login_Button")): Object: 'Object Repository/LoginPage/Login_Button' is clicked on

2019-03-11 16:47:04 - [MESSAGE][PASSED] - Object: 'Object Repository/LoginPage/Login_Button' is clicked on

2019-03-11 16:47:04 - [TEST_STEP][PASSED] - waitForPageLoad(2): Wait for page load successfully

2019-03-11 16:47:05 - [MESSAGE][PASSED] - Wait for page load successfully

2019-03-11 16:47:05 - [TEST_STEP][PASSED] - click(findTestObject("MessagesPage/Icon_Apps")): Object: 'Object Repository/MessagesPage/Icon_Apps' is clicked on

2019-03-11 16:47:09 - [MESSAGE][PASSED] - Object: 'Object Repository/MessagesPage/Icon_Apps' is clicked on

2019-03-11 16:47:09 - [TEST_STEP][PASSED] - mouseOver(findTestObject("MessagesPage/Link_Commissions")): Object: 'Object Repository/MessagesPage/Link_Commissions' is hovered

2019-03-11 16:47:12 - [MESSAGE][PASSED] - Object: 'Object Repository/MessagesPage/Link_Commissions' is hovered

2019-03-11 16:47:12 - [TEST_STEP][PASSED] - scrollToElement(findTestObject("MessagesPage/Link_Commissions"), 1): Scroll to object 'Object Repository/MessagesPage/Link_Commissions' successfully

2019-03-11 16:47:14 - [MESSAGE][PASSED] - Scroll to object 'Object Repository/MessagesPage/Link_Commissions' successfully

2019-03-11 16:47:14 - [TEST_STEP][PASSED] - click(findTestObject("MessagesPage/Link_Commissions")): Object: 'Object Repository/MessagesPage/Link_Commissions' is clicked on

2019-03-11 16:47:44 - [MESSAGE][PASSED] - Object: 'Object Repository/MessagesPage/Link_Commissions' is clicked on

2019-03-11 16:47:44 - [TEST_STEP][PASSED] - click(findTestObject("LoginPage/User_id")): Object: 'Object Repository/LoginPage/User_id' is clicked on

2019-03-11 16:47:46 - [MESSAGE][PASSED] - Object: 'Object Repository/LoginPage/User_id' is clicked on

2019-03-11 16:47:46 - [TEST_STEP][PASSED] - waitForElementVisible(findTestObject("LoginPage/user_name"), 1): Object 'Object Repository/LoginPage/user_name' is visible

2019-03-11 16:47:48 - [MESSAGE][PASSED] - Object 'Object Repository/LoginPage/user_name' is visible

2019-03-11 16:47:48 - [TEST_STEP][PASSED] - Assert.assertEquals(getText(findTestObject("LoginPage/user_name")), User_name): Text of object 'Object Repository/LoginPage/user_name' is: 'rkulkarn@calliduscloud.com'

2019-03-11 16:47:50 - [MESSAGE][PASSED] - Text of object 'Object Repository/LoginPage/user_name' is: 'rkulkarn@calliduscloud.com'

2019-03-11 16:47:50 - [TEST_STEP][PASSED] - waitForPageLoad(3): Wait for page load successfully

2019-03-11 16:47:51 - [MESSAGE][PASSED] - Wait for page load successfully

2019-03-11 16:47:51 - [MESSAGE][PASSED] - Call Test Case 'Test Cases/Commission Login_Logout/Commission Login' successfully

2019-03-11 16:47:51 - [TEST_STEP][PASSED] - mouseOver(findTestObject("HomePage_Commission/Commission_Globalvalues/Icon_GlobalValues")): Object: 'Object Repository/HomePage_Commission/Commission_Globalvalues/Icon_GlobalValues' is hovered

2019-03-11 16:47:54 - [MESSAGE][PASSED] - Object: 'Object Repository/HomePage_Commission/Commission_Globalvalues/Icon_GlobalValues' is hovered

2019-03-11 16:47:54 - [TEST_STEP][PASSED] - waitForElementPresent(findTestObject("HomePage_Commission/Commission_Globalvalues/Icon_GlobalValues"), 7): Object 'Object Repository/HomePage_Commission/Commission_Globalvalues/Icon_GlobalValues' is present

2019-03-11 16:47:55 - [MESSAGE][PASSED] - Object 'Object Repository/HomePage_Commission/Commission_Globalvalues/Icon_GlobalValues' is present

2019-03-11 16:47:55 - [TEST_STEP][PASSED] - click(findTestObject("HomePage_Commission/Commission_Globalvalues/Icon_GlobalValues")): Object: 'Object Repository/HomePage_Commission/Commission_Globalvalues/Icon_GlobalValues' is clicked on

2019-03-11 16:47:57 - [MESSAGE][PASSED] - Object: 'Object Repository/HomePage_Commission/Commission_Globalvalues/Icon_GlobalValues' is clicked on

2019-03-11 16:47:57 - [TEST_STEP][PASSED] - Assert.assertEquals(getText(findTestObject("Assertion_objects/Global_values")), Global_val): Text of object 'Object Repository/Assertion_objects/Global_values' is: 'Global Values'

2019-03-11 16:48:00 - [MESSAGE][PASSED] - Text of object 'Object Repository/Assertion_objects/Global_values' is: 'Global Values'

2019-03-11 16:48:00 - [TEST_STEP][PASSED] - println("User is able to navigate to Administration tab"): null

2019-03-11 16:48:00 - [TEST_STEP][PASSED] - waitForElementVisible(findTestObject("HomePage_Commission/Commission_Globalvalues/Link_Earning Codes"), 3): Object 'Object Repository/HomePage_Commission/Commission_Globalvalues/Link_Earning Codes' is visible

2019-03-11 16:48:02 - [MESSAGE][PASSED] - Object 'Object Repository/HomePage_Commission/Commission_Globalvalues/Link_Earning Codes' is visible

2019-03-11 16:48:02 - [TEST_STEP][PASSED] - mouseOver(findTestObject("HomePage_Commission/Commission_Globalvalues/Link_Earning Codes"), STOP_ON_FAILURE): Object: 'Object Repository/HomePage_Commission/Commission_Globalvalues/Link_Earning Codes' is hovered

2019-03-11 16:48:05 - [MESSAGE][PASSED] - Object: 'Object Repository/HomePage_Commission/Commission_Globalvalues/Link_Earning Codes' is hovered

2019-03-11 16:48:05 - [TEST_STEP][PASSED] - click(findTestObject("HomePage_Commission/Commission_Globalvalues/Link_Earning Codes")): Object: 'Object Repository/HomePage_Commission/Commission_Globalvalues/Link_Earning Codes' is clicked on

2019-03-11 16:48:18 - [MESSAGE][PASSED] - Object: 'Object Repository/HomePage_Commission/Commission_Globalvalues/Link_Earning Codes' is clicked on

2019-03-11 16:48:18 - [TEST_STEP][PASSED] - Assert.assertEquals(getText(findTestObject("Assertion_objects/Earning Codes")), EC_txt): Text of object 'Object Repository/Assertion_objects/Earning Codes' is: 'Earning Codes'

2019-03-11 16:48:20 - [MESSAGE][PASSED] - Text of object 'Object Repository/Assertion_objects/Earning Codes' is: 'Earning Codes'

2019-03-11 16:48:20 - [TEST_STEP][PASSED] - println("User Navigated to Earning Codes screen"): null

2019-03-11 16:48:20 - [TEST_STEP][PASSED] - if (verifyElementClickable(findTestObject("AdvanceSearch_Page/Advanced_searchtext"))): null

2019-03-11 16:48:23 - [MESSAGE][PASSED] - Object 'Object Repository/AdvanceSearch_Page/Advanced_searchtext' is clickable

2019-03-11 16:48:23 - [TEST_STEP][PASSED] - click(findTestObject("AdvanceSearch_Page/Icon_Advanced Search")): Object: 'Object Repository/AdvanceSearch_Page/Icon_Advanced Search' is clicked on

2019-03-11 16:48:25 - [MESSAGE][PASSED] - Object: 'Object Repository/AdvanceSearch_Page/Icon_Advanced Search' is clicked on

2019-03-11 16:48:25 - [TEST_STEP][PASSED] - println("Performing advance search"): null

2019-03-11 16:48:25 - [TEST_STEP][PASSED] - click(findTestObject("AdvanceSearch_Page/FieldName_DropDown")): Object: 'Object Repository/AdvanceSearch_Page/FieldName_DropDown' is clicked on

2019-03-11 16:48:27 - [MESSAGE][PASSED] - Object: 'Object Repository/AdvanceSearch_Page/FieldName_DropDown' is clicked on

2019-03-11 16:48:27 - [TEST_STEP][PASSED] - scrollToElement(findTestObject("AdvanceSearch_Page/option_Earning Code id"), 3): Scroll to object 'Object Repository/AdvanceSearch_Page/option_Earning Code id' successfully

2019-03-11 16:48:29 - [MESSAGE][PASSED] - Scroll to object 'Object Repository/AdvanceSearch_Page/option_Earning Code id' successfully

2019-03-11 16:48:29 - [TEST_STEP][PASSED] - click(findTestObject("AdvanceSearch_Page/option_Earning Code id")): Object: 'Object Repository/AdvanceSearch_Page/option_Earning Code id' is clicked on

2019-03-11 16:48:31 - [MESSAGE][PASSED] - Object: 'Object Repository/AdvanceSearch_Page/option_Earning Code id' is clicked on

2019-03-11 16:48:31 - [TEST_STEP][PASSED] - click(findTestObject("AdvanceSearch_Page/td_Comparision")): Object: 'Object Repository/AdvanceSearch_Page/td_Comparision' is clicked on

2019-03-11 16:48:33 - [MESSAGE][PASSED] - Object: 'Object Repository/AdvanceSearch_Page/td_Comparision' is clicked on

2019-03-11 16:48:33 - [TEST_STEP][PASSED] - scrollToElement(findTestObject("AdvanceSearch_Page/option_Equals"), 2): Scroll to object 'Object Repository/AdvanceSearch_Page/option_Equals' successfully

2019-03-11 16:48:36 - [MESSAGE][PASSED] - Scroll to object 'Object Repository/AdvanceSearch_Page/option_Equals' successfully

2019-03-11 16:48:36 - [TEST_STEP][PASSED] - click(findTestObject("AdvanceSearch_Page/option_Equals")): Object: 'Object Repository/AdvanceSearch_Page/option_Equals' is clicked on

2019-03-11 16:48:38 - [MESSAGE][PASSED] - Object: 'Object Repository/AdvanceSearch_Page/option_Equals' is clicked on

2019-03-11 16:48:38 - [TEST_STEP][PASSED] - setText(findTestObject("AdvanceSearch_Page/td_Value"), earningCodeName): Text 'Bonus' is set on object 'Object Repository/AdvanceSearch_Page/td_Value'

2019-03-11 16:48:42 - [MESSAGE][PASSED] - Text 'Bonus' is set on object 'Object Repository/AdvanceSearch_Page/td_Value'

2019-03-11 16:48:42 - [TEST_STEP][PASSED] - click(findTestObject("AdvanceSearch_Page/AppySearch_button")): Object: 'Object Repository/AdvanceSearch_Page/AppySearch_button' is clicked on

2019-03-11 16:48:44 - [MESSAGE][PASSED] - Object: 'Object Repository/AdvanceSearch_Page/AppySearch_button' is clicked on

2019-03-11 16:48:44 - [TEST_STEP][PASSED] - globalkeywords.record.RecordNotFound(): globalkeywords.record.RecordNotFound is PASSED

2019-03-11 16:48:55 - [MESSAGE][INFO] - Unable to find the element located by 'By.xpath: //td[@class='dataTables_empty']'. Please recheck the objects properties to make sure the desired element is located. 

2019-03-11 16:48:55 - [MESSAGE][WARNING] - Object 'Object Repository/Page_Callidus Cloud Commissions Man/NoRecordsFound' is not present after 10 second(s)

2019-03-11 16:48:55 - [MESSAGE][PASSED] - globalkeywords.record.RecordNotFound is PASSED]]></system-out>
         <system-err><![CDATA[]]></system-err>
      </testcase>
      <testcase name="Test Cases/Global_values_Workspace/Earning Groups exist in the system" classname="Test Cases/Global_values_Workspace/Earning Groups exist in the system" status="PASSED">
         <system-out><![CDATA[2019-03-11 16:48:55 - [TEST_CASE][PASSED] - Test Cases/Global_values_Workspace/Earning Groups exist in the system: Test Cases/Global_values_Workspace/Earning Groups exist in the system

2019-03-11 16:48:55 - [TEST_STEP][PASSED] - Start listener action : sampleBeforeTestCase: null

2019-03-11 16:48:55 - [TEST_STEP][PASSED] - println(testCaseContext.getTestCaseId()): null

2019-03-11 16:48:55 - [TEST_STEP][PASSED] - println(testCaseContext.getTestCaseVariables()): null

2019-03-11 16:48:55 - [TEST_STEP][PASSED] - callTestCase(findTestCase("Commission Login_Logout/Commission Login"), [:], STOP_ON_FAILURE): Call Test Case 'Test Cases/Commission Login_Logout/Commission Login' successfully

2019-03-11 16:48:55 - [TEST_CASE][PASSED] - Test Cases/Commission Login_Logout/Commission Login: Test Cases/Commission Login_Logout/Commission Login

2019-03-11 16:48:55 - [TEST_STEP][PASSED] - openBrowser(""): Browser is opened with url: ''

2019-03-11 16:48:55 - [MESSAGE][WARNING] - A browser is already opened. Closing browser and opening a new one

2019-03-11 16:48:57 - [MESSAGE][INFO] - Starting 'Chrome' driver

2019-03-11 16:49:02 - [MESSAGE][PASSED] - Browser is opened with url: ''

2019-03-11 16:49:02 - [TEST_STEP][PASSED] - navigateToUrl(BecURL): Navigate to 'https://biz3-tst.callidusondemand.com/SalesPortal/#!/' successfully

2019-03-11 16:49:11 - [MESSAGE][PASSED] - Navigate to 'https://biz3-tst.callidusondemand.com/SalesPortal/#!/' successfully

2019-03-11 16:49:11 - [TEST_STEP][PASSED] - maximizeWindow(): Current window maximized

2019-03-11 16:49:13 - [MESSAGE][PASSED] - Current window maximized

2019-03-11 16:49:13 - [TEST_STEP][PASSED] - Assert.assertEquals(getText(findTestObject("LoginPage/Header_homepage")), header_name): Text of object 'Object Repository/LoginPage/Header_homepage' is: 'Sales Performance Home '

2019-03-11 16:49:15 - [MESSAGE][PASSED] - Text of object 'Object Repository/LoginPage/Header_homepage' is: 'Sales Performance Home '

2019-03-11 16:49:15 - [TEST_STEP][PASSED] - setText(findTestObject("LoginPage/input_Username_username"), Bec_UserName): Text 'rkulkarn@calliduscloud.com' is set on object 'Object Repository/LoginPage/input_Username_username'

2019-03-11 16:49:20 - [MESSAGE][PASSED] - Text 'rkulkarn@calliduscloud.com' is set on object 'Object Repository/LoginPage/input_Username_username'

2019-03-11 16:49:20 - [TEST_STEP][PASSED] - setText(findTestObject("LoginPage/input_Password_password"), Bec_Password): Text 'Augg@1234' is set on object 'Object Repository/LoginPage/input_Password_password'

2019-03-11 16:49:24 - [MESSAGE][PASSED] - Text 'Augg@1234' is set on object 'Object Repository/LoginPage/input_Password_password'

2019-03-11 16:49:24 - [TEST_STEP][PASSED] - waitForElementClickable(findTestObject("LoginPage/Login_Button"), 2): Object 'Object Repository/LoginPage/Login_Button' is clickable

2019-03-11 16:49:26 - [MESSAGE][PASSED] - Object 'Object Repository/LoginPage/Login_Button' is clickable

2019-03-11 16:49:26 - [TEST_STEP][PASSED] - click(findTestObject("LoginPage/Login_Button")): Object: 'Object Repository/LoginPage/Login_Button' is clicked on

2019-03-11 16:49:28 - [MESSAGE][PASSED] - Object: 'Object Repository/LoginPage/Login_Button' is clicked on

2019-03-11 16:49:28 - [TEST_STEP][PASSED] - waitForPageLoad(2): Wait for page load successfully

2019-03-11 16:49:29 - [MESSAGE][PASSED] - Wait for page load successfully

2019-03-11 16:49:29 - [TEST_STEP][PASSED] - click(findTestObject("MessagesPage/Icon_Apps")): Object: 'Object Repository/MessagesPage/Icon_Apps' is clicked on

2019-03-11 16:49:33 - [MESSAGE][PASSED] - Object: 'Object Repository/MessagesPage/Icon_Apps' is clicked on

2019-03-11 16:49:33 - [TEST_STEP][PASSED] - mouseOver(findTestObject("MessagesPage/Link_Commissions")): Object: 'Object Repository/MessagesPage/Link_Commissions' is hovered

2019-03-11 16:49:36 - [MESSAGE][PASSED] - Object: 'Object Repository/MessagesPage/Link_Commissions' is hovered

2019-03-11 16:49:36 - [TEST_STEP][PASSED] - scrollToElement(findTestObject("MessagesPage/Link_Commissions"), 1): Scroll to object 'Object Repository/MessagesPage/Link_Commissions' successfully

2019-03-11 16:49:38 - [MESSAGE][PASSED] - Scroll to object 'Object Repository/MessagesPage/Link_Commissions' successfully

2019-03-11 16:49:38 - [TEST_STEP][PASSED] - click(findTestObject("MessagesPage/Link_Commissions")): Object: 'Object Repository/MessagesPage/Link_Commissions' is clicked on

2019-03-11 16:50:10 - [MESSAGE][PASSED] - Object: 'Object Repository/MessagesPage/Link_Commissions' is clicked on

2019-03-11 16:50:10 - [TEST_STEP][PASSED] - click(findTestObject("LoginPage/User_id")): Object: 'Object Repository/LoginPage/User_id' is clicked on

2019-03-11 16:50:13 - [MESSAGE][PASSED] - Object: 'Object Repository/LoginPage/User_id' is clicked on

2019-03-11 16:50:13 - [TEST_STEP][PASSED] - waitForElementVisible(findTestObject("LoginPage/user_name"), 1): Object 'Object Repository/LoginPage/user_name' is visible

2019-03-11 16:50:15 - [MESSAGE][PASSED] - Object 'Object Repository/LoginPage/user_name' is visible

2019-03-11 16:50:15 - [TEST_STEP][PASSED] - Assert.assertEquals(getText(findTestObject("LoginPage/user_name")), User_name): Text of object 'Object Repository/LoginPage/user_name' is: 'rkulkarn@calliduscloud.com'

2019-03-11 16:50:17 - [MESSAGE][PASSED] - Text of object 'Object Repository/LoginPage/user_name' is: 'rkulkarn@calliduscloud.com'

2019-03-11 16:50:17 - [TEST_STEP][PASSED] - waitForPageLoad(3): Wait for page load successfully

2019-03-11 16:50:18 - [MESSAGE][PASSED] - Wait for page load successfully

2019-03-11 16:50:18 - [MESSAGE][PASSED] - Call Test Case 'Test Cases/Commission Login_Logout/Commission Login' successfully

2019-03-11 16:50:18 - [TEST_STEP][PASSED] - mouseOver(findTestObject("HomePage_Commission/Commission_Globalvalues/Icon_GlobalValues")): Object: 'Object Repository/HomePage_Commission/Commission_Globalvalues/Icon_GlobalValues' is hovered

2019-03-11 16:50:21 - [MESSAGE][PASSED] - Object: 'Object Repository/HomePage_Commission/Commission_Globalvalues/Icon_GlobalValues' is hovered

2019-03-11 16:50:21 - [TEST_STEP][PASSED] - waitForElementPresent(findTestObject("HomePage_Commission/Commission_Globalvalues/Icon_GlobalValues"), 7): Object 'Object Repository/HomePage_Commission/Commission_Globalvalues/Icon_GlobalValues' is present

2019-03-11 16:50:22 - [MESSAGE][PASSED] - Object 'Object Repository/HomePage_Commission/Commission_Globalvalues/Icon_GlobalValues' is present

2019-03-11 16:50:22 - [TEST_STEP][PASSED] - click(findTestObject("HomePage_Commission/Commission_Globalvalues/Icon_GlobalValues")): Object: 'Object Repository/HomePage_Commission/Commission_Globalvalues/Icon_GlobalValues' is clicked on

2019-03-11 16:50:24 - [MESSAGE][PASSED] - Object: 'Object Repository/HomePage_Commission/Commission_Globalvalues/Icon_GlobalValues' is clicked on

2019-03-11 16:50:24 - [TEST_STEP][PASSED] - Assert.assertEquals(getText(findTestObject("Assertion_objects/Global_values")), Global_val): Text of object 'Object Repository/Assertion_objects/Global_values' is: 'Global Values'

2019-03-11 16:50:26 - [MESSAGE][PASSED] - Text of object 'Object Repository/Assertion_objects/Global_values' is: 'Global Values'

2019-03-11 16:50:26 - [TEST_STEP][PASSED] - println("User is able to navigate to Administration tab"): null

2019-03-11 16:50:26 - [TEST_STEP][PASSED] - waitForElementVisible(findTestObject("HomePage_Commission/Commission_Globalvalues/Link_Earning Groups"), 4): Object 'Object Repository/HomePage_Commission/Commission_Globalvalues/Link_Earning Groups' is visible

2019-03-11 16:50:28 - [MESSAGE][PASSED] - Object 'Object Repository/HomePage_Commission/Commission_Globalvalues/Link_Earning Groups' is visible

2019-03-11 16:50:28 - [TEST_STEP][PASSED] - mouseOver(findTestObject("HomePage_Commission/Commission_Globalvalues/Link_Earning Groups"), STOP_ON_FAILURE): Object: 'Object Repository/HomePage_Commission/Commission_Globalvalues/Link_Earning Groups' is hovered

2019-03-11 16:50:31 - [MESSAGE][PASSED] - Object: 'Object Repository/HomePage_Commission/Commission_Globalvalues/Link_Earning Groups' is hovered

2019-03-11 16:50:31 - [TEST_STEP][PASSED] - click(findTestObject("HomePage_Commission/Commission_Globalvalues/Link_Earning Groups")): Object: 'Object Repository/HomePage_Commission/Commission_Globalvalues/Link_Earning Groups' is clicked on

2019-03-11 16:51:03 - [MESSAGE][PASSED] - Object: 'Object Repository/HomePage_Commission/Commission_Globalvalues/Link_Earning Groups' is clicked on

2019-03-11 16:51:03 - [TEST_STEP][PASSED] - Assert.assertEquals(getText(findTestObject("Assertion_objects/Earning groups")), EG_txt): Text of object 'Object Repository/Assertion_objects/Earning groups' is: 'Earning Groups'

2019-03-11 16:51:05 - [MESSAGE][PASSED] - Text of object 'Object Repository/Assertion_objects/Earning groups' is: 'Earning Groups'

2019-03-11 16:51:05 - [TEST_STEP][PASSED] - println("User Navigated to Earning Groups screen"): null

2019-03-11 16:51:05 - [TEST_STEP][PASSED] - if (verifyElementClickable(findTestObject("AdvanceSearch_Page/Advanced_searchtext"))): null

2019-03-11 16:51:07 - [MESSAGE][PASSED] - Object 'Object Repository/AdvanceSearch_Page/Advanced_searchtext' is clickable

2019-03-11 16:51:07 - [TEST_STEP][PASSED] - click(findTestObject("AdvanceSearch_Page/Icon_Advanced Search")): Object: 'Object Repository/AdvanceSearch_Page/Icon_Advanced Search' is clicked on

2019-03-11 16:51:09 - [MESSAGE][PASSED] - Object: 'Object Repository/AdvanceSearch_Page/Icon_Advanced Search' is clicked on

2019-03-11 16:51:09 - [TEST_STEP][PASSED] - println("Performing advance search"): null

2019-03-11 16:51:09 - [TEST_STEP][PASSED] - click(findTestObject("AdvanceSearch_Page/FieldName_DropDown")): Object: 'Object Repository/AdvanceSearch_Page/FieldName_DropDown' is clicked on

2019-03-11 16:51:11 - [MESSAGE][PASSED] - Object: 'Object Repository/AdvanceSearch_Page/FieldName_DropDown' is clicked on

2019-03-11 16:51:11 - [TEST_STEP][PASSED] - scrollToElement(findTestObject("AdvanceSearch_Page/option_Earning Groups"), 3): Scroll to object 'Object Repository/AdvanceSearch_Page/option_Earning Groups' successfully

2019-03-11 16:51:14 - [MESSAGE][PASSED] - Scroll to object 'Object Repository/AdvanceSearch_Page/option_Earning Groups' successfully

2019-03-11 16:51:14 - [TEST_STEP][PASSED] - click(findTestObject("AdvanceSearch_Page/option_Earning Groups")): Object: 'Object Repository/AdvanceSearch_Page/option_Earning Groups' is clicked on

2019-03-11 16:51:16 - [MESSAGE][PASSED] - Object: 'Object Repository/AdvanceSearch_Page/option_Earning Groups' is clicked on

2019-03-11 16:51:16 - [TEST_STEP][PASSED] - click(findTestObject("AdvanceSearch_Page/td_Comparision")): Object: 'Object Repository/AdvanceSearch_Page/td_Comparision' is clicked on

2019-03-11 16:51:18 - [MESSAGE][PASSED] - Object: 'Object Repository/AdvanceSearch_Page/td_Comparision' is clicked on

2019-03-11 16:51:18 - [TEST_STEP][PASSED] - scrollToElement(findTestObject("AdvanceSearch_Page/option_Equals"), 2): Scroll to object 'Object Repository/AdvanceSearch_Page/option_Equals' successfully

2019-03-11 16:51:20 - [MESSAGE][PASSED] - Scroll to object 'Object Repository/AdvanceSearch_Page/option_Equals' successfully

2019-03-11 16:51:20 - [TEST_STEP][PASSED] - click(findTestObject("AdvanceSearch_Page/option_Equals")): Object: 'Object Repository/AdvanceSearch_Page/option_Equals' is clicked on

2019-03-11 16:51:22 - [MESSAGE][PASSED] - Object: 'Object Repository/AdvanceSearch_Page/option_Equals' is clicked on

2019-03-11 16:51:22 - [TEST_STEP][PASSED] - setText(findTestObject("AdvanceSearch_Page/td_Value"), EarningGroupName): Text 'Commission' is set on object 'Object Repository/AdvanceSearch_Page/td_Value'

2019-03-11 16:51:27 - [MESSAGE][PASSED] - Text 'Commission' is set on object 'Object Repository/AdvanceSearch_Page/td_Value'

2019-03-11 16:51:27 - [TEST_STEP][PASSED] - click(findTestObject("AdvanceSearch_Page/AppySearch_button")): Object: 'Object Repository/AdvanceSearch_Page/AppySearch_button' is clicked on

2019-03-11 16:51:29 - [MESSAGE][PASSED] - Object: 'Object Repository/AdvanceSearch_Page/AppySearch_button' is clicked on

2019-03-11 16:51:29 - [TEST_STEP][PASSED] - globalkeywords.record.RecordNotFound(): globalkeywords.record.RecordNotFound is PASSED

2019-03-11 16:51:40 - [MESSAGE][INFO] - Unable to find the element located by 'By.xpath: //td[@class='dataTables_empty']'. Please recheck the objects properties to make sure the desired element is located. 

2019-03-11 16:51:40 - [MESSAGE][WARNING] - Object 'Object Repository/Page_Callidus Cloud Commissions Man/NoRecordsFound' is not present after 10 second(s)

2019-03-11 16:51:40 - [MESSAGE][PASSED] - globalkeywords.record.RecordNotFound is PASSED]]></system-out>
         <system-err><![CDATA[]]></system-err>
      </testcase>
      <testcase name="Test Cases/Global_values_Workspace/EventTypes exist in the System" classname="Test Cases/Global_values_Workspace/EventTypes exist in the System" status="PASSED">
         <system-out><![CDATA[2019-03-11 16:51:40 - [TEST_CASE][PASSED] - Test Cases/Global_values_Workspace/EventTypes exist in the System: Test Cases/Global_values_Workspace/EventTypes exist in the System

2019-03-11 16:51:40 - [TEST_STEP][PASSED] - Start listener action : sampleBeforeTestCase: null

2019-03-11 16:51:40 - [TEST_STEP][PASSED] - println(testCaseContext.getTestCaseId()): null

2019-03-11 16:51:40 - [TEST_STEP][PASSED] - println(testCaseContext.getTestCaseVariables()): null

2019-03-11 16:51:40 - [TEST_STEP][PASSED] - callTestCase(findTestCase("Commission Login_Logout/Commission Login"), [:], STOP_ON_FAILURE): Call Test Case 'Test Cases/Commission Login_Logout/Commission Login' successfully

2019-03-11 16:51:40 - [TEST_CASE][PASSED] - Test Cases/Commission Login_Logout/Commission Login: Test Cases/Commission Login_Logout/Commission Login

2019-03-11 16:51:40 - [TEST_STEP][PASSED] - openBrowser(""): Browser is opened with url: ''

2019-03-11 16:51:40 - [MESSAGE][WARNING] - A browser is already opened. Closing browser and opening a new one

2019-03-11 16:51:42 - [MESSAGE][INFO] - Starting 'Chrome' driver

2019-03-11 16:51:47 - [MESSAGE][PASSED] - Browser is opened with url: ''

2019-03-11 16:51:47 - [TEST_STEP][PASSED] - navigateToUrl(BecURL): Navigate to 'https://biz3-tst.callidusondemand.com/SalesPortal/#!/' successfully

2019-03-11 16:52:03 - [MESSAGE][PASSED] - Navigate to 'https://biz3-tst.callidusondemand.com/SalesPortal/#!/' successfully

2019-03-11 16:52:03 - [TEST_STEP][PASSED] - maximizeWindow(): Current window maximized

2019-03-11 16:52:05 - [MESSAGE][PASSED] - Current window maximized

2019-03-11 16:52:05 - [TEST_STEP][PASSED] - Assert.assertEquals(getText(findTestObject("LoginPage/Header_homepage")), header_name): Text of object 'Object Repository/LoginPage/Header_homepage' is: 'Sales Performance Home '

2019-03-11 16:52:07 - [MESSAGE][PASSED] - Text of object 'Object Repository/LoginPage/Header_homepage' is: 'Sales Performance Home '

2019-03-11 16:52:07 - [TEST_STEP][PASSED] - setText(findTestObject("LoginPage/input_Username_username"), Bec_UserName): Text 'rkulkarn@calliduscloud.com' is set on object 'Object Repository/LoginPage/input_Username_username'

2019-03-11 16:52:12 - [MESSAGE][PASSED] - Text 'rkulkarn@calliduscloud.com' is set on object 'Object Repository/LoginPage/input_Username_username'

2019-03-11 16:52:12 - [TEST_STEP][PASSED] - setText(findTestObject("LoginPage/input_Password_password"), Bec_Password): Text 'Augg@1234' is set on object 'Object Repository/LoginPage/input_Password_password'

2019-03-11 16:52:16 - [MESSAGE][PASSED] - Text 'Augg@1234' is set on object 'Object Repository/LoginPage/input_Password_password'

2019-03-11 16:52:16 - [TEST_STEP][PASSED] - waitForElementClickable(findTestObject("LoginPage/Login_Button"), 2): Object 'Object Repository/LoginPage/Login_Button' is clickable

2019-03-11 16:52:18 - [MESSAGE][PASSED] - Object 'Object Repository/LoginPage/Login_Button' is clickable

2019-03-11 16:52:18 - [TEST_STEP][PASSED] - click(findTestObject("LoginPage/Login_Button")): Object: 'Object Repository/LoginPage/Login_Button' is clicked on

2019-03-11 16:52:20 - [MESSAGE][PASSED] - Object: 'Object Repository/LoginPage/Login_Button' is clicked on

2019-03-11 16:52:20 - [TEST_STEP][PASSED] - waitForPageLoad(2): Wait for page load successfully

2019-03-11 16:52:21 - [MESSAGE][PASSED] - Wait for page load successfully

2019-03-11 16:52:21 - [TEST_STEP][PASSED] - click(findTestObject("MessagesPage/Icon_Apps")): Object: 'Object Repository/MessagesPage/Icon_Apps' is clicked on

2019-03-11 16:52:25 - [MESSAGE][PASSED] - Object: 'Object Repository/MessagesPage/Icon_Apps' is clicked on

2019-03-11 16:52:25 - [TEST_STEP][PASSED] - mouseOver(findTestObject("MessagesPage/Link_Commissions")): Object: 'Object Repository/MessagesPage/Link_Commissions' is hovered

2019-03-11 16:52:28 - [MESSAGE][PASSED] - Object: 'Object Repository/MessagesPage/Link_Commissions' is hovered

2019-03-11 16:52:28 - [TEST_STEP][PASSED] - scrollToElement(findTestObject("MessagesPage/Link_Commissions"), 1): Scroll to object 'Object Repository/MessagesPage/Link_Commissions' successfully

2019-03-11 16:52:30 - [MESSAGE][PASSED] - Scroll to object 'Object Repository/MessagesPage/Link_Commissions' successfully

2019-03-11 16:52:30 - [TEST_STEP][PASSED] - click(findTestObject("MessagesPage/Link_Commissions")): Object: 'Object Repository/MessagesPage/Link_Commissions' is clicked on

2019-03-11 16:53:02 - [MESSAGE][PASSED] - Object: 'Object Repository/MessagesPage/Link_Commissions' is clicked on

2019-03-11 16:53:02 - [TEST_STEP][PASSED] - click(findTestObject("LoginPage/User_id")): Object: 'Object Repository/LoginPage/User_id' is clicked on

2019-03-11 16:53:04 - [MESSAGE][PASSED] - Object: 'Object Repository/LoginPage/User_id' is clicked on

2019-03-11 16:53:04 - [TEST_STEP][PASSED] - waitForElementVisible(findTestObject("LoginPage/user_name"), 1): Object 'Object Repository/LoginPage/user_name' is visible

2019-03-11 16:53:06 - [MESSAGE][PASSED] - Object 'Object Repository/LoginPage/user_name' is visible

2019-03-11 16:53:06 - [TEST_STEP][PASSED] - Assert.assertEquals(getText(findTestObject("LoginPage/user_name")), User_name): Text of object 'Object Repository/LoginPage/user_name' is: 'rkulkarn@calliduscloud.com'

2019-03-11 16:53:08 - [MESSAGE][PASSED] - Text of object 'Object Repository/LoginPage/user_name' is: 'rkulkarn@calliduscloud.com'

2019-03-11 16:53:08 - [TEST_STEP][PASSED] - waitForPageLoad(3): Wait for page load successfully

2019-03-11 16:53:09 - [MESSAGE][PASSED] - Wait for page load successfully

2019-03-11 16:53:09 - [MESSAGE][PASSED] - Call Test Case 'Test Cases/Commission Login_Logout/Commission Login' successfully

2019-03-11 16:53:09 - [TEST_STEP][PASSED] - waitForElementVisible(findTestObject("HomePage_Commission/Commission_Globalvalues/Icon_GlobalValues"), 5): Object 'Object Repository/HomePage_Commission/Commission_Globalvalues/Icon_GlobalValues' is visible

2019-03-11 16:53:11 - [MESSAGE][PASSED] - Object 'Object Repository/HomePage_Commission/Commission_Globalvalues/Icon_GlobalValues' is visible

2019-03-11 16:53:11 - [TEST_STEP][PASSED] - click(findTestObject("HomePage_Commission/Commission_Globalvalues/Icon_GlobalValues")): Object: 'Object Repository/HomePage_Commission/Commission_Globalvalues/Icon_GlobalValues' is clicked on

2019-03-11 16:53:14 - [MESSAGE][PASSED] - Object: 'Object Repository/HomePage_Commission/Commission_Globalvalues/Icon_GlobalValues' is clicked on

2019-03-11 16:53:14 - [TEST_STEP][PASSED] - Assert.assertEquals(getText(findTestObject("Assertion_objects/Global_values")), Global_val): Text of object 'Object Repository/Assertion_objects/Global_values' is: 'Global Values'

2019-03-11 16:53:16 - [MESSAGE][PASSED] - Text of object 'Object Repository/Assertion_objects/Global_values' is: 'Global Values'

2019-03-11 16:53:16 - [TEST_STEP][PASSED] - println("User is able to navigate to Global Variable Icon"): null

2019-03-11 16:53:16 - [TEST_STEP][PASSED] - mouseOver(findTestObject("HomePage_Commission/Commission_Globalvalues/Link_EventTypes"), STOP_ON_FAILURE): Object: 'Object Repository/HomePage_Commission/Commission_Globalvalues/Link_EventTypes' is hovered

2019-03-11 16:53:19 - [MESSAGE][PASSED] - Object: 'Object Repository/HomePage_Commission/Commission_Globalvalues/Link_EventTypes' is hovered

2019-03-11 16:53:19 - [TEST_STEP][PASSED] - waitForElementClickable(findTestObject("HomePage_Commission/Commission_Globalvalues/Link_EventTypes"), 5): Object 'Object Repository/HomePage_Commission/Commission_Globalvalues/Link_EventTypes' is clickable

2019-03-11 16:53:21 - [MESSAGE][PASSED] - Object 'Object Repository/HomePage_Commission/Commission_Globalvalues/Link_EventTypes' is clickable

2019-03-11 16:53:21 - [TEST_STEP][PASSED] - click(findTestObject("HomePage_Commission/Commission_Globalvalues/Link_EventTypes")): Object: 'Object Repository/HomePage_Commission/Commission_Globalvalues/Link_EventTypes' is clicked on

2019-03-11 16:53:37 - [MESSAGE][PASSED] - Object: 'Object Repository/HomePage_Commission/Commission_Globalvalues/Link_EventTypes' is clicked on

2019-03-11 16:53:37 - [TEST_STEP][PASSED] - Assert.assertEquals(getText(findTestObject("Assertion_objects/Event Types")), ET_txt): Text of object 'Object Repository/Assertion_objects/Event Types' is: 'Event Types'

2019-03-11 16:53:39 - [MESSAGE][PASSED] - Text of object 'Object Repository/Assertion_objects/Event Types' is: 'Event Types'

2019-03-11 16:53:39 - [TEST_STEP][PASSED] - println("User Navigated to Event Type screen"): null

2019-03-11 16:53:39 - [TEST_STEP][PASSED] - waitForPageLoad(5): Wait for page load successfully

2019-03-11 16:53:40 - [MESSAGE][PASSED] - Wait for page load successfully

2019-03-11 16:53:40 - [TEST_STEP][PASSED] - scrollToPosition(0, 0): Browser is scrolled to position x = 0, y = 0

2019-03-11 16:53:41 - [MESSAGE][PASSED] - Browser is scrolled to position x = 0, y = 0

2019-03-11 16:53:41 - [TEST_STEP][PASSED] - if (verifyElementClickable(findTestObject("AdvanceSearch_Page/Advanced_searchtext"))): null

2019-03-11 16:53:43 - [MESSAGE][PASSED] - Object 'Object Repository/AdvanceSearch_Page/Advanced_searchtext' is clickable

2019-03-11 16:53:43 - [TEST_STEP][PASSED] - click(findTestObject("AdvanceSearch_Page/Icon_Advanced Search")): Object: 'Object Repository/AdvanceSearch_Page/Icon_Advanced Search' is clicked on

2019-03-11 16:53:45 - [MESSAGE][PASSED] - Object: 'Object Repository/AdvanceSearch_Page/Icon_Advanced Search' is clicked on

2019-03-11 16:53:45 - [TEST_STEP][PASSED] - println("Performing advance search"): null

2019-03-11 16:53:45 - [TEST_STEP][PASSED] - waitForElementVisible(findTestObject("AdvanceSearch_Page/FieldName_DropDown"), 5): Object 'Object Repository/AdvanceSearch_Page/FieldName_DropDown' is visible

2019-03-11 16:53:48 - [MESSAGE][PASSED] - Object 'Object Repository/AdvanceSearch_Page/FieldName_DropDown' is visible

2019-03-11 16:53:48 - [TEST_STEP][PASSED] - click(findTestObject("AdvanceSearch_Page/FieldName_DropDown")): Object: 'Object Repository/AdvanceSearch_Page/FieldName_DropDown' is clicked on

2019-03-11 16:53:50 - [MESSAGE][PASSED] - Object: 'Object Repository/AdvanceSearch_Page/FieldName_DropDown' is clicked on

2019-03-11 16:53:50 - [TEST_STEP][PASSED] - waitForElementVisible(findTestObject("AdvanceSearch_Page/option_Event Type id"), 2): Object 'Object Repository/AdvanceSearch_Page/option_Event Type id' is visible

2019-03-11 16:53:52 - [MESSAGE][PASSED] - Object 'Object Repository/AdvanceSearch_Page/option_Event Type id' is visible

2019-03-11 16:53:52 - [TEST_STEP][PASSED] - scrollToElement(findTestObject("AdvanceSearch_Page/option_Event Type id"), 3): Scroll to object 'Object Repository/AdvanceSearch_Page/option_Event Type id' successfully

2019-03-11 16:53:54 - [MESSAGE][PASSED] - Scroll to object 'Object Repository/AdvanceSearch_Page/option_Event Type id' successfully

2019-03-11 16:53:54 - [TEST_STEP][PASSED] - waitForElementClickable(findTestObject("AdvanceSearch_Page/option_Event Type id"), 2): Object 'Object Repository/AdvanceSearch_Page/option_Event Type id' is clickable

2019-03-11 16:53:56 - [MESSAGE][PASSED] - Object 'Object Repository/AdvanceSearch_Page/option_Event Type id' is clickable

2019-03-11 16:53:56 - [TEST_STEP][PASSED] - click(findTestObject("AdvanceSearch_Page/option_Event Type id")): Object: 'Object Repository/AdvanceSearch_Page/option_Event Type id' is clicked on

2019-03-11 16:53:58 - [MESSAGE][PASSED] - Object: 'Object Repository/AdvanceSearch_Page/option_Event Type id' is clicked on

2019-03-11 16:53:58 - [TEST_STEP][PASSED] - click(findTestObject("AdvanceSearch_Page/td_Comparision")): Object: 'Object Repository/AdvanceSearch_Page/td_Comparision' is clicked on

2019-03-11 16:54:00 - [MESSAGE][PASSED] - Object: 'Object Repository/AdvanceSearch_Page/td_Comparision' is clicked on

2019-03-11 16:54:00 - [TEST_STEP][PASSED] - waitForElementVisible(findTestObject("AdvanceSearch_Page/option_Equals"), 2): Object 'Object Repository/AdvanceSearch_Page/option_Equals' is visible

2019-03-11 16:54:02 - [MESSAGE][PASSED] - Object 'Object Repository/AdvanceSearch_Page/option_Equals' is visible

2019-03-11 16:54:03 - [TEST_STEP][PASSED] - scrollToElement(findTestObject("AdvanceSearch_Page/option_Equals"), 2): Scroll to object 'Object Repository/AdvanceSearch_Page/option_Equals' successfully

2019-03-11 16:54:05 - [MESSAGE][PASSED] - Scroll to object 'Object Repository/AdvanceSearch_Page/option_Equals' successfully

2019-03-11 16:54:05 - [TEST_STEP][PASSED] - waitForElementClickable(findTestObject("AdvanceSearch_Page/option_Equals"), 2): Object 'Object Repository/AdvanceSearch_Page/option_Equals' is clickable

2019-03-11 16:54:07 - [MESSAGE][PASSED] - Object 'Object Repository/AdvanceSearch_Page/option_Equals' is clickable

2019-03-11 16:54:07 - [TEST_STEP][PASSED] - click(findTestObject("AdvanceSearch_Page/option_Equals")): Object: 'Object Repository/AdvanceSearch_Page/option_Equals' is clicked on

2019-03-11 16:54:09 - [MESSAGE][PASSED] - Object: 'Object Repository/AdvanceSearch_Page/option_Equals' is clicked on

2019-03-11 16:54:09 - [TEST_STEP][PASSED] - waitForElementClickable(findTestObject("AdvanceSearch_Page/td_Value"), 2): Object 'Object Repository/AdvanceSearch_Page/td_Value' is clickable

2019-03-11 16:54:11 - [MESSAGE][PASSED] - Object 'Object Repository/AdvanceSearch_Page/td_Value' is clickable

2019-03-11 16:54:11 - [TEST_STEP][PASSED] - click(findTestObject("AdvanceSearch_Page/td_Value")): Object: 'Object Repository/AdvanceSearch_Page/td_Value' is clicked on

2019-03-11 16:54:13 - [MESSAGE][PASSED] - Object: 'Object Repository/AdvanceSearch_Page/td_Value' is clicked on

2019-03-11 16:54:13 - [TEST_STEP][PASSED] - setText(findTestObject("AdvanceSearch_Page/td_Value"), eventTypeName): Text 'Invest' is set on object 'Object Repository/AdvanceSearch_Page/td_Value'

2019-03-11 16:54:17 - [MESSAGE][PASSED] - Text 'Invest' is set on object 'Object Repository/AdvanceSearch_Page/td_Value'

2019-03-11 16:54:17 - [TEST_STEP][PASSED] - waitForElementClickable(findTestObject("AdvanceSearch_Page/AppySearch_button"), 2): Object 'Object Repository/AdvanceSearch_Page/AppySearch_button' is clickable

2019-03-11 16:54:20 - [MESSAGE][PASSED] - Object 'Object Repository/AdvanceSearch_Page/AppySearch_button' is clickable

2019-03-11 16:54:20 - [TEST_STEP][PASSED] - click(findTestObject("AdvanceSearch_Page/AppySearch_button")): Object: 'Object Repository/AdvanceSearch_Page/AppySearch_button' is clicked on

2019-03-11 16:54:22 - [MESSAGE][PASSED] - Object: 'Object Repository/AdvanceSearch_Page/AppySearch_button' is clicked on

2019-03-11 16:54:22 - [TEST_STEP][PASSED] - globalkeywords.record.RecordNotFound(): globalkeywords.record.RecordNotFound is PASSED

2019-03-11 16:54:32 - [MESSAGE][INFO] - Unable to find the element located by 'By.xpath: //td[@class='dataTables_empty']'. Please recheck the objects properties to make sure the desired element is located. 

2019-03-11 16:54:32 - [MESSAGE][WARNING] - Object 'Object Repository/Page_Callidus Cloud Commissions Man/NoRecordsFound' is not present after 10 second(s)

2019-03-11 16:54:32 - [MESSAGE][PASSED] - globalkeywords.record.RecordNotFound is PASSED]]></system-out>
         <system-err><![CDATA[]]></system-err>
      </testcase>
      <testcase name="Test Cases/Global_values_Workspace/Fixed ValueTypes exist in the system" classname="Test Cases/Global_values_Workspace/Fixed ValueTypes exist in the system" status="PASSED">
         <system-out><![CDATA[2019-03-11 16:54:32 - [TEST_CASE][PASSED] - Test Cases/Global_values_Workspace/Fixed ValueTypes exist in the system: Test Cases/Global_values_Workspace/Fixed ValueTypes exist in the system

2019-03-11 16:54:32 - [TEST_STEP][PASSED] - Start listener action : sampleBeforeTestCase: null

2019-03-11 16:54:32 - [TEST_STEP][PASSED] - println(testCaseContext.getTestCaseId()): null

2019-03-11 16:54:32 - [TEST_STEP][PASSED] - println(testCaseContext.getTestCaseVariables()): null

2019-03-11 16:54:33 - [TEST_STEP][PASSED] - callTestCase(findTestCase("Commission Login_Logout/Commission Login"), [:], STOP_ON_FAILURE): Call Test Case 'Test Cases/Commission Login_Logout/Commission Login' successfully

2019-03-11 16:54:33 - [TEST_CASE][PASSED] - Test Cases/Commission Login_Logout/Commission Login: Test Cases/Commission Login_Logout/Commission Login

2019-03-11 16:54:33 - [TEST_STEP][PASSED] - openBrowser(""): Browser is opened with url: ''

2019-03-11 16:54:33 - [MESSAGE][WARNING] - A browser is already opened. Closing browser and opening a new one

2019-03-11 16:54:35 - [MESSAGE][INFO] - Starting 'Chrome' driver

2019-03-11 16:54:40 - [MESSAGE][PASSED] - Browser is opened with url: ''

2019-03-11 16:54:40 - [TEST_STEP][PASSED] - navigateToUrl(BecURL): Navigate to 'https://biz3-tst.callidusondemand.com/SalesPortal/#!/' successfully

2019-03-11 16:54:52 - [MESSAGE][PASSED] - Navigate to 'https://biz3-tst.callidusondemand.com/SalesPortal/#!/' successfully

2019-03-11 16:54:52 - [TEST_STEP][PASSED] - maximizeWindow(): Current window maximized

2019-03-11 16:54:54 - [MESSAGE][PASSED] - Current window maximized

2019-03-11 16:54:54 - [TEST_STEP][PASSED] - Assert.assertEquals(getText(findTestObject("LoginPage/Header_homepage")), header_name): Text of object 'Object Repository/LoginPage/Header_homepage' is: 'Sales Performance Home '

2019-03-11 16:54:57 - [MESSAGE][PASSED] - Text of object 'Object Repository/LoginPage/Header_homepage' is: 'Sales Performance Home '

2019-03-11 16:54:57 - [TEST_STEP][PASSED] - setText(findTestObject("LoginPage/input_Username_username"), Bec_UserName): Text 'rkulkarn@calliduscloud.com' is set on object 'Object Repository/LoginPage/input_Username_username'

2019-03-11 16:55:01 - [MESSAGE][PASSED] - Text 'rkulkarn@calliduscloud.com' is set on object 'Object Repository/LoginPage/input_Username_username'

2019-03-11 16:55:01 - [TEST_STEP][PASSED] - setText(findTestObject("LoginPage/input_Password_password"), Bec_Password): Text 'Augg@1234' is set on object 'Object Repository/LoginPage/input_Password_password'

2019-03-11 16:55:05 - [MESSAGE][PASSED] - Text 'Augg@1234' is set on object 'Object Repository/LoginPage/input_Password_password'

2019-03-11 16:55:05 - [TEST_STEP][PASSED] - waitForElementClickable(findTestObject("LoginPage/Login_Button"), 2): Object 'Object Repository/LoginPage/Login_Button' is clickable

2019-03-11 16:55:08 - [MESSAGE][PASSED] - Object 'Object Repository/LoginPage/Login_Button' is clickable

2019-03-11 16:55:08 - [TEST_STEP][PASSED] - click(findTestObject("LoginPage/Login_Button")): Object: 'Object Repository/LoginPage/Login_Button' is clicked on

2019-03-11 16:55:10 - [MESSAGE][PASSED] - Object: 'Object Repository/LoginPage/Login_Button' is clicked on

2019-03-11 16:55:10 - [TEST_STEP][PASSED] - waitForPageLoad(2): Wait for page load successfully

2019-03-11 16:55:11 - [MESSAGE][PASSED] - Wait for page load successfully

2019-03-11 16:55:11 - [TEST_STEP][PASSED] - click(findTestObject("MessagesPage/Icon_Apps")): Object: 'Object Repository/MessagesPage/Icon_Apps' is clicked on

2019-03-11 16:55:14 - [MESSAGE][PASSED] - Object: 'Object Repository/MessagesPage/Icon_Apps' is clicked on

2019-03-11 16:55:14 - [TEST_STEP][PASSED] - mouseOver(findTestObject("MessagesPage/Link_Commissions")): Object: 'Object Repository/MessagesPage/Link_Commissions' is hovered

2019-03-11 16:55:17 - [MESSAGE][PASSED] - Object: 'Object Repository/MessagesPage/Link_Commissions' is hovered

2019-03-11 16:55:17 - [TEST_STEP][PASSED] - scrollToElement(findTestObject("MessagesPage/Link_Commissions"), 1): Scroll to object 'Object Repository/MessagesPage/Link_Commissions' successfully

2019-03-11 16:55:20 - [MESSAGE][PASSED] - Scroll to object 'Object Repository/MessagesPage/Link_Commissions' successfully

2019-03-11 16:55:20 - [TEST_STEP][PASSED] - click(findTestObject("MessagesPage/Link_Commissions")): Object: 'Object Repository/MessagesPage/Link_Commissions' is clicked on

2019-03-11 16:55:48 - [MESSAGE][PASSED] - Object: 'Object Repository/MessagesPage/Link_Commissions' is clicked on

2019-03-11 16:55:48 - [TEST_STEP][PASSED] - click(findTestObject("LoginPage/User_id")): Object: 'Object Repository/LoginPage/User_id' is clicked on

2019-03-11 16:55:50 - [MESSAGE][PASSED] - Object: 'Object Repository/LoginPage/User_id' is clicked on

2019-03-11 16:55:50 - [TEST_STEP][PASSED] - waitForElementVisible(findTestObject("LoginPage/user_name"), 1): Object 'Object Repository/LoginPage/user_name' is visible

2019-03-11 16:55:52 - [MESSAGE][PASSED] - Object 'Object Repository/LoginPage/user_name' is visible

2019-03-11 16:55:52 - [TEST_STEP][PASSED] - Assert.assertEquals(getText(findTestObject("LoginPage/user_name")), User_name): Text of object 'Object Repository/LoginPage/user_name' is: 'rkulkarn@calliduscloud.com'

2019-03-11 16:55:54 - [MESSAGE][PASSED] - Text of object 'Object Repository/LoginPage/user_name' is: 'rkulkarn@calliduscloud.com'

2019-03-11 16:55:54 - [TEST_STEP][PASSED] - waitForPageLoad(3): Wait for page load successfully

2019-03-11 16:55:55 - [MESSAGE][PASSED] - Wait for page load successfully

2019-03-11 16:55:55 - [MESSAGE][PASSED] - Call Test Case 'Test Cases/Commission Login_Logout/Commission Login' successfully

2019-03-11 16:55:55 - [TEST_STEP][PASSED] - mouseOver(findTestObject("HomePage_Commission/Commission_Globalvalues/Icon_GlobalValues")): Object: 'Object Repository/HomePage_Commission/Commission_Globalvalues/Icon_GlobalValues' is hovered

2019-03-11 16:55:58 - [MESSAGE][PASSED] - Object: 'Object Repository/HomePage_Commission/Commission_Globalvalues/Icon_GlobalValues' is hovered

2019-03-11 16:55:58 - [TEST_STEP][PASSED] - waitForElementPresent(findTestObject("HomePage_Commission/Commission_Globalvalues/Icon_GlobalValues"), 7): Object 'Object Repository/HomePage_Commission/Commission_Globalvalues/Icon_GlobalValues' is present

2019-03-11 16:55:59 - [MESSAGE][PASSED] - Object 'Object Repository/HomePage_Commission/Commission_Globalvalues/Icon_GlobalValues' is present

2019-03-11 16:55:59 - [TEST_STEP][PASSED] - click(findTestObject("HomePage_Commission/Commission_Globalvalues/Icon_GlobalValues")): Object: 'Object Repository/HomePage_Commission/Commission_Globalvalues/Icon_GlobalValues' is clicked on

2019-03-11 16:56:01 - [MESSAGE][PASSED] - Object: 'Object Repository/HomePage_Commission/Commission_Globalvalues/Icon_GlobalValues' is clicked on

2019-03-11 16:56:01 - [TEST_STEP][PASSED] - Assert.assertEquals(getText(findTestObject("Assertion_objects/Global_values")), Global_val): Text of object 'Object Repository/Assertion_objects/Global_values' is: 'Global Values'

2019-03-11 16:56:03 - [MESSAGE][PASSED] - Text of object 'Object Repository/Assertion_objects/Global_values' is: 'Global Values'

2019-03-11 16:56:03 - [TEST_STEP][PASSED] - println("User is able to navigate to Administration tab"): null

2019-03-11 16:56:03 - [TEST_STEP][PASSED] - waitForElementVisible(findTestObject("HomePage_Commission/Commission_Globalvalues/Link_Fixed Value Types"), 6): Object 'Object Repository/HomePage_Commission/Commission_Globalvalues/Link_Fixed Value Types' is visible

2019-03-11 16:56:05 - [MESSAGE][PASSED] - Object 'Object Repository/HomePage_Commission/Commission_Globalvalues/Link_Fixed Value Types' is visible

2019-03-11 16:56:05 - [TEST_STEP][PASSED] - mouseOver(findTestObject("HomePage_Commission/Commission_Globalvalues/Link_Fixed Value Types"), STOP_ON_FAILURE): Object: 'Object Repository/HomePage_Commission/Commission_Globalvalues/Link_Fixed Value Types' is hovered

2019-03-11 16:56:09 - [MESSAGE][PASSED] - Object: 'Object Repository/HomePage_Commission/Commission_Globalvalues/Link_Fixed Value Types' is hovered

2019-03-11 16:56:09 - [TEST_STEP][PASSED] - click(findTestObject("HomePage_Commission/Commission_Globalvalues/Link_Fixed Value Types")): Object: 'Object Repository/HomePage_Commission/Commission_Globalvalues/Link_Fixed Value Types' is clicked on

2019-03-11 16:56:30 - [MESSAGE][PASSED] - Object: 'Object Repository/HomePage_Commission/Commission_Globalvalues/Link_Fixed Value Types' is clicked on

2019-03-11 16:56:30 - [TEST_STEP][PASSED] - Assert.assertEquals(getText(findTestObject("Assertion_objects/Fixed valuetypes")), FVT_txt): Text of object 'Object Repository/Assertion_objects/Fixed valuetypes' is: 'Fixed Value Types'

2019-03-11 16:56:32 - [MESSAGE][PASSED] - Text of object 'Object Repository/Assertion_objects/Fixed valuetypes' is: 'Fixed Value Types'

2019-03-11 16:56:32 - [TEST_STEP][PASSED] - println("User Navigated to Fixed Value types screen"): null

2019-03-11 16:56:32 - [TEST_STEP][PASSED] - scrollToPosition(0, 0): Browser is scrolled to position x = 0, y = 0

2019-03-11 16:56:33 - [MESSAGE][PASSED] - Browser is scrolled to position x = 0, y = 0

2019-03-11 16:56:33 - [TEST_STEP][PASSED] - if (verifyElementClickable(findTestObject("AdvanceSearch_Page/Advanced_searchtext"))): null

2019-03-11 16:56:35 - [MESSAGE][PASSED] - Object 'Object Repository/AdvanceSearch_Page/Advanced_searchtext' is clickable

2019-03-11 16:56:35 - [TEST_STEP][PASSED] - click(findTestObject("AdvanceSearch_Page/Icon_Advanced Search")): Object: 'Object Repository/AdvanceSearch_Page/Icon_Advanced Search' is clicked on

2019-03-11 16:56:37 - [MESSAGE][PASSED] - Object: 'Object Repository/AdvanceSearch_Page/Icon_Advanced Search' is clicked on

2019-03-11 16:56:37 - [TEST_STEP][PASSED] - println("Performing advance search"): null

2019-03-11 16:56:37 - [TEST_STEP][PASSED] - click(findTestObject("AdvanceSearch_Page/FieldName_DropDown")): Object: 'Object Repository/AdvanceSearch_Page/FieldName_DropDown' is clicked on

2019-03-11 16:56:39 - [MESSAGE][PASSED] - Object: 'Object Repository/AdvanceSearch_Page/FieldName_DropDown' is clicked on

2019-03-11 16:56:39 - [TEST_STEP][PASSED] - scrollToElement(findTestObject("AdvanceSearch_Page/option_Fixed Value Type id"), 3): Scroll to object 'Object Repository/AdvanceSearch_Page/option_Fixed Value Type id' successfully

2019-03-11 16:56:42 - [MESSAGE][PASSED] - Scroll to object 'Object Repository/AdvanceSearch_Page/option_Fixed Value Type id' successfully

2019-03-11 16:56:42 - [TEST_STEP][PASSED] - click(findTestObject("AdvanceSearch_Page/option_Fixed Value Type id")): Object: 'Object Repository/AdvanceSearch_Page/option_Fixed Value Type id' is clicked on

2019-03-11 16:56:44 - [MESSAGE][PASSED] - Object: 'Object Repository/AdvanceSearch_Page/option_Fixed Value Type id' is clicked on

2019-03-11 16:56:44 - [TEST_STEP][PASSED] - click(findTestObject("AdvanceSearch_Page/td_Comparision")): Object: 'Object Repository/AdvanceSearch_Page/td_Comparision' is clicked on

2019-03-11 16:56:46 - [MESSAGE][PASSED] - Object: 'Object Repository/AdvanceSearch_Page/td_Comparision' is clicked on

2019-03-11 16:56:46 - [TEST_STEP][PASSED] - scrollToElement(findTestObject("AdvanceSearch_Page/option_Equals"), 2): Scroll to object 'Object Repository/AdvanceSearch_Page/option_Equals' successfully

2019-03-11 16:56:48 - [MESSAGE][PASSED] - Scroll to object 'Object Repository/AdvanceSearch_Page/option_Equals' successfully

2019-03-11 16:56:48 - [TEST_STEP][PASSED] - click(findTestObject("AdvanceSearch_Page/option_Equals")): Object: 'Object Repository/AdvanceSearch_Page/option_Equals' is clicked on

2019-03-11 16:56:50 - [MESSAGE][PASSED] - Object: 'Object Repository/AdvanceSearch_Page/option_Equals' is clicked on

2019-03-11 16:56:50 - [TEST_STEP][PASSED] - setText(findTestObject("AdvanceSearch_Page/td_Value"), FV_Type): Text 'Multiplier_vis' is set on object 'Object Repository/AdvanceSearch_Page/td_Value'

2019-03-11 16:56:55 - [MESSAGE][PASSED] - Text 'Multiplier_vis' is set on object 'Object Repository/AdvanceSearch_Page/td_Value'

2019-03-11 16:56:55 - [TEST_STEP][PASSED] - click(findTestObject("AdvanceSearch_Page/AppySearch_button")): Object: 'Object Repository/AdvanceSearch_Page/AppySearch_button' is clicked on

2019-03-11 16:56:57 - [MESSAGE][PASSED] - Object: 'Object Repository/AdvanceSearch_Page/AppySearch_button' is clicked on

2019-03-11 16:56:57 - [TEST_STEP][PASSED] - globalkeywords.record.RecordNotFound(): globalkeywords.record.RecordNotFound is PASSED

2019-03-11 16:57:08 - [MESSAGE][INFO] - Unable to find the element located by 'By.xpath: //td[@class='dataTables_empty']'. Please recheck the objects properties to make sure the desired element is located. 

2019-03-11 16:57:08 - [MESSAGE][WARNING] - Object 'Object Repository/Page_Callidus Cloud Commissions Man/NoRecordsFound' is not present after 10 second(s)

2019-03-11 16:57:08 - [MESSAGE][PASSED] - globalkeywords.record.RecordNotFound is PASSED]]></system-out>
         <system-err><![CDATA[]]></system-err>
      </testcase>
      <testcase name="Test Cases/Global_values_Workspace/Position Groups exist in the system" classname="Test Cases/Global_values_Workspace/Position Groups exist in the system" status="PASSED">
         <system-out><![CDATA[2019-03-11 16:57:08 - [TEST_CASE][PASSED] - Test Cases/Global_values_Workspace/Position Groups exist in the system: Test Cases/Global_values_Workspace/Position Groups exist in the system

2019-03-11 16:57:08 - [TEST_STEP][PASSED] - Start listener action : sampleBeforeTestCase: null

2019-03-11 16:57:08 - [TEST_STEP][PASSED] - println(testCaseContext.getTestCaseId()): null

2019-03-11 16:57:08 - [TEST_STEP][PASSED] - println(testCaseContext.getTestCaseVariables()): null

2019-03-11 16:57:08 - [TEST_STEP][PASSED] - callTestCase(findTestCase("Commission Login_Logout/Commission Login"), [:], STOP_ON_FAILURE): Call Test Case 'Test Cases/Commission Login_Logout/Commission Login' successfully

2019-03-11 16:57:08 - [TEST_CASE][PASSED] - Test Cases/Commission Login_Logout/Commission Login: Test Cases/Commission Login_Logout/Commission Login

2019-03-11 16:57:08 - [TEST_STEP][PASSED] - openBrowser(""): Browser is opened with url: ''

2019-03-11 16:57:08 - [MESSAGE][WARNING] - A browser is already opened. Closing browser and opening a new one

2019-03-11 16:57:10 - [MESSAGE][INFO] - Starting 'Chrome' driver

2019-03-11 16:57:15 - [MESSAGE][PASSED] - Browser is opened with url: ''

2019-03-11 16:57:15 - [TEST_STEP][PASSED] - navigateToUrl(BecURL): Navigate to 'https://biz3-tst.callidusondemand.com/SalesPortal/#!/' successfully

2019-03-11 16:57:26 - [MESSAGE][PASSED] - Navigate to 'https://biz3-tst.callidusondemand.com/SalesPortal/#!/' successfully

2019-03-11 16:57:26 - [TEST_STEP][PASSED] - maximizeWindow(): Current window maximized

2019-03-11 16:57:28 - [MESSAGE][PASSED] - Current window maximized

2019-03-11 16:57:28 - [TEST_STEP][PASSED] - Assert.assertEquals(getText(findTestObject("LoginPage/Header_homepage")), header_name): Text of object 'Object Repository/LoginPage/Header_homepage' is: 'Sales Performance Home '

2019-03-11 16:57:30 - [MESSAGE][PASSED] - Text of object 'Object Repository/LoginPage/Header_homepage' is: 'Sales Performance Home '

2019-03-11 16:57:30 - [TEST_STEP][PASSED] - setText(findTestObject("LoginPage/input_Username_username"), Bec_UserName): Text 'rkulkarn@calliduscloud.com' is set on object 'Object Repository/LoginPage/input_Username_username'

2019-03-11 16:57:35 - [MESSAGE][PASSED] - Text 'rkulkarn@calliduscloud.com' is set on object 'Object Repository/LoginPage/input_Username_username'

2019-03-11 16:57:35 - [TEST_STEP][PASSED] - setText(findTestObject("LoginPage/input_Password_password"), Bec_Password): Text 'Augg@1234' is set on object 'Object Repository/LoginPage/input_Password_password'

2019-03-11 16:57:39 - [MESSAGE][PASSED] - Text 'Augg@1234' is set on object 'Object Repository/LoginPage/input_Password_password'

2019-03-11 16:57:39 - [TEST_STEP][PASSED] - waitForElementClickable(findTestObject("LoginPage/Login_Button"), 2): Object 'Object Repository/LoginPage/Login_Button' is clickable

2019-03-11 16:57:41 - [MESSAGE][PASSED] - Object 'Object Repository/LoginPage/Login_Button' is clickable

2019-03-11 16:57:41 - [TEST_STEP][PASSED] - click(findTestObject("LoginPage/Login_Button")): Object: 'Object Repository/LoginPage/Login_Button' is clicked on

2019-03-11 16:57:43 - [MESSAGE][PASSED] - Object: 'Object Repository/LoginPage/Login_Button' is clicked on

2019-03-11 16:57:43 - [TEST_STEP][PASSED] - waitForPageLoad(2): Wait for page load successfully

2019-03-11 16:57:44 - [MESSAGE][PASSED] - Wait for page load successfully

2019-03-11 16:57:44 - [TEST_STEP][PASSED] - click(findTestObject("MessagesPage/Icon_Apps")): Object: 'Object Repository/MessagesPage/Icon_Apps' is clicked on

2019-03-11 16:57:48 - [MESSAGE][PASSED] - Object: 'Object Repository/MessagesPage/Icon_Apps' is clicked on

2019-03-11 16:57:48 - [TEST_STEP][PASSED] - mouseOver(findTestObject("MessagesPage/Link_Commissions")): Object: 'Object Repository/MessagesPage/Link_Commissions' is hovered

2019-03-11 16:57:51 - [MESSAGE][PASSED] - Object: 'Object Repository/MessagesPage/Link_Commissions' is hovered

2019-03-11 16:57:51 - [TEST_STEP][PASSED] - scrollToElement(findTestObject("MessagesPage/Link_Commissions"), 1): Scroll to object 'Object Repository/MessagesPage/Link_Commissions' successfully

2019-03-11 16:57:53 - [MESSAGE][PASSED] - Scroll to object 'Object Repository/MessagesPage/Link_Commissions' successfully

2019-03-11 16:57:53 - [TEST_STEP][PASSED] - click(findTestObject("MessagesPage/Link_Commissions")): Object: 'Object Repository/MessagesPage/Link_Commissions' is clicked on

2019-03-11 16:58:30 - [MESSAGE][PASSED] - Object: 'Object Repository/MessagesPage/Link_Commissions' is clicked on

2019-03-11 16:58:30 - [TEST_STEP][PASSED] - click(findTestObject("LoginPage/User_id")): Object: 'Object Repository/LoginPage/User_id' is clicked on

2019-03-11 16:58:32 - [MESSAGE][PASSED] - Object: 'Object Repository/LoginPage/User_id' is clicked on

2019-03-11 16:58:32 - [TEST_STEP][PASSED] - waitForElementVisible(findTestObject("LoginPage/user_name"), 1): Object 'Object Repository/LoginPage/user_name' is visible

2019-03-11 16:58:34 - [MESSAGE][PASSED] - Object 'Object Repository/LoginPage/user_name' is visible

2019-03-11 16:58:34 - [TEST_STEP][PASSED] - Assert.assertEquals(getText(findTestObject("LoginPage/user_name")), User_name): Text of object 'Object Repository/LoginPage/user_name' is: 'rkulkarn@calliduscloud.com'

2019-03-11 16:58:36 - [MESSAGE][PASSED] - Text of object 'Object Repository/LoginPage/user_name' is: 'rkulkarn@calliduscloud.com'

2019-03-11 16:58:36 - [TEST_STEP][PASSED] - waitForPageLoad(3): Wait for page load successfully

2019-03-11 16:58:37 - [MESSAGE][PASSED] - Wait for page load successfully

2019-03-11 16:58:37 - [MESSAGE][PASSED] - Call Test Case 'Test Cases/Commission Login_Logout/Commission Login' successfully

2019-03-11 16:58:37 - [TEST_STEP][PASSED] - mouseOver(findTestObject("HomePage_Commission/Commission_Globalvalues/Icon_GlobalValues")): Object: 'Object Repository/HomePage_Commission/Commission_Globalvalues/Icon_GlobalValues' is hovered

2019-03-11 16:58:40 - [MESSAGE][PASSED] - Object: 'Object Repository/HomePage_Commission/Commission_Globalvalues/Icon_GlobalValues' is hovered

2019-03-11 16:58:40 - [TEST_STEP][PASSED] - waitForElementPresent(findTestObject("HomePage_Commission/Commission_Globalvalues/Icon_GlobalValues"), 7): Object 'Object Repository/HomePage_Commission/Commission_Globalvalues/Icon_GlobalValues' is present

2019-03-11 16:58:41 - [MESSAGE][PASSED] - Object 'Object Repository/HomePage_Commission/Commission_Globalvalues/Icon_GlobalValues' is present

2019-03-11 16:58:41 - [TEST_STEP][PASSED] - click(findTestObject("HomePage_Commission/Commission_Globalvalues/Icon_GlobalValues")): Object: 'Object Repository/HomePage_Commission/Commission_Globalvalues/Icon_GlobalValues' is clicked on

2019-03-11 16:58:43 - [MESSAGE][PASSED] - Object: 'Object Repository/HomePage_Commission/Commission_Globalvalues/Icon_GlobalValues' is clicked on

2019-03-11 16:58:43 - [TEST_STEP][PASSED] - Assert.assertEquals(getText(findTestObject("Assertion_objects/Global_values")), Global_val): Text of object 'Object Repository/Assertion_objects/Global_values' is: 'Global Values'

2019-03-11 16:58:46 - [MESSAGE][PASSED] - Text of object 'Object Repository/Assertion_objects/Global_values' is: 'Global Values'

2019-03-11 16:58:46 - [TEST_STEP][PASSED] - println("User is able to navigate to Administration tab"): null

2019-03-11 16:58:46 - [TEST_STEP][PASSED] - waitForElementVisible(findTestObject("HomePage_Commission/Commission_Globalvalues/Link_Position Groups"), 7): Object 'Object Repository/HomePage_Commission/Commission_Globalvalues/Link_Position Groups' is visible

2019-03-11 16:58:48 - [MESSAGE][PASSED] - Object 'Object Repository/HomePage_Commission/Commission_Globalvalues/Link_Position Groups' is visible

2019-03-11 16:58:48 - [TEST_STEP][PASSED] - mouseOver(findTestObject("HomePage_Commission/Commission_Globalvalues/Link_Position Groups"), STOP_ON_FAILURE): Object: 'Object Repository/HomePage_Commission/Commission_Globalvalues/Link_Position Groups' is hovered

2019-03-11 16:58:51 - [MESSAGE][PASSED] - Object: 'Object Repository/HomePage_Commission/Commission_Globalvalues/Link_Position Groups' is hovered

2019-03-11 16:58:51 - [TEST_STEP][PASSED] - click(findTestObject("HomePage_Commission/Commission_Globalvalues/Link_Position Groups")): Object: 'Object Repository/HomePage_Commission/Commission_Globalvalues/Link_Position Groups' is clicked on

2019-03-11 16:59:02 - [MESSAGE][PASSED] - Object: 'Object Repository/HomePage_Commission/Commission_Globalvalues/Link_Position Groups' is clicked on

2019-03-11 16:59:02 - [TEST_STEP][PASSED] - Assert.assertEquals(getText(findTestObject("Assertion_objects/Position Groups")), PG_txt): Text of object 'Object Repository/Assertion_objects/Position Groups' is: 'Position Groups'

2019-03-11 16:59:04 - [MESSAGE][PASSED] - Text of object 'Object Repository/Assertion_objects/Position Groups' is: 'Position Groups'

2019-03-11 16:59:04 - [TEST_STEP][PASSED] - println("User Navigated to Position Groups screen"): null

2019-03-11 16:59:04 - [TEST_STEP][PASSED] - scrollToPosition(0, 0): Browser is scrolled to position x = 0, y = 0

2019-03-11 16:59:05 - [MESSAGE][PASSED] - Browser is scrolled to position x = 0, y = 0

2019-03-11 16:59:05 - [TEST_STEP][PASSED] - if (verifyElementClickable(findTestObject("AdvanceSearch_Page/Advanced_searchtext"))): null

2019-03-11 16:59:07 - [MESSAGE][PASSED] - Object 'Object Repository/AdvanceSearch_Page/Advanced_searchtext' is clickable

2019-03-11 16:59:07 - [TEST_STEP][PASSED] - click(findTestObject("AdvanceSearch_Page/Icon_Advanced Search")): Object: 'Object Repository/AdvanceSearch_Page/Icon_Advanced Search' is clicked on

2019-03-11 16:59:10 - [MESSAGE][PASSED] - Object: 'Object Repository/AdvanceSearch_Page/Icon_Advanced Search' is clicked on

2019-03-11 16:59:10 - [TEST_STEP][PASSED] - println("Performing advance search"): null

2019-03-11 16:59:10 - [TEST_STEP][PASSED] - click(findTestObject("AdvanceSearch_Page/FieldName_DropDown")): Object: 'Object Repository/AdvanceSearch_Page/FieldName_DropDown' is clicked on

2019-03-11 16:59:12 - [MESSAGE][PASSED] - Object: 'Object Repository/AdvanceSearch_Page/FieldName_DropDown' is clicked on

2019-03-11 16:59:12 - [TEST_STEP][PASSED] - scrollToElement(findTestObject("AdvanceSearch_Page/option_Position Groups"), 3): Scroll to object 'Object Repository/AdvanceSearch_Page/option_Position Groups' successfully

2019-03-11 16:59:14 - [MESSAGE][PASSED] - Scroll to object 'Object Repository/AdvanceSearch_Page/option_Position Groups' successfully

2019-03-11 16:59:14 - [TEST_STEP][PASSED] - click(findTestObject("AdvanceSearch_Page/option_Position Groups")): Object: 'Object Repository/AdvanceSearch_Page/option_Position Groups' is clicked on

2019-03-11 16:59:16 - [MESSAGE][PASSED] - Object: 'Object Repository/AdvanceSearch_Page/option_Position Groups' is clicked on

2019-03-11 16:59:16 - [TEST_STEP][PASSED] - click(findTestObject("AdvanceSearch_Page/td_Comparision")): Object: 'Object Repository/AdvanceSearch_Page/td_Comparision' is clicked on

2019-03-11 16:59:18 - [MESSAGE][PASSED] - Object: 'Object Repository/AdvanceSearch_Page/td_Comparision' is clicked on

2019-03-11 16:59:18 - [TEST_STEP][PASSED] - scrollToElement(findTestObject("AdvanceSearch_Page/option_Equals"), 2): Scroll to object 'Object Repository/AdvanceSearch_Page/option_Equals' successfully

2019-03-11 16:59:20 - [MESSAGE][PASSED] - Scroll to object 'Object Repository/AdvanceSearch_Page/option_Equals' successfully

2019-03-11 16:59:20 - [TEST_STEP][PASSED] - click(findTestObject("AdvanceSearch_Page/option_Equals")): Object: 'Object Repository/AdvanceSearch_Page/option_Equals' is clicked on

2019-03-11 16:59:22 - [MESSAGE][PASSED] - Object: 'Object Repository/AdvanceSearch_Page/option_Equals' is clicked on

2019-03-11 16:59:22 - [TEST_STEP][PASSED] - setText(findTestObject("AdvanceSearch_Page/td_Value"), Pos_Grp): Text 'POS_DEMO2' is set on object 'Object Repository/AdvanceSearch_Page/td_Value'

2019-03-11 16:59:27 - [MESSAGE][PASSED] - Text 'POS_DEMO2' is set on object 'Object Repository/AdvanceSearch_Page/td_Value'

2019-03-11 16:59:27 - [TEST_STEP][PASSED] - click(findTestObject("AdvanceSearch_Page/AppySearch_button")): Object: 'Object Repository/AdvanceSearch_Page/AppySearch_button' is clicked on

2019-03-11 16:59:29 - [MESSAGE][PASSED] - Object: 'Object Repository/AdvanceSearch_Page/AppySearch_button' is clicked on

2019-03-11 16:59:29 - [TEST_STEP][PASSED] - globalkeywords.record.RecordNotFound(): globalkeywords.record.RecordNotFound is PASSED

2019-03-11 16:59:40 - [MESSAGE][INFO] - Unable to find the element located by 'By.xpath: //td[@class='dataTables_empty']'. Please recheck the objects properties to make sure the desired element is located. 

2019-03-11 16:59:40 - [MESSAGE][WARNING] - Object 'Object Repository/Page_Callidus Cloud Commissions Man/NoRecordsFound' is not present after 10 second(s)

2019-03-11 16:59:40 - [MESSAGE][PASSED] - globalkeywords.record.RecordNotFound is PASSED]]></system-out>
         <system-err><![CDATA[]]></system-err>
      </testcase>
      <testcase name="Test Cases/Global_values_Workspace/Reason_Codes exist in the system" classname="Test Cases/Global_values_Workspace/Reason_Codes exist in the system" status="PASSED">
         <system-out><![CDATA[2019-03-11 16:59:40 - [TEST_CASE][PASSED] - Test Cases/Global_values_Workspace/Reason_Codes exist in the system: Test Cases/Global_values_Workspace/Reason_Codes exist in the system

2019-03-11 16:59:40 - [TEST_STEP][PASSED] - Start listener action : sampleBeforeTestCase: null

2019-03-11 16:59:40 - [TEST_STEP][PASSED] - println(testCaseContext.getTestCaseId()): null

2019-03-11 16:59:40 - [TEST_STEP][PASSED] - println(testCaseContext.getTestCaseVariables()): null

2019-03-11 16:59:40 - [TEST_STEP][PASSED] - callTestCase(findTestCase("Commission Login_Logout/Commission Login"), [:], STOP_ON_FAILURE): Call Test Case 'Test Cases/Commission Login_Logout/Commission Login' successfully

2019-03-11 16:59:41 - [TEST_CASE][PASSED] - Test Cases/Commission Login_Logout/Commission Login: Test Cases/Commission Login_Logout/Commission Login

2019-03-11 16:59:41 - [TEST_STEP][PASSED] - openBrowser(""): Browser is opened with url: ''

2019-03-11 16:59:41 - [MESSAGE][WARNING] - A browser is already opened. Closing browser and opening a new one

2019-03-11 16:59:42 - [MESSAGE][INFO] - Starting 'Chrome' driver

2019-03-11 16:59:47 - [MESSAGE][PASSED] - Browser is opened with url: ''

2019-03-11 16:59:47 - [TEST_STEP][PASSED] - navigateToUrl(BecURL): Navigate to 'https://biz3-tst.callidusondemand.com/SalesPortal/#!/' successfully

2019-03-11 17:00:02 - [MESSAGE][PASSED] - Navigate to 'https://biz3-tst.callidusondemand.com/SalesPortal/#!/' successfully

2019-03-11 17:00:02 - [TEST_STEP][PASSED] - maximizeWindow(): Current window maximized

2019-03-11 17:00:04 - [MESSAGE][PASSED] - Current window maximized

2019-03-11 17:00:04 - [TEST_STEP][PASSED] - Assert.assertEquals(getText(findTestObject("LoginPage/Header_homepage")), header_name): Text of object 'Object Repository/LoginPage/Header_homepage' is: 'Sales Performance Home '

2019-03-11 17:00:06 - [MESSAGE][PASSED] - Text of object 'Object Repository/LoginPage/Header_homepage' is: 'Sales Performance Home '

2019-03-11 17:00:06 - [TEST_STEP][PASSED] - setText(findTestObject("LoginPage/input_Username_username"), Bec_UserName): Text 'rkulkarn@calliduscloud.com' is set on object 'Object Repository/LoginPage/input_Username_username'

2019-03-11 17:00:11 - [MESSAGE][PASSED] - Text 'rkulkarn@calliduscloud.com' is set on object 'Object Repository/LoginPage/input_Username_username'

2019-03-11 17:00:11 - [TEST_STEP][PASSED] - setText(findTestObject("LoginPage/input_Password_password"), Bec_Password): Text 'Augg@1234' is set on object 'Object Repository/LoginPage/input_Password_password'

2019-03-11 17:00:15 - [MESSAGE][PASSED] - Text 'Augg@1234' is set on object 'Object Repository/LoginPage/input_Password_password'

2019-03-11 17:00:15 - [TEST_STEP][PASSED] - waitForElementClickable(findTestObject("LoginPage/Login_Button"), 2): Object 'Object Repository/LoginPage/Login_Button' is clickable

2019-03-11 17:00:17 - [MESSAGE][PASSED] - Object 'Object Repository/LoginPage/Login_Button' is clickable

2019-03-11 17:00:17 - [TEST_STEP][PASSED] - click(findTestObject("LoginPage/Login_Button")): Object: 'Object Repository/LoginPage/Login_Button' is clicked on

2019-03-11 17:00:19 - [MESSAGE][PASSED] - Object: 'Object Repository/LoginPage/Login_Button' is clicked on

2019-03-11 17:00:19 - [TEST_STEP][PASSED] - waitForPageLoad(2): Wait for page load successfully

2019-03-11 17:00:20 - [MESSAGE][PASSED] - Wait for page load successfully

2019-03-11 17:00:20 - [TEST_STEP][PASSED] - click(findTestObject("MessagesPage/Icon_Apps")): Object: 'Object Repository/MessagesPage/Icon_Apps' is clicked on

2019-03-11 17:00:24 - [MESSAGE][PASSED] - Object: 'Object Repository/MessagesPage/Icon_Apps' is clicked on

2019-03-11 17:00:24 - [TEST_STEP][PASSED] - mouseOver(findTestObject("MessagesPage/Link_Commissions")): Object: 'Object Repository/MessagesPage/Link_Commissions' is hovered

2019-03-11 17:00:27 - [MESSAGE][PASSED] - Object: 'Object Repository/MessagesPage/Link_Commissions' is hovered

2019-03-11 17:00:27 - [TEST_STEP][PASSED] - scrollToElement(findTestObject("MessagesPage/Link_Commissions"), 1): Scroll to object 'Object Repository/MessagesPage/Link_Commissions' successfully

2019-03-11 17:00:29 - [MESSAGE][PASSED] - Scroll to object 'Object Repository/MessagesPage/Link_Commissions' successfully

2019-03-11 17:00:29 - [TEST_STEP][PASSED] - click(findTestObject("MessagesPage/Link_Commissions")): Object: 'Object Repository/MessagesPage/Link_Commissions' is clicked on

2019-03-11 17:00:57 - [MESSAGE][PASSED] - Object: 'Object Repository/MessagesPage/Link_Commissions' is clicked on

2019-03-11 17:00:57 - [TEST_STEP][PASSED] - click(findTestObject("LoginPage/User_id")): Object: 'Object Repository/LoginPage/User_id' is clicked on

2019-03-11 17:00:59 - [MESSAGE][PASSED] - Object: 'Object Repository/LoginPage/User_id' is clicked on

2019-03-11 17:00:59 - [TEST_STEP][PASSED] - waitForElementVisible(findTestObject("LoginPage/user_name"), 1): Object 'Object Repository/LoginPage/user_name' is visible

2019-03-11 17:01:01 - [MESSAGE][PASSED] - Object 'Object Repository/LoginPage/user_name' is visible

2019-03-11 17:01:01 - [TEST_STEP][PASSED] - Assert.assertEquals(getText(findTestObject("LoginPage/user_name")), User_name): Text of object 'Object Repository/LoginPage/user_name' is: 'rkulkarn@calliduscloud.com'

2019-03-11 17:01:03 - [MESSAGE][PASSED] - Text of object 'Object Repository/LoginPage/user_name' is: 'rkulkarn@calliduscloud.com'

2019-03-11 17:01:03 - [TEST_STEP][PASSED] - waitForPageLoad(3): Wait for page load successfully

2019-03-11 17:01:04 - [MESSAGE][PASSED] - Wait for page load successfully

2019-03-11 17:01:04 - [MESSAGE][PASSED] - Call Test Case 'Test Cases/Commission Login_Logout/Commission Login' successfully

2019-03-11 17:01:04 - [TEST_STEP][PASSED] - mouseOver(findTestObject("HomePage_Commission/Commission_Globalvalues/Icon_GlobalValues")): Object: 'Object Repository/HomePage_Commission/Commission_Globalvalues/Icon_GlobalValues' is hovered

2019-03-11 17:01:07 - [MESSAGE][PASSED] - Object: 'Object Repository/HomePage_Commission/Commission_Globalvalues/Icon_GlobalValues' is hovered

2019-03-11 17:01:07 - [TEST_STEP][PASSED] - waitForElementPresent(findTestObject("HomePage_Commission/Commission_Globalvalues/Icon_GlobalValues"), 7): Object 'Object Repository/HomePage_Commission/Commission_Globalvalues/Icon_GlobalValues' is present

2019-03-11 17:01:08 - [MESSAGE][PASSED] - Object 'Object Repository/HomePage_Commission/Commission_Globalvalues/Icon_GlobalValues' is present

2019-03-11 17:01:08 - [TEST_STEP][PASSED] - click(findTestObject("HomePage_Commission/Commission_Globalvalues/Icon_GlobalValues")): Object: 'Object Repository/HomePage_Commission/Commission_Globalvalues/Icon_GlobalValues' is clicked on

2019-03-11 17:01:10 - [MESSAGE][PASSED] - Object: 'Object Repository/HomePage_Commission/Commission_Globalvalues/Icon_GlobalValues' is clicked on

2019-03-11 17:01:10 - [TEST_STEP][PASSED] - Assert.assertEquals(getText(findTestObject("Assertion_objects/Global_values")), Global_val): Text of object 'Object Repository/Assertion_objects/Global_values' is: 'Global Values'

2019-03-11 17:01:12 - [MESSAGE][PASSED] - Text of object 'Object Repository/Assertion_objects/Global_values' is: 'Global Values'

2019-03-11 17:01:12 - [TEST_STEP][PASSED] - println("User is able to navigate to Administration tab"): null

2019-03-11 17:01:12 - [TEST_STEP][PASSED] - waitForElementVisible(findTestObject("HomePage_Commission/Commission_Globalvalues/Link_Reason Codes"), 8): Object 'Object Repository/HomePage_Commission/Commission_Globalvalues/Link_Reason Codes' is visible

2019-03-11 17:01:15 - [MESSAGE][PASSED] - Object 'Object Repository/HomePage_Commission/Commission_Globalvalues/Link_Reason Codes' is visible

2019-03-11 17:01:15 - [TEST_STEP][PASSED] - mouseOver(findTestObject("HomePage_Commission/Commission_Globalvalues/Link_Reason Codes"), STOP_ON_FAILURE): Object: 'Object Repository/HomePage_Commission/Commission_Globalvalues/Link_Reason Codes' is hovered

2019-03-11 17:01:18 - [MESSAGE][PASSED] - Object: 'Object Repository/HomePage_Commission/Commission_Globalvalues/Link_Reason Codes' is hovered

2019-03-11 17:01:18 - [TEST_STEP][PASSED] - click(findTestObject("HomePage_Commission/Commission_Globalvalues/Link_Reason Codes")): Object: 'Object Repository/HomePage_Commission/Commission_Globalvalues/Link_Reason Codes' is clicked on

2019-03-11 17:01:33 - [MESSAGE][PASSED] - Object: 'Object Repository/HomePage_Commission/Commission_Globalvalues/Link_Reason Codes' is clicked on

2019-03-11 17:01:33 - [TEST_STEP][PASSED] - Assert.assertEquals(getText(findTestObject("Assertion_objects/Reason Codes")), RC_txt): Text of object 'Object Repository/Assertion_objects/Reason Codes' is: 'Reason Codes'

2019-03-11 17:01:35 - [MESSAGE][PASSED] - Text of object 'Object Repository/Assertion_objects/Reason Codes' is: 'Reason Codes'

2019-03-11 17:01:35 - [TEST_STEP][PASSED] - println("User Navigated to Reason Codes screen"): null

2019-03-11 17:01:35 - [TEST_STEP][PASSED] - scrollToPosition(0, 0): Browser is scrolled to position x = 0, y = 0

2019-03-11 17:01:36 - [MESSAGE][PASSED] - Browser is scrolled to position x = 0, y = 0

2019-03-11 17:01:36 - [TEST_STEP][PASSED] - if (verifyElementClickable(findTestObject("AdvanceSearch_Page/Advanced_searchtext"))): null

2019-03-11 17:01:38 - [MESSAGE][PASSED] - Object 'Object Repository/AdvanceSearch_Page/Advanced_searchtext' is clickable

2019-03-11 17:01:38 - [TEST_STEP][PASSED] - click(findTestObject("AdvanceSearch_Page/Icon_Advanced Search")): Object: 'Object Repository/AdvanceSearch_Page/Icon_Advanced Search' is clicked on

2019-03-11 17:01:40 - [MESSAGE][PASSED] - Object: 'Object Repository/AdvanceSearch_Page/Icon_Advanced Search' is clicked on

2019-03-11 17:01:40 - [TEST_STEP][PASSED] - println("Performing advance search"): null

2019-03-11 17:01:40 - [TEST_STEP][PASSED] - click(findTestObject("AdvanceSearch_Page/FieldName_DropDown")): Object: 'Object Repository/AdvanceSearch_Page/FieldName_DropDown' is clicked on

2019-03-11 17:01:43 - [MESSAGE][PASSED] - Object: 'Object Repository/AdvanceSearch_Page/FieldName_DropDown' is clicked on

2019-03-11 17:01:43 - [TEST_STEP][PASSED] - scrollToElement(findTestObject("AdvanceSearch_Page/option_Reason Code id"), 3): Scroll to object 'Object Repository/AdvanceSearch_Page/option_Reason Code id' successfully

2019-03-11 17:01:45 - [MESSAGE][PASSED] - Scroll to object 'Object Repository/AdvanceSearch_Page/option_Reason Code id' successfully

2019-03-11 17:01:45 - [TEST_STEP][PASSED] - click(findTestObject("AdvanceSearch_Page/option_Reason Code id")): Object: 'Object Repository/AdvanceSearch_Page/option_Reason Code id' is clicked on

2019-03-11 17:01:47 - [MESSAGE][PASSED] - Object: 'Object Repository/AdvanceSearch_Page/option_Reason Code id' is clicked on

2019-03-11 17:01:47 - [TEST_STEP][PASSED] - click(findTestObject("AdvanceSearch_Page/td_Comparision")): Object: 'Object Repository/AdvanceSearch_Page/td_Comparision' is clicked on

2019-03-11 17:01:49 - [MESSAGE][PASSED] - Object: 'Object Repository/AdvanceSearch_Page/td_Comparision' is clicked on

2019-03-11 17:01:49 - [TEST_STEP][PASSED] - scrollToElement(findTestObject("AdvanceSearch_Page/option_Equals"), 2): Scroll to object 'Object Repository/AdvanceSearch_Page/option_Equals' successfully

2019-03-11 17:01:51 - [MESSAGE][PASSED] - Scroll to object 'Object Repository/AdvanceSearch_Page/option_Equals' successfully

2019-03-11 17:01:51 - [TEST_STEP][PASSED] - click(findTestObject("AdvanceSearch_Page/option_Equals")): Object: 'Object Repository/AdvanceSearch_Page/option_Equals' is clicked on

2019-03-11 17:01:53 - [MESSAGE][PASSED] - Object: 'Object Repository/AdvanceSearch_Page/option_Equals' is clicked on

2019-03-11 17:01:53 - [TEST_STEP][PASSED] - setText(findTestObject("AdvanceSearch_Page/td_Value"), Reason_codes): Text 'Test RC' is set on object 'Object Repository/AdvanceSearch_Page/td_Value'

2019-03-11 17:01:58 - [MESSAGE][PASSED] - Text 'Test RC' is set on object 'Object Repository/AdvanceSearch_Page/td_Value'

2019-03-11 17:01:58 - [TEST_STEP][PASSED] - click(findTestObject("AdvanceSearch_Page/AppySearch_button")): Object: 'Object Repository/AdvanceSearch_Page/AppySearch_button' is clicked on

2019-03-11 17:02:00 - [MESSAGE][PASSED] - Object: 'Object Repository/AdvanceSearch_Page/AppySearch_button' is clicked on

2019-03-11 17:02:00 - [TEST_STEP][PASSED] - globalkeywords.record.RecordNotFound(): globalkeywords.record.RecordNotFound is PASSED

2019-03-11 17:02:11 - [MESSAGE][INFO] - Unable to find the element located by 'By.xpath: //td[@class='dataTables_empty']'. Please recheck the objects properties to make sure the desired element is located. 

2019-03-11 17:02:11 - [MESSAGE][WARNING] - Object 'Object Repository/Page_Callidus Cloud Commissions Man/NoRecordsFound' is not present after 10 second(s)

2019-03-11 17:02:11 - [MESSAGE][PASSED] - globalkeywords.record.RecordNotFound is PASSED]]></system-out>
         <system-err><![CDATA[]]></system-err>
      </testcase>
      <testcase name="Test Cases/Global_values_Workspace/UnitType exists in the system" classname="Test Cases/Global_values_Workspace/UnitType exists in the system" status="PASSED">
         <system-out><![CDATA[2019-03-11 17:02:11 - [TEST_CASE][PASSED] - Test Cases/Global_values_Workspace/UnitType exists in the system: Test Cases/Global_values_Workspace/UnitType exists in the system

2019-03-11 17:02:11 - [TEST_STEP][PASSED] - Start listener action : sampleBeforeTestCase: null

2019-03-11 17:02:11 - [TEST_STEP][PASSED] - println(testCaseContext.getTestCaseId()): null

2019-03-11 17:02:11 - [TEST_STEP][PASSED] - println(testCaseContext.getTestCaseVariables()): null

2019-03-11 17:02:11 - [TEST_STEP][PASSED] - callTestCase(findTestCase("Commission Login_Logout/Commission Login"), [:], STOP_ON_FAILURE): Call Test Case 'Test Cases/Commission Login_Logout/Commission Login' successfully

2019-03-11 17:02:11 - [TEST_CASE][PASSED] - Test Cases/Commission Login_Logout/Commission Login: Test Cases/Commission Login_Logout/Commission Login

2019-03-11 17:02:11 - [TEST_STEP][PASSED] - openBrowser(""): Browser is opened with url: ''

2019-03-11 17:02:11 - [MESSAGE][WARNING] - A browser is already opened. Closing browser and opening a new one

2019-03-11 17:02:13 - [MESSAGE][INFO] - Starting 'Chrome' driver

2019-03-11 17:02:18 - [MESSAGE][PASSED] - Browser is opened with url: ''

2019-03-11 17:02:18 - [TEST_STEP][PASSED] - navigateToUrl(BecURL): Navigate to 'https://biz3-tst.callidusondemand.com/SalesPortal/#!/' successfully

2019-03-11 17:02:27 - [MESSAGE][PASSED] - Navigate to 'https://biz3-tst.callidusondemand.com/SalesPortal/#!/' successfully

2019-03-11 17:02:27 - [TEST_STEP][PASSED] - maximizeWindow(): Current window maximized

2019-03-11 17:02:29 - [MESSAGE][PASSED] - Current window maximized

2019-03-11 17:02:29 - [TEST_STEP][PASSED] - Assert.assertEquals(getText(findTestObject("LoginPage/Header_homepage")), header_name): Text of object 'Object Repository/LoginPage/Header_homepage' is: 'Sales Performance Home '

2019-03-11 17:02:31 - [MESSAGE][PASSED] - Text of object 'Object Repository/LoginPage/Header_homepage' is: 'Sales Performance Home '

2019-03-11 17:02:31 - [TEST_STEP][PASSED] - setText(findTestObject("LoginPage/input_Username_username"), Bec_UserName): Text 'rkulkarn@calliduscloud.com' is set on object 'Object Repository/LoginPage/input_Username_username'

2019-03-11 17:02:35 - [MESSAGE][PASSED] - Text 'rkulkarn@calliduscloud.com' is set on object 'Object Repository/LoginPage/input_Username_username'

2019-03-11 17:02:35 - [TEST_STEP][PASSED] - setText(findTestObject("LoginPage/input_Password_password"), Bec_Password): Text 'Augg@1234' is set on object 'Object Repository/LoginPage/input_Password_password'

2019-03-11 17:02:40 - [MESSAGE][PASSED] - Text 'Augg@1234' is set on object 'Object Repository/LoginPage/input_Password_password'

2019-03-11 17:02:40 - [TEST_STEP][PASSED] - waitForElementClickable(findTestObject("LoginPage/Login_Button"), 2): Object 'Object Repository/LoginPage/Login_Button' is clickable

2019-03-11 17:02:42 - [MESSAGE][PASSED] - Object 'Object Repository/LoginPage/Login_Button' is clickable

2019-03-11 17:02:42 - [TEST_STEP][PASSED] - click(findTestObject("LoginPage/Login_Button")): Object: 'Object Repository/LoginPage/Login_Button' is clicked on

2019-03-11 17:02:44 - [MESSAGE][PASSED] - Object: 'Object Repository/LoginPage/Login_Button' is clicked on

2019-03-11 17:02:44 - [TEST_STEP][PASSED] - waitForPageLoad(2): Wait for page load successfully

2019-03-11 17:02:45 - [MESSAGE][PASSED] - Wait for page load successfully

2019-03-11 17:02:45 - [TEST_STEP][PASSED] - click(findTestObject("MessagesPage/Icon_Apps")): Object: 'Object Repository/MessagesPage/Icon_Apps' is clicked on

2019-03-11 17:02:49 - [MESSAGE][PASSED] - Object: 'Object Repository/MessagesPage/Icon_Apps' is clicked on

2019-03-11 17:02:49 - [TEST_STEP][PASSED] - mouseOver(findTestObject("MessagesPage/Link_Commissions")): Object: 'Object Repository/MessagesPage/Link_Commissions' is hovered

2019-03-11 17:02:52 - [MESSAGE][PASSED] - Object: 'Object Repository/MessagesPage/Link_Commissions' is hovered

2019-03-11 17:02:52 - [TEST_STEP][PASSED] - scrollToElement(findTestObject("MessagesPage/Link_Commissions"), 1): Scroll to object 'Object Repository/MessagesPage/Link_Commissions' successfully

2019-03-11 17:02:54 - [MESSAGE][PASSED] - Scroll to object 'Object Repository/MessagesPage/Link_Commissions' successfully

2019-03-11 17:02:54 - [TEST_STEP][PASSED] - click(findTestObject("MessagesPage/Link_Commissions")): Object: 'Object Repository/MessagesPage/Link_Commissions' is clicked on

2019-03-11 17:03:21 - [MESSAGE][PASSED] - Object: 'Object Repository/MessagesPage/Link_Commissions' is clicked on

2019-03-11 17:03:21 - [TEST_STEP][PASSED] - click(findTestObject("LoginPage/User_id")): Object: 'Object Repository/LoginPage/User_id' is clicked on

2019-03-11 17:03:23 - [MESSAGE][PASSED] - Object: 'Object Repository/LoginPage/User_id' is clicked on

2019-03-11 17:03:23 - [TEST_STEP][PASSED] - waitForElementVisible(findTestObject("LoginPage/user_name"), 1): Object 'Object Repository/LoginPage/user_name' is visible

2019-03-11 17:03:25 - [MESSAGE][PASSED] - Object 'Object Repository/LoginPage/user_name' is visible

2019-03-11 17:03:25 - [TEST_STEP][PASSED] - Assert.assertEquals(getText(findTestObject("LoginPage/user_name")), User_name): Text of object 'Object Repository/LoginPage/user_name' is: 'rkulkarn@calliduscloud.com'

2019-03-11 17:03:27 - [MESSAGE][PASSED] - Text of object 'Object Repository/LoginPage/user_name' is: 'rkulkarn@calliduscloud.com'

2019-03-11 17:03:27 - [TEST_STEP][PASSED] - waitForPageLoad(3): Wait for page load successfully

2019-03-11 17:03:28 - [MESSAGE][PASSED] - Wait for page load successfully

2019-03-11 17:03:28 - [MESSAGE][PASSED] - Call Test Case 'Test Cases/Commission Login_Logout/Commission Login' successfully

2019-03-11 17:03:28 - [TEST_STEP][PASSED] - mouseOver(findTestObject("HomePage_Commission/Commission_Globalvalues/Icon_GlobalValues")): Object: 'Object Repository/HomePage_Commission/Commission_Globalvalues/Icon_GlobalValues' is hovered

2019-03-11 17:03:31 - [MESSAGE][PASSED] - Object: 'Object Repository/HomePage_Commission/Commission_Globalvalues/Icon_GlobalValues' is hovered

2019-03-11 17:03:31 - [TEST_STEP][PASSED] - waitForElementPresent(findTestObject("HomePage_Commission/Commission_Globalvalues/Icon_GlobalValues"), 7): Object 'Object Repository/HomePage_Commission/Commission_Globalvalues/Icon_GlobalValues' is present

2019-03-11 17:03:32 - [MESSAGE][PASSED] - Object 'Object Repository/HomePage_Commission/Commission_Globalvalues/Icon_GlobalValues' is present

2019-03-11 17:03:32 - [TEST_STEP][PASSED] - click(findTestObject("HomePage_Commission/Commission_Globalvalues/Icon_GlobalValues")): Object: 'Object Repository/HomePage_Commission/Commission_Globalvalues/Icon_GlobalValues' is clicked on

2019-03-11 17:03:35 - [MESSAGE][PASSED] - Object: 'Object Repository/HomePage_Commission/Commission_Globalvalues/Icon_GlobalValues' is clicked on

2019-03-11 17:03:35 - [TEST_STEP][PASSED] - Assert.assertEquals(getText(findTestObject("Assertion_objects/Global_values")), Global_val): Text of object 'Object Repository/Assertion_objects/Global_values' is: 'Global Values'

2019-03-11 17:03:37 - [MESSAGE][PASSED] - Text of object 'Object Repository/Assertion_objects/Global_values' is: 'Global Values'

2019-03-11 17:03:37 - [TEST_STEP][PASSED] - println("User is able to navigate to Administration tab"): null

2019-03-11 17:03:37 - [TEST_STEP][PASSED] - waitForElementVisible(findTestObject("HomePage_Commission/Commission_Globalvalues/Link_Unit Types"), 9): Object 'Object Repository/HomePage_Commission/Commission_Globalvalues/Link_Unit Types' is visible

2019-03-11 17:03:39 - [MESSAGE][PASSED] - Object 'Object Repository/HomePage_Commission/Commission_Globalvalues/Link_Unit Types' is visible

2019-03-11 17:03:39 - [TEST_STEP][PASSED] - mouseOver(findTestObject("HomePage_Commission/Commission_Globalvalues/Link_Unit Types"), STOP_ON_FAILURE): Object: 'Object Repository/HomePage_Commission/Commission_Globalvalues/Link_Unit Types' is hovered

2019-03-11 17:03:42 - [MESSAGE][PASSED] - Object: 'Object Repository/HomePage_Commission/Commission_Globalvalues/Link_Unit Types' is hovered

2019-03-11 17:03:42 - [TEST_STEP][PASSED] - click(findTestObject("HomePage_Commission/Commission_Globalvalues/Link_Unit Types")): Object: 'Object Repository/HomePage_Commission/Commission_Globalvalues/Link_Unit Types' is clicked on

2019-03-11 17:03:53 - [MESSAGE][PASSED] - Object: 'Object Repository/HomePage_Commission/Commission_Globalvalues/Link_Unit Types' is clicked on

2019-03-11 17:03:53 - [TEST_STEP][PASSED] - Assert.assertEquals(getText(findTestObject("Assertion_objects/Unit Types")), UT_txt): Text of object 'Object Repository/Assertion_objects/Unit Types' is: 'Unit Types'

2019-03-11 17:03:55 - [MESSAGE][PASSED] - Text of object 'Object Repository/Assertion_objects/Unit Types' is: 'Unit Types'

2019-03-11 17:03:55 - [TEST_STEP][PASSED] - println("User navigated to Unit Types screen"): null

2019-03-11 17:03:55 - [TEST_STEP][PASSED] - scrollToPosition(0, 0): Browser is scrolled to position x = 0, y = 0

2019-03-11 17:03:56 - [MESSAGE][PASSED] - Browser is scrolled to position x = 0, y = 0

2019-03-11 17:03:56 - [TEST_STEP][PASSED] - if (verifyElementClickable(findTestObject("AdvanceSearch_Page/Advanced_searchtext"))): null

2019-03-11 17:03:59 - [MESSAGE][PASSED] - Object 'Object Repository/AdvanceSearch_Page/Advanced_searchtext' is clickable

2019-03-11 17:03:59 - [TEST_STEP][PASSED] - click(findTestObject("AdvanceSearch_Page/Icon_Advanced Search")): Object: 'Object Repository/AdvanceSearch_Page/Icon_Advanced Search' is clicked on

2019-03-11 17:04:01 - [MESSAGE][PASSED] - Object: 'Object Repository/AdvanceSearch_Page/Icon_Advanced Search' is clicked on

2019-03-11 17:04:01 - [TEST_STEP][PASSED] - println("Performing advance search"): null

2019-03-11 17:04:01 - [TEST_STEP][PASSED] - click(findTestObject("AdvanceSearch_Page/FieldName_DropDown")): Object: 'Object Repository/AdvanceSearch_Page/FieldName_DropDown' is clicked on

2019-03-11 17:04:03 - [MESSAGE][PASSED] - Object: 'Object Repository/AdvanceSearch_Page/FieldName_DropDown' is clicked on

2019-03-11 17:04:03 - [TEST_STEP][PASSED] - scrollToElement(findTestObject("AdvanceSearch_Page/option_Unit Type name"), 4): Scroll to object 'Object Repository/AdvanceSearch_Page/option_Unit Type name' successfully

2019-03-11 17:04:05 - [MESSAGE][PASSED] - Scroll to object 'Object Repository/AdvanceSearch_Page/option_Unit Type name' successfully

2019-03-11 17:04:05 - [TEST_STEP][PASSED] - click(findTestObject("AdvanceSearch_Page/option_Unit Type name")): Object: 'Object Repository/AdvanceSearch_Page/option_Unit Type name' is clicked on

2019-03-11 17:04:07 - [MESSAGE][PASSED] - Object: 'Object Repository/AdvanceSearch_Page/option_Unit Type name' is clicked on

2019-03-11 17:04:07 - [TEST_STEP][PASSED] - click(findTestObject("AdvanceSearch_Page/td_Comparision")): Object: 'Object Repository/AdvanceSearch_Page/td_Comparision' is clicked on

2019-03-11 17:04:09 - [MESSAGE][PASSED] - Object: 'Object Repository/AdvanceSearch_Page/td_Comparision' is clicked on

2019-03-11 17:04:09 - [TEST_STEP][PASSED] - scrollToElement(findTestObject("AdvanceSearch_Page/option_Equals"), 2): Scroll to object 'Object Repository/AdvanceSearch_Page/option_Equals' successfully

2019-03-11 17:04:11 - [MESSAGE][PASSED] - Scroll to object 'Object Repository/AdvanceSearch_Page/option_Equals' successfully

2019-03-11 17:04:11 - [TEST_STEP][PASSED] - click(findTestObject("AdvanceSearch_Page/option_Equals")): Object: 'Object Repository/AdvanceSearch_Page/option_Equals' is clicked on

2019-03-11 17:04:14 - [MESSAGE][PASSED] - Object: 'Object Repository/AdvanceSearch_Page/option_Equals' is clicked on

2019-03-11 17:04:14 - [TEST_STEP][PASSED] - setText(findTestObject("AdvanceSearch_Page/td_Value"), UnitType): Text 'percent' is set on object 'Object Repository/AdvanceSearch_Page/td_Value'

2019-03-11 17:04:18 - [MESSAGE][PASSED] - Text 'percent' is set on object 'Object Repository/AdvanceSearch_Page/td_Value'

2019-03-11 17:04:18 - [TEST_STEP][PASSED] - click(findTestObject("AdvanceSearch_Page/AppySearch_button")): Object: 'Object Repository/AdvanceSearch_Page/AppySearch_button' is clicked on

2019-03-11 17:04:20 - [MESSAGE][PASSED] - Object: 'Object Repository/AdvanceSearch_Page/AppySearch_button' is clicked on

2019-03-11 17:04:20 - [TEST_STEP][PASSED] - globalkeywords.record.RecordNotFound(): globalkeywords.record.RecordNotFound is PASSED

2019-03-11 17:04:31 - [MESSAGE][INFO] - Unable to find the element located by 'By.xpath: //td[@class='dataTables_empty']'. Please recheck the objects properties to make sure the desired element is located. 

2019-03-11 17:04:31 - [MESSAGE][WARNING] - Object 'Object Repository/Page_Callidus Cloud Commissions Man/NoRecordsFound' is not present after 10 second(s)

2019-03-11 17:04:31 - [MESSAGE][PASSED] - globalkeywords.record.RecordNotFound is PASSED]]></system-out>
         <system-err><![CDATA[]]></system-err>
      </testcase>
      <testcase name="Test Cases/Organization_workspace/Participants exists in the system" classname="Test Cases/Organization_workspace/Participants exists in the system" status="PASSED">
         <system-out><![CDATA[2019-03-11 17:04:31 - [TEST_CASE][PASSED] - Test Cases/Organization_workspace/Participants exists in the system: Test Cases/Organization_workspace/Participants exists in the system

2019-03-11 17:04:31 - [TEST_STEP][PASSED] - Start listener action : sampleBeforeTestCase: null

2019-03-11 17:04:31 - [TEST_STEP][PASSED] - println(testCaseContext.getTestCaseId()): null

2019-03-11 17:04:31 - [TEST_STEP][PASSED] - println(testCaseContext.getTestCaseVariables()): null

2019-03-11 17:04:31 - [TEST_STEP][PASSED] - callTestCase(findTestCase("Commission Login_Logout/Commission Login"), [:], STOP_ON_FAILURE): Call Test Case 'Test Cases/Commission Login_Logout/Commission Login' successfully

2019-03-11 17:04:31 - [TEST_CASE][PASSED] - Test Cases/Commission Login_Logout/Commission Login: Test Cases/Commission Login_Logout/Commission Login

2019-03-11 17:04:31 - [TEST_STEP][PASSED] - openBrowser(""): Browser is opened with url: ''

2019-03-11 17:04:31 - [MESSAGE][WARNING] - A browser is already opened. Closing browser and opening a new one

2019-03-11 17:04:33 - [MESSAGE][INFO] - Starting 'Chrome' driver

2019-03-11 17:04:38 - [MESSAGE][PASSED] - Browser is opened with url: ''

2019-03-11 17:04:38 - [TEST_STEP][PASSED] - navigateToUrl(BecURL): Navigate to 'https://biz3-tst.callidusondemand.com/SalesPortal/#!/' successfully

2019-03-11 17:04:57 - [MESSAGE][PASSED] - Navigate to 'https://biz3-tst.callidusondemand.com/SalesPortal/#!/' successfully

2019-03-11 17:04:57 - [TEST_STEP][PASSED] - maximizeWindow(): Current window maximized

2019-03-11 17:04:59 - [MESSAGE][PASSED] - Current window maximized

2019-03-11 17:04:59 - [TEST_STEP][PASSED] - Assert.assertEquals(getText(findTestObject("LoginPage/Header_homepage")), header_name): Text of object 'Object Repository/LoginPage/Header_homepage' is: 'Sales Performance Home '

2019-03-11 17:05:01 - [MESSAGE][PASSED] - Text of object 'Object Repository/LoginPage/Header_homepage' is: 'Sales Performance Home '

2019-03-11 17:05:01 - [TEST_STEP][PASSED] - setText(findTestObject("LoginPage/input_Username_username"), Bec_UserName): Text 'rkulkarn@calliduscloud.com' is set on object 'Object Repository/LoginPage/input_Username_username'

2019-03-11 17:05:06 - [MESSAGE][PASSED] - Text 'rkulkarn@calliduscloud.com' is set on object 'Object Repository/LoginPage/input_Username_username'

2019-03-11 17:05:06 - [TEST_STEP][PASSED] - setText(findTestObject("LoginPage/input_Password_password"), Bec_Password): Text 'Augg@1234' is set on object 'Object Repository/LoginPage/input_Password_password'

2019-03-11 17:05:10 - [MESSAGE][PASSED] - Text 'Augg@1234' is set on object 'Object Repository/LoginPage/input_Password_password'

2019-03-11 17:05:10 - [TEST_STEP][PASSED] - waitForElementClickable(findTestObject("LoginPage/Login_Button"), 2): Object 'Object Repository/LoginPage/Login_Button' is clickable

2019-03-11 17:05:12 - [MESSAGE][PASSED] - Object 'Object Repository/LoginPage/Login_Button' is clickable

2019-03-11 17:05:12 - [TEST_STEP][PASSED] - click(findTestObject("LoginPage/Login_Button")): Object: 'Object Repository/LoginPage/Login_Button' is clicked on

2019-03-11 17:05:14 - [MESSAGE][PASSED] - Object: 'Object Repository/LoginPage/Login_Button' is clicked on

2019-03-11 17:05:14 - [TEST_STEP][PASSED] - waitForPageLoad(2): Wait for page load successfully

2019-03-11 17:05:15 - [MESSAGE][PASSED] - Wait for page load successfully

2019-03-11 17:05:15 - [TEST_STEP][PASSED] - click(findTestObject("MessagesPage/Icon_Apps")): Object: 'Object Repository/MessagesPage/Icon_Apps' is clicked on

2019-03-11 17:05:19 - [MESSAGE][PASSED] - Object: 'Object Repository/MessagesPage/Icon_Apps' is clicked on

2019-03-11 17:05:19 - [TEST_STEP][PASSED] - mouseOver(findTestObject("MessagesPage/Link_Commissions")): Object: 'Object Repository/MessagesPage/Link_Commissions' is hovered

2019-03-11 17:05:22 - [MESSAGE][PASSED] - Object: 'Object Repository/MessagesPage/Link_Commissions' is hovered

2019-03-11 17:05:22 - [TEST_STEP][PASSED] - scrollToElement(findTestObject("MessagesPage/Link_Commissions"), 1): Scroll to object 'Object Repository/MessagesPage/Link_Commissions' successfully

2019-03-11 17:05:24 - [MESSAGE][PASSED] - Scroll to object 'Object Repository/MessagesPage/Link_Commissions' successfully

2019-03-11 17:05:24 - [TEST_STEP][PASSED] - click(findTestObject("MessagesPage/Link_Commissions")): Object: 'Object Repository/MessagesPage/Link_Commissions' is clicked on

2019-03-11 17:05:54 - [MESSAGE][PASSED] - Object: 'Object Repository/MessagesPage/Link_Commissions' is clicked on

2019-03-11 17:05:54 - [TEST_STEP][PASSED] - click(findTestObject("LoginPage/User_id")): Object: 'Object Repository/LoginPage/User_id' is clicked on

2019-03-11 17:05:56 - [MESSAGE][PASSED] - Object: 'Object Repository/LoginPage/User_id' is clicked on

2019-03-11 17:05:56 - [TEST_STEP][PASSED] - waitForElementVisible(findTestObject("LoginPage/user_name"), 1): Object 'Object Repository/LoginPage/user_name' is visible

2019-03-11 17:05:58 - [MESSAGE][PASSED] - Object 'Object Repository/LoginPage/user_name' is visible

2019-03-11 17:05:58 - [TEST_STEP][PASSED] - Assert.assertEquals(getText(findTestObject("LoginPage/user_name")), User_name): Text of object 'Object Repository/LoginPage/user_name' is: 'rkulkarn@calliduscloud.com'

2019-03-11 17:06:00 - [MESSAGE][PASSED] - Text of object 'Object Repository/LoginPage/user_name' is: 'rkulkarn@calliduscloud.com'

2019-03-11 17:06:00 - [TEST_STEP][PASSED] - waitForPageLoad(3): Wait for page load successfully

2019-03-11 17:06:01 - [MESSAGE][PASSED] - Wait for page load successfully

2019-03-11 17:06:01 - [MESSAGE][PASSED] - Call Test Case 'Test Cases/Commission Login_Logout/Commission Login' successfully

2019-03-11 17:06:01 - [TEST_STEP][PASSED] - mouseOver(findTestObject("HomePage_Commission/Commission_Organizationdata/Icon_Organization")): Object: 'Object Repository/HomePage_Commission/Commission_Organizationdata/Icon_Organization' is hovered

2019-03-11 17:06:04 - [MESSAGE][PASSED] - Object: 'Object Repository/HomePage_Commission/Commission_Organizationdata/Icon_Organization' is hovered

2019-03-11 17:06:04 - [TEST_STEP][PASSED] - waitForElementPresent(findTestObject("HomePage_Commission/Commission_Organizationdata/Icon_Organization"), 1): Object 'Object Repository/HomePage_Commission/Commission_Organizationdata/Icon_Organization' is present

2019-03-11 17:06:05 - [MESSAGE][PASSED] - Object 'Object Repository/HomePage_Commission/Commission_Organizationdata/Icon_Organization' is present

2019-03-11 17:06:05 - [TEST_STEP][PASSED] - click(findTestObject("HomePage_Commission/Commission_Organizationdata/Icon_Organization")): Object: 'Object Repository/HomePage_Commission/Commission_Organizationdata/Icon_Organization' is clicked on

2019-03-11 17:06:07 - [MESSAGE][PASSED] - Object: 'Object Repository/HomePage_Commission/Commission_Organizationdata/Icon_Organization' is clicked on

2019-03-11 17:06:07 - [TEST_STEP][PASSED] - Assert.assertEquals(getText(findTestObject("Assertion_objects/Organization")), ORG): Text of object 'Object Repository/Assertion_objects/Organization' is: 'Organization'

2019-03-11 17:06:09 - [MESSAGE][PASSED] - Text of object 'Object Repository/Assertion_objects/Organization' is: 'Organization'

2019-03-11 17:06:09 - [TEST_STEP][PASSED] - println("User is able to navigate to Administration tab"): null

2019-03-11 17:06:09 - [TEST_STEP][PASSED] - waitForElementVisible(findTestObject("HomePage_Commission/Commission_Organizationdata/Link_Participants"), 1): Object 'Object Repository/HomePage_Commission/Commission_Organizationdata/Link_Participants' is visible

2019-03-11 17:06:12 - [MESSAGE][PASSED] - Object 'Object Repository/HomePage_Commission/Commission_Organizationdata/Link_Participants' is visible

2019-03-11 17:06:12 - [TEST_STEP][PASSED] - mouseOver(findTestObject("HomePage_Commission/Commission_Organizationdata/Link_Participants"), STOP_ON_FAILURE): Object: 'Object Repository/HomePage_Commission/Commission_Organizationdata/Link_Participants' is hovered

2019-03-11 17:06:15 - [MESSAGE][PASSED] - Object: 'Object Repository/HomePage_Commission/Commission_Organizationdata/Link_Participants' is hovered

2019-03-11 17:06:15 - [TEST_STEP][PASSED] - click(findTestObject("HomePage_Commission/Commission_Organizationdata/Link_Participants")): Object: 'Object Repository/HomePage_Commission/Commission_Organizationdata/Link_Participants' is clicked on

2019-03-11 17:06:26 - [MESSAGE][PASSED] - Object: 'Object Repository/HomePage_Commission/Commission_Organizationdata/Link_Participants' is clicked on

2019-03-11 17:06:26 - [TEST_STEP][PASSED] - Assert.assertEquals(getText(findTestObject("Assertion_objects/Participants")), Part_txt): Text of object 'Object Repository/Assertion_objects/Participants' is: 'Participants'

2019-03-11 17:06:30 - [MESSAGE][PASSED] - Text of object 'Object Repository/Assertion_objects/Participants' is: 'Participants'

2019-03-11 17:06:30 - [TEST_STEP][PASSED] - println("User navigated to Participants screen"): null

2019-03-11 17:06:30 - [TEST_STEP][PASSED] - if (verifyElementClickable(findTestObject("AdvanceSearch_Page/Advanced_searchtext"))): null

2019-03-11 17:06:32 - [MESSAGE][PASSED] - Object 'Object Repository/AdvanceSearch_Page/Advanced_searchtext' is clickable

2019-03-11 17:06:32 - [TEST_STEP][PASSED] - click(findTestObject("AdvanceSearch_Page/Icon_Advanced Search")): Object: 'Object Repository/AdvanceSearch_Page/Icon_Advanced Search' is clicked on

2019-03-11 17:06:34 - [MESSAGE][PASSED] - Object: 'Object Repository/AdvanceSearch_Page/Icon_Advanced Search' is clicked on

2019-03-11 17:06:34 - [TEST_STEP][PASSED] - println("Performing advance search"): null

2019-03-11 17:06:34 - [TEST_STEP][PASSED] - click(findTestObject("AdvanceSearch_Page/FieldName_DropDown")): Object: 'Object Repository/AdvanceSearch_Page/FieldName_DropDown' is clicked on

2019-03-11 17:06:37 - [MESSAGE][PASSED] - Object: 'Object Repository/AdvanceSearch_Page/FieldName_DropDown' is clicked on

2019-03-11 17:06:37 - [TEST_STEP][PASSED] - scrollToElement(findTestObject("AdvanceSearch_Page/Option_Participant_id"), 9): Scroll to object 'Object Repository/AdvanceSearch_Page/Option_Participant_id' successfully

2019-03-11 17:06:39 - [MESSAGE][PASSED] - Scroll to object 'Object Repository/AdvanceSearch_Page/Option_Participant_id' successfully

2019-03-11 17:06:39 - [TEST_STEP][PASSED] - click(findTestObject("AdvanceSearch_Page/Option_Participant_id")): Object: 'Object Repository/AdvanceSearch_Page/Option_Participant_id' is clicked on

2019-03-11 17:06:41 - [MESSAGE][PASSED] - Object: 'Object Repository/AdvanceSearch_Page/Option_Participant_id' is clicked on

2019-03-11 17:06:41 - [TEST_STEP][PASSED] - click(findTestObject("AdvanceSearch_Page/td_Comparision")): Object: 'Object Repository/AdvanceSearch_Page/td_Comparision' is clicked on

2019-03-11 17:06:43 - [MESSAGE][PASSED] - Object: 'Object Repository/AdvanceSearch_Page/td_Comparision' is clicked on

2019-03-11 17:06:43 - [TEST_STEP][PASSED] - scrollToElement(findTestObject("AdvanceSearch_Page/option_Equals"), 2): Scroll to object 'Object Repository/AdvanceSearch_Page/option_Equals' successfully

2019-03-11 17:06:45 - [MESSAGE][PASSED] - Scroll to object 'Object Repository/AdvanceSearch_Page/option_Equals' successfully

2019-03-11 17:06:45 - [TEST_STEP][PASSED] - click(findTestObject("AdvanceSearch_Page/option_Equals")): Object: 'Object Repository/AdvanceSearch_Page/option_Equals' is clicked on

2019-03-11 17:06:47 - [MESSAGE][PASSED] - Object: 'Object Repository/AdvanceSearch_Page/option_Equals' is clicked on

2019-03-11 17:06:47 - [TEST_STEP][PASSED] - setText(findTestObject("AdvanceSearch_Page/td_Value"), PID): Text 'Payee01' is set on object 'Object Repository/AdvanceSearch_Page/td_Value'

2019-03-11 17:06:52 - [MESSAGE][PASSED] - Text 'Payee01' is set on object 'Object Repository/AdvanceSearch_Page/td_Value'

2019-03-11 17:06:52 - [TEST_STEP][PASSED] - click(findTestObject("AdvanceSearch_Page/AppySearch_button")): Object: 'Object Repository/AdvanceSearch_Page/AppySearch_button' is clicked on

2019-03-11 17:06:54 - [MESSAGE][PASSED] - Object: 'Object Repository/AdvanceSearch_Page/AppySearch_button' is clicked on

2019-03-11 17:06:54 - [TEST_STEP][PASSED] - globalkeywords.record.RecordNotFound(): globalkeywords.record.RecordNotFound is PASSED

2019-03-11 17:07:05 - [MESSAGE][INFO] - Unable to find the element located by 'By.xpath: //td[@class='dataTables_empty']'. Please recheck the objects properties to make sure the desired element is located. 

2019-03-11 17:07:05 - [MESSAGE][WARNING] - Object 'Object Repository/Page_Callidus Cloud Commissions Man/NoRecordsFound' is not present after 10 second(s)

2019-03-11 17:07:05 - [MESSAGE][PASSED] - globalkeywords.record.RecordNotFound is PASSED]]></system-out>
         <system-err><![CDATA[]]></system-err>
      </testcase>
      <testcase name="Test Cases/Organization_workspace/Positions exists in the system" classname="Test Cases/Organization_workspace/Positions exists in the system" status="PASSED">
         <system-out><![CDATA[2019-03-11 17:07:05 - [TEST_CASE][PASSED] - Test Cases/Organization_workspace/Positions exists in the system: Test Cases/Organization_workspace/Positions exists in the system

2019-03-11 17:07:05 - [TEST_STEP][PASSED] - Start listener action : sampleBeforeTestCase: null

2019-03-11 17:07:05 - [TEST_STEP][PASSED] - println(testCaseContext.getTestCaseId()): null

2019-03-11 17:07:05 - [TEST_STEP][PASSED] - println(testCaseContext.getTestCaseVariables()): null

2019-03-11 17:07:06 - [TEST_STEP][PASSED] - callTestCase(findTestCase("Commission Login_Logout/Commission Login"), [:], STOP_ON_FAILURE): Call Test Case 'Test Cases/Commission Login_Logout/Commission Login' successfully

2019-03-11 17:07:06 - [TEST_CASE][PASSED] - Test Cases/Commission Login_Logout/Commission Login: Test Cases/Commission Login_Logout/Commission Login

2019-03-11 17:07:06 - [TEST_STEP][PASSED] - openBrowser(""): Browser is opened with url: ''

2019-03-11 17:07:06 - [MESSAGE][WARNING] - A browser is already opened. Closing browser and opening a new one

2019-03-11 17:07:08 - [MESSAGE][INFO] - Starting 'Chrome' driver

2019-03-11 17:07:12 - [MESSAGE][PASSED] - Browser is opened with url: ''

2019-03-11 17:07:12 - [TEST_STEP][PASSED] - navigateToUrl(BecURL): Navigate to 'https://biz3-tst.callidusondemand.com/SalesPortal/#!/' successfully

2019-03-11 17:07:22 - [MESSAGE][PASSED] - Navigate to 'https://biz3-tst.callidusondemand.com/SalesPortal/#!/' successfully

2019-03-11 17:07:22 - [TEST_STEP][PASSED] - maximizeWindow(): Current window maximized

2019-03-11 17:07:24 - [MESSAGE][PASSED] - Current window maximized

2019-03-11 17:07:24 - [TEST_STEP][PASSED] - Assert.assertEquals(getText(findTestObject("LoginPage/Header_homepage")), header_name): Text of object 'Object Repository/LoginPage/Header_homepage' is: 'Sales Performance Home '

2019-03-11 17:07:26 - [MESSAGE][PASSED] - Text of object 'Object Repository/LoginPage/Header_homepage' is: 'Sales Performance Home '

2019-03-11 17:07:26 - [TEST_STEP][PASSED] - setText(findTestObject("LoginPage/input_Username_username"), Bec_UserName): Text 'rkulkarn@calliduscloud.com' is set on object 'Object Repository/LoginPage/input_Username_username'

2019-03-11 17:07:30 - [MESSAGE][PASSED] - Text 'rkulkarn@calliduscloud.com' is set on object 'Object Repository/LoginPage/input_Username_username'

2019-03-11 17:07:30 - [TEST_STEP][PASSED] - setText(findTestObject("LoginPage/input_Password_password"), Bec_Password): Text 'Augg@1234' is set on object 'Object Repository/LoginPage/input_Password_password'

2019-03-11 17:07:35 - [MESSAGE][PASSED] - Text 'Augg@1234' is set on object 'Object Repository/LoginPage/input_Password_password'

2019-03-11 17:07:35 - [TEST_STEP][PASSED] - waitForElementClickable(findTestObject("LoginPage/Login_Button"), 2): Object 'Object Repository/LoginPage/Login_Button' is clickable

2019-03-11 17:07:37 - [MESSAGE][PASSED] - Object 'Object Repository/LoginPage/Login_Button' is clickable

2019-03-11 17:07:37 - [TEST_STEP][PASSED] - click(findTestObject("LoginPage/Login_Button")): Object: 'Object Repository/LoginPage/Login_Button' is clicked on

2019-03-11 17:07:39 - [MESSAGE][PASSED] - Object: 'Object Repository/LoginPage/Login_Button' is clicked on

2019-03-11 17:07:39 - [TEST_STEP][PASSED] - waitForPageLoad(2): Wait for page load successfully

2019-03-11 17:07:40 - [MESSAGE][PASSED] - Wait for page load successfully

2019-03-11 17:07:40 - [TEST_STEP][PASSED] - click(findTestObject("MessagesPage/Icon_Apps")): Object: 'Object Repository/MessagesPage/Icon_Apps' is clicked on

2019-03-11 17:07:44 - [MESSAGE][PASSED] - Object: 'Object Repository/MessagesPage/Icon_Apps' is clicked on

2019-03-11 17:07:44 - [TEST_STEP][PASSED] - mouseOver(findTestObject("MessagesPage/Link_Commissions")): Object: 'Object Repository/MessagesPage/Link_Commissions' is hovered

2019-03-11 17:07:47 - [MESSAGE][PASSED] - Object: 'Object Repository/MessagesPage/Link_Commissions' is hovered

2019-03-11 17:07:47 - [TEST_STEP][PASSED] - scrollToElement(findTestObject("MessagesPage/Link_Commissions"), 1): Scroll to object 'Object Repository/MessagesPage/Link_Commissions' successfully

2019-03-11 17:07:49 - [MESSAGE][PASSED] - Scroll to object 'Object Repository/MessagesPage/Link_Commissions' successfully

2019-03-11 17:07:49 - [TEST_STEP][PASSED] - click(findTestObject("MessagesPage/Link_Commissions")): Object: 'Object Repository/MessagesPage/Link_Commissions' is clicked on

2019-03-11 17:08:20 - [MESSAGE][PASSED] - Object: 'Object Repository/MessagesPage/Link_Commissions' is clicked on

2019-03-11 17:08:20 - [TEST_STEP][PASSED] - click(findTestObject("LoginPage/User_id")): Object: 'Object Repository/LoginPage/User_id' is clicked on

2019-03-11 17:08:22 - [MESSAGE][PASSED] - Object: 'Object Repository/LoginPage/User_id' is clicked on

2019-03-11 17:08:22 - [TEST_STEP][PASSED] - waitForElementVisible(findTestObject("LoginPage/user_name"), 1): Object 'Object Repository/LoginPage/user_name' is visible

2019-03-11 17:08:24 - [MESSAGE][PASSED] - Object 'Object Repository/LoginPage/user_name' is visible

2019-03-11 17:08:24 - [TEST_STEP][PASSED] - Assert.assertEquals(getText(findTestObject("LoginPage/user_name")), User_name): Text of object 'Object Repository/LoginPage/user_name' is: 'rkulkarn@calliduscloud.com'

2019-03-11 17:08:26 - [MESSAGE][PASSED] - Text of object 'Object Repository/LoginPage/user_name' is: 'rkulkarn@calliduscloud.com'

2019-03-11 17:08:26 - [TEST_STEP][PASSED] - waitForPageLoad(3): Wait for page load successfully

2019-03-11 17:08:27 - [MESSAGE][PASSED] - Wait for page load successfully

2019-03-11 17:08:27 - [MESSAGE][PASSED] - Call Test Case 'Test Cases/Commission Login_Logout/Commission Login' successfully

2019-03-11 17:08:27 - [TEST_STEP][PASSED] - mouseOver(findTestObject("HomePage_Commission/Commission_Organizationdata/Icon_Organization")): Object: 'Object Repository/HomePage_Commission/Commission_Organizationdata/Icon_Organization' is hovered

2019-03-11 17:08:31 - [MESSAGE][PASSED] - Object: 'Object Repository/HomePage_Commission/Commission_Organizationdata/Icon_Organization' is hovered

2019-03-11 17:08:31 - [TEST_STEP][PASSED] - waitForElementPresent(findTestObject("HomePage_Commission/Commission_Organizationdata/Icon_Organization"), 1): Object 'Object Repository/HomePage_Commission/Commission_Organizationdata/Icon_Organization' is present

2019-03-11 17:08:32 - [MESSAGE][PASSED] - Object 'Object Repository/HomePage_Commission/Commission_Organizationdata/Icon_Organization' is present

2019-03-11 17:08:32 - [TEST_STEP][PASSED] - click(findTestObject("HomePage_Commission/Commission_Organizationdata/Icon_Organization")): Object: 'Object Repository/HomePage_Commission/Commission_Organizationdata/Icon_Organization' is clicked on

2019-03-11 17:08:34 - [MESSAGE][PASSED] - Object: 'Object Repository/HomePage_Commission/Commission_Organizationdata/Icon_Organization' is clicked on

2019-03-11 17:08:34 - [TEST_STEP][PASSED] - Assert.assertEquals(getText(findTestObject("Assertion_objects/Organization")), ORG): Text of object 'Object Repository/Assertion_objects/Organization' is: 'Organization'

2019-03-11 17:08:36 - [MESSAGE][PASSED] - Text of object 'Object Repository/Assertion_objects/Organization' is: 'Organization'

2019-03-11 17:08:36 - [TEST_STEP][PASSED] - println("User is able to navigate to Administration tab"): null

2019-03-11 17:08:36 - [TEST_STEP][PASSED] - waitForElementVisible(findTestObject("HomePage_Commission/Commission_Organizationdata/Link_Positions"), 2): Object 'Object Repository/HomePage_Commission/Commission_Organizationdata/Link_Positions' is visible

2019-03-11 17:08:38 - [MESSAGE][PASSED] - Object 'Object Repository/HomePage_Commission/Commission_Organizationdata/Link_Positions' is visible

2019-03-11 17:08:38 - [TEST_STEP][PASSED] - mouseOver(findTestObject("HomePage_Commission/Commission_Organizationdata/Link_Positions"), STOP_ON_FAILURE): Object: 'Object Repository/HomePage_Commission/Commission_Organizationdata/Link_Positions' is hovered

2019-03-11 17:08:41 - [MESSAGE][PASSED] - Object: 'Object Repository/HomePage_Commission/Commission_Organizationdata/Link_Positions' is hovered

2019-03-11 17:08:41 - [TEST_STEP][PASSED] - click(findTestObject("HomePage_Commission/Commission_Organizationdata/Link_Positions")): Object: 'Object Repository/HomePage_Commission/Commission_Organizationdata/Link_Positions' is clicked on

2019-03-11 17:08:56 - [MESSAGE][PASSED] - Object: 'Object Repository/HomePage_Commission/Commission_Organizationdata/Link_Positions' is clicked on

2019-03-11 17:08:56 - [TEST_STEP][PASSED] - Assert.assertEquals(getText(findTestObject("Assertion_objects/Positions")), Pos_txt): Text of object 'Object Repository/Assertion_objects/Positions' is: 'Positions'

2019-03-11 17:08:59 - [MESSAGE][PASSED] - Text of object 'Object Repository/Assertion_objects/Positions' is: 'Positions'

2019-03-11 17:08:59 - [TEST_STEP][PASSED] - println("User navigated to Positions screen"): null

2019-03-11 17:08:59 - [TEST_STEP][PASSED] - if (verifyElementClickable(findTestObject("AdvanceSearch_Page/Advanced_searchtext"))): null

2019-03-11 17:09:02 - [MESSAGE][PASSED] - Object 'Object Repository/AdvanceSearch_Page/Advanced_searchtext' is clickable

2019-03-11 17:09:02 - [TEST_STEP][PASSED] - click(findTestObject("AdvanceSearch_Page/Icon_Advanced Search")): Object: 'Object Repository/AdvanceSearch_Page/Icon_Advanced Search' is clicked on

2019-03-11 17:09:04 - [MESSAGE][PASSED] - Object: 'Object Repository/AdvanceSearch_Page/Icon_Advanced Search' is clicked on

2019-03-11 17:09:04 - [TEST_STEP][PASSED] - println("Performing advance search"): null

2019-03-11 17:09:04 - [TEST_STEP][PASSED] - click(findTestObject("AdvanceSearch_Page/FieldName_DropDown")): Object: 'Object Repository/AdvanceSearch_Page/FieldName_DropDown' is clicked on

2019-03-11 17:09:06 - [MESSAGE][PASSED] - Object: 'Object Repository/AdvanceSearch_Page/FieldName_DropDown' is clicked on

2019-03-11 17:09:06 - [TEST_STEP][PASSED] - scrollToElement(findTestObject("AdvanceSearch_Page/option_Position_Name"), 9): Scroll to object 'Object Repository/AdvanceSearch_Page/option_Position_Name' successfully

2019-03-11 17:09:08 - [MESSAGE][PASSED] - Scroll to object 'Object Repository/AdvanceSearch_Page/option_Position_Name' successfully

2019-03-11 17:09:08 - [TEST_STEP][PASSED] - click(findTestObject("AdvanceSearch_Page/option_Position_Name")): Object: 'Object Repository/AdvanceSearch_Page/option_Position_Name' is clicked on

2019-03-11 17:09:10 - [MESSAGE][PASSED] - Object: 'Object Repository/AdvanceSearch_Page/option_Position_Name' is clicked on

2019-03-11 17:09:10 - [TEST_STEP][PASSED] - click(findTestObject("AdvanceSearch_Page/td_Comparision")): Object: 'Object Repository/AdvanceSearch_Page/td_Comparision' is clicked on

2019-03-11 17:09:12 - [MESSAGE][PASSED] - Object: 'Object Repository/AdvanceSearch_Page/td_Comparision' is clicked on

2019-03-11 17:09:12 - [TEST_STEP][PASSED] - scrollToElement(findTestObject("AdvanceSearch_Page/option_Equals"), 2): Scroll to object 'Object Repository/AdvanceSearch_Page/option_Equals' successfully

2019-03-11 17:09:15 - [MESSAGE][PASSED] - Scroll to object 'Object Repository/AdvanceSearch_Page/option_Equals' successfully

2019-03-11 17:09:15 - [TEST_STEP][PASSED] - click(findTestObject("AdvanceSearch_Page/option_Equals")): Object: 'Object Repository/AdvanceSearch_Page/option_Equals' is clicked on

2019-03-11 17:09:17 - [MESSAGE][PASSED] - Object: 'Object Repository/AdvanceSearch_Page/option_Equals' is clicked on

2019-03-11 17:09:17 - [TEST_STEP][PASSED] - setText(findTestObject("AdvanceSearch_Page/td_Value"), Position): Text 'Pos_09' is set on object 'Object Repository/AdvanceSearch_Page/td_Value'

2019-03-11 17:09:21 - [MESSAGE][PASSED] - Text 'Pos_09' is set on object 'Object Repository/AdvanceSearch_Page/td_Value'

2019-03-11 17:09:21 - [TEST_STEP][PASSED] - click(findTestObject("AdvanceSearch_Page/AppySearch_button")): Object: 'Object Repository/AdvanceSearch_Page/AppySearch_button' is clicked on

2019-03-11 17:09:23 - [MESSAGE][PASSED] - Object: 'Object Repository/AdvanceSearch_Page/AppySearch_button' is clicked on

2019-03-11 17:09:23 - [TEST_STEP][PASSED] - globalkeywords.record.RecordNotFound(): globalkeywords.record.RecordNotFound is PASSED

2019-03-11 17:09:35 - [MESSAGE][INFO] - Unable to find the element located by 'By.xpath: //td[@class='dataTables_empty']'. Please recheck the objects properties to make sure the desired element is located. 

2019-03-11 17:09:35 - [MESSAGE][WARNING] - Object 'Object Repository/Page_Callidus Cloud Commissions Man/NoRecordsFound' is not present after 10 second(s)

2019-03-11 17:09:35 - [MESSAGE][PASSED] - globalkeywords.record.RecordNotFound is PASSED]]></system-out>
         <system-err><![CDATA[]]></system-err>
      </testcase>
      <testcase name="Test Cases/Organization_workspace/Relationship_exist_in_the_system" classname="Test Cases/Organization_workspace/Relationship_exist_in_the_system" status="PASSED">
         <system-out><![CDATA[2019-03-11 17:09:35 - [TEST_CASE][PASSED] - Test Cases/Organization_workspace/Relationship_exist_in_the_system: Test Cases/Organization_workspace/Relationship_exist_in_the_system

2019-03-11 17:09:35 - [TEST_STEP][PASSED] - Start listener action : sampleBeforeTestCase: null

2019-03-11 17:09:35 - [TEST_STEP][PASSED] - println(testCaseContext.getTestCaseId()): null

2019-03-11 17:09:35 - [TEST_STEP][PASSED] - println(testCaseContext.getTestCaseVariables()): null

2019-03-11 17:09:36 - [TEST_STEP][PASSED] - callTestCase(findTestCase("Commission Login_Logout/Commission Login"), [:], STOP_ON_FAILURE): Call Test Case 'Test Cases/Commission Login_Logout/Commission Login' successfully

2019-03-11 17:09:36 - [TEST_CASE][PASSED] - Test Cases/Commission Login_Logout/Commission Login: Test Cases/Commission Login_Logout/Commission Login

2019-03-11 17:09:36 - [TEST_STEP][PASSED] - openBrowser(""): Browser is opened with url: ''

2019-03-11 17:09:36 - [MESSAGE][WARNING] - A browser is already opened. Closing browser and opening a new one

2019-03-11 17:09:38 - [MESSAGE][INFO] - Starting 'Chrome' driver

2019-03-11 17:09:42 - [MESSAGE][PASSED] - Browser is opened with url: ''

2019-03-11 17:09:42 - [TEST_STEP][PASSED] - navigateToUrl(BecURL): Navigate to 'https://biz3-tst.callidusondemand.com/SalesPortal/#!/' successfully

2019-03-11 17:09:51 - [MESSAGE][PASSED] - Navigate to 'https://biz3-tst.callidusondemand.com/SalesPortal/#!/' successfully

2019-03-11 17:09:51 - [TEST_STEP][PASSED] - maximizeWindow(): Current window maximized

2019-03-11 17:09:53 - [MESSAGE][PASSED] - Current window maximized

2019-03-11 17:09:53 - [TEST_STEP][PASSED] - Assert.assertEquals(getText(findTestObject("LoginPage/Header_homepage")), header_name): Text of object 'Object Repository/LoginPage/Header_homepage' is: 'Sales Performance Home '

2019-03-11 17:09:56 - [MESSAGE][PASSED] - Text of object 'Object Repository/LoginPage/Header_homepage' is: 'Sales Performance Home '

2019-03-11 17:09:56 - [TEST_STEP][PASSED] - setText(findTestObject("LoginPage/input_Username_username"), Bec_UserName): Text 'rkulkarn@calliduscloud.com' is set on object 'Object Repository/LoginPage/input_Username_username'

2019-03-11 17:10:00 - [MESSAGE][PASSED] - Text 'rkulkarn@calliduscloud.com' is set on object 'Object Repository/LoginPage/input_Username_username'

2019-03-11 17:10:00 - [TEST_STEP][PASSED] - setText(findTestObject("LoginPage/input_Password_password"), Bec_Password): Text 'Augg@1234' is set on object 'Object Repository/LoginPage/input_Password_password'

2019-03-11 17:10:04 - [MESSAGE][PASSED] - Text 'Augg@1234' is set on object 'Object Repository/LoginPage/input_Password_password'

2019-03-11 17:10:04 - [TEST_STEP][PASSED] - waitForElementClickable(findTestObject("LoginPage/Login_Button"), 2): Object 'Object Repository/LoginPage/Login_Button' is clickable

2019-03-11 17:10:06 - [MESSAGE][PASSED] - Object 'Object Repository/LoginPage/Login_Button' is clickable

2019-03-11 17:10:06 - [TEST_STEP][PASSED] - click(findTestObject("LoginPage/Login_Button")): Object: 'Object Repository/LoginPage/Login_Button' is clicked on

2019-03-11 17:10:08 - [MESSAGE][PASSED] - Object: 'Object Repository/LoginPage/Login_Button' is clicked on

2019-03-11 17:10:08 - [TEST_STEP][PASSED] - waitForPageLoad(2): Wait for page load successfully

2019-03-11 17:10:10 - [MESSAGE][PASSED] - Wait for page load successfully

2019-03-11 17:10:10 - [TEST_STEP][PASSED] - click(findTestObject("MessagesPage/Icon_Apps")): Object: 'Object Repository/MessagesPage/Icon_Apps' is clicked on

2019-03-11 17:10:13 - [MESSAGE][PASSED] - Object: 'Object Repository/MessagesPage/Icon_Apps' is clicked on

2019-03-11 17:10:13 - [TEST_STEP][PASSED] - mouseOver(findTestObject("MessagesPage/Link_Commissions")): Object: 'Object Repository/MessagesPage/Link_Commissions' is hovered

2019-03-11 17:10:16 - [MESSAGE][PASSED] - Object: 'Object Repository/MessagesPage/Link_Commissions' is hovered

2019-03-11 17:10:16 - [TEST_STEP][PASSED] - scrollToElement(findTestObject("MessagesPage/Link_Commissions"), 1): Scroll to object 'Object Repository/MessagesPage/Link_Commissions' successfully

2019-03-11 17:10:18 - [MESSAGE][PASSED] - Scroll to object 'Object Repository/MessagesPage/Link_Commissions' successfully

2019-03-11 17:10:18 - [TEST_STEP][PASSED] - click(findTestObject("MessagesPage/Link_Commissions")): Object: 'Object Repository/MessagesPage/Link_Commissions' is clicked on

2019-03-11 17:10:45 - [MESSAGE][PASSED] - Object: 'Object Repository/MessagesPage/Link_Commissions' is clicked on

2019-03-11 17:10:45 - [TEST_STEP][PASSED] - click(findTestObject("LoginPage/User_id")): Object: 'Object Repository/LoginPage/User_id' is clicked on

2019-03-11 17:10:48 - [MESSAGE][PASSED] - Object: 'Object Repository/LoginPage/User_id' is clicked on

2019-03-11 17:10:48 - [TEST_STEP][PASSED] - waitForElementVisible(findTestObject("LoginPage/user_name"), 1): Object 'Object Repository/LoginPage/user_name' is visible

2019-03-11 17:10:50 - [MESSAGE][PASSED] - Object 'Object Repository/LoginPage/user_name' is visible

2019-03-11 17:10:50 - [TEST_STEP][PASSED] - Assert.assertEquals(getText(findTestObject("LoginPage/user_name")), User_name): Text of object 'Object Repository/LoginPage/user_name' is: 'rkulkarn@calliduscloud.com'

2019-03-11 17:10:52 - [MESSAGE][PASSED] - Text of object 'Object Repository/LoginPage/user_name' is: 'rkulkarn@calliduscloud.com'

2019-03-11 17:10:52 - [TEST_STEP][PASSED] - waitForPageLoad(3): Wait for page load successfully

2019-03-11 17:10:53 - [MESSAGE][PASSED] - Wait for page load successfully

2019-03-11 17:10:53 - [MESSAGE][PASSED] - Call Test Case 'Test Cases/Commission Login_Logout/Commission Login' successfully

2019-03-11 17:10:53 - [TEST_STEP][PASSED] - mouseOver(findTestObject("HomePage_Commission/Commission_Organizationdata/Icon_Organization")): Object: 'Object Repository/HomePage_Commission/Commission_Organizationdata/Icon_Organization' is hovered

2019-03-11 17:10:56 - [MESSAGE][PASSED] - Object: 'Object Repository/HomePage_Commission/Commission_Organizationdata/Icon_Organization' is hovered

2019-03-11 17:10:56 - [TEST_STEP][PASSED] - waitForElementPresent(findTestObject("HomePage_Commission/Commission_Organizationdata/Icon_Organization"), 1): Object 'Object Repository/HomePage_Commission/Commission_Organizationdata/Icon_Organization' is present

2019-03-11 17:10:57 - [MESSAGE][PASSED] - Object 'Object Repository/HomePage_Commission/Commission_Organizationdata/Icon_Organization' is present

2019-03-11 17:10:57 - [TEST_STEP][PASSED] - click(findTestObject("HomePage_Commission/Commission_Organizationdata/Icon_Organization")): Object: 'Object Repository/HomePage_Commission/Commission_Organizationdata/Icon_Organization' is clicked on

2019-03-11 17:10:59 - [MESSAGE][PASSED] - Object: 'Object Repository/HomePage_Commission/Commission_Organizationdata/Icon_Organization' is clicked on

2019-03-11 17:10:59 - [TEST_STEP][PASSED] - Assert.assertEquals(getText(findTestObject("Assertion_objects/Organization")), ORG): Text of object 'Object Repository/Assertion_objects/Organization' is: 'Organization'

2019-03-11 17:11:01 - [MESSAGE][PASSED] - Text of object 'Object Repository/Assertion_objects/Organization' is: 'Organization'

2019-03-11 17:11:01 - [TEST_STEP][PASSED] - waitForElementVisible(findTestObject("HomePage_Commission/Commission_Organizationdata/Link_Relationships"), 3): Object 'Object Repository/HomePage_Commission/Commission_Organizationdata/Link_Relationships' is visible

2019-03-11 17:11:03 - [MESSAGE][PASSED] - Object 'Object Repository/HomePage_Commission/Commission_Organizationdata/Link_Relationships' is visible

2019-03-11 17:11:03 - [TEST_STEP][PASSED] - mouseOver(findTestObject("HomePage_Commission/Commission_Organizationdata/Link_Relationships"), STOP_ON_FAILURE): Object: 'Object Repository/HomePage_Commission/Commission_Organizationdata/Link_Relationships' is hovered

2019-03-11 17:11:06 - [MESSAGE][PASSED] - Object: 'Object Repository/HomePage_Commission/Commission_Organizationdata/Link_Relationships' is hovered

2019-03-11 17:11:06 - [TEST_STEP][PASSED] - click(findTestObject("HomePage_Commission/Commission_Organizationdata/Link_Relationships")): Object: 'Object Repository/HomePage_Commission/Commission_Organizationdata/Link_Relationships' is clicked on

2019-03-11 17:11:29 - [MESSAGE][PASSED] - Object: 'Object Repository/HomePage_Commission/Commission_Organizationdata/Link_Relationships' is clicked on

2019-03-11 17:11:29 - [TEST_STEP][PASSED] - Assert.assertEquals(getText(findTestObject("Assertion_objects/Relationship")), Rel_txt): Text of object 'Object Repository/Assertion_objects/Relationship' is: 'Relationships'

2019-03-11 17:11:31 - [MESSAGE][PASSED] - Text of object 'Object Repository/Assertion_objects/Relationship' is: 'Relationships'

2019-03-11 17:11:31 - [TEST_STEP][PASSED] - scrollToPosition(1, 0): Browser is scrolled to position x = 1, y = 0

2019-03-11 17:11:32 - [MESSAGE][PASSED] - Browser is scrolled to position x = 1, y = 0

2019-03-11 17:11:32 - [TEST_STEP][PASSED] - waitForElementPresent(findTestObject("Page_Plan Tab/Span_New Roll Type"), 1): Object 'Object Repository/Page_Plan Tab/Span_New Roll Type' is present

2019-03-11 17:11:33 - [MESSAGE][PASSED] - Object 'Object Repository/Page_Plan Tab/Span_New Roll Type' is present

2019-03-11 17:11:33 - [TEST_STEP][PASSED] - click(findTestObject("Page_Plan Tab/Span_New Roll Type")): Object: 'Object Repository/Page_Plan Tab/Span_New Roll Type' is clicked on

2019-03-11 17:11:35 - [MESSAGE][PASSED] - Object: 'Object Repository/Page_Plan Tab/Span_New Roll Type' is clicked on

2019-03-11 17:11:35 - [TEST_STEP][PASSED] - setText(findTestObject("Page_Plan Tab/input_Roll Type Name"), New_roll_type): Text 'Rolltype1' is set on object 'Object Repository/Page_Plan Tab/input_Roll Type Name'

2019-03-11 17:11:40 - [MESSAGE][PASSED] - Text 'Rolltype1' is set on object 'Object Repository/Page_Plan Tab/input_Roll Type Name'

2019-03-11 17:11:40 - [TEST_STEP][PASSED] - click(findTestObject("Page_Plan Tab/img")): Object: 'Object Repository/Page_Plan Tab/img' is clicked on

2019-03-11 17:11:42 - [MESSAGE][PASSED] - Object: 'Object Repository/Page_Plan Tab/img' is clicked on

2019-03-11 17:11:42 - [TEST_STEP][PASSED] - click(findTestObject("Page_Plan Tab/span_NewRollTypeListcreated")): Object: 'Object Repository/Page_Plan Tab/span_NewRollTypeListcreated' is clicked on

2019-03-11 17:11:44 - [MESSAGE][PASSED] - Object: 'Object Repository/Page_Plan Tab/span_NewRollTypeListcreated' is clicked on

2019-03-11 17:11:44 - [TEST_STEP][PASSED] - click(findTestObject("Page_Plan Tab/span_Cancel_icon-file-plus2 co")): Object: 'Object Repository/Page_Plan Tab/span_Cancel_icon-file-plus2 co' is clicked on

2019-03-11 17:11:46 - [MESSAGE][PASSED] - Object: 'Object Repository/Page_Plan Tab/span_Cancel_icon-file-plus2 co' is clicked on

2019-03-11 17:11:46 - [TEST_STEP][PASSED] - click(findTestObject("Page_Plan Tab/span_Ok")): Object: 'Object Repository/Page_Plan Tab/span_Ok' is clicked on

2019-03-11 17:11:49 - [MESSAGE][PASSED] - Object: 'Object Repository/Page_Plan Tab/span_Ok' is clicked on

2019-03-11 17:11:49 - [TEST_STEP][PASSED] - setText(findTestObject("Page_Plan Tab/input_Search positions below d (1)"), Position_val1): Text 'Pos1' is set on object 'Object Repository/Page_Plan Tab/input_Search positions below d (1)'

2019-03-11 17:11:53 - [MESSAGE][PASSED] - Text 'Pos1' is set on object 'Object Repository/Page_Plan Tab/input_Search positions below d (1)'

2019-03-11 17:11:53 - [TEST_STEP][PASSED] - click(findTestObject("Page_Plan Tab/Relation_searchicon")): Object: 'Object Repository/Page_Plan Tab/Relation_searchicon' is clicked on

2019-03-11 17:11:55 - [MESSAGE][PASSED] - Object: 'Object Repository/Page_Plan Tab/Relation_searchicon' is clicked on

2019-03-11 17:11:55 - [TEST_STEP][PASSED] - position1obj = new com.kms.katalon.core.testobject.TestObject(Dynamic object): null

2019-03-11 17:11:55 - [TEST_STEP][PASSED] - pos1object = Position_val1: null

2019-03-11 17:11:55 - [TEST_STEP][PASSED] - pos1txt_xapth = "//*[normalize-space(text()) and normalize-space(.)="" + pos1object + ""]": null

2019-03-11 17:11:55 - [TEST_STEP][PASSED] - position1obj.addProperty("xpath", EQUALS, pos1txt_xapth): null

2019-03-11 17:11:55 - [TEST_STEP][PASSED] - Thread.sleep(2000): null

2019-03-11 17:11:57 - [TEST_STEP][PASSED] - pos1_text = getText(position1obj): Text of object 'Dynamic object' is: 'Pos1'

2019-03-11 17:11:59 - [MESSAGE][PASSED] - Text of object 'Dynamic object' is: 'Pos1'

2019-03-11 17:11:59 - [TEST_STEP][PASSED] - dragAndDropToObject(position1obj, findTestObject("Page_Plan Tab/span_SourceDragPosition")): Dragged object with id 'Dynamic object' to object with id 'TestObject - 'Object Repository/Page_Plan Tab/span_SourceDragPosition'' successfully

2019-03-11 17:12:12 - [MESSAGE][PASSED] - Dragged object with id 'Dynamic object' to object with id 'TestObject - 'Object Repository/Page_Plan Tab/span_SourceDragPosition'' successfully

2019-03-11 17:12:12 - [TEST_STEP][PASSED] - setText(findTestObject("Page_Plan Tab/input_Search positions below d (1)"), Position_val2): Text 'Pos2' is set on object 'Object Repository/Page_Plan Tab/input_Search positions below d (1)'

2019-03-11 17:12:17 - [MESSAGE][PASSED] - Text 'Pos2' is set on object 'Object Repository/Page_Plan Tab/input_Search positions below d (1)'

2019-03-11 17:12:17 - [TEST_STEP][PASSED] - click(findTestObject("Page_Plan Tab/Relation_searchicon")): Object: 'Object Repository/Page_Plan Tab/Relation_searchicon' is clicked on

2019-03-11 17:12:19 - [MESSAGE][PASSED] - Object: 'Object Repository/Page_Plan Tab/Relation_searchicon' is clicked on

2019-03-11 17:12:19 - [TEST_STEP][PASSED] - position2obj = new com.kms.katalon.core.testobject.TestObject(Dynamic object): null

2019-03-11 17:12:19 - [TEST_STEP][PASSED] - pos2object = Position_val2: null

2019-03-11 17:12:19 - [TEST_STEP][PASSED] - pos2txt_xapth = "//*[normalize-space(text()) and normalize-space(.)="" + pos2object + ""]": null

2019-03-11 17:12:19 - [TEST_STEP][PASSED] - position2obj.addProperty("xpath", EQUALS, pos2txt_xapth): null

2019-03-11 17:12:19 - [TEST_STEP][PASSED] - Thread.sleep(2000): null

2019-03-11 17:12:21 - [TEST_STEP][PASSED] - pos2_text = getText(position2obj): Text of object 'Dynamic object' is: 'Pos2'

2019-03-11 17:12:23 - [MESSAGE][PASSED] - Text of object 'Dynamic object' is: 'Pos2'

2019-03-11 17:12:23 - [TEST_STEP][PASSED] - dragAndDropToObject(position2obj, findTestObject("Page_Plan Tab/span_Drop a position below as")): Dragged object with id 'Dynamic object' to object with id 'TestObject - 'Object Repository/Page_Plan Tab/span_Drop a position below as'' successfully

2019-03-11 17:12:36 - [MESSAGE][PASSED] - Dragged object with id 'Dynamic object' to object with id 'TestObject - 'Object Repository/Page_Plan Tab/span_Drop a position below as'' successfully

2019-03-11 17:12:36 - [TEST_STEP][PASSED] - scrollToPosition(1, 1): Browser is scrolled to position x = 1, y = 1

2019-03-11 17:12:37 - [MESSAGE][PASSED] - Browser is scrolled to position x = 1, y = 1

2019-03-11 17:12:37 - [TEST_STEP][PASSED] - click(findTestObject("Page_Plan Tab/span_Pos1_icon-disk")): Object: 'Object Repository/Page_Plan Tab/span_Pos1_icon-disk' is clicked on

2019-03-11 17:12:39 - [MESSAGE][PASSED] - Object: 'Object Repository/Page_Plan Tab/span_Pos1_icon-disk' is clicked on]]></system-out>
         <system-err><![CDATA[]]></system-err>
      </testcase>
      <testcase name="Test Cases/Organization_workspace/Titles exists in the system" classname="Test Cases/Organization_workspace/Titles exists in the system" status="PASSED">
         <system-out><![CDATA[2019-03-11 17:12:39 - [TEST_CASE][PASSED] - Test Cases/Organization_workspace/Titles exists in the system: Test Cases/Organization_workspace/Titles exists in the system

2019-03-11 17:12:39 - [TEST_STEP][PASSED] - Start listener action : sampleBeforeTestCase: null

2019-03-11 17:12:39 - [TEST_STEP][PASSED] - println(testCaseContext.getTestCaseId()): null

2019-03-11 17:12:39 - [TEST_STEP][PASSED] - println(testCaseContext.getTestCaseVariables()): null

2019-03-11 17:12:39 - [TEST_STEP][PASSED] - callTestCase(findTestCase("Commission Login_Logout/Commission Login"), [:], STOP_ON_FAILURE): Call Test Case 'Test Cases/Commission Login_Logout/Commission Login' successfully

2019-03-11 17:12:39 - [TEST_CASE][PASSED] - Test Cases/Commission Login_Logout/Commission Login: Test Cases/Commission Login_Logout/Commission Login

2019-03-11 17:12:40 - [TEST_STEP][PASSED] - openBrowser(""): Browser is opened with url: ''

2019-03-11 17:12:40 - [MESSAGE][WARNING] - A browser is already opened. Closing browser and opening a new one

2019-03-11 17:12:41 - [MESSAGE][INFO] - Starting 'Chrome' driver

2019-03-11 17:12:46 - [MESSAGE][PASSED] - Browser is opened with url: ''

2019-03-11 17:12:46 - [TEST_STEP][PASSED] - navigateToUrl(BecURL): Navigate to 'https://biz3-tst.callidusondemand.com/SalesPortal/#!/' successfully

2019-03-11 17:12:58 - [MESSAGE][PASSED] - Navigate to 'https://biz3-tst.callidusondemand.com/SalesPortal/#!/' successfully

2019-03-11 17:12:58 - [TEST_STEP][PASSED] - maximizeWindow(): Current window maximized

2019-03-11 17:13:00 - [MESSAGE][PASSED] - Current window maximized

2019-03-11 17:13:00 - [TEST_STEP][PASSED] - Assert.assertEquals(getText(findTestObject("LoginPage/Header_homepage")), header_name): Text of object 'Object Repository/LoginPage/Header_homepage' is: 'Sales Performance Home '

2019-03-11 17:13:02 - [MESSAGE][PASSED] - Text of object 'Object Repository/LoginPage/Header_homepage' is: 'Sales Performance Home '

2019-03-11 17:13:02 - [TEST_STEP][PASSED] - setText(findTestObject("LoginPage/input_Username_username"), Bec_UserName): Text 'rkulkarn@calliduscloud.com' is set on object 'Object Repository/LoginPage/input_Username_username'

2019-03-11 17:13:07 - [MESSAGE][PASSED] - Text 'rkulkarn@calliduscloud.com' is set on object 'Object Repository/LoginPage/input_Username_username'

2019-03-11 17:13:07 - [TEST_STEP][PASSED] - setText(findTestObject("LoginPage/input_Password_password"), Bec_Password): Text 'Augg@1234' is set on object 'Object Repository/LoginPage/input_Password_password'

2019-03-11 17:13:11 - [MESSAGE][PASSED] - Text 'Augg@1234' is set on object 'Object Repository/LoginPage/input_Password_password'

2019-03-11 17:13:11 - [TEST_STEP][PASSED] - waitForElementClickable(findTestObject("LoginPage/Login_Button"), 2): Object 'Object Repository/LoginPage/Login_Button' is clickable

2019-03-11 17:13:13 - [MESSAGE][PASSED] - Object 'Object Repository/LoginPage/Login_Button' is clickable

2019-03-11 17:13:13 - [TEST_STEP][PASSED] - click(findTestObject("LoginPage/Login_Button")): Object: 'Object Repository/LoginPage/Login_Button' is clicked on

2019-03-11 17:13:15 - [MESSAGE][PASSED] - Object: 'Object Repository/LoginPage/Login_Button' is clicked on

2019-03-11 17:13:15 - [TEST_STEP][PASSED] - waitForPageLoad(2): Wait for page load successfully

2019-03-11 17:13:16 - [MESSAGE][PASSED] - Wait for page load successfully

2019-03-11 17:13:16 - [TEST_STEP][PASSED] - click(findTestObject("MessagesPage/Icon_Apps")): Object: 'Object Repository/MessagesPage/Icon_Apps' is clicked on

2019-03-11 17:13:20 - [MESSAGE][PASSED] - Object: 'Object Repository/MessagesPage/Icon_Apps' is clicked on

2019-03-11 17:13:20 - [TEST_STEP][PASSED] - mouseOver(findTestObject("MessagesPage/Link_Commissions")): Object: 'Object Repository/MessagesPage/Link_Commissions' is hovered

2019-03-11 17:13:23 - [MESSAGE][PASSED] - Object: 'Object Repository/MessagesPage/Link_Commissions' is hovered

2019-03-11 17:13:23 - [TEST_STEP][PASSED] - scrollToElement(findTestObject("MessagesPage/Link_Commissions"), 1): Scroll to object 'Object Repository/MessagesPage/Link_Commissions' successfully

2019-03-11 17:13:25 - [MESSAGE][PASSED] - Scroll to object 'Object Repository/MessagesPage/Link_Commissions' successfully

2019-03-11 17:13:25 - [TEST_STEP][PASSED] - click(findTestObject("MessagesPage/Link_Commissions")): Object: 'Object Repository/MessagesPage/Link_Commissions' is clicked on

2019-03-11 17:13:53 - [MESSAGE][PASSED] - Object: 'Object Repository/MessagesPage/Link_Commissions' is clicked on

2019-03-11 17:13:53 - [TEST_STEP][PASSED] - click(findTestObject("LoginPage/User_id")): Object: 'Object Repository/LoginPage/User_id' is clicked on

2019-03-11 17:13:56 - [MESSAGE][PASSED] - Object: 'Object Repository/LoginPage/User_id' is clicked on

2019-03-11 17:13:56 - [TEST_STEP][PASSED] - waitForElementVisible(findTestObject("LoginPage/user_name"), 1): Object 'Object Repository/LoginPage/user_name' is visible

2019-03-11 17:13:58 - [MESSAGE][PASSED] - Object 'Object Repository/LoginPage/user_name' is visible

2019-03-11 17:13:58 - [TEST_STEP][PASSED] - Assert.assertEquals(getText(findTestObject("LoginPage/user_name")), User_name): Text of object 'Object Repository/LoginPage/user_name' is: 'rkulkarn@calliduscloud.com'

2019-03-11 17:14:00 - [MESSAGE][PASSED] - Text of object 'Object Repository/LoginPage/user_name' is: 'rkulkarn@calliduscloud.com'

2019-03-11 17:14:00 - [TEST_STEP][PASSED] - waitForPageLoad(3): Wait for page load successfully

2019-03-11 17:14:01 - [MESSAGE][PASSED] - Wait for page load successfully

2019-03-11 17:14:01 - [MESSAGE][PASSED] - Call Test Case 'Test Cases/Commission Login_Logout/Commission Login' successfully

2019-03-11 17:14:01 - [TEST_STEP][PASSED] - mouseOver(findTestObject("HomePage_Commission/Commission_Organizationdata/Icon_Organization")): Object: 'Object Repository/HomePage_Commission/Commission_Organizationdata/Icon_Organization' is hovered

2019-03-11 17:14:04 - [MESSAGE][PASSED] - Object: 'Object Repository/HomePage_Commission/Commission_Organizationdata/Icon_Organization' is hovered

2019-03-11 17:14:04 - [TEST_STEP][PASSED] - waitForElementPresent(findTestObject("HomePage_Commission/Commission_Organizationdata/Icon_Organization"), 1): Object 'Object Repository/HomePage_Commission/Commission_Organizationdata/Icon_Organization' is present

2019-03-11 17:14:05 - [MESSAGE][PASSED] - Object 'Object Repository/HomePage_Commission/Commission_Organizationdata/Icon_Organization' is present

2019-03-11 17:14:05 - [TEST_STEP][PASSED] - click(findTestObject("HomePage_Commission/Commission_Organizationdata/Icon_Organization")): Object: 'Object Repository/HomePage_Commission/Commission_Organizationdata/Icon_Organization' is clicked on

2019-03-11 17:14:07 - [MESSAGE][PASSED] - Object: 'Object Repository/HomePage_Commission/Commission_Organizationdata/Icon_Organization' is clicked on

2019-03-11 17:14:07 - [TEST_STEP][PASSED] - Assert.assertEquals(getText(findTestObject("Assertion_objects/Organization")), ORG): Text of object 'Object Repository/Assertion_objects/Organization' is: 'Organization'

2019-03-11 17:14:09 - [MESSAGE][PASSED] - Text of object 'Object Repository/Assertion_objects/Organization' is: 'Organization'

2019-03-11 17:14:09 - [TEST_STEP][PASSED] - println("User is able to navigate to Administration tab"): null

2019-03-11 17:14:09 - [TEST_STEP][PASSED] - waitForElementVisible(findTestObject("HomePage_Commission/Commission_Organizationdata/Link_Titles"), 4): Object 'Object Repository/HomePage_Commission/Commission_Organizationdata/Link_Titles' is visible

2019-03-11 17:14:11 - [MESSAGE][PASSED] - Object 'Object Repository/HomePage_Commission/Commission_Organizationdata/Link_Titles' is visible

2019-03-11 17:14:11 - [TEST_STEP][PASSED] - mouseOver(findTestObject("HomePage_Commission/Commission_Organizationdata/Link_Titles"), STOP_ON_FAILURE): Object: 'Object Repository/HomePage_Commission/Commission_Organizationdata/Link_Titles' is hovered

2019-03-11 17:14:14 - [MESSAGE][PASSED] - Object: 'Object Repository/HomePage_Commission/Commission_Organizationdata/Link_Titles' is hovered

2019-03-11 17:14:14 - [TEST_STEP][PASSED] - click(findTestObject("HomePage_Commission/Commission_Organizationdata/Link_Titles")): Object: 'Object Repository/HomePage_Commission/Commission_Organizationdata/Link_Titles' is clicked on

2019-03-11 17:14:31 - [MESSAGE][PASSED] - Object: 'Object Repository/HomePage_Commission/Commission_Organizationdata/Link_Titles' is clicked on

2019-03-11 17:14:31 - [TEST_STEP][PASSED] - Assert.assertEquals(getText(findTestObject("Assertion_objects/Titles")), Titletxt): Text of object 'Object Repository/Assertion_objects/Titles' is: 'Titles'

2019-03-11 17:14:34 - [MESSAGE][PASSED] - Text of object 'Object Repository/Assertion_objects/Titles' is: 'Titles'

2019-03-11 17:14:34 - [TEST_STEP][PASSED] - println("User navigated to Titles screen"): null

2019-03-11 17:14:34 - [TEST_STEP][PASSED] - if (verifyElementClickable(findTestObject("AdvanceSearch_Page/Advanced_searchtext"))): null

2019-03-11 17:14:36 - [MESSAGE][PASSED] - Object 'Object Repository/AdvanceSearch_Page/Advanced_searchtext' is clickable

2019-03-11 17:14:36 - [TEST_STEP][PASSED] - click(findTestObject("AdvanceSearch_Page/Icon_Advanced Search")): Object: 'Object Repository/AdvanceSearch_Page/Icon_Advanced Search' is clicked on

2019-03-11 17:14:38 - [MESSAGE][PASSED] - Object: 'Object Repository/AdvanceSearch_Page/Icon_Advanced Search' is clicked on

2019-03-11 17:14:38 - [TEST_STEP][PASSED] - println("Performing advance search"): null

2019-03-11 17:14:38 - [TEST_STEP][PASSED] - click(findTestObject("AdvanceSearch_Page/FieldName_DropDown")): Object: 'Object Repository/AdvanceSearch_Page/FieldName_DropDown' is clicked on

2019-03-11 17:14:40 - [MESSAGE][PASSED] - Object: 'Object Repository/AdvanceSearch_Page/FieldName_DropDown' is clicked on

2019-03-11 17:14:40 - [TEST_STEP][PASSED] - scrollToElement(findTestObject("AdvanceSearch_Page/option_Tittle_fieldName"), 4): Scroll to object 'Object Repository/AdvanceSearch_Page/option_Tittle_fieldName' successfully

2019-03-11 17:14:42 - [MESSAGE][PASSED] - Scroll to object 'Object Repository/AdvanceSearch_Page/option_Tittle_fieldName' successfully

2019-03-11 17:14:42 - [TEST_STEP][PASSED] - click(findTestObject("AdvanceSearch_Page/option_Tittle_fieldName")): Object: 'Object Repository/AdvanceSearch_Page/option_Tittle_fieldName' is clicked on

2019-03-11 17:14:44 - [MESSAGE][PASSED] - Object: 'Object Repository/AdvanceSearch_Page/option_Tittle_fieldName' is clicked on

2019-03-11 17:14:44 - [TEST_STEP][PASSED] - click(findTestObject("AdvanceSearch_Page/td_Comparision")): Object: 'Object Repository/AdvanceSearch_Page/td_Comparision' is clicked on

2019-03-11 17:14:47 - [MESSAGE][PASSED] - Object: 'Object Repository/AdvanceSearch_Page/td_Comparision' is clicked on

2019-03-11 17:14:47 - [TEST_STEP][PASSED] - scrollToElement(findTestObject("AdvanceSearch_Page/option_Equals"), 2): Scroll to object 'Object Repository/AdvanceSearch_Page/option_Equals' successfully

2019-03-11 17:14:49 - [MESSAGE][PASSED] - Scroll to object 'Object Repository/AdvanceSearch_Page/option_Equals' successfully

2019-03-11 17:14:49 - [TEST_STEP][PASSED] - click(findTestObject("AdvanceSearch_Page/option_Equals")): Object: 'Object Repository/AdvanceSearch_Page/option_Equals' is clicked on

2019-03-11 17:14:51 - [MESSAGE][PASSED] - Object: 'Object Repository/AdvanceSearch_Page/option_Equals' is clicked on

2019-03-11 17:14:51 - [TEST_STEP][PASSED] - setText(findTestObject("AdvanceSearch_Page/td_Value"), TitleName): Text 'Title_9' is set on object 'Object Repository/AdvanceSearch_Page/td_Value'

2019-03-11 17:14:55 - [MESSAGE][PASSED] - Text 'Title_9' is set on object 'Object Repository/AdvanceSearch_Page/td_Value'

2019-03-11 17:14:55 - [TEST_STEP][PASSED] - click(findTestObject("AdvanceSearch_Page/AppySearch_button")): Object: 'Object Repository/AdvanceSearch_Page/AppySearch_button' is clicked on

2019-03-11 17:14:58 - [MESSAGE][PASSED] - Object: 'Object Repository/AdvanceSearch_Page/AppySearch_button' is clicked on

2019-03-11 17:14:58 - [TEST_STEP][PASSED] - globalkeywords.record.RecordNotFound(): globalkeywords.record.RecordNotFound is PASSED

2019-03-11 17:15:08 - [MESSAGE][INFO] - Unable to find the element located by 'By.xpath: //td[@class='dataTables_empty']'. Please recheck the objects properties to make sure the desired element is located. 

2019-03-11 17:15:08 - [MESSAGE][WARNING] - Object 'Object Repository/Page_Callidus Cloud Commissions Man/NoRecordsFound' is not present after 10 second(s)

2019-03-11 17:15:08 - [MESSAGE][PASSED] - globalkeywords.record.RecordNotFound is PASSED]]></system-out>
         <system-err><![CDATA[]]></system-err>
      </testcase>
      <testcase name="Test Cases/Plan_Workspace/Credit Rules name exists in the system" classname="Test Cases/Plan_Workspace/Credit Rules name exists in the system" status="PASSED">
         <system-out><![CDATA[2019-03-11 17:15:08 - [TEST_CASE][PASSED] - Test Cases/Plan_Workspace/Credit Rules name exists in the system: Test Cases/Plan_Workspace/Credit Rules name exists in the system

2019-03-11 17:15:09 - [TEST_STEP][PASSED] - Start listener action : sampleBeforeTestCase: null

2019-03-11 17:15:09 - [TEST_STEP][PASSED] - println(testCaseContext.getTestCaseId()): null

2019-03-11 17:15:09 - [TEST_STEP][PASSED] - println(testCaseContext.getTestCaseVariables()): null

2019-03-11 17:15:09 - [TEST_STEP][PASSED] - callTestCase(findTestCase("Commission Login_Logout/Commission Login"), [:], STOP_ON_FAILURE): Call Test Case 'Test Cases/Commission Login_Logout/Commission Login' successfully

2019-03-11 17:15:09 - [TEST_CASE][PASSED] - Test Cases/Commission Login_Logout/Commission Login: Test Cases/Commission Login_Logout/Commission Login

2019-03-11 17:15:09 - [TEST_STEP][PASSED] - openBrowser(""): Browser is opened with url: ''

2019-03-11 17:15:09 - [MESSAGE][WARNING] - A browser is already opened. Closing browser and opening a new one

2019-03-11 17:15:11 - [MESSAGE][INFO] - Starting 'Chrome' driver

2019-03-11 17:15:16 - [MESSAGE][PASSED] - Browser is opened with url: ''

2019-03-11 17:15:16 - [TEST_STEP][PASSED] - navigateToUrl(BecURL): Navigate to 'https://biz3-tst.callidusondemand.com/SalesPortal/#!/' successfully

2019-03-11 17:15:29 - [MESSAGE][PASSED] - Navigate to 'https://biz3-tst.callidusondemand.com/SalesPortal/#!/' successfully

2019-03-11 17:15:29 - [TEST_STEP][PASSED] - maximizeWindow(): Current window maximized

2019-03-11 17:15:31 - [MESSAGE][PASSED] - Current window maximized

2019-03-11 17:15:31 - [TEST_STEP][PASSED] - Assert.assertEquals(getText(findTestObject("LoginPage/Header_homepage")), header_name): Text of object 'Object Repository/LoginPage/Header_homepage' is: 'Sales Performance Home '

2019-03-11 17:15:33 - [MESSAGE][PASSED] - Text of object 'Object Repository/LoginPage/Header_homepage' is: 'Sales Performance Home '

2019-03-11 17:15:33 - [TEST_STEP][PASSED] - setText(findTestObject("LoginPage/input_Username_username"), Bec_UserName): Text 'rkulkarn@calliduscloud.com' is set on object 'Object Repository/LoginPage/input_Username_username'

2019-03-11 17:15:37 - [MESSAGE][PASSED] - Text 'rkulkarn@calliduscloud.com' is set on object 'Object Repository/LoginPage/input_Username_username'

2019-03-11 17:15:37 - [TEST_STEP][PASSED] - setText(findTestObject("LoginPage/input_Password_password"), Bec_Password): Text 'Augg@1234' is set on object 'Object Repository/LoginPage/input_Password_password'

2019-03-11 17:15:42 - [MESSAGE][PASSED] - Text 'Augg@1234' is set on object 'Object Repository/LoginPage/input_Password_password'

2019-03-11 17:15:42 - [TEST_STEP][PASSED] - waitForElementClickable(findTestObject("LoginPage/Login_Button"), 2): Object 'Object Repository/LoginPage/Login_Button' is clickable

2019-03-11 17:15:44 - [MESSAGE][PASSED] - Object 'Object Repository/LoginPage/Login_Button' is clickable

2019-03-11 17:15:44 - [TEST_STEP][PASSED] - click(findTestObject("LoginPage/Login_Button")): Object: 'Object Repository/LoginPage/Login_Button' is clicked on

2019-03-11 17:15:46 - [MESSAGE][PASSED] - Object: 'Object Repository/LoginPage/Login_Button' is clicked on

2019-03-11 17:15:46 - [TEST_STEP][PASSED] - waitForPageLoad(2): Wait for page load successfully

2019-03-11 17:15:47 - [MESSAGE][PASSED] - Wait for page load successfully

2019-03-11 17:15:47 - [TEST_STEP][PASSED] - click(findTestObject("MessagesPage/Icon_Apps")): Object: 'Object Repository/MessagesPage/Icon_Apps' is clicked on

2019-03-11 17:15:51 - [MESSAGE][PASSED] - Object: 'Object Repository/MessagesPage/Icon_Apps' is clicked on

2019-03-11 17:15:51 - [TEST_STEP][PASSED] - mouseOver(findTestObject("MessagesPage/Link_Commissions")): Object: 'Object Repository/MessagesPage/Link_Commissions' is hovered

2019-03-11 17:15:54 - [MESSAGE][PASSED] - Object: 'Object Repository/MessagesPage/Link_Commissions' is hovered

2019-03-11 17:15:54 - [TEST_STEP][PASSED] - scrollToElement(findTestObject("MessagesPage/Link_Commissions"), 1): Scroll to object 'Object Repository/MessagesPage/Link_Commissions' successfully

2019-03-11 17:15:56 - [MESSAGE][PASSED] - Scroll to object 'Object Repository/MessagesPage/Link_Commissions' successfully

2019-03-11 17:15:56 - [TEST_STEP][PASSED] - click(findTestObject("MessagesPage/Link_Commissions")): Object: 'Object Repository/MessagesPage/Link_Commissions' is clicked on

2019-03-11 17:16:30 - [MESSAGE][PASSED] - Object: 'Object Repository/MessagesPage/Link_Commissions' is clicked on

2019-03-11 17:16:30 - [TEST_STEP][PASSED] - click(findTestObject("LoginPage/User_id")): Object: 'Object Repository/LoginPage/User_id' is clicked on

2019-03-11 17:16:32 - [MESSAGE][PASSED] - Object: 'Object Repository/LoginPage/User_id' is clicked on

2019-03-11 17:16:32 - [TEST_STEP][PASSED] - waitForElementVisible(findTestObject("LoginPage/user_name"), 1): Object 'Object Repository/LoginPage/user_name' is visible

2019-03-11 17:16:34 - [MESSAGE][PASSED] - Object 'Object Repository/LoginPage/user_name' is visible

2019-03-11 17:16:34 - [TEST_STEP][PASSED] - Assert.assertEquals(getText(findTestObject("LoginPage/user_name")), User_name): Text of object 'Object Repository/LoginPage/user_name' is: 'rkulkarn@calliduscloud.com'

2019-03-11 17:16:36 - [MESSAGE][PASSED] - Text of object 'Object Repository/LoginPage/user_name' is: 'rkulkarn@calliduscloud.com'

2019-03-11 17:16:36 - [TEST_STEP][PASSED] - waitForPageLoad(3): Wait for page load successfully

2019-03-11 17:16:37 - [MESSAGE][PASSED] - Wait for page load successfully

2019-03-11 17:16:38 - [MESSAGE][PASSED] - Call Test Case 'Test Cases/Commission Login_Logout/Commission Login' successfully

2019-03-11 17:16:38 - [TEST_STEP][PASSED] - mouseOver(findTestObject("HomePage_Commission/Commission_Plandata/Icon_PlanData")): Object: 'Object Repository/HomePage_Commission/Commission_Plandata/Icon_PlanData' is hovered

2019-03-11 17:16:41 - [MESSAGE][PASSED] - Object: 'Object Repository/HomePage_Commission/Commission_Plandata/Icon_PlanData' is hovered

2019-03-11 17:16:41 - [TEST_STEP][PASSED] - waitForElementPresent(findTestObject("HomePage_Commission/Commission_Plandata/Icon_PlanData"), 2): Object 'Object Repository/HomePage_Commission/Commission_Plandata/Icon_PlanData' is present

2019-03-11 17:16:42 - [MESSAGE][PASSED] - Object 'Object Repository/HomePage_Commission/Commission_Plandata/Icon_PlanData' is present

2019-03-11 17:16:42 - [TEST_STEP][PASSED] - click(findTestObject("HomePage_Commission/Commission_Plandata/Icon_PlanData")): Object: 'Object Repository/HomePage_Commission/Commission_Plandata/Icon_PlanData' is clicked on

2019-03-11 17:16:44 - [MESSAGE][PASSED] - Object: 'Object Repository/HomePage_Commission/Commission_Plandata/Icon_PlanData' is clicked on

2019-03-11 17:16:44 - [TEST_STEP][PASSED] - Assert.assertEquals(getText(findTestObject("Assertion_objects/Plan data")), Plan_data): Text of object 'Object Repository/Assertion_objects/Plan data' is: 'Plan Data'

2019-03-11 17:16:46 - [MESSAGE][PASSED] - Text of object 'Object Repository/Assertion_objects/Plan data' is: 'Plan Data'

2019-03-11 17:16:46 - [TEST_STEP][PASSED] - waitForElementVisible(findTestObject("HomePage_Commission/Commission_Plandata/Link_Rules"), 4): Object 'Object Repository/HomePage_Commission/Commission_Plandata/Link_Rules' is visible

2019-03-11 17:16:48 - [MESSAGE][PASSED] - Object 'Object Repository/HomePage_Commission/Commission_Plandata/Link_Rules' is visible

2019-03-11 17:16:48 - [TEST_STEP][PASSED] - mouseOver(findTestObject("HomePage_Commission/Commission_Plandata/Link_Rules"), STOP_ON_FAILURE): Object: 'Object Repository/HomePage_Commission/Commission_Plandata/Link_Rules' is hovered

2019-03-11 17:16:51 - [MESSAGE][PASSED] - Object: 'Object Repository/HomePage_Commission/Commission_Plandata/Link_Rules' is hovered

2019-03-11 17:16:51 - [TEST_STEP][PASSED] - click(findTestObject("HomePage_Commission/Commission_Plandata/Link_Rules")): Object: 'Object Repository/HomePage_Commission/Commission_Plandata/Link_Rules' is clicked on

2019-03-11 17:17:09 - [MESSAGE][PASSED] - Object: 'Object Repository/HomePage_Commission/Commission_Plandata/Link_Rules' is clicked on

2019-03-11 17:17:09 - [TEST_STEP][PASSED] - Assert.assertEquals(getText(findTestObject("Assertion_Objects/Rules")), Rules_txt): Text of object 'Object Repository/Assertion_Objects/Rules' is: 'Rules'

2019-03-11 17:17:12 - [MESSAGE][PASSED] - Text of object 'Object Repository/Assertion_Objects/Rules' is: 'Rules'

2019-03-11 17:17:12 - [TEST_STEP][PASSED] - println("User navigated to Rules screen"): null

2019-03-11 17:17:12 - [TEST_STEP][PASSED] - if (verifyElementClickable(findTestObject("AdvanceSearch_Page/Advanced_searchtext"))): null

2019-03-11 17:17:14 - [MESSAGE][PASSED] - Object 'Object Repository/AdvanceSearch_Page/Advanced_searchtext' is clickable

2019-03-11 17:17:14 - [TEST_STEP][PASSED] - click(findTestObject("AdvanceSearch_Page/Icon_Advanced Search")): Object: 'Object Repository/AdvanceSearch_Page/Icon_Advanced Search' is clicked on

2019-03-11 17:17:16 - [MESSAGE][PASSED] - Object: 'Object Repository/AdvanceSearch_Page/Icon_Advanced Search' is clicked on

2019-03-11 17:17:16 - [TEST_STEP][PASSED] - println("Performing advance search"): null

2019-03-11 17:17:16 - [TEST_STEP][PASSED] - click(findTestObject("AdvanceSearch_Page/FieldName_DropDown")): Object: 'Object Repository/AdvanceSearch_Page/FieldName_DropDown' is clicked on

2019-03-11 17:17:18 - [MESSAGE][PASSED] - Object: 'Object Repository/AdvanceSearch_Page/FieldName_DropDown' is clicked on

2019-03-11 17:17:18 - [TEST_STEP][PASSED] - scrollToElement(findTestObject("AdvanceSearch_Page/option_Value"), 4): Scroll to object 'Object Repository/AdvanceSearch_Page/option_Value' successfully

2019-03-11 17:17:20 - [MESSAGE][PASSED] - Scroll to object 'Object Repository/AdvanceSearch_Page/option_Value' successfully

2019-03-11 17:17:20 - [TEST_STEP][PASSED] - click(findTestObject("AdvanceSearch_Page/option_Value")): Object: 'Object Repository/AdvanceSearch_Page/option_Value' is clicked on

2019-03-11 17:17:22 - [MESSAGE][PASSED] - Object: 'Object Repository/AdvanceSearch_Page/option_Value' is clicked on

2019-03-11 17:17:22 - [TEST_STEP][PASSED] - click(findTestObject("AdvanceSearch_Page/td_Comparision")): Object: 'Object Repository/AdvanceSearch_Page/td_Comparision' is clicked on

2019-03-11 17:17:25 - [MESSAGE][PASSED] - Object: 'Object Repository/AdvanceSearch_Page/td_Comparision' is clicked on

2019-03-11 17:17:25 - [TEST_STEP][PASSED] - scrollToElement(findTestObject("AdvanceSearch_Page/option_Equals"), 2): Scroll to object 'Object Repository/AdvanceSearch_Page/option_Equals' successfully

2019-03-11 17:17:27 - [MESSAGE][PASSED] - Scroll to object 'Object Repository/AdvanceSearch_Page/option_Equals' successfully

2019-03-11 17:17:27 - [TEST_STEP][PASSED] - click(findTestObject("AdvanceSearch_Page/option_Equals")): Object: 'Object Repository/AdvanceSearch_Page/option_Equals' is clicked on

2019-03-11 17:17:29 - [MESSAGE][PASSED] - Object: 'Object Repository/AdvanceSearch_Page/option_Equals' is clicked on

2019-03-11 17:17:29 - [TEST_STEP][PASSED] - setText(findTestObject("AdvanceSearch_Page/td_Value"), RuleName): Text 'Credit_Vasu122' is set on object 'Object Repository/AdvanceSearch_Page/td_Value'

2019-03-11 17:17:34 - [MESSAGE][PASSED] - Text 'Credit_Vasu122' is set on object 'Object Repository/AdvanceSearch_Page/td_Value'

2019-03-11 17:17:34 - [TEST_STEP][PASSED] - click(findTestObject("AdvanceSearch_Page/AppySearch_button")): Object: 'Object Repository/AdvanceSearch_Page/AppySearch_button' is clicked on

2019-03-11 17:17:36 - [MESSAGE][PASSED] - Object: 'Object Repository/AdvanceSearch_Page/AppySearch_button' is clicked on

2019-03-11 17:17:36 - [TEST_STEP][PASSED] - globalkeywords.record.RecordNotFound(): globalkeywords.record.RecordNotFound is PASSED

2019-03-11 17:17:47 - [MESSAGE][INFO] - Unable to find the element located by 'By.xpath: //td[@class='dataTables_empty']'. Please recheck the objects properties to make sure the desired element is located. 

2019-03-11 17:17:47 - [MESSAGE][WARNING] - Object 'Object Repository/Page_Callidus Cloud Commissions Man/NoRecordsFound' is not present after 10 second(s)

2019-03-11 17:17:47 - [MESSAGE][PASSED] - globalkeywords.record.RecordNotFound is PASSED]]></system-out>
         <system-err><![CDATA[]]></system-err>
      </testcase>
      <testcase name="Test Cases/Plan_Workspace/Deposit Rule exists in the system" classname="Test Cases/Plan_Workspace/Deposit Rule exists in the system" status="PASSED">
         <system-out><![CDATA[2019-03-11 17:17:47 - [TEST_CASE][PASSED] - Test Cases/Plan_Workspace/Deposit Rule exists in the system: Test Cases/Plan_Workspace/Deposit Rule exists in the system

2019-03-11 17:17:47 - [TEST_STEP][PASSED] - Start listener action : sampleBeforeTestCase: null

2019-03-11 17:17:47 - [TEST_STEP][PASSED] - println(testCaseContext.getTestCaseId()): null

2019-03-11 17:17:47 - [TEST_STEP][PASSED] - println(testCaseContext.getTestCaseVariables()): null

2019-03-11 17:17:47 - [TEST_STEP][PASSED] - callTestCase(findTestCase("Commission Login_Logout/Commission Login"), [:], STOP_ON_FAILURE): Call Test Case 'Test Cases/Commission Login_Logout/Commission Login' successfully

2019-03-11 17:17:47 - [TEST_CASE][PASSED] - Test Cases/Commission Login_Logout/Commission Login: Test Cases/Commission Login_Logout/Commission Login

2019-03-11 17:17:47 - [TEST_STEP][PASSED] - openBrowser(""): Browser is opened with url: ''

2019-03-11 17:17:47 - [MESSAGE][WARNING] - A browser is already opened. Closing browser and opening a new one

2019-03-11 17:17:49 - [MESSAGE][INFO] - Starting 'Chrome' driver

2019-03-11 17:17:54 - [MESSAGE][PASSED] - Browser is opened with url: ''

2019-03-11 17:17:54 - [TEST_STEP][PASSED] - navigateToUrl(BecURL): Navigate to 'https://biz3-tst.callidusondemand.com/SalesPortal/#!/' successfully

2019-03-11 17:18:03 - [MESSAGE][PASSED] - Navigate to 'https://biz3-tst.callidusondemand.com/SalesPortal/#!/' successfully

2019-03-11 17:18:03 - [TEST_STEP][PASSED] - maximizeWindow(): Current window maximized

2019-03-11 17:18:05 - [MESSAGE][PASSED] - Current window maximized

2019-03-11 17:18:05 - [TEST_STEP][PASSED] - Assert.assertEquals(getText(findTestObject("LoginPage/Header_homepage")), header_name): Text of object 'Object Repository/LoginPage/Header_homepage' is: 'Sales Performance Home '

2019-03-11 17:18:07 - [MESSAGE][PASSED] - Text of object 'Object Repository/LoginPage/Header_homepage' is: 'Sales Performance Home '

2019-03-11 17:18:07 - [TEST_STEP][PASSED] - setText(findTestObject("LoginPage/input_Username_username"), Bec_UserName): Text 'rkulkarn@calliduscloud.com' is set on object 'Object Repository/LoginPage/input_Username_username'

2019-03-11 17:18:12 - [MESSAGE][PASSED] - Text 'rkulkarn@calliduscloud.com' is set on object 'Object Repository/LoginPage/input_Username_username'

2019-03-11 17:18:12 - [TEST_STEP][PASSED] - setText(findTestObject("LoginPage/input_Password_password"), Bec_Password): Text 'Augg@1234' is set on object 'Object Repository/LoginPage/input_Password_password'

2019-03-11 17:18:16 - [MESSAGE][PASSED] - Text 'Augg@1234' is set on object 'Object Repository/LoginPage/input_Password_password'

2019-03-11 17:18:16 - [TEST_STEP][PASSED] - waitForElementClickable(findTestObject("LoginPage/Login_Button"), 2): Object 'Object Repository/LoginPage/Login_Button' is clickable

2019-03-11 17:18:18 - [MESSAGE][PASSED] - Object 'Object Repository/LoginPage/Login_Button' is clickable

2019-03-11 17:18:18 - [TEST_STEP][PASSED] - click(findTestObject("LoginPage/Login_Button")): Object: 'Object Repository/LoginPage/Login_Button' is clicked on

2019-03-11 17:18:20 - [MESSAGE][PASSED] - Object: 'Object Repository/LoginPage/Login_Button' is clicked on

2019-03-11 17:18:20 - [TEST_STEP][PASSED] - waitForPageLoad(2): Wait for page load successfully

2019-03-11 17:18:21 - [MESSAGE][PASSED] - Wait for page load successfully

2019-03-11 17:18:21 - [TEST_STEP][PASSED] - click(findTestObject("MessagesPage/Icon_Apps")): Object: 'Object Repository/MessagesPage/Icon_Apps' is clicked on

2019-03-11 17:18:25 - [MESSAGE][PASSED] - Object: 'Object Repository/MessagesPage/Icon_Apps' is clicked on

2019-03-11 17:18:25 - [TEST_STEP][PASSED] - mouseOver(findTestObject("MessagesPage/Link_Commissions")): Object: 'Object Repository/MessagesPage/Link_Commissions' is hovered

2019-03-11 17:18:28 - [MESSAGE][PASSED] - Object: 'Object Repository/MessagesPage/Link_Commissions' is hovered

2019-03-11 17:18:28 - [TEST_STEP][PASSED] - scrollToElement(findTestObject("MessagesPage/Link_Commissions"), 1): Scroll to object 'Object Repository/MessagesPage/Link_Commissions' successfully

2019-03-11 17:18:30 - [MESSAGE][PASSED] - Scroll to object 'Object Repository/MessagesPage/Link_Commissions' successfully

2019-03-11 17:18:30 - [TEST_STEP][PASSED] - click(findTestObject("MessagesPage/Link_Commissions")): Object: 'Object Repository/MessagesPage/Link_Commissions' is clicked on

2019-03-11 17:18:57 - [MESSAGE][PASSED] - Object: 'Object Repository/MessagesPage/Link_Commissions' is clicked on

2019-03-11 17:18:57 - [TEST_STEP][PASSED] - click(findTestObject("LoginPage/User_id")): Object: 'Object Repository/LoginPage/User_id' is clicked on

2019-03-11 17:18:59 - [MESSAGE][PASSED] - Object: 'Object Repository/LoginPage/User_id' is clicked on

2019-03-11 17:18:59 - [TEST_STEP][PASSED] - waitForElementVisible(findTestObject("LoginPage/user_name"), 1): Object 'Object Repository/LoginPage/user_name' is visible

2019-03-11 17:19:01 - [MESSAGE][PASSED] - Object 'Object Repository/LoginPage/user_name' is visible

2019-03-11 17:19:01 - [TEST_STEP][PASSED] - Assert.assertEquals(getText(findTestObject("LoginPage/user_name")), User_name): Text of object 'Object Repository/LoginPage/user_name' is: 'rkulkarn@calliduscloud.com'

2019-03-11 17:19:03 - [MESSAGE][PASSED] - Text of object 'Object Repository/LoginPage/user_name' is: 'rkulkarn@calliduscloud.com'

2019-03-11 17:19:03 - [TEST_STEP][PASSED] - waitForPageLoad(3): Wait for page load successfully

2019-03-11 17:19:04 - [MESSAGE][PASSED] - Wait for page load successfully

2019-03-11 17:19:04 - [MESSAGE][PASSED] - Call Test Case 'Test Cases/Commission Login_Logout/Commission Login' successfully

2019-03-11 17:19:04 - [TEST_STEP][PASSED] - mouseOver(findTestObject("HomePage_Commission/Commission_Plandata/Icon_PlanData")): Object: 'Object Repository/HomePage_Commission/Commission_Plandata/Icon_PlanData' is hovered

2019-03-11 17:19:07 - [MESSAGE][PASSED] - Object: 'Object Repository/HomePage_Commission/Commission_Plandata/Icon_PlanData' is hovered

2019-03-11 17:19:07 - [TEST_STEP][PASSED] - waitForElementPresent(findTestObject("HomePage_Commission/Commission_Plandata/Icon_PlanData"), 2): Object 'Object Repository/HomePage_Commission/Commission_Plandata/Icon_PlanData' is present

2019-03-11 17:19:08 - [MESSAGE][PASSED] - Object 'Object Repository/HomePage_Commission/Commission_Plandata/Icon_PlanData' is present

2019-03-11 17:19:08 - [TEST_STEP][PASSED] - click(findTestObject("HomePage_Commission/Commission_Plandata/Icon_PlanData")): Object: 'Object Repository/HomePage_Commission/Commission_Plandata/Icon_PlanData' is clicked on

2019-03-11 17:19:10 - [MESSAGE][PASSED] - Object: 'Object Repository/HomePage_Commission/Commission_Plandata/Icon_PlanData' is clicked on

2019-03-11 17:19:10 - [TEST_STEP][PASSED] - Assert.assertEquals(getText(findTestObject("Assertion_objects/Plan data")), Plan_data): Text of object 'Object Repository/Assertion_objects/Plan data' is: 'Plan Data'

2019-03-11 17:19:12 - [MESSAGE][PASSED] - Text of object 'Object Repository/Assertion_objects/Plan data' is: 'Plan Data'

2019-03-11 17:19:12 - [TEST_STEP][PASSED] - println("User is able to navigate to Plan tab"): null

2019-03-11 17:19:12 - [TEST_STEP][PASSED] - waitForElementVisible(findTestObject("HomePage_Commission/Commission_Plandata/Link_Rules"), 4): Object 'Object Repository/HomePage_Commission/Commission_Plandata/Link_Rules' is visible

2019-03-11 17:19:14 - [MESSAGE][PASSED] - Object 'Object Repository/HomePage_Commission/Commission_Plandata/Link_Rules' is visible

2019-03-11 17:19:14 - [TEST_STEP][PASSED] - mouseOver(findTestObject("HomePage_Commission/Commission_Plandata/Link_Rules"), STOP_ON_FAILURE): Object: 'Object Repository/HomePage_Commission/Commission_Plandata/Link_Rules' is hovered

2019-03-11 17:19:18 - [MESSAGE][PASSED] - Object: 'Object Repository/HomePage_Commission/Commission_Plandata/Link_Rules' is hovered

2019-03-11 17:19:18 - [TEST_STEP][PASSED] - click(findTestObject("HomePage_Commission/Commission_Plandata/Link_Rules")): Object: 'Object Repository/HomePage_Commission/Commission_Plandata/Link_Rules' is clicked on

2019-03-11 17:19:32 - [MESSAGE][PASSED] - Object: 'Object Repository/HomePage_Commission/Commission_Plandata/Link_Rules' is clicked on

2019-03-11 17:19:32 - [TEST_STEP][PASSED] - Assert.assertEquals(getText(findTestObject("Assertion_Objects/Rules")), Rules_txt): Text of object 'Object Repository/Assertion_Objects/Rules' is: 'Rules'

2019-03-11 17:19:34 - [MESSAGE][PASSED] - Text of object 'Object Repository/Assertion_Objects/Rules' is: 'Rules'

2019-03-11 17:19:34 - [TEST_STEP][PASSED] - println("User navigated to Rules screen"): null

2019-03-11 17:19:34 - [TEST_STEP][PASSED] - if (verifyElementClickable(findTestObject("AdvanceSearch_Page/Advanced_searchtext"))): null

2019-03-11 17:19:36 - [MESSAGE][PASSED] - Object 'Object Repository/AdvanceSearch_Page/Advanced_searchtext' is clickable

2019-03-11 17:19:36 - [TEST_STEP][PASSED] - click(findTestObject("AdvanceSearch_Page/Icon_Advanced Search")): Object: 'Object Repository/AdvanceSearch_Page/Icon_Advanced Search' is clicked on

2019-03-11 17:19:39 - [MESSAGE][PASSED] - Object: 'Object Repository/AdvanceSearch_Page/Icon_Advanced Search' is clicked on

2019-03-11 17:19:39 - [TEST_STEP][PASSED] - println("Performing advance search"): null

2019-03-11 17:19:39 - [TEST_STEP][PASSED] - click(findTestObject("AdvanceSearch_Page/FieldName_DropDown")): Object: 'Object Repository/AdvanceSearch_Page/FieldName_DropDown' is clicked on

2019-03-11 17:19:41 - [MESSAGE][PASSED] - Object: 'Object Repository/AdvanceSearch_Page/FieldName_DropDown' is clicked on

2019-03-11 17:19:41 - [TEST_STEP][PASSED] - scrollToElement(findTestObject("AdvanceSearch_Page/option_Value"), 4): Scroll to object 'Object Repository/AdvanceSearch_Page/option_Value' successfully

2019-03-11 17:19:43 - [MESSAGE][PASSED] - Scroll to object 'Object Repository/AdvanceSearch_Page/option_Value' successfully

2019-03-11 17:19:43 - [TEST_STEP][PASSED] - click(findTestObject("AdvanceSearch_Page/option_Value")): Object: 'Object Repository/AdvanceSearch_Page/option_Value' is clicked on

2019-03-11 17:19:45 - [MESSAGE][PASSED] - Object: 'Object Repository/AdvanceSearch_Page/option_Value' is clicked on

2019-03-11 17:19:45 - [TEST_STEP][PASSED] - click(findTestObject("AdvanceSearch_Page/td_Comparision")): Object: 'Object Repository/AdvanceSearch_Page/td_Comparision' is clicked on

2019-03-11 17:19:47 - [MESSAGE][PASSED] - Object: 'Object Repository/AdvanceSearch_Page/td_Comparision' is clicked on

2019-03-11 17:19:47 - [TEST_STEP][PASSED] - scrollToElement(findTestObject("AdvanceSearch_Page/option_Equals"), 2): Scroll to object 'Object Repository/AdvanceSearch_Page/option_Equals' successfully

2019-03-11 17:19:49 - [MESSAGE][PASSED] - Scroll to object 'Object Repository/AdvanceSearch_Page/option_Equals' successfully

2019-03-11 17:19:49 - [TEST_STEP][PASSED] - click(findTestObject("AdvanceSearch_Page/option_Equals")): Object: 'Object Repository/AdvanceSearch_Page/option_Equals' is clicked on

2019-03-11 17:19:52 - [MESSAGE][PASSED] - Object: 'Object Repository/AdvanceSearch_Page/option_Equals' is clicked on

2019-03-11 17:19:52 - [TEST_STEP][PASSED] - setText(findTestObject("AdvanceSearch_Page/td_Value"), RuleName): Text 'HC Sales Representative Deposit Rule_G' is set on object 'Object Repository/AdvanceSearch_Page/td_Value'

2019-03-11 17:19:57 - [MESSAGE][PASSED] - Text 'HC Sales Representative Deposit Rule_G' is set on object 'Object Repository/AdvanceSearch_Page/td_Value'

2019-03-11 17:19:57 - [TEST_STEP][PASSED] - click(findTestObject("AdvanceSearch_Page/AppySearch_button")): Object: 'Object Repository/AdvanceSearch_Page/AppySearch_button' is clicked on

2019-03-11 17:19:59 - [MESSAGE][PASSED] - Object: 'Object Repository/AdvanceSearch_Page/AppySearch_button' is clicked on

2019-03-11 17:19:59 - [TEST_STEP][PASSED] - globalkeywords.record.RecordNotFound(): globalkeywords.record.RecordNotFound is PASSED

2019-03-11 17:20:09 - [MESSAGE][INFO] - Unable to find the element located by 'By.xpath: //td[@class='dataTables_empty']'. Please recheck the objects properties to make sure the desired element is located. 

2019-03-11 17:20:09 - [MESSAGE][WARNING] - Object 'Object Repository/Page_Callidus Cloud Commissions Man/NoRecordsFound' is not present after 10 second(s)

2019-03-11 17:20:09 - [MESSAGE][PASSED] - globalkeywords.record.RecordNotFound is PASSED]]></system-out>
         <system-err><![CDATA[]]></system-err>
      </testcase>
      <testcase name="Test Cases/Plan_Workspace/Incentive Rule exists in the system" classname="Test Cases/Plan_Workspace/Incentive Rule exists in the system" status="PASSED">
         <system-out><![CDATA[2019-03-11 17:20:09 - [TEST_CASE][PASSED] - Test Cases/Plan_Workspace/Incentive Rule exists in the system: Test Cases/Plan_Workspace/Incentive Rule exists in the system

2019-03-11 17:20:10 - [TEST_STEP][PASSED] - Start listener action : sampleBeforeTestCase: null

2019-03-11 17:20:10 - [TEST_STEP][PASSED] - println(testCaseContext.getTestCaseId()): null

2019-03-11 17:20:10 - [TEST_STEP][PASSED] - println(testCaseContext.getTestCaseVariables()): null

2019-03-11 17:20:10 - [TEST_STEP][PASSED] - callTestCase(findTestCase("Commission Login_Logout/Commission Login"), [:], STOP_ON_FAILURE): Call Test Case 'Test Cases/Commission Login_Logout/Commission Login' successfully

2019-03-11 17:20:10 - [TEST_CASE][PASSED] - Test Cases/Commission Login_Logout/Commission Login: Test Cases/Commission Login_Logout/Commission Login

2019-03-11 17:20:10 - [TEST_STEP][PASSED] - openBrowser(""): Browser is opened with url: ''

2019-03-11 17:20:10 - [MESSAGE][WARNING] - A browser is already opened. Closing browser and opening a new one

2019-03-11 17:20:12 - [MESSAGE][INFO] - Starting 'Chrome' driver

2019-03-11 17:20:17 - [MESSAGE][PASSED] - Browser is opened with url: ''

2019-03-11 17:20:17 - [TEST_STEP][PASSED] - navigateToUrl(BecURL): Navigate to 'https://biz3-tst.callidusondemand.com/SalesPortal/#!/' successfully

2019-03-11 17:20:26 - [MESSAGE][PASSED] - Navigate to 'https://biz3-tst.callidusondemand.com/SalesPortal/#!/' successfully

2019-03-11 17:20:26 - [TEST_STEP][PASSED] - maximizeWindow(): Current window maximized

2019-03-11 17:20:28 - [MESSAGE][PASSED] - Current window maximized

2019-03-11 17:20:28 - [TEST_STEP][PASSED] - Assert.assertEquals(getText(findTestObject("LoginPage/Header_homepage")), header_name): Text of object 'Object Repository/LoginPage/Header_homepage' is: 'Sales Performance Home '

2019-03-11 17:20:30 - [MESSAGE][PASSED] - Text of object 'Object Repository/LoginPage/Header_homepage' is: 'Sales Performance Home '

2019-03-11 17:20:30 - [TEST_STEP][PASSED] - setText(findTestObject("LoginPage/input_Username_username"), Bec_UserName): Text 'rkulkarn@calliduscloud.com' is set on object 'Object Repository/LoginPage/input_Username_username'

2019-03-11 17:20:34 - [MESSAGE][PASSED] - Text 'rkulkarn@calliduscloud.com' is set on object 'Object Repository/LoginPage/input_Username_username'

2019-03-11 17:20:34 - [TEST_STEP][PASSED] - setText(findTestObject("LoginPage/input_Password_password"), Bec_Password): Text 'Augg@1234' is set on object 'Object Repository/LoginPage/input_Password_password'

2019-03-11 17:20:39 - [MESSAGE][PASSED] - Text 'Augg@1234' is set on object 'Object Repository/LoginPage/input_Password_password'

2019-03-11 17:20:39 - [TEST_STEP][PASSED] - waitForElementClickable(findTestObject("LoginPage/Login_Button"), 2): Object 'Object Repository/LoginPage/Login_Button' is clickable

2019-03-11 17:20:41 - [MESSAGE][PASSED] - Object 'Object Repository/LoginPage/Login_Button' is clickable

2019-03-11 17:20:41 - [TEST_STEP][PASSED] - click(findTestObject("LoginPage/Login_Button")): Object: 'Object Repository/LoginPage/Login_Button' is clicked on

2019-03-11 17:20:43 - [MESSAGE][PASSED] - Object: 'Object Repository/LoginPage/Login_Button' is clicked on

2019-03-11 17:20:43 - [TEST_STEP][PASSED] - waitForPageLoad(2): Wait for page load successfully

2019-03-11 17:20:44 - [MESSAGE][PASSED] - Wait for page load successfully

2019-03-11 17:20:44 - [TEST_STEP][PASSED] - click(findTestObject("MessagesPage/Icon_Apps")): Object: 'Object Repository/MessagesPage/Icon_Apps' is clicked on

2019-03-11 17:20:48 - [MESSAGE][PASSED] - Object: 'Object Repository/MessagesPage/Icon_Apps' is clicked on

2019-03-11 17:20:48 - [TEST_STEP][PASSED] - mouseOver(findTestObject("MessagesPage/Link_Commissions")): Object: 'Object Repository/MessagesPage/Link_Commissions' is hovered

2019-03-11 17:20:51 - [MESSAGE][PASSED] - Object: 'Object Repository/MessagesPage/Link_Commissions' is hovered

2019-03-11 17:20:51 - [TEST_STEP][PASSED] - scrollToElement(findTestObject("MessagesPage/Link_Commissions"), 1): Scroll to object 'Object Repository/MessagesPage/Link_Commissions' successfully

2019-03-11 17:20:53 - [MESSAGE][PASSED] - Scroll to object 'Object Repository/MessagesPage/Link_Commissions' successfully

2019-03-11 17:20:53 - [TEST_STEP][PASSED] - click(findTestObject("MessagesPage/Link_Commissions")): Object: 'Object Repository/MessagesPage/Link_Commissions' is clicked on

2019-03-11 17:21:22 - [MESSAGE][PASSED] - Object: 'Object Repository/MessagesPage/Link_Commissions' is clicked on

2019-03-11 17:21:22 - [TEST_STEP][PASSED] - click(findTestObject("LoginPage/User_id")): Object: 'Object Repository/LoginPage/User_id' is clicked on

2019-03-11 17:21:24 - [MESSAGE][PASSED] - Object: 'Object Repository/LoginPage/User_id' is clicked on

2019-03-11 17:21:24 - [TEST_STEP][PASSED] - waitForElementVisible(findTestObject("LoginPage/user_name"), 1): Object 'Object Repository/LoginPage/user_name' is visible

2019-03-11 17:21:26 - [MESSAGE][PASSED] - Object 'Object Repository/LoginPage/user_name' is visible

2019-03-11 17:21:26 - [TEST_STEP][PASSED] - Assert.assertEquals(getText(findTestObject("LoginPage/user_name")), User_name): Text of object 'Object Repository/LoginPage/user_name' is: 'rkulkarn@calliduscloud.com'

2019-03-11 17:21:28 - [MESSAGE][PASSED] - Text of object 'Object Repository/LoginPage/user_name' is: 'rkulkarn@calliduscloud.com'

2019-03-11 17:21:28 - [TEST_STEP][PASSED] - waitForPageLoad(3): Wait for page load successfully

2019-03-11 17:21:29 - [MESSAGE][PASSED] - Wait for page load successfully

2019-03-11 17:21:29 - [MESSAGE][PASSED] - Call Test Case 'Test Cases/Commission Login_Logout/Commission Login' successfully

2019-03-11 17:21:29 - [TEST_STEP][PASSED] - mouseOver(findTestObject("HomePage_Commission/Commission_Plandata/Icon_PlanData")): Object: 'Object Repository/HomePage_Commission/Commission_Plandata/Icon_PlanData' is hovered

2019-03-11 17:21:32 - [MESSAGE][PASSED] - Object: 'Object Repository/HomePage_Commission/Commission_Plandata/Icon_PlanData' is hovered

2019-03-11 17:21:32 - [TEST_STEP][PASSED] - waitForElementPresent(findTestObject("HomePage_Commission/Commission_Plandata/Icon_PlanData"), 2): Object 'Object Repository/HomePage_Commission/Commission_Plandata/Icon_PlanData' is present

2019-03-11 17:21:33 - [MESSAGE][PASSED] - Object 'Object Repository/HomePage_Commission/Commission_Plandata/Icon_PlanData' is present

2019-03-11 17:21:33 - [TEST_STEP][PASSED] - click(findTestObject("HomePage_Commission/Commission_Plandata/Icon_PlanData")): Object: 'Object Repository/HomePage_Commission/Commission_Plandata/Icon_PlanData' is clicked on

2019-03-11 17:21:36 - [MESSAGE][PASSED] - Object: 'Object Repository/HomePage_Commission/Commission_Plandata/Icon_PlanData' is clicked on

2019-03-11 17:21:36 - [TEST_STEP][PASSED] - Assert.assertEquals(getText(findTestObject("Assertion_objects/Plan data")), Plan_data): Text of object 'Object Repository/Assertion_objects/Plan data' is: 'Plan Data'

2019-03-11 17:21:38 - [MESSAGE][PASSED] - Text of object 'Object Repository/Assertion_objects/Plan data' is: 'Plan Data'

2019-03-11 17:21:38 - [TEST_STEP][PASSED] - println("User is able to navigate to Plan tab"): null

2019-03-11 17:21:38 - [TEST_STEP][PASSED] - waitForElementVisible(findTestObject("HomePage_Commission/Commission_Plandata/Link_Rules"), 4): Object 'Object Repository/HomePage_Commission/Commission_Plandata/Link_Rules' is visible

2019-03-11 17:21:40 - [MESSAGE][PASSED] - Object 'Object Repository/HomePage_Commission/Commission_Plandata/Link_Rules' is visible

2019-03-11 17:21:40 - [TEST_STEP][PASSED] - mouseOver(findTestObject("HomePage_Commission/Commission_Plandata/Link_Rules"), STOP_ON_FAILURE): Object: 'Object Repository/HomePage_Commission/Commission_Plandata/Link_Rules' is hovered

2019-03-11 17:21:43 - [MESSAGE][PASSED] - Object: 'Object Repository/HomePage_Commission/Commission_Plandata/Link_Rules' is hovered

2019-03-11 17:21:43 - [TEST_STEP][PASSED] - click(findTestObject("HomePage_Commission/Commission_Plandata/Link_Rules")): Object: 'Object Repository/HomePage_Commission/Commission_Plandata/Link_Rules' is clicked on

2019-03-11 17:21:55 - [MESSAGE][PASSED] - Object: 'Object Repository/HomePage_Commission/Commission_Plandata/Link_Rules' is clicked on

2019-03-11 17:21:55 - [TEST_STEP][PASSED] - Assert.assertEquals(getText(findTestObject("Assertion_Objects/Rules")), Rules_txt): Text of object 'Object Repository/Assertion_Objects/Rules' is: 'Rules'

2019-03-11 17:21:57 - [MESSAGE][PASSED] - Text of object 'Object Repository/Assertion_Objects/Rules' is: 'Rules'

2019-03-11 17:21:57 - [TEST_STEP][PASSED] - println("User navigated to Rules screen"): null

2019-03-11 17:21:57 - [TEST_STEP][PASSED] - if (verifyElementClickable(findTestObject("AdvanceSearch_Page/Advanced_searchtext"))): null

2019-03-11 17:21:59 - [MESSAGE][PASSED] - Object 'Object Repository/AdvanceSearch_Page/Advanced_searchtext' is clickable

2019-03-11 17:21:59 - [TEST_STEP][PASSED] - click(findTestObject("AdvanceSearch_Page/Icon_Advanced Search")): Object: 'Object Repository/AdvanceSearch_Page/Icon_Advanced Search' is clicked on

2019-03-11 17:22:01 - [MESSAGE][PASSED] - Object: 'Object Repository/AdvanceSearch_Page/Icon_Advanced Search' is clicked on

2019-03-11 17:22:01 - [TEST_STEP][PASSED] - println("Performing advance search"): null

2019-03-11 17:22:01 - [TEST_STEP][PASSED] - click(findTestObject("AdvanceSearch_Page/FieldName_DropDown")): Object: 'Object Repository/AdvanceSearch_Page/FieldName_DropDown' is clicked on

2019-03-11 17:22:04 - [MESSAGE][PASSED] - Object: 'Object Repository/AdvanceSearch_Page/FieldName_DropDown' is clicked on

2019-03-11 17:22:04 - [TEST_STEP][PASSED] - scrollToElement(findTestObject("AdvanceSearch_Page/option_Value"), 4): Scroll to object 'Object Repository/AdvanceSearch_Page/option_Value' successfully

2019-03-11 17:22:06 - [MESSAGE][PASSED] - Scroll to object 'Object Repository/AdvanceSearch_Page/option_Value' successfully

2019-03-11 17:22:06 - [TEST_STEP][PASSED] - click(findTestObject("AdvanceSearch_Page/option_Value")): Object: 'Object Repository/AdvanceSearch_Page/option_Value' is clicked on

2019-03-11 17:22:08 - [MESSAGE][PASSED] - Object: 'Object Repository/AdvanceSearch_Page/option_Value' is clicked on

2019-03-11 17:22:08 - [TEST_STEP][PASSED] - click(findTestObject("AdvanceSearch_Page/td_Comparision")): Object: 'Object Repository/AdvanceSearch_Page/td_Comparision' is clicked on

2019-03-11 17:22:10 - [MESSAGE][PASSED] - Object: 'Object Repository/AdvanceSearch_Page/td_Comparision' is clicked on

2019-03-11 17:22:10 - [TEST_STEP][PASSED] - scrollToElement(findTestObject("AdvanceSearch_Page/option_Equals"), 2): Scroll to object 'Object Repository/AdvanceSearch_Page/option_Equals' successfully

2019-03-11 17:22:12 - [MESSAGE][PASSED] - Scroll to object 'Object Repository/AdvanceSearch_Page/option_Equals' successfully

2019-03-11 17:22:12 - [TEST_STEP][PASSED] - click(findTestObject("AdvanceSearch_Page/option_Equals")): Object: 'Object Repository/AdvanceSearch_Page/option_Equals' is clicked on

2019-03-11 17:22:14 - [MESSAGE][PASSED] - Object: 'Object Repository/AdvanceSearch_Page/option_Equals' is clicked on

2019-03-11 17:22:14 - [TEST_STEP][PASSED] - setText(findTestObject("AdvanceSearch_Page/td_Value"), Incentivies): Text 'HC Mgr Incentive Rule_G' is set on object 'Object Repository/AdvanceSearch_Page/td_Value'

2019-03-11 17:22:19 - [MESSAGE][PASSED] - Text 'HC Mgr Incentive Rule_G' is set on object 'Object Repository/AdvanceSearch_Page/td_Value'

2019-03-11 17:22:19 - [TEST_STEP][PASSED] - click(findTestObject("AdvanceSearch_Page/AppySearch_button")): Object: 'Object Repository/AdvanceSearch_Page/AppySearch_button' is clicked on

2019-03-11 17:22:21 - [MESSAGE][PASSED] - Object: 'Object Repository/AdvanceSearch_Page/AppySearch_button' is clicked on

2019-03-11 17:22:21 - [TEST_STEP][PASSED] - globalkeywords.record.RecordNotFound(): globalkeywords.record.RecordNotFound is PASSED

2019-03-11 17:22:32 - [MESSAGE][INFO] - Unable to find the element located by 'By.xpath: //td[@class='dataTables_empty']'. Please recheck the objects properties to make sure the desired element is located. 

2019-03-11 17:22:32 - [MESSAGE][WARNING] - Object 'Object Repository/Page_Callidus Cloud Commissions Man/NoRecordsFound' is not present after 10 second(s)

2019-03-11 17:22:32 - [MESSAGE][PASSED] - globalkeywords.record.RecordNotFound is PASSED]]></system-out>
         <system-err><![CDATA[]]></system-err>
      </testcase>
      <testcase name="Test Cases/Plan_Workspace/Measurement Rule exists in the system" classname="Test Cases/Plan_Workspace/Measurement Rule exists in the system" status="PASSED">
         <system-out><![CDATA[2019-03-11 17:22:32 - [TEST_CASE][PASSED] - Test Cases/Plan_Workspace/Measurement Rule exists in the system: Test Cases/Plan_Workspace/Measurement Rule exists in the system

2019-03-11 17:22:32 - [TEST_STEP][PASSED] - Start listener action : sampleBeforeTestCase: null

2019-03-11 17:22:32 - [TEST_STEP][PASSED] - println(testCaseContext.getTestCaseId()): null

2019-03-11 17:22:32 - [TEST_STEP][PASSED] - println(testCaseContext.getTestCaseVariables()): null

2019-03-11 17:22:32 - [TEST_STEP][PASSED] - callTestCase(findTestCase("Commission Login_Logout/Commission Login"), [:], STOP_ON_FAILURE): Call Test Case 'Test Cases/Commission Login_Logout/Commission Login' successfully

2019-03-11 17:22:33 - [TEST_CASE][PASSED] - Test Cases/Commission Login_Logout/Commission Login: Test Cases/Commission Login_Logout/Commission Login

2019-03-11 17:22:33 - [TEST_STEP][PASSED] - openBrowser(""): Browser is opened with url: ''

2019-03-11 17:22:33 - [MESSAGE][WARNING] - A browser is already opened. Closing browser and opening a new one

2019-03-11 17:22:34 - [MESSAGE][INFO] - Starting 'Chrome' driver

2019-03-11 17:22:39 - [MESSAGE][PASSED] - Browser is opened with url: ''

2019-03-11 17:22:39 - [TEST_STEP][PASSED] - navigateToUrl(BecURL): Navigate to 'https://biz3-tst.callidusondemand.com/SalesPortal/#!/' successfully

2019-03-11 17:23:09 - [MESSAGE][PASSED] - Navigate to 'https://biz3-tst.callidusondemand.com/SalesPortal/#!/' successfully

2019-03-11 17:23:09 - [TEST_STEP][PASSED] - maximizeWindow(): Current window maximized

2019-03-11 17:23:11 - [MESSAGE][PASSED] - Current window maximized

2019-03-11 17:23:11 - [TEST_STEP][PASSED] - Assert.assertEquals(getText(findTestObject("LoginPage/Header_homepage")), header_name): Text of object 'Object Repository/LoginPage/Header_homepage' is: 'Sales Performance Home '

2019-03-11 17:23:13 - [MESSAGE][PASSED] - Text of object 'Object Repository/LoginPage/Header_homepage' is: 'Sales Performance Home '

2019-03-11 17:23:13 - [TEST_STEP][PASSED] - setText(findTestObject("LoginPage/input_Username_username"), Bec_UserName): Text 'rkulkarn@calliduscloud.com' is set on object 'Object Repository/LoginPage/input_Username_username'

2019-03-11 17:23:17 - [MESSAGE][PASSED] - Text 'rkulkarn@calliduscloud.com' is set on object 'Object Repository/LoginPage/input_Username_username'

2019-03-11 17:23:17 - [TEST_STEP][PASSED] - setText(findTestObject("LoginPage/input_Password_password"), Bec_Password): Text 'Augg@1234' is set on object 'Object Repository/LoginPage/input_Password_password'

2019-03-11 17:23:22 - [MESSAGE][PASSED] - Text 'Augg@1234' is set on object 'Object Repository/LoginPage/input_Password_password'

2019-03-11 17:23:22 - [TEST_STEP][PASSED] - waitForElementClickable(findTestObject("LoginPage/Login_Button"), 2): Object 'Object Repository/LoginPage/Login_Button' is clickable

2019-03-11 17:23:24 - [MESSAGE][PASSED] - Object 'Object Repository/LoginPage/Login_Button' is clickable

2019-03-11 17:23:24 - [TEST_STEP][PASSED] - click(findTestObject("LoginPage/Login_Button")): Object: 'Object Repository/LoginPage/Login_Button' is clicked on

2019-03-11 17:23:26 - [MESSAGE][PASSED] - Object: 'Object Repository/LoginPage/Login_Button' is clicked on

2019-03-11 17:23:26 - [TEST_STEP][PASSED] - waitForPageLoad(2): Wait for page load successfully

2019-03-11 17:23:27 - [MESSAGE][PASSED] - Wait for page load successfully

2019-03-11 17:23:27 - [TEST_STEP][PASSED] - click(findTestObject("MessagesPage/Icon_Apps")): Object: 'Object Repository/MessagesPage/Icon_Apps' is clicked on

2019-03-11 17:23:31 - [MESSAGE][PASSED] - Object: 'Object Repository/MessagesPage/Icon_Apps' is clicked on

2019-03-11 17:23:31 - [TEST_STEP][PASSED] - mouseOver(findTestObject("MessagesPage/Link_Commissions")): Object: 'Object Repository/MessagesPage/Link_Commissions' is hovered

2019-03-11 17:23:34 - [MESSAGE][PASSED] - Object: 'Object Repository/MessagesPage/Link_Commissions' is hovered

2019-03-11 17:23:34 - [TEST_STEP][PASSED] - scrollToElement(findTestObject("MessagesPage/Link_Commissions"), 1): Scroll to object 'Object Repository/MessagesPage/Link_Commissions' successfully

2019-03-11 17:23:36 - [MESSAGE][PASSED] - Scroll to object 'Object Repository/MessagesPage/Link_Commissions' successfully

2019-03-11 17:23:36 - [TEST_STEP][PASSED] - click(findTestObject("MessagesPage/Link_Commissions")): Object: 'Object Repository/MessagesPage/Link_Commissions' is clicked on

2019-03-11 17:24:03 - [MESSAGE][PASSED] - Object: 'Object Repository/MessagesPage/Link_Commissions' is clicked on

2019-03-11 17:24:03 - [TEST_STEP][PASSED] - click(findTestObject("LoginPage/User_id")): Object: 'Object Repository/LoginPage/User_id' is clicked on

2019-03-11 17:24:06 - [MESSAGE][PASSED] - Object: 'Object Repository/LoginPage/User_id' is clicked on

2019-03-11 17:24:06 - [TEST_STEP][PASSED] - waitForElementVisible(findTestObject("LoginPage/user_name"), 1): Object 'Object Repository/LoginPage/user_name' is visible

2019-03-11 17:24:08 - [MESSAGE][PASSED] - Object 'Object Repository/LoginPage/user_name' is visible

2019-03-11 17:24:08 - [TEST_STEP][PASSED] - Assert.assertEquals(getText(findTestObject("LoginPage/user_name")), User_name): Text of object 'Object Repository/LoginPage/user_name' is: 'rkulkarn@calliduscloud.com'

2019-03-11 17:24:10 - [MESSAGE][PASSED] - Text of object 'Object Repository/LoginPage/user_name' is: 'rkulkarn@calliduscloud.com'

2019-03-11 17:24:10 - [TEST_STEP][PASSED] - waitForPageLoad(3): Wait for page load successfully

2019-03-11 17:24:11 - [MESSAGE][PASSED] - Wait for page load successfully

2019-03-11 17:24:11 - [MESSAGE][PASSED] - Call Test Case 'Test Cases/Commission Login_Logout/Commission Login' successfully

2019-03-11 17:24:11 - [TEST_STEP][PASSED] - mouseOver(findTestObject("HomePage_Commission/Commission_Plandata/Icon_PlanData")): Object: 'Object Repository/HomePage_Commission/Commission_Plandata/Icon_PlanData' is hovered

2019-03-11 17:24:14 - [MESSAGE][PASSED] - Object: 'Object Repository/HomePage_Commission/Commission_Plandata/Icon_PlanData' is hovered

2019-03-11 17:24:14 - [TEST_STEP][PASSED] - waitForElementPresent(findTestObject("HomePage_Commission/Commission_Plandata/Icon_PlanData"), 2): Object 'Object Repository/HomePage_Commission/Commission_Plandata/Icon_PlanData' is present

2019-03-11 17:24:15 - [MESSAGE][PASSED] - Object 'Object Repository/HomePage_Commission/Commission_Plandata/Icon_PlanData' is present

2019-03-11 17:24:15 - [TEST_STEP][PASSED] - click(findTestObject("HomePage_Commission/Commission_Plandata/Icon_PlanData")): Object: 'Object Repository/HomePage_Commission/Commission_Plandata/Icon_PlanData' is clicked on

2019-03-11 17:24:17 - [MESSAGE][PASSED] - Object: 'Object Repository/HomePage_Commission/Commission_Plandata/Icon_PlanData' is clicked on

2019-03-11 17:24:17 - [TEST_STEP][PASSED] - Assert.assertEquals(getText(findTestObject("Assertion_objects/Plan data")), Plan_data): Text of object 'Object Repository/Assertion_objects/Plan data' is: 'Plan Data'

2019-03-11 17:24:19 - [MESSAGE][PASSED] - Text of object 'Object Repository/Assertion_objects/Plan data' is: 'Plan Data'

2019-03-11 17:24:19 - [TEST_STEP][PASSED] - println("User is able to navigate to Plan tab"): null

2019-03-11 17:24:19 - [TEST_STEP][PASSED] - waitForElementVisible(findTestObject("HomePage_Commission/Commission_Plandata/Link_Rules"), 4): Object 'Object Repository/HomePage_Commission/Commission_Plandata/Link_Rules' is visible

2019-03-11 17:24:21 - [MESSAGE][PASSED] - Object 'Object Repository/HomePage_Commission/Commission_Plandata/Link_Rules' is visible

2019-03-11 17:24:21 - [TEST_STEP][PASSED] - mouseOver(findTestObject("HomePage_Commission/Commission_Plandata/Link_Rules"), STOP_ON_FAILURE): Object: 'Object Repository/HomePage_Commission/Commission_Plandata/Link_Rules' is hovered

2019-03-11 17:24:24 - [MESSAGE][PASSED] - Object: 'Object Repository/HomePage_Commission/Commission_Plandata/Link_Rules' is hovered

2019-03-11 17:24:24 - [TEST_STEP][PASSED] - click(findTestObject("HomePage_Commission/Commission_Plandata/Link_Rules")): Object: 'Object Repository/HomePage_Commission/Commission_Plandata/Link_Rules' is clicked on

2019-03-11 17:24:36 - [MESSAGE][PASSED] - Object: 'Object Repository/HomePage_Commission/Commission_Plandata/Link_Rules' is clicked on

2019-03-11 17:24:36 - [TEST_STEP][PASSED] - Assert.assertEquals(getText(findTestObject("Assertion_Objects/Rules")), Rules_txt): Text of object 'Object Repository/Assertion_Objects/Rules' is: 'Rules'

2019-03-11 17:24:38 - [MESSAGE][PASSED] - Text of object 'Object Repository/Assertion_Objects/Rules' is: 'Rules'

2019-03-11 17:24:38 - [TEST_STEP][PASSED] - println("User navigated to Rules screen"): null

2019-03-11 17:24:38 - [TEST_STEP][PASSED] - if (verifyElementClickable(findTestObject("AdvanceSearch_Page/Advanced_searchtext"))): null

2019-03-11 17:24:40 - [MESSAGE][PASSED] - Object 'Object Repository/AdvanceSearch_Page/Advanced_searchtext' is clickable

2019-03-11 17:24:40 - [TEST_STEP][PASSED] - click(findTestObject("AdvanceSearch_Page/Icon_Advanced Search")): Object: 'Object Repository/AdvanceSearch_Page/Icon_Advanced Search' is clicked on

2019-03-11 17:24:42 - [MESSAGE][PASSED] - Object: 'Object Repository/AdvanceSearch_Page/Icon_Advanced Search' is clicked on

2019-03-11 17:24:42 - [TEST_STEP][PASSED] - println("Performing advance search"): null

2019-03-11 17:24:42 - [TEST_STEP][PASSED] - click(findTestObject("AdvanceSearch_Page/FieldName_DropDown")): Object: 'Object Repository/AdvanceSearch_Page/FieldName_DropDown' is clicked on

2019-03-11 17:24:45 - [MESSAGE][PASSED] - Object: 'Object Repository/AdvanceSearch_Page/FieldName_DropDown' is clicked on

2019-03-11 17:24:45 - [TEST_STEP][PASSED] - scrollToElement(findTestObject("AdvanceSearch_Page/option_Value"), 4): Scroll to object 'Object Repository/AdvanceSearch_Page/option_Value' successfully

2019-03-11 17:24:47 - [MESSAGE][PASSED] - Scroll to object 'Object Repository/AdvanceSearch_Page/option_Value' successfully

2019-03-11 17:24:47 - [TEST_STEP][PASSED] - click(findTestObject("AdvanceSearch_Page/option_Value")): Object: 'Object Repository/AdvanceSearch_Page/option_Value' is clicked on

2019-03-11 17:24:49 - [MESSAGE][PASSED] - Object: 'Object Repository/AdvanceSearch_Page/option_Value' is clicked on

2019-03-11 17:24:49 - [TEST_STEP][PASSED] - click(findTestObject("AdvanceSearch_Page/td_Comparision")): Object: 'Object Repository/AdvanceSearch_Page/td_Comparision' is clicked on

2019-03-11 17:24:51 - [MESSAGE][PASSED] - Object: 'Object Repository/AdvanceSearch_Page/td_Comparision' is clicked on

2019-03-11 17:24:51 - [TEST_STEP][PASSED] - scrollToElement(findTestObject("AdvanceSearch_Page/option_Equals"), 2): Scroll to object 'Object Repository/AdvanceSearch_Page/option_Equals' successfully

2019-03-11 17:24:53 - [MESSAGE][PASSED] - Scroll to object 'Object Repository/AdvanceSearch_Page/option_Equals' successfully

2019-03-11 17:24:53 - [TEST_STEP][PASSED] - click(findTestObject("AdvanceSearch_Page/option_Equals")): Object: 'Object Repository/AdvanceSearch_Page/option_Equals' is clicked on

2019-03-11 17:24:55 - [MESSAGE][PASSED] - Object: 'Object Repository/AdvanceSearch_Page/option_Equals' is clicked on

2019-03-11 17:24:55 - [TEST_STEP][PASSED] - setText(findTestObject("AdvanceSearch_Page/td_Value"), RuleName): Text 'HC Mgr Primary Measurement Rule_G' is set on object 'Object Repository/AdvanceSearch_Page/td_Value'

2019-03-11 17:25:00 - [MESSAGE][PASSED] - Text 'HC Mgr Primary Measurement Rule_G' is set on object 'Object Repository/AdvanceSearch_Page/td_Value'

2019-03-11 17:25:00 - [TEST_STEP][PASSED] - click(findTestObject("AdvanceSearch_Page/AppySearch_button")): Object: 'Object Repository/AdvanceSearch_Page/AppySearch_button' is clicked on

2019-03-11 17:25:02 - [MESSAGE][PASSED] - Object: 'Object Repository/AdvanceSearch_Page/AppySearch_button' is clicked on

2019-03-11 17:25:02 - [TEST_STEP][PASSED] - globalkeywords.record.RecordNotFound(): globalkeywords.record.RecordNotFound is PASSED

2019-03-11 17:25:13 - [MESSAGE][INFO] - Unable to find the element located by 'By.xpath: //td[@class='dataTables_empty']'. Please recheck the objects properties to make sure the desired element is located. 

2019-03-11 17:25:13 - [MESSAGE][WARNING] - Object 'Object Repository/Page_Callidus Cloud Commissions Man/NoRecordsFound' is not present after 10 second(s)

2019-03-11 17:25:13 - [MESSAGE][PASSED] - globalkeywords.record.RecordNotFound is PASSED]]></system-out>
         <system-err><![CDATA[]]></system-err>
      </testcase>
      <testcase name="Test Cases/Plan_Workspace/Plan Components exist in the system" classname="Test Cases/Plan_Workspace/Plan Components exist in the system" status="PASSED">
         <system-out><![CDATA[2019-03-11 17:25:13 - [TEST_CASE][PASSED] - Test Cases/Plan_Workspace/Plan Components exist in the system: Test Cases/Plan_Workspace/Plan Components exist in the system

2019-03-11 17:25:13 - [TEST_STEP][PASSED] - Start listener action : sampleBeforeTestCase: null

2019-03-11 17:25:13 - [TEST_STEP][PASSED] - println(testCaseContext.getTestCaseId()): null

2019-03-11 17:25:13 - [TEST_STEP][PASSED] - println(testCaseContext.getTestCaseVariables()): null

2019-03-11 17:25:14 - [TEST_STEP][PASSED] - callTestCase(findTestCase("Commission Login_Logout/Commission Login"), [:], STOP_ON_FAILURE): Call Test Case 'Test Cases/Commission Login_Logout/Commission Login' successfully

2019-03-11 17:25:14 - [TEST_CASE][PASSED] - Test Cases/Commission Login_Logout/Commission Login: Test Cases/Commission Login_Logout/Commission Login

2019-03-11 17:25:14 - [TEST_STEP][PASSED] - openBrowser(""): Browser is opened with url: ''

2019-03-11 17:25:14 - [MESSAGE][WARNING] - A browser is already opened. Closing browser and opening a new one

2019-03-11 17:25:16 - [MESSAGE][INFO] - Starting 'Chrome' driver

2019-03-11 17:25:21 - [MESSAGE][PASSED] - Browser is opened with url: ''

2019-03-11 17:25:21 - [TEST_STEP][PASSED] - navigateToUrl(BecURL): Navigate to 'https://biz3-tst.callidusondemand.com/SalesPortal/#!/' successfully

2019-03-11 17:25:32 - [MESSAGE][PASSED] - Navigate to 'https://biz3-tst.callidusondemand.com/SalesPortal/#!/' successfully

2019-03-11 17:25:32 - [TEST_STEP][PASSED] - maximizeWindow(): Current window maximized

2019-03-11 17:25:34 - [MESSAGE][PASSED] - Current window maximized

2019-03-11 17:25:34 - [TEST_STEP][PASSED] - Assert.assertEquals(getText(findTestObject("LoginPage/Header_homepage")), header_name): Text of object 'Object Repository/LoginPage/Header_homepage' is: 'Sales Performance Home '

2019-03-11 17:25:36 - [MESSAGE][PASSED] - Text of object 'Object Repository/LoginPage/Header_homepage' is: 'Sales Performance Home '

2019-03-11 17:25:36 - [TEST_STEP][PASSED] - setText(findTestObject("LoginPage/input_Username_username"), Bec_UserName): Text 'rkulkarn@calliduscloud.com' is set on object 'Object Repository/LoginPage/input_Username_username'

2019-03-11 17:25:40 - [MESSAGE][PASSED] - Text 'rkulkarn@calliduscloud.com' is set on object 'Object Repository/LoginPage/input_Username_username'

2019-03-11 17:25:40 - [TEST_STEP][PASSED] - setText(findTestObject("LoginPage/input_Password_password"), Bec_Password): Text 'Augg@1234' is set on object 'Object Repository/LoginPage/input_Password_password'

2019-03-11 17:25:45 - [MESSAGE][PASSED] - Text 'Augg@1234' is set on object 'Object Repository/LoginPage/input_Password_password'

2019-03-11 17:25:45 - [TEST_STEP][PASSED] - waitForElementClickable(findTestObject("LoginPage/Login_Button"), 2): Object 'Object Repository/LoginPage/Login_Button' is clickable

2019-03-11 17:25:47 - [MESSAGE][PASSED] - Object 'Object Repository/LoginPage/Login_Button' is clickable

2019-03-11 17:25:47 - [TEST_STEP][PASSED] - click(findTestObject("LoginPage/Login_Button")): Object: 'Object Repository/LoginPage/Login_Button' is clicked on

2019-03-11 17:25:49 - [MESSAGE][PASSED] - Object: 'Object Repository/LoginPage/Login_Button' is clicked on

2019-03-11 17:25:49 - [TEST_STEP][PASSED] - waitForPageLoad(2): Wait for page load successfully

2019-03-11 17:25:50 - [MESSAGE][PASSED] - Wait for page load successfully

2019-03-11 17:25:50 - [TEST_STEP][PASSED] - click(findTestObject("MessagesPage/Icon_Apps")): Object: 'Object Repository/MessagesPage/Icon_Apps' is clicked on

2019-03-11 17:25:54 - [MESSAGE][PASSED] - Object: 'Object Repository/MessagesPage/Icon_Apps' is clicked on

2019-03-11 17:25:54 - [TEST_STEP][PASSED] - mouseOver(findTestObject("MessagesPage/Link_Commissions")): Object: 'Object Repository/MessagesPage/Link_Commissions' is hovered

2019-03-11 17:25:57 - [MESSAGE][PASSED] - Object: 'Object Repository/MessagesPage/Link_Commissions' is hovered

2019-03-11 17:25:57 - [TEST_STEP][PASSED] - scrollToElement(findTestObject("MessagesPage/Link_Commissions"), 1): Scroll to object 'Object Repository/MessagesPage/Link_Commissions' successfully

2019-03-11 17:25:59 - [MESSAGE][PASSED] - Scroll to object 'Object Repository/MessagesPage/Link_Commissions' successfully

2019-03-11 17:25:59 - [TEST_STEP][PASSED] - click(findTestObject("MessagesPage/Link_Commissions")): Object: 'Object Repository/MessagesPage/Link_Commissions' is clicked on

2019-03-11 17:26:27 - [MESSAGE][PASSED] - Object: 'Object Repository/MessagesPage/Link_Commissions' is clicked on

2019-03-11 17:26:27 - [TEST_STEP][PASSED] - click(findTestObject("LoginPage/User_id")): Object: 'Object Repository/LoginPage/User_id' is clicked on

2019-03-11 17:26:29 - [MESSAGE][PASSED] - Object: 'Object Repository/LoginPage/User_id' is clicked on

2019-03-11 17:26:29 - [TEST_STEP][PASSED] - waitForElementVisible(findTestObject("LoginPage/user_name"), 1): Object 'Object Repository/LoginPage/user_name' is visible

2019-03-11 17:26:31 - [MESSAGE][PASSED] - Object 'Object Repository/LoginPage/user_name' is visible

2019-03-11 17:26:31 - [TEST_STEP][PASSED] - Assert.assertEquals(getText(findTestObject("LoginPage/user_name")), User_name): Text of object 'Object Repository/LoginPage/user_name' is: 'rkulkarn@calliduscloud.com'

2019-03-11 17:26:33 - [MESSAGE][PASSED] - Text of object 'Object Repository/LoginPage/user_name' is: 'rkulkarn@calliduscloud.com'

2019-03-11 17:26:33 - [TEST_STEP][PASSED] - waitForPageLoad(3): Wait for page load successfully

2019-03-11 17:26:34 - [MESSAGE][PASSED] - Wait for page load successfully

2019-03-11 17:26:34 - [MESSAGE][PASSED] - Call Test Case 'Test Cases/Commission Login_Logout/Commission Login' successfully

2019-03-11 17:26:34 - [TEST_STEP][PASSED] - mouseOver(findTestObject("HomePage_Commission/Commission_Plandata/Icon_PlanData")): Object: 'Object Repository/HomePage_Commission/Commission_Plandata/Icon_PlanData' is hovered

2019-03-11 17:26:37 - [MESSAGE][PASSED] - Object: 'Object Repository/HomePage_Commission/Commission_Plandata/Icon_PlanData' is hovered

2019-03-11 17:26:37 - [TEST_STEP][PASSED] - waitForElementPresent(findTestObject("HomePage_Commission/Commission_Plandata/Icon_PlanData"), 2): Object 'Object Repository/HomePage_Commission/Commission_Plandata/Icon_PlanData' is present

2019-03-11 17:26:38 - [MESSAGE][PASSED] - Object 'Object Repository/HomePage_Commission/Commission_Plandata/Icon_PlanData' is present

2019-03-11 17:26:38 - [TEST_STEP][PASSED] - click(findTestObject("HomePage_Commission/Commission_Plandata/Icon_PlanData")): Object: 'Object Repository/HomePage_Commission/Commission_Plandata/Icon_PlanData' is clicked on

2019-03-11 17:26:40 - [MESSAGE][PASSED] - Object: 'Object Repository/HomePage_Commission/Commission_Plandata/Icon_PlanData' is clicked on

2019-03-11 17:26:40 - [TEST_STEP][PASSED] - Assert.assertEquals(getText(findTestObject("Assertion_objects/Plan data")), Plan_data): Text of object 'Object Repository/Assertion_objects/Plan data' is: 'Plan Data'

2019-03-11 17:26:42 - [MESSAGE][PASSED] - Text of object 'Object Repository/Assertion_objects/Plan data' is: 'Plan Data'

2019-03-11 17:26:42 - [TEST_STEP][PASSED] - println("User is able to navigate to Plan tab"): null

2019-03-11 17:26:42 - [TEST_STEP][PASSED] - waitForElementVisible(findTestObject("HomePage_Commission/Commission_Plandata/Link_Plan Components"), 1): Object 'Object Repository/HomePage_Commission/Commission_Plandata/Link_Plan Components' is visible

2019-03-11 17:26:45 - [MESSAGE][PASSED] - Object 'Object Repository/HomePage_Commission/Commission_Plandata/Link_Plan Components' is visible

2019-03-11 17:26:45 - [TEST_STEP][PASSED] - mouseOver(findTestObject("HomePage_Commission/Commission_Plandata/Link_Plan Components"), STOP_ON_FAILURE): Object: 'Object Repository/HomePage_Commission/Commission_Plandata/Link_Plan Components' is hovered

2019-03-11 17:26:48 - [MESSAGE][PASSED] - Object: 'Object Repository/HomePage_Commission/Commission_Plandata/Link_Plan Components' is hovered

2019-03-11 17:26:48 - [TEST_STEP][PASSED] - click(findTestObject("HomePage_Commission/Commission_Plandata/Link_Plan Components")): Object: 'Object Repository/HomePage_Commission/Commission_Plandata/Link_Plan Components' is clicked on

2019-03-11 17:27:03 - [MESSAGE][PASSED] - Object: 'Object Repository/HomePage_Commission/Commission_Plandata/Link_Plan Components' is clicked on

2019-03-11 17:27:03 - [TEST_STEP][PASSED] - Assert.assertEquals(getText(findTestObject("Assertion_objects/Plan Component")), PC_txt): Text of object 'Object Repository/Assertion_objects/Plan Component' is: 'Plan Components'

2019-03-11 17:27:07 - [MESSAGE][PASSED] - Text of object 'Object Repository/Assertion_objects/Plan Component' is: 'Plan Components'

2019-03-11 17:27:07 - [TEST_STEP][PASSED] - println("User navigated to Plan Components screen"): null

2019-03-11 17:27:07 - [TEST_STEP][PASSED] - if (verifyElementClickable(findTestObject("AdvanceSearch_Page/Advanced_searchtext"))): null

2019-03-11 17:27:09 - [MESSAGE][PASSED] - Object 'Object Repository/AdvanceSearch_Page/Advanced_searchtext' is clickable

2019-03-11 17:27:09 - [TEST_STEP][PASSED] - click(findTestObject("AdvanceSearch_Page/Icon_Advanced Search")): Object: 'Object Repository/AdvanceSearch_Page/Icon_Advanced Search' is clicked on

2019-03-11 17:27:11 - [MESSAGE][PASSED] - Object: 'Object Repository/AdvanceSearch_Page/Icon_Advanced Search' is clicked on

2019-03-11 17:27:11 - [TEST_STEP][PASSED] - println("Performing advance search"): null

2019-03-11 17:27:11 - [TEST_STEP][PASSED] - click(findTestObject("AdvanceSearch_Page/FieldName_DropDown")): Object: 'Object Repository/AdvanceSearch_Page/FieldName_DropDown' is clicked on

2019-03-11 17:27:14 - [MESSAGE][PASSED] - Object: 'Object Repository/AdvanceSearch_Page/FieldName_DropDown' is clicked on

2019-03-11 17:27:14 - [TEST_STEP][PASSED] - scrollToElement(findTestObject("AdvanceSearch_Page/option_Value"), 4): Scroll to object 'Object Repository/AdvanceSearch_Page/option_Value' successfully

2019-03-11 17:27:16 - [MESSAGE][PASSED] - Scroll to object 'Object Repository/AdvanceSearch_Page/option_Value' successfully

2019-03-11 17:27:16 - [TEST_STEP][PASSED] - click(findTestObject("AdvanceSearch_Page/option_Value")): Object: 'Object Repository/AdvanceSearch_Page/option_Value' is clicked on

2019-03-11 17:27:18 - [MESSAGE][PASSED] - Object: 'Object Repository/AdvanceSearch_Page/option_Value' is clicked on

2019-03-11 17:27:18 - [TEST_STEP][PASSED] - click(findTestObject("AdvanceSearch_Page/td_Comparision")): Object: 'Object Repository/AdvanceSearch_Page/td_Comparision' is clicked on

2019-03-11 17:27:20 - [MESSAGE][PASSED] - Object: 'Object Repository/AdvanceSearch_Page/td_Comparision' is clicked on

2019-03-11 17:27:20 - [TEST_STEP][PASSED] - scrollToElement(findTestObject("AdvanceSearch_Page/option_Equals"), 2): Scroll to object 'Object Repository/AdvanceSearch_Page/option_Equals' successfully

2019-03-11 17:27:22 - [MESSAGE][PASSED] - Scroll to object 'Object Repository/AdvanceSearch_Page/option_Equals' successfully

2019-03-11 17:27:22 - [TEST_STEP][PASSED] - click(findTestObject("AdvanceSearch_Page/option_Equals")): Object: 'Object Repository/AdvanceSearch_Page/option_Equals' is clicked on

2019-03-11 17:27:24 - [MESSAGE][PASSED] - Object: 'Object Repository/AdvanceSearch_Page/option_Equals' is clicked on

2019-03-11 17:27:24 - [TEST_STEP][PASSED] - setText(findTestObject("AdvanceSearch_Page/td_Value"), PlanComponentName): Text 'Aggregated Revenue against Territory based on Flat Rate' is set on object 'Object Repository/AdvanceSearch_Page/td_Value'

2019-03-11 17:27:29 - [MESSAGE][PASSED] - Text 'Aggregated Revenue against Territory based on Flat Rate' is set on object 'Object Repository/AdvanceSearch_Page/td_Value'

2019-03-11 17:27:29 - [TEST_STEP][PASSED] - click(findTestObject("AdvanceSearch_Page/AppySearch_button")): Object: 'Object Repository/AdvanceSearch_Page/AppySearch_button' is clicked on

2019-03-11 17:27:32 - [MESSAGE][PASSED] - Object: 'Object Repository/AdvanceSearch_Page/AppySearch_button' is clicked on

2019-03-11 17:27:32 - [TEST_STEP][PASSED] - globalkeywords.record.RecordNotFound(): globalkeywords.record.RecordNotFound is PASSED

2019-03-11 17:27:43 - [MESSAGE][INFO] - Unable to find the element located by 'By.xpath: //td[@class='dataTables_empty']'. Please recheck the objects properties to make sure the desired element is located. 

2019-03-11 17:27:43 - [MESSAGE][WARNING] - Object 'Object Repository/Page_Callidus Cloud Commissions Man/NoRecordsFound' is not present after 10 second(s)

2019-03-11 17:27:43 - [MESSAGE][PASSED] - globalkeywords.record.RecordNotFound is PASSED]]></system-out>
         <system-err><![CDATA[]]></system-err>
      </testcase>
      <testcase name="Test Cases/Plan_Workspace/Plans exist in the system" classname="Test Cases/Plan_Workspace/Plans exist in the system" status="PASSED">
         <system-out><![CDATA[2019-03-11 17:27:43 - [TEST_CASE][PASSED] - Test Cases/Plan_Workspace/Plans exist in the system: Test Cases/Plan_Workspace/Plans exist in the system

2019-03-11 17:27:43 - [TEST_STEP][PASSED] - Start listener action : sampleBeforeTestCase: null

2019-03-11 17:27:43 - [TEST_STEP][PASSED] - println(testCaseContext.getTestCaseId()): null

2019-03-11 17:27:43 - [TEST_STEP][PASSED] - println(testCaseContext.getTestCaseVariables()): null

2019-03-11 17:27:43 - [TEST_STEP][PASSED] - callTestCase(findTestCase("Commission Login_Logout/Commission Login"), [:], STOP_ON_FAILURE): Call Test Case 'Test Cases/Commission Login_Logout/Commission Login' successfully

2019-03-11 17:27:43 - [TEST_CASE][PASSED] - Test Cases/Commission Login_Logout/Commission Login: Test Cases/Commission Login_Logout/Commission Login

2019-03-11 17:27:43 - [TEST_STEP][PASSED] - openBrowser(""): Browser is opened with url: ''

2019-03-11 17:27:43 - [MESSAGE][WARNING] - A browser is already opened. Closing browser and opening a new one

2019-03-11 17:27:45 - [MESSAGE][INFO] - Starting 'Chrome' driver

2019-03-11 17:27:50 - [MESSAGE][PASSED] - Browser is opened with url: ''

2019-03-11 17:27:50 - [TEST_STEP][PASSED] - navigateToUrl(BecURL): Navigate to 'https://biz3-tst.callidusondemand.com/SalesPortal/#!/' successfully

2019-03-11 17:27:59 - [MESSAGE][PASSED] - Navigate to 'https://biz3-tst.callidusondemand.com/SalesPortal/#!/' successfully

2019-03-11 17:27:59 - [TEST_STEP][PASSED] - maximizeWindow(): Current window maximized

2019-03-11 17:28:01 - [MESSAGE][PASSED] - Current window maximized

2019-03-11 17:28:01 - [TEST_STEP][PASSED] - Assert.assertEquals(getText(findTestObject("LoginPage/Header_homepage")), header_name): Text of object 'Object Repository/LoginPage/Header_homepage' is: 'Sales Performance Home '

2019-03-11 17:28:03 - [MESSAGE][PASSED] - Text of object 'Object Repository/LoginPage/Header_homepage' is: 'Sales Performance Home '

2019-03-11 17:28:03 - [TEST_STEP][PASSED] - setText(findTestObject("LoginPage/input_Username_username"), Bec_UserName): Text 'rkulkarn@calliduscloud.com' is set on object 'Object Repository/LoginPage/input_Username_username'

2019-03-11 17:28:08 - [MESSAGE][PASSED] - Text 'rkulkarn@calliduscloud.com' is set on object 'Object Repository/LoginPage/input_Username_username'

2019-03-11 17:28:08 - [TEST_STEP][PASSED] - setText(findTestObject("LoginPage/input_Password_password"), Bec_Password): Text 'Augg@1234' is set on object 'Object Repository/LoginPage/input_Password_password'

2019-03-11 17:28:12 - [MESSAGE][PASSED] - Text 'Augg@1234' is set on object 'Object Repository/LoginPage/input_Password_password'

2019-03-11 17:28:12 - [TEST_STEP][PASSED] - waitForElementClickable(findTestObject("LoginPage/Login_Button"), 2): Object 'Object Repository/LoginPage/Login_Button' is clickable

2019-03-11 17:28:14 - [MESSAGE][PASSED] - Object 'Object Repository/LoginPage/Login_Button' is clickable

2019-03-11 17:28:14 - [TEST_STEP][PASSED] - click(findTestObject("LoginPage/Login_Button")): Object: 'Object Repository/LoginPage/Login_Button' is clicked on

2019-03-11 17:28:16 - [MESSAGE][PASSED] - Object: 'Object Repository/LoginPage/Login_Button' is clicked on

2019-03-11 17:28:16 - [TEST_STEP][PASSED] - waitForPageLoad(2): Wait for page load successfully

2019-03-11 17:28:17 - [MESSAGE][PASSED] - Wait for page load successfully

2019-03-11 17:28:17 - [TEST_STEP][PASSED] - click(findTestObject("MessagesPage/Icon_Apps")): Object: 'Object Repository/MessagesPage/Icon_Apps' is clicked on

2019-03-11 17:28:21 - [MESSAGE][PASSED] - Object: 'Object Repository/MessagesPage/Icon_Apps' is clicked on

2019-03-11 17:28:21 - [TEST_STEP][PASSED] - mouseOver(findTestObject("MessagesPage/Link_Commissions")): Object: 'Object Repository/MessagesPage/Link_Commissions' is hovered

2019-03-11 17:28:24 - [MESSAGE][PASSED] - Object: 'Object Repository/MessagesPage/Link_Commissions' is hovered

2019-03-11 17:28:24 - [TEST_STEP][PASSED] - scrollToElement(findTestObject("MessagesPage/Link_Commissions"), 1): Scroll to object 'Object Repository/MessagesPage/Link_Commissions' successfully

2019-03-11 17:28:26 - [MESSAGE][PASSED] - Scroll to object 'Object Repository/MessagesPage/Link_Commissions' successfully

2019-03-11 17:28:26 - [TEST_STEP][PASSED] - click(findTestObject("MessagesPage/Link_Commissions")): Object: 'Object Repository/MessagesPage/Link_Commissions' is clicked on

2019-03-11 17:29:01 - [MESSAGE][PASSED] - Object: 'Object Repository/MessagesPage/Link_Commissions' is clicked on

2019-03-11 17:29:01 - [TEST_STEP][PASSED] - click(findTestObject("LoginPage/User_id")): Object: 'Object Repository/LoginPage/User_id' is clicked on

2019-03-11 17:29:03 - [MESSAGE][PASSED] - Object: 'Object Repository/LoginPage/User_id' is clicked on

2019-03-11 17:29:03 - [TEST_STEP][PASSED] - waitForElementVisible(findTestObject("LoginPage/user_name"), 1): Object 'Object Repository/LoginPage/user_name' is visible

2019-03-11 17:29:05 - [MESSAGE][PASSED] - Object 'Object Repository/LoginPage/user_name' is visible

2019-03-11 17:29:05 - [TEST_STEP][PASSED] - Assert.assertEquals(getText(findTestObject("LoginPage/user_name")), User_name): Text of object 'Object Repository/LoginPage/user_name' is: 'rkulkarn@calliduscloud.com'

2019-03-11 17:29:07 - [MESSAGE][PASSED] - Text of object 'Object Repository/LoginPage/user_name' is: 'rkulkarn@calliduscloud.com'

2019-03-11 17:29:07 - [TEST_STEP][PASSED] - waitForPageLoad(3): Wait for page load successfully

2019-03-11 17:29:08 - [MESSAGE][PASSED] - Wait for page load successfully

2019-03-11 17:29:08 - [MESSAGE][PASSED] - Call Test Case 'Test Cases/Commission Login_Logout/Commission Login' successfully

2019-03-11 17:29:08 - [TEST_STEP][PASSED] - mouseOver(findTestObject("HomePage_Commission/Commission_Plandata/Icon_PlanData")): Object: 'Object Repository/HomePage_Commission/Commission_Plandata/Icon_PlanData' is hovered

2019-03-11 17:29:11 - [MESSAGE][PASSED] - Object: 'Object Repository/HomePage_Commission/Commission_Plandata/Icon_PlanData' is hovered

2019-03-11 17:29:11 - [TEST_STEP][PASSED] - waitForElementPresent(findTestObject("HomePage_Commission/Commission_Plandata/Icon_PlanData"), 2): Object 'Object Repository/HomePage_Commission/Commission_Plandata/Icon_PlanData' is present

2019-03-11 17:29:12 - [MESSAGE][PASSED] - Object 'Object Repository/HomePage_Commission/Commission_Plandata/Icon_PlanData' is present

2019-03-11 17:29:12 - [TEST_STEP][PASSED] - click(findTestObject("HomePage_Commission/Commission_Plandata/Icon_PlanData")): Object: 'Object Repository/HomePage_Commission/Commission_Plandata/Icon_PlanData' is clicked on

2019-03-11 17:29:14 - [MESSAGE][PASSED] - Object: 'Object Repository/HomePage_Commission/Commission_Plandata/Icon_PlanData' is clicked on

2019-03-11 17:29:14 - [TEST_STEP][PASSED] - Assert.assertEquals(getText(findTestObject("Assertion_objects/Plan data")), Plan_data): Text of object 'Object Repository/Assertion_objects/Plan data' is: 'Plan Data'

2019-03-11 17:29:16 - [MESSAGE][PASSED] - Text of object 'Object Repository/Assertion_objects/Plan data' is: 'Plan Data'

2019-03-11 17:29:16 - [TEST_STEP][PASSED] - println("User is able to navigate to Plan tab"): null

2019-03-11 17:29:16 - [TEST_STEP][PASSED] - waitForElementVisible(findTestObject("HomePage_Commission/Commission_Plandata/Link_Plan"), 2): Object 'Object Repository/HomePage_Commission/Commission_Plandata/Link_Plan' is visible

2019-03-11 17:29:18 - [MESSAGE][PASSED] - Object 'Object Repository/HomePage_Commission/Commission_Plandata/Link_Plan' is visible

2019-03-11 17:29:18 - [TEST_STEP][PASSED] - mouseOver(findTestObject("HomePage_Commission/Commission_Plandata/Link_Plan")): Object: 'Object Repository/HomePage_Commission/Commission_Plandata/Link_Plan' is hovered

2019-03-11 17:29:22 - [MESSAGE][PASSED] - Object: 'Object Repository/HomePage_Commission/Commission_Plandata/Link_Plan' is hovered

2019-03-11 17:29:22 - [TEST_STEP][PASSED] - click(findTestObject("HomePage_Commission/Commission_Plandata/Link_Plan")): Object: 'Object Repository/HomePage_Commission/Commission_Plandata/Link_Plan' is clicked on

2019-03-11 17:30:32 - [MESSAGE][PASSED] - Object: 'Object Repository/HomePage_Commission/Commission_Plandata/Link_Plan' is clicked on

2019-03-11 17:30:32 - [TEST_STEP][PASSED] - Assert.assertEquals(getText(findTestObject("Assertion_objects/Plans")), Plan_txt): Text of object 'Object Repository/Assertion_objects/Plans' is: 'Plans'

2019-03-11 17:30:35 - [MESSAGE][PASSED] - Text of object 'Object Repository/Assertion_objects/Plans' is: 'Plans'

2019-03-11 17:30:35 - [TEST_STEP][PASSED] - println("User navigated to Plans screen"): null

2019-03-11 17:30:35 - [TEST_STEP][PASSED] - callTestCase(findTestCase("Script_For_Advancesearch/AdvanceSearch"), ["SerachString":"Plan_Raj"], STOP_ON_FAILURE): Call Test Case 'Test Cases/Script_For_Advancesearch/AdvanceSearch' successfully

2019-03-11 17:30:35 - [TEST_CASE][PASSED] - Test Cases/Script_For_Advancesearch/AdvanceSearch: Test Cases/Script_For_Advancesearch/AdvanceSearch

2019-03-11 17:30:35 - [TEST_STEP][PASSED] - waitForPageLoad(5): Wait for page load successfully

2019-03-11 17:30:36 - [MESSAGE][PASSED] - Wait for page load successfully

2019-03-11 17:30:36 - [TEST_STEP][PASSED] - scrollToPosition(0, 0): Browser is scrolled to position x = 0, y = 0

2019-03-11 17:30:37 - [MESSAGE][PASSED] - Browser is scrolled to position x = 0, y = 0

2019-03-11 17:30:37 - [TEST_STEP][PASSED] - if (verifyElementClickable(findTestObject("AdvanceSearch_Page/Advanced_searchtext"))): null

2019-03-11 17:30:39 - [MESSAGE][PASSED] - Object 'Object Repository/AdvanceSearch_Page/Advanced_searchtext' is clickable

2019-03-11 17:30:39 - [TEST_STEP][PASSED] - click(findTestObject("AdvanceSearch_Page/Icon_Advanced Search")): Object: 'Object Repository/AdvanceSearch_Page/Icon_Advanced Search' is clicked on

2019-03-11 17:30:41 - [MESSAGE][PASSED] - Object: 'Object Repository/AdvanceSearch_Page/Icon_Advanced Search' is clicked on

2019-03-11 17:30:41 - [TEST_STEP][PASSED] - println("Performing advance search"): null

2019-03-11 17:30:41 - [TEST_STEP][PASSED] - waitForElementVisible(findTestObject("AdvanceSearch_Page/FieldName_DropDown"), 2): Object 'Object Repository/AdvanceSearch_Page/FieldName_DropDown' is visible

2019-03-11 17:30:43 - [MESSAGE][PASSED] - Object 'Object Repository/AdvanceSearch_Page/FieldName_DropDown' is visible

2019-03-11 17:30:43 - [TEST_STEP][PASSED] - click(findTestObject("AdvanceSearch_Page/FieldName_DropDown")): Object: 'Object Repository/AdvanceSearch_Page/FieldName_DropDown' is clicked on

2019-03-11 17:30:46 - [MESSAGE][PASSED] - Object: 'Object Repository/AdvanceSearch_Page/FieldName_DropDown' is clicked on

2019-03-11 17:30:46 - [TEST_STEP][PASSED] - scrollToElement(findTestObject("AdvanceSearch_Page/option_Value"), 4): Scroll to object 'Object Repository/AdvanceSearch_Page/option_Value' successfully

2019-03-11 17:30:48 - [MESSAGE][PASSED] - Scroll to object 'Object Repository/AdvanceSearch_Page/option_Value' successfully

2019-03-11 17:30:48 - [TEST_STEP][PASSED] - waitForElementClickable(findTestObject("AdvanceSearch_Page/option_Value"), 2): Object 'Object Repository/AdvanceSearch_Page/option_Value' is clickable

2019-03-11 17:30:50 - [MESSAGE][PASSED] - Object 'Object Repository/AdvanceSearch_Page/option_Value' is clickable

2019-03-11 17:30:50 - [TEST_STEP][PASSED] - click(findTestObject("AdvanceSearch_Page/option_Value")): Object: 'Object Repository/AdvanceSearch_Page/option_Value' is clicked on

2019-03-11 17:30:52 - [MESSAGE][PASSED] - Object: 'Object Repository/AdvanceSearch_Page/option_Value' is clicked on

2019-03-11 17:30:52 - [TEST_STEP][PASSED] - click(findTestObject("AdvanceSearch_Page/td_Comparision")): Object: 'Object Repository/AdvanceSearch_Page/td_Comparision' is clicked on

2019-03-11 17:30:59 - [MESSAGE][PASSED] - Object: 'Object Repository/AdvanceSearch_Page/td_Comparision' is clicked on

2019-03-11 17:30:59 - [TEST_STEP][PASSED] - waitForElementVisible(findTestObject("AdvanceSearch_Page/option_Equals"), 2): Object 'Object Repository/AdvanceSearch_Page/option_Equals' is visible

2019-03-11 17:31:01 - [MESSAGE][PASSED] - Object 'Object Repository/AdvanceSearch_Page/option_Equals' is visible

2019-03-11 17:31:01 - [TEST_STEP][PASSED] - scrollToElement(findTestObject("AdvanceSearch_Page/option_Equals"), 2): Scroll to object 'Object Repository/AdvanceSearch_Page/option_Equals' successfully

2019-03-11 17:31:03 - [MESSAGE][PASSED] - Scroll to object 'Object Repository/AdvanceSearch_Page/option_Equals' successfully

2019-03-11 17:31:03 - [TEST_STEP][PASSED] - waitForElementClickable(findTestObject("AdvanceSearch_Page/option_Equals"), 2): Object 'Object Repository/AdvanceSearch_Page/option_Equals' is clickable

2019-03-11 17:31:05 - [MESSAGE][PASSED] - Object 'Object Repository/AdvanceSearch_Page/option_Equals' is clickable

2019-03-11 17:31:05 - [TEST_STEP][PASSED] - click(findTestObject("AdvanceSearch_Page/option_Equals")): Object: 'Object Repository/AdvanceSearch_Page/option_Equals' is clicked on

2019-03-11 17:31:07 - [MESSAGE][PASSED] - Object: 'Object Repository/AdvanceSearch_Page/option_Equals' is clicked on

2019-03-11 17:31:07 - [TEST_STEP][PASSED] - waitForElementClickable(findTestObject("AdvanceSearch_Page/td_Value"), 5): Object 'Object Repository/AdvanceSearch_Page/td_Value' is clickable

2019-03-11 17:31:10 - [MESSAGE][PASSED] - Object 'Object Repository/AdvanceSearch_Page/td_Value' is clickable

2019-03-11 17:31:10 - [TEST_STEP][PASSED] - click(findTestObject("AdvanceSearch_Page/td_Value")): Object: 'Object Repository/AdvanceSearch_Page/td_Value' is clicked on

2019-03-11 17:31:17 - [MESSAGE][PASSED] - Object: 'Object Repository/AdvanceSearch_Page/td_Value' is clicked on

2019-03-11 17:31:17 - [TEST_STEP][PASSED] - setText(findTestObject("AdvanceSearch_Page/td_Value"), SerachString): Text 'Plan_Raj' is set on object 'Object Repository/AdvanceSearch_Page/td_Value'

2019-03-11 17:31:21 - [MESSAGE][PASSED] - Text 'Plan_Raj' is set on object 'Object Repository/AdvanceSearch_Page/td_Value'

2019-03-11 17:31:21 - [TEST_STEP][PASSED] - waitForElementClickable(findTestObject("AdvanceSearch_Page/AppySearch_button"), 2): Object 'Object Repository/AdvanceSearch_Page/AppySearch_button' is clickable

2019-03-11 17:31:23 - [MESSAGE][PASSED] - Object 'Object Repository/AdvanceSearch_Page/AppySearch_button' is clickable

2019-03-11 17:31:23 - [TEST_STEP][PASSED] - click(findTestObject("AdvanceSearch_Page/AppySearch_button")): Object: 'Object Repository/AdvanceSearch_Page/AppySearch_button' is clicked on

2019-03-11 17:31:30 - [MESSAGE][PASSED] - Object: 'Object Repository/AdvanceSearch_Page/AppySearch_button' is clicked on

2019-03-11 17:31:30 - [TEST_STEP][PASSED] - globalkeywords.record.RecordNotFound(): globalkeywords.record.RecordNotFound is PASSED

2019-03-11 17:31:41 - [MESSAGE][INFO] - Unable to find the element located by 'By.xpath: //td[@class='dataTables_empty']'. Please recheck the objects properties to make sure the desired element is located. 

2019-03-11 17:31:41 - [MESSAGE][WARNING] - Object 'Object Repository/Page_Callidus Cloud Commissions Man/NoRecordsFound' is not present after 10 second(s)

2019-03-11 17:31:41 - [MESSAGE][PASSED] - globalkeywords.record.RecordNotFound is PASSED

2019-03-11 17:31:41 - [MESSAGE][PASSED] - Call Test Case 'Test Cases/Script_For_Advancesearch/AdvanceSearch' successfully]]></system-out>
         <system-err><![CDATA[]]></system-err>
      </testcase>
      <testcase name="Test Cases/Security_workspace/Users exists in the system" classname="Test Cases/Security_workspace/Users exists in the system" status="PASSED">
         <system-out><![CDATA[2019-03-11 17:31:41 - [TEST_CASE][PASSED] - Test Cases/Security_workspace/Users exists in the system: Test Cases/Security_workspace/Users exists in the system

2019-03-11 17:31:41 - [TEST_STEP][PASSED] - Start listener action : sampleBeforeTestCase: null

2019-03-11 17:31:41 - [TEST_STEP][PASSED] - println(testCaseContext.getTestCaseId()): null

2019-03-11 17:31:41 - [TEST_STEP][PASSED] - println(testCaseContext.getTestCaseVariables()): null

2019-03-11 17:31:42 - [TEST_STEP][PASSED] - callTestCase(findTestCase("Commission Login_Logout/Commission Login"), [:], STOP_ON_FAILURE): Call Test Case 'Test Cases/Commission Login_Logout/Commission Login' successfully

2019-03-11 17:31:42 - [TEST_CASE][PASSED] - Test Cases/Commission Login_Logout/Commission Login: Test Cases/Commission Login_Logout/Commission Login

2019-03-11 17:31:42 - [TEST_STEP][PASSED] - openBrowser(""): Browser is opened with url: ''

2019-03-11 17:31:42 - [MESSAGE][WARNING] - A browser is already opened. Closing browser and opening a new one

2019-03-11 17:31:44 - [MESSAGE][INFO] - Starting 'Chrome' driver

2019-03-11 17:31:49 - [MESSAGE][PASSED] - Browser is opened with url: ''

2019-03-11 17:31:49 - [TEST_STEP][PASSED] - navigateToUrl(BecURL): Navigate to 'https://biz3-tst.callidusondemand.com/SalesPortal/#!/' successfully

2019-03-11 17:32:02 - [MESSAGE][PASSED] - Navigate to 'https://biz3-tst.callidusondemand.com/SalesPortal/#!/' successfully

2019-03-11 17:32:02 - [TEST_STEP][PASSED] - maximizeWindow(): Current window maximized

2019-03-11 17:32:05 - [MESSAGE][PASSED] - Current window maximized

2019-03-11 17:32:05 - [TEST_STEP][PASSED] - Assert.assertEquals(getText(findTestObject("LoginPage/Header_homepage")), header_name): Text of object 'Object Repository/LoginPage/Header_homepage' is: 'Sales Performance Home '

2019-03-11 17:32:07 - [MESSAGE][PASSED] - Text of object 'Object Repository/LoginPage/Header_homepage' is: 'Sales Performance Home '

2019-03-11 17:32:07 - [TEST_STEP][PASSED] - setText(findTestObject("LoginPage/input_Username_username"), Bec_UserName): Text 'rkulkarn@calliduscloud.com' is set on object 'Object Repository/LoginPage/input_Username_username'

2019-03-11 17:32:11 - [MESSAGE][PASSED] - Text 'rkulkarn@calliduscloud.com' is set on object 'Object Repository/LoginPage/input_Username_username'

2019-03-11 17:32:11 - [TEST_STEP][PASSED] - setText(findTestObject("LoginPage/input_Password_password"), Bec_Password): Text 'Augg@1234' is set on object 'Object Repository/LoginPage/input_Password_password'

2019-03-11 17:32:15 - [MESSAGE][PASSED] - Text 'Augg@1234' is set on object 'Object Repository/LoginPage/input_Password_password'

2019-03-11 17:32:15 - [TEST_STEP][PASSED] - waitForElementClickable(findTestObject("LoginPage/Login_Button"), 2): Object 'Object Repository/LoginPage/Login_Button' is clickable

2019-03-11 17:32:17 - [MESSAGE][PASSED] - Object 'Object Repository/LoginPage/Login_Button' is clickable

2019-03-11 17:32:18 - [TEST_STEP][PASSED] - click(findTestObject("LoginPage/Login_Button")): Object: 'Object Repository/LoginPage/Login_Button' is clicked on

2019-03-11 17:32:20 - [MESSAGE][PASSED] - Object: 'Object Repository/LoginPage/Login_Button' is clicked on

2019-03-11 17:32:20 - [TEST_STEP][PASSED] - waitForPageLoad(2): Wait for page load successfully

2019-03-11 17:32:21 - [MESSAGE][PASSED] - Wait for page load successfully

2019-03-11 17:32:21 - [TEST_STEP][PASSED] - click(findTestObject("MessagesPage/Icon_Apps")): Object: 'Object Repository/MessagesPage/Icon_Apps' is clicked on

2019-03-11 17:32:24 - [MESSAGE][PASSED] - Object: 'Object Repository/MessagesPage/Icon_Apps' is clicked on

2019-03-11 17:32:24 - [TEST_STEP][PASSED] - mouseOver(findTestObject("MessagesPage/Link_Commissions")): Object: 'Object Repository/MessagesPage/Link_Commissions' is hovered

2019-03-11 17:32:27 - [MESSAGE][PASSED] - Object: 'Object Repository/MessagesPage/Link_Commissions' is hovered

2019-03-11 17:32:27 - [TEST_STEP][PASSED] - scrollToElement(findTestObject("MessagesPage/Link_Commissions"), 1): Scroll to object 'Object Repository/MessagesPage/Link_Commissions' successfully

2019-03-11 17:32:29 - [MESSAGE][PASSED] - Scroll to object 'Object Repository/MessagesPage/Link_Commissions' successfully

2019-03-11 17:32:29 - [TEST_STEP][PASSED] - click(findTestObject("MessagesPage/Link_Commissions")): Object: 'Object Repository/MessagesPage/Link_Commissions' is clicked on

2019-03-11 17:33:01 - [MESSAGE][PASSED] - Object: 'Object Repository/MessagesPage/Link_Commissions' is clicked on

2019-03-11 17:33:01 - [TEST_STEP][PASSED] - click(findTestObject("LoginPage/User_id")): Object: 'Object Repository/LoginPage/User_id' is clicked on

2019-03-11 17:33:03 - [MESSAGE][PASSED] - Object: 'Object Repository/LoginPage/User_id' is clicked on

2019-03-11 17:33:03 - [TEST_STEP][PASSED] - waitForElementVisible(findTestObject("LoginPage/user_name"), 1): Object 'Object Repository/LoginPage/user_name' is visible

2019-03-11 17:33:05 - [MESSAGE][PASSED] - Object 'Object Repository/LoginPage/user_name' is visible

2019-03-11 17:33:05 - [TEST_STEP][PASSED] - Assert.assertEquals(getText(findTestObject("LoginPage/user_name")), User_name): Text of object 'Object Repository/LoginPage/user_name' is: 'rkulkarn@calliduscloud.com'

2019-03-11 17:33:07 - [MESSAGE][PASSED] - Text of object 'Object Repository/LoginPage/user_name' is: 'rkulkarn@calliduscloud.com'

2019-03-11 17:33:07 - [TEST_STEP][PASSED] - waitForPageLoad(3): Wait for page load successfully

2019-03-11 17:33:08 - [MESSAGE][PASSED] - Wait for page load successfully

2019-03-11 17:33:08 - [MESSAGE][PASSED] - Call Test Case 'Test Cases/Commission Login_Logout/Commission Login' successfully

2019-03-11 17:33:08 - [TEST_STEP][PASSED] - mouseOver(findTestObject("HomePage_Commission/Commission_Security/Icon_security")): Object: 'Object Repository/HomePage_Commission/Commission_Security/Icon_security' is hovered

2019-03-11 17:33:11 - [MESSAGE][PASSED] - Object: 'Object Repository/HomePage_Commission/Commission_Security/Icon_security' is hovered

2019-03-11 17:33:11 - [TEST_STEP][PASSED] - waitForElementPresent(findTestObject("HomePage_Commission/Commission_Security/Icon_security"), 8): Object 'Object Repository/HomePage_Commission/Commission_Security/Icon_security' is present

2019-03-11 17:33:12 - [MESSAGE][PASSED] - Object 'Object Repository/HomePage_Commission/Commission_Security/Icon_security' is present

2019-03-11 17:33:12 - [TEST_STEP][PASSED] - click(findTestObject("HomePage_Commission/Commission_Security/Icon_security")): Object: 'Object Repository/HomePage_Commission/Commission_Security/Icon_security' is clicked on

2019-03-11 17:33:14 - [MESSAGE][PASSED] - Object: 'Object Repository/HomePage_Commission/Commission_Security/Icon_security' is clicked on

2019-03-11 17:33:14 - [TEST_STEP][PASSED] - Assert.assertEquals(getText(findTestObject("Assertion_objects/Security")), Sec_txt): Text of object 'Object Repository/Assertion_objects/Security' is: 'Security'

2019-03-11 17:33:17 - [MESSAGE][PASSED] - Text of object 'Object Repository/Assertion_objects/Security' is: 'Security'

2019-03-11 17:33:17 - [TEST_STEP][PASSED] - println("User is able to navigate to Administration tab"): null

2019-03-11 17:33:17 - [TEST_STEP][PASSED] - waitForElementVisible(findTestObject("HomePage_Commission/Commission_Security/Link_Users"), 3): Object 'Object Repository/HomePage_Commission/Commission_Security/Link_Users' is visible

2019-03-11 17:33:19 - [MESSAGE][PASSED] - Object 'Object Repository/HomePage_Commission/Commission_Security/Link_Users' is visible

2019-03-11 17:33:19 - [TEST_STEP][PASSED] - mouseOver(findTestObject("HomePage_Commission/Commission_Security/Link_Users"), STOP_ON_FAILURE): Object: 'Object Repository/HomePage_Commission/Commission_Security/Link_Users' is hovered

2019-03-11 17:33:22 - [MESSAGE][PASSED] - Object: 'Object Repository/HomePage_Commission/Commission_Security/Link_Users' is hovered

2019-03-11 17:33:22 - [TEST_STEP][PASSED] - click(findTestObject("HomePage_Commission/Commission_Security/Link_Users")): Object: 'Object Repository/HomePage_Commission/Commission_Security/Link_Users' is clicked on

2019-03-11 17:33:38 - [MESSAGE][PASSED] - Object: 'Object Repository/HomePage_Commission/Commission_Security/Link_Users' is clicked on

2019-03-11 17:33:38 - [TEST_STEP][PASSED] - Assert.assertEquals(getText(findTestObject("Assertion_objects/Users")), User_txt): Text of object 'Object Repository/Assertion_objects/Users' is: 'Users'

2019-03-11 17:33:41 - [MESSAGE][PASSED] - Text of object 'Object Repository/Assertion_objects/Users' is: 'Users'

2019-03-11 17:33:41 - [TEST_STEP][PASSED] - println("User navigated to Users screen"): null

2019-03-11 17:33:41 - [TEST_STEP][PASSED] - scrollToPosition(0, 0): Browser is scrolled to position x = 0, y = 0

2019-03-11 17:33:42 - [MESSAGE][PASSED] - Browser is scrolled to position x = 0, y = 0

2019-03-11 17:33:42 - [TEST_STEP][PASSED] - if (verifyElementClickable(findTestObject("AdvanceSearch_Page/Advanced_searchtext"))): null

2019-03-11 17:33:44 - [MESSAGE][PASSED] - Object 'Object Repository/AdvanceSearch_Page/Advanced_searchtext' is clickable

2019-03-11 17:33:44 - [TEST_STEP][PASSED] - click(findTestObject("AdvanceSearch_Page/Icon_Advanced Search")): Object: 'Object Repository/AdvanceSearch_Page/Icon_Advanced Search' is clicked on

2019-03-11 17:33:46 - [MESSAGE][PASSED] - Object: 'Object Repository/AdvanceSearch_Page/Icon_Advanced Search' is clicked on

2019-03-11 17:33:46 - [TEST_STEP][PASSED] - println("Performing advance search"): null

2019-03-11 17:33:46 - [TEST_STEP][PASSED] - click(findTestObject("AdvanceSearch_Page/FieldName_DropDown")): Object: 'Object Repository/AdvanceSearch_Page/FieldName_DropDown' is clicked on

2019-03-11 17:33:48 - [MESSAGE][PASSED] - Object: 'Object Repository/AdvanceSearch_Page/FieldName_DropDown' is clicked on

2019-03-11 17:33:48 - [TEST_STEP][PASSED] - scrollToElement(findTestObject("AdvanceSearch_Page/option_UserName"), 7): Scroll to object 'Object Repository/AdvanceSearch_Page/option_UserName' successfully

2019-03-11 17:33:50 - [MESSAGE][PASSED] - Scroll to object 'Object Repository/AdvanceSearch_Page/option_UserName' successfully

2019-03-11 17:33:50 - [TEST_STEP][PASSED] - click(findTestObject("AdvanceSearch_Page/option_UserName")): Object: 'Object Repository/AdvanceSearch_Page/option_UserName' is clicked on

2019-03-11 17:33:53 - [MESSAGE][PASSED] - Object: 'Object Repository/AdvanceSearch_Page/option_UserName' is clicked on

2019-03-11 17:33:53 - [TEST_STEP][PASSED] - click(findTestObject("AdvanceSearch_Page/td_Comparision")): Object: 'Object Repository/AdvanceSearch_Page/td_Comparision' is clicked on

2019-03-11 17:33:55 - [MESSAGE][PASSED] - Object: 'Object Repository/AdvanceSearch_Page/td_Comparision' is clicked on

2019-03-11 17:33:55 - [TEST_STEP][PASSED] - scrollToElement(findTestObject("AdvanceSearch_Page/option_Equals"), 2): Scroll to object 'Object Repository/AdvanceSearch_Page/option_Equals' successfully

2019-03-11 17:33:57 - [MESSAGE][PASSED] - Scroll to object 'Object Repository/AdvanceSearch_Page/option_Equals' successfully

2019-03-11 17:33:57 - [TEST_STEP][PASSED] - click(findTestObject("AdvanceSearch_Page/option_Equals")): Object: 'Object Repository/AdvanceSearch_Page/option_Equals' is clicked on

2019-03-11 17:33:59 - [MESSAGE][PASSED] - Object: 'Object Repository/AdvanceSearch_Page/option_Equals' is clicked on

2019-03-11 17:33:59 - [TEST_STEP][PASSED] - setText(findTestObject("AdvanceSearch_Page/td_Value"), UserName): Text 'skadhulu@calliduscloud.com' is set on object 'Object Repository/AdvanceSearch_Page/td_Value'

2019-03-11 17:34:04 - [MESSAGE][PASSED] - Text 'skadhulu@calliduscloud.com' is set on object 'Object Repository/AdvanceSearch_Page/td_Value'

2019-03-11 17:34:04 - [TEST_STEP][PASSED] - click(findTestObject("AdvanceSearch_Page/AppySearch_button")): Object: 'Object Repository/AdvanceSearch_Page/AppySearch_button' is clicked on

2019-03-11 17:34:06 - [MESSAGE][PASSED] - Object: 'Object Repository/AdvanceSearch_Page/AppySearch_button' is clicked on

2019-03-11 17:34:06 - [TEST_STEP][PASSED] - globalkeywords.record.RecordNotFound(): globalkeywords.record.RecordNotFound is PASSED

2019-03-11 17:34:17 - [MESSAGE][INFO] - Unable to find the element located by 'By.xpath: //td[@class='dataTables_empty']'. Please recheck the objects properties to make sure the desired element is located. 

2019-03-11 17:34:17 - [MESSAGE][WARNING] - Object 'Object Repository/Page_Callidus Cloud Commissions Man/NoRecordsFound' is not present after 10 second(s)

2019-03-11 17:34:17 - [MESSAGE][PASSED] - globalkeywords.record.RecordNotFound is PASSED]]></system-out>
         <system-err><![CDATA[]]></system-err>
      </testcase>
      <system-out><![CDATA[2019-03-11 16:15:51 - [TEST_SUITE][PASSED] - Report testing: Test Cases/Security_workspace/Users exists in the system]]></system-out>
      <system-err><![CDATA[]]></system-err>
   </testsuite>
</testsuites>
