<?xml version="1.0" encoding="UTF-8"?>
<testsuites name="Report testing" time="3965" tests="30" failures="0" errors="0">
   <testsuite name="Report testing" tests="30" failures="0" errors="0" time="3965" timestamp="2019-02-27 17:08:09" hostname="rkulkarn - 41XHMV1-E6330.callidussoftware.com" id="Test Suites/Report testing">
      <properties>
         <property name="deviceName" value=""/>
         <property name="devicePlatform" value=""/>
         <property name="logFolder" value="C:\\Users\\rkulkarn\\git\\commissionUAT_Jan28\\Reports\\Report testing\\20190227_170800"/>
         <property name="logFiles" value="C:\\Users\\rkulkarn\\git\\commissionUAT_Jan28\\Reports\\Report testing\\20190227_170800\\execution0.log"/>
         <property name="attachments" value=""/>
         <property name="hostName" value="rkulkarn - 41XHMV1-E6330.callidussoftware.com"/>
         <property name="os" value="Windows 10 64bit"/>
         <property name="katalonVersion" value="5.10.1.1"/>
         <property name="browser" value="Chrome 72.0.3626.119"/>
         <property name="hostAddress" value="192.168.241.8"/>
         <property name="sessionId" value="ef22c449b1fd425750a7466fbff4de7a"/>
         <property name="seleniumVersion" value="3.7.1"/>
         <property name="proxyInformation" value="ProxyInformation{proxyOption=NO_PROXY, proxyServerType=HTTP, password=, proxyServerAddress=, proxyServerPort=0}"/>
         <property name="platform" value="Windows 10"/>
      </properties>
      <testcase name="Test Cases/Compensation_Elements_Workspace/Fixed_Value_exist in the  system" classname="Test Cases/Compensation_Elements_Workspace/Fixed_Value_exist in the  system" status="PASSED">
         <system-out><![CDATA[2019-02-27 17:08:10 - [TEST_CASE][PASSED] - Test Cases/Compensation_Elements_Workspace/Fixed_Value_exist in the  system: Test Cases/Compensation_Elements_Workspace/Fixed_Value_exist in the  system

2019-02-27 17:08:10 - [TEST_STEP][PASSED] - Start listener action : sampleBeforeTestCase: null

2019-02-27 17:08:10 - [TEST_STEP][PASSED] - println(testCaseContext.getTestCaseId()): null

2019-02-27 17:08:10 - [TEST_STEP][PASSED] - println(testCaseContext.getTestCaseVariables()): null

2019-02-27 17:08:11 - [TEST_STEP][PASSED] - callTestCase(findTestCase("Commission Login_Logout/Commission Login"), [:], STOP_ON_FAILURE): Call Test Case 'Test Cases/Commission Login_Logout/Commission Login' successfully

2019-02-27 17:08:11 - [TEST_CASE][PASSED] - Test Cases/Commission Login_Logout/Commission Login: Test Cases/Commission Login_Logout/Commission Login

2019-02-27 17:08:12 - [TEST_STEP][PASSED] - openBrowser(""): Browser is opened with url: ''

2019-02-27 17:08:12 - [MESSAGE][INFO] - Starting 'Chrome' driver

2019-02-27 17:08:12 - [MESSAGE][INFO] - Action delay is set to 1 seconds

2019-02-27 17:08:19 - [MESSAGE][PASSED] - Browser is opened with url: ''

2019-02-27 17:08:19 - [TEST_STEP][PASSED] - navigateToUrl(BecURL): Navigate to 'https://biz3-tst.callidusondemand.com/SalesPortal/#!/' successfully

2019-02-27 17:08:39 - [MESSAGE][PASSED] - Navigate to 'https://biz3-tst.callidusondemand.com/SalesPortal/#!/' successfully

2019-02-27 17:08:39 - [TEST_STEP][PASSED] - maximizeWindow(): Current window maximized

2019-02-27 17:08:42 - [MESSAGE][PASSED] - Current window maximized

2019-02-27 17:08:42 - [TEST_STEP][PASSED] - setText(findTestObject("LoginPage/input_Username_username"), Bec_UserName): Text 'rkulkarn@calliduscloud.com' is set on object 'Object Repository/LoginPage/input_Username_username'

2019-02-27 17:08:46 - [MESSAGE][PASSED] - Text 'rkulkarn@calliduscloud.com' is set on object 'Object Repository/LoginPage/input_Username_username'

2019-02-27 17:08:46 - [TEST_STEP][PASSED] - setText(findTestObject("LoginPage/input_Password_password"), Bec_Password): Text 'Augg@1234' is set on object 'Object Repository/LoginPage/input_Password_password'

2019-02-27 17:08:50 - [MESSAGE][PASSED] - Text 'Augg@1234' is set on object 'Object Repository/LoginPage/input_Password_password'

2019-02-27 17:08:50 - [TEST_STEP][PASSED] - waitForElementClickable(findTestObject("LoginPage/Login_Button"), 2): Object 'Object Repository/LoginPage/Login_Button' is clickable

2019-02-27 17:08:53 - [MESSAGE][PASSED] - Object 'Object Repository/LoginPage/Login_Button' is clickable

2019-02-27 17:08:53 - [TEST_STEP][PASSED] - click(findTestObject("LoginPage/Login_Button")): Object: 'Object Repository/LoginPage/Login_Button' is clicked on

2019-02-27 17:08:55 - [MESSAGE][PASSED] - Object: 'Object Repository/LoginPage/Login_Button' is clicked on

2019-02-27 17:08:55 - [TEST_STEP][PASSED] - waitForPageLoad(2): Wait for page load successfully

2019-02-27 17:08:56 - [MESSAGE][PASSED] - Wait for page load successfully

2019-02-27 17:08:56 - [TEST_STEP][PASSED] - click(findTestObject("MessagesPage/Icon_Apps")): Object: 'Object Repository/MessagesPage/Icon_Apps' is clicked on

2019-02-27 17:09:00 - [MESSAGE][PASSED] - Object: 'Object Repository/MessagesPage/Icon_Apps' is clicked on

2019-02-27 17:09:00 - [TEST_STEP][PASSED] - mouseOver(findTestObject("MessagesPage/Link_Commissions")): Object: 'Object Repository/MessagesPage/Link_Commissions' is hovered

2019-02-27 17:09:03 - [MESSAGE][PASSED] - Object: 'Object Repository/MessagesPage/Link_Commissions' is hovered

2019-02-27 17:09:03 - [TEST_STEP][PASSED] - scrollToElement(findTestObject("MessagesPage/Link_Commissions"), 1): Scroll to object 'Object Repository/MessagesPage/Link_Commissions' successfully

2019-02-27 17:09:05 - [MESSAGE][PASSED] - Scroll to object 'Object Repository/MessagesPage/Link_Commissions' successfully

2019-02-27 17:09:05 - [TEST_STEP][PASSED] - click(findTestObject("MessagesPage/Link_Commissions")): Object: 'Object Repository/MessagesPage/Link_Commissions' is clicked on

2019-02-27 17:09:27 - [MESSAGE][PASSED] - Object: 'Object Repository/MessagesPage/Link_Commissions' is clicked on

2019-02-27 17:09:27 - [TEST_STEP][PASSED] - waitForPageLoad(3): Wait for page load successfully

2019-02-27 17:09:28 - [MESSAGE][PASSED] - Wait for page load successfully

2019-02-27 17:09:28 - [MESSAGE][PASSED] - Call Test Case 'Test Cases/Commission Login_Logout/Commission Login' successfully

2019-02-27 17:09:28 - [TEST_STEP][PASSED] - mouseOver(findTestObject("HomePage_Commission/Commission_CompensationElements/Icon_Compensationelement")): Object: 'Object Repository/HomePage_Commission/Commission_CompensationElements/Icon_Compensationelement' is hovered

2019-02-27 17:09:31 - [MESSAGE][PASSED] - Object: 'Object Repository/HomePage_Commission/Commission_CompensationElements/Icon_Compensationelement' is hovered

2019-02-27 17:09:31 - [TEST_STEP][PASSED] - waitForElementPresent(findTestObject("HomePage_Commission/Commission_CompensationElements/Icon_Compensationelement"), 3): Object 'Object Repository/HomePage_Commission/Commission_CompensationElements/Icon_Compensationelement' is present

2019-02-27 17:09:32 - [MESSAGE][PASSED] - Object 'Object Repository/HomePage_Commission/Commission_CompensationElements/Icon_Compensationelement' is present

2019-02-27 17:09:32 - [TEST_STEP][PASSED] - click(findTestObject("HomePage_Commission/Commission_CompensationElements/Icon_Compensationelement")): Object: 'Object Repository/HomePage_Commission/Commission_CompensationElements/Icon_Compensationelement' is clicked on

2019-02-27 17:09:34 - [MESSAGE][PASSED] - Object: 'Object Repository/HomePage_Commission/Commission_CompensationElements/Icon_Compensationelement' is clicked on

2019-02-27 17:09:34 - [TEST_STEP][PASSED] - println("User is able to naviagte to Plan tab"): null

2019-02-27 17:09:34 - [TEST_STEP][PASSED] - waitForElementVisible(findTestObject("HomePage_Commission/Commission_CompensationElements/Link_Fixed Value"), 1): Object 'Object Repository/HomePage_Commission/Commission_CompensationElements/Link_Fixed Value' is visible

2019-02-27 17:09:36 - [MESSAGE][PASSED] - Object 'Object Repository/HomePage_Commission/Commission_CompensationElements/Link_Fixed Value' is visible

2019-02-27 17:09:36 - [TEST_STEP][PASSED] - mouseOver(findTestObject("HomePage_Commission/Commission_CompensationElements/Link_Fixed Value"), STOP_ON_FAILURE): Object: 'Object Repository/HomePage_Commission/Commission_CompensationElements/Link_Fixed Value' is hovered

2019-02-27 17:09:39 - [MESSAGE][PASSED] - Object: 'Object Repository/HomePage_Commission/Commission_CompensationElements/Link_Fixed Value' is hovered

2019-02-27 17:09:39 - [TEST_STEP][PASSED] - click(findTestObject("HomePage_Commission/Commission_CompensationElements/Link_Fixed Value")): Object: 'Object Repository/HomePage_Commission/Commission_CompensationElements/Link_Fixed Value' is clicked on

2019-02-27 17:09:50 - [MESSAGE][PASSED] - Object: 'Object Repository/HomePage_Commission/Commission_CompensationElements/Link_Fixed Value' is clicked on

2019-02-27 17:09:50 - [TEST_STEP][PASSED] - println("User Naviagted to Fixed Values screen"): null

2019-02-27 17:09:50 - [TEST_STEP][PASSED] - click(findTestObject("AdvanceSearch_Page/Icon_Advanced Search")): Object: 'Object Repository/AdvanceSearch_Page/Icon_Advanced Search' is clicked on

2019-02-27 17:09:53 - [MESSAGE][PASSED] - Object: 'Object Repository/AdvanceSearch_Page/Icon_Advanced Search' is clicked on

2019-02-27 17:09:53 - [TEST_STEP][PASSED] - click(findTestObject("AdvanceSearch_Page/FieldName_DropDown")): Object: 'Object Repository/AdvanceSearch_Page/FieldName_DropDown' is clicked on

2019-02-27 17:09:55 - [MESSAGE][PASSED] - Object: 'Object Repository/AdvanceSearch_Page/FieldName_DropDown' is clicked on

2019-02-27 17:09:55 - [TEST_STEP][PASSED] - scrollToElement(findTestObject("AdvanceSearch_Page/option_Compensations Elements"), 4): Scroll to object 'Object Repository/AdvanceSearch_Page/option_Compensations Elements' successfully

2019-02-27 17:09:57 - [MESSAGE][PASSED] - Scroll to object 'Object Repository/AdvanceSearch_Page/option_Compensations Elements' successfully

2019-02-27 17:09:57 - [TEST_STEP][PASSED] - click(findTestObject("AdvanceSearch_Page/option_Compensations Elements")): Object: 'Object Repository/AdvanceSearch_Page/option_Compensations Elements' is clicked on

2019-02-27 17:10:00 - [MESSAGE][PASSED] - Object: 'Object Repository/AdvanceSearch_Page/option_Compensations Elements' is clicked on

2019-02-27 17:10:00 - [TEST_STEP][PASSED] - click(findTestObject("AdvanceSearch_Page/td_Comparision")): Object: 'Object Repository/AdvanceSearch_Page/td_Comparision' is clicked on

2019-02-27 17:10:02 - [MESSAGE][PASSED] - Object: 'Object Repository/AdvanceSearch_Page/td_Comparision' is clicked on

2019-02-27 17:10:02 - [TEST_STEP][PASSED] - scrollToElement(findTestObject("AdvanceSearch_Page/option_Equals"), 2): Scroll to object 'Object Repository/AdvanceSearch_Page/option_Equals' successfully

2019-02-27 17:10:04 - [MESSAGE][PASSED] - Scroll to object 'Object Repository/AdvanceSearch_Page/option_Equals' successfully

2019-02-27 17:10:04 - [TEST_STEP][PASSED] - click(findTestObject("AdvanceSearch_Page/option_Equals")): Object: 'Object Repository/AdvanceSearch_Page/option_Equals' is clicked on

2019-02-27 17:10:06 - [MESSAGE][PASSED] - Object: 'Object Repository/AdvanceSearch_Page/option_Equals' is clicked on

2019-02-27 17:10:06 - [TEST_STEP][PASSED] - setText(findTestObject("AdvanceSearch_Page/td_Value"), FIX_VAL): Text 'HC Target Value_G' is set on object 'Object Repository/AdvanceSearch_Page/td_Value'

2019-02-27 17:10:11 - [MESSAGE][PASSED] - Text 'HC Target Value_G' is set on object 'Object Repository/AdvanceSearch_Page/td_Value'

2019-02-27 17:10:11 - [TEST_STEP][PASSED] - click(findTestObject("AdvanceSearch_Page/AppySearch_button")): Object: 'Object Repository/AdvanceSearch_Page/AppySearch_button' is clicked on

2019-02-27 17:10:13 - [MESSAGE][PASSED] - Object: 'Object Repository/AdvanceSearch_Page/AppySearch_button' is clicked on

2019-02-27 17:10:13 - [TEST_STEP][PASSED] - globalkeywords.record.RecordNotFound(): globalkeywords.record.RecordNotFound is PASSED

2019-02-27 17:10:24 - [MESSAGE][INFO] - Unable to find the element located by 'By.xpath: //td[@class='dataTables_empty']'. Please recheck the objects properties to make sure the desired element is located. 

2019-02-27 17:10:24 - [MESSAGE][WARNING] - Object 'Object Repository/Page_Callidus Cloud Commissions Man/NoRecordsFound' is not present after 10 second(s)

2019-02-27 17:10:24 - [MESSAGE][PASSED] - globalkeywords.record.RecordNotFound is PASSED]]></system-out>
         <system-err><![CDATA[]]></system-err>
      </testcase>
      <testcase name="Test Cases/Compensation_Elements_Workspace/Fixed_Value_Variables_exist_in_the_System" classname="Test Cases/Compensation_Elements_Workspace/Fixed_Value_Variables_exist_in_the_System" status="PASSED">
         <system-out><![CDATA[2019-02-27 17:10:24 - [TEST_CASE][PASSED] - Test Cases/Compensation_Elements_Workspace/Fixed_Value_Variables_exist_in_the_System: Test Cases/Compensation_Elements_Workspace/Fixed_Value_Variables_exist_in_the_System

2019-02-27 17:10:24 - [TEST_STEP][PASSED] - Start listener action : sampleBeforeTestCase: null

2019-02-27 17:10:24 - [TEST_STEP][PASSED] - println(testCaseContext.getTestCaseId()): null

2019-02-27 17:10:24 - [TEST_STEP][PASSED] - println(testCaseContext.getTestCaseVariables()): null

2019-02-27 17:10:25 - [TEST_STEP][PASSED] - callTestCase(findTestCase("Commission Login_Logout/Commission Login"), [:], STOP_ON_FAILURE): Call Test Case 'Test Cases/Commission Login_Logout/Commission Login' successfully

2019-02-27 17:10:25 - [TEST_CASE][PASSED] - Test Cases/Commission Login_Logout/Commission Login: Test Cases/Commission Login_Logout/Commission Login

2019-02-27 17:10:25 - [TEST_STEP][PASSED] - openBrowser(""): Browser is opened with url: ''

2019-02-27 17:10:25 - [MESSAGE][WARNING] - A browser is already opened. Closing browser and opening a new one

2019-02-27 17:10:27 - [MESSAGE][INFO] - Starting 'Chrome' driver

2019-02-27 17:10:32 - [MESSAGE][PASSED] - Browser is opened with url: ''

2019-02-27 17:10:32 - [TEST_STEP][PASSED] - navigateToUrl(BecURL): Navigate to 'https://biz3-tst.callidusondemand.com/SalesPortal/#!/' successfully

2019-02-27 17:10:44 - [MESSAGE][PASSED] - Navigate to 'https://biz3-tst.callidusondemand.com/SalesPortal/#!/' successfully

2019-02-27 17:10:44 - [TEST_STEP][PASSED] - maximizeWindow(): Current window maximized

2019-02-27 17:10:46 - [MESSAGE][PASSED] - Current window maximized

2019-02-27 17:10:46 - [TEST_STEP][PASSED] - setText(findTestObject("LoginPage/input_Username_username"), Bec_UserName): Text 'rkulkarn@calliduscloud.com' is set on object 'Object Repository/LoginPage/input_Username_username'

2019-02-27 17:10:50 - [MESSAGE][PASSED] - Text 'rkulkarn@calliduscloud.com' is set on object 'Object Repository/LoginPage/input_Username_username'

2019-02-27 17:10:50 - [TEST_STEP][PASSED] - setText(findTestObject("LoginPage/input_Password_password"), Bec_Password): Text 'Augg@1234' is set on object 'Object Repository/LoginPage/input_Password_password'

2019-02-27 17:10:54 - [MESSAGE][PASSED] - Text 'Augg@1234' is set on object 'Object Repository/LoginPage/input_Password_password'

2019-02-27 17:10:54 - [TEST_STEP][PASSED] - waitForElementClickable(findTestObject("LoginPage/Login_Button"), 2): Object 'Object Repository/LoginPage/Login_Button' is clickable

2019-02-27 17:10:56 - [MESSAGE][PASSED] - Object 'Object Repository/LoginPage/Login_Button' is clickable

2019-02-27 17:10:56 - [TEST_STEP][PASSED] - click(findTestObject("LoginPage/Login_Button")): Object: 'Object Repository/LoginPage/Login_Button' is clicked on

2019-02-27 17:10:59 - [MESSAGE][PASSED] - Object: 'Object Repository/LoginPage/Login_Button' is clicked on

2019-02-27 17:10:59 - [TEST_STEP][PASSED] - waitForPageLoad(2): Wait for page load successfully

2019-02-27 17:11:00 - [MESSAGE][PASSED] - Wait for page load successfully

2019-02-27 17:11:00 - [TEST_STEP][PASSED] - click(findTestObject("MessagesPage/Icon_Apps")): Object: 'Object Repository/MessagesPage/Icon_Apps' is clicked on

2019-02-27 17:11:05 - [MESSAGE][PASSED] - Object: 'Object Repository/MessagesPage/Icon_Apps' is clicked on

2019-02-27 17:11:05 - [TEST_STEP][PASSED] - mouseOver(findTestObject("MessagesPage/Link_Commissions")): Object: 'Object Repository/MessagesPage/Link_Commissions' is hovered

2019-02-27 17:11:08 - [MESSAGE][PASSED] - Object: 'Object Repository/MessagesPage/Link_Commissions' is hovered

2019-02-27 17:11:08 - [TEST_STEP][PASSED] - scrollToElement(findTestObject("MessagesPage/Link_Commissions"), 1): Scroll to object 'Object Repository/MessagesPage/Link_Commissions' successfully

2019-02-27 17:11:10 - [MESSAGE][PASSED] - Scroll to object 'Object Repository/MessagesPage/Link_Commissions' successfully

2019-02-27 17:11:10 - [TEST_STEP][PASSED] - click(findTestObject("MessagesPage/Link_Commissions")): Object: 'Object Repository/MessagesPage/Link_Commissions' is clicked on

2019-02-27 17:11:30 - [MESSAGE][PASSED] - Object: 'Object Repository/MessagesPage/Link_Commissions' is clicked on

2019-02-27 17:11:30 - [TEST_STEP][PASSED] - waitForPageLoad(3): Wait for page load successfully

2019-02-27 17:11:31 - [MESSAGE][PASSED] - Wait for page load successfully

2019-02-27 17:11:31 - [MESSAGE][PASSED] - Call Test Case 'Test Cases/Commission Login_Logout/Commission Login' successfully

2019-02-27 17:11:31 - [TEST_STEP][PASSED] - mouseOver(findTestObject("HomePage_Commission/Commission_CompensationElements/Icon_Compensationelement")): Object: 'Object Repository/HomePage_Commission/Commission_CompensationElements/Icon_Compensationelement' is hovered

2019-02-27 17:11:34 - [MESSAGE][PASSED] - Object: 'Object Repository/HomePage_Commission/Commission_CompensationElements/Icon_Compensationelement' is hovered

2019-02-27 17:11:34 - [TEST_STEP][PASSED] - waitForElementPresent(findTestObject("HomePage_Commission/Commission_CompensationElements/Icon_Compensationelement"), 3): Object 'Object Repository/HomePage_Commission/Commission_CompensationElements/Icon_Compensationelement' is present

2019-02-27 17:11:35 - [MESSAGE][PASSED] - Object 'Object Repository/HomePage_Commission/Commission_CompensationElements/Icon_Compensationelement' is present

2019-02-27 17:11:35 - [TEST_STEP][PASSED] - click(findTestObject("HomePage_Commission/Commission_CompensationElements/Icon_Compensationelement")): Object: 'Object Repository/HomePage_Commission/Commission_CompensationElements/Icon_Compensationelement' is clicked on

2019-02-27 17:11:38 - [MESSAGE][PASSED] - Object: 'Object Repository/HomePage_Commission/Commission_CompensationElements/Icon_Compensationelement' is clicked on

2019-02-27 17:11:38 - [TEST_STEP][PASSED] - println("User is able to naviagte to Plan tab"): null

2019-02-27 17:11:38 - [TEST_STEP][PASSED] - waitForElementVisible(findTestObject("HomePage_Commission/Commission_CompensationElements/Link_Variables"), 7): Object 'Object Repository/HomePage_Commission/Commission_CompensationElements/Link_Variables' is visible

2019-02-27 17:11:40 - [MESSAGE][PASSED] - Object 'Object Repository/HomePage_Commission/Commission_CompensationElements/Link_Variables' is visible

2019-02-27 17:11:40 - [TEST_STEP][PASSED] - mouseOver(findTestObject("HomePage_Commission/Commission_CompensationElements/Link_Variables"), STOP_ON_FAILURE): Object: 'Object Repository/HomePage_Commission/Commission_CompensationElements/Link_Variables' is hovered

2019-02-27 17:11:43 - [MESSAGE][PASSED] - Object: 'Object Repository/HomePage_Commission/Commission_CompensationElements/Link_Variables' is hovered

2019-02-27 17:11:43 - [TEST_STEP][PASSED] - click(findTestObject("HomePage_Commission/Commission_CompensationElements/Link_Variables")): Object: 'Object Repository/HomePage_Commission/Commission_CompensationElements/Link_Variables' is clicked on

2019-02-27 17:11:54 - [MESSAGE][PASSED] - Object: 'Object Repository/HomePage_Commission/Commission_CompensationElements/Link_Variables' is clicked on

2019-02-27 17:11:54 - [TEST_STEP][PASSED] - println("User Naviagted to Varaible screen"): null

2019-02-27 17:11:54 - [TEST_STEP][PASSED] - click(findTestObject("AdvanceSearch_Page/Icon_Advanced Search")): Object: 'Object Repository/AdvanceSearch_Page/Icon_Advanced Search' is clicked on

2019-02-27 17:11:57 - [MESSAGE][PASSED] - Object: 'Object Repository/AdvanceSearch_Page/Icon_Advanced Search' is clicked on

2019-02-27 17:11:57 - [TEST_STEP][PASSED] - click(findTestObject("AdvanceSearch_Page/FieldName_DropDown")): Object: 'Object Repository/AdvanceSearch_Page/FieldName_DropDown' is clicked on

2019-02-27 17:11:59 - [MESSAGE][PASSED] - Object: 'Object Repository/AdvanceSearch_Page/FieldName_DropDown' is clicked on

2019-02-27 17:11:59 - [TEST_STEP][PASSED] - scrollToElement(findTestObject("AdvanceSearch_Page/option_Value"), 4): Scroll to object 'Object Repository/AdvanceSearch_Page/option_Value' successfully

2019-02-27 17:12:01 - [MESSAGE][PASSED] - Scroll to object 'Object Repository/AdvanceSearch_Page/option_Value' successfully

2019-02-27 17:12:01 - [TEST_STEP][PASSED] - click(findTestObject("AdvanceSearch_Page/option_Value")): Object: 'Object Repository/AdvanceSearch_Page/option_Value' is clicked on

2019-02-27 17:12:03 - [MESSAGE][PASSED] - Object: 'Object Repository/AdvanceSearch_Page/option_Value' is clicked on

2019-02-27 17:12:03 - [TEST_STEP][PASSED] - click(findTestObject("AdvanceSearch_Page/td_Comparision")): Object: 'Object Repository/AdvanceSearch_Page/td_Comparision' is clicked on

2019-02-27 17:12:05 - [MESSAGE][PASSED] - Object: 'Object Repository/AdvanceSearch_Page/td_Comparision' is clicked on

2019-02-27 17:12:05 - [TEST_STEP][PASSED] - scrollToElement(findTestObject("AdvanceSearch_Page/option_Equals"), 2): Scroll to object 'Object Repository/AdvanceSearch_Page/option_Equals' successfully

2019-02-27 17:12:07 - [MESSAGE][PASSED] - Scroll to object 'Object Repository/AdvanceSearch_Page/option_Equals' successfully

2019-02-27 17:12:07 - [TEST_STEP][PASSED] - click(findTestObject("AdvanceSearch_Page/option_Equals")): Object: 'Object Repository/AdvanceSearch_Page/option_Equals' is clicked on

2019-02-27 17:12:10 - [MESSAGE][PASSED] - Object: 'Object Repository/AdvanceSearch_Page/option_Equals' is clicked on

2019-02-27 17:12:10 - [TEST_STEP][PASSED] - setText(findTestObject("AdvanceSearch_Page/td_Value"), FV_Var): Text 'HC Flat Rate Multiplier Variable_G' is set on object 'Object Repository/AdvanceSearch_Page/td_Value'

2019-02-27 17:12:15 - [MESSAGE][PASSED] - Text 'HC Flat Rate Multiplier Variable_G' is set on object 'Object Repository/AdvanceSearch_Page/td_Value'

2019-02-27 17:12:15 - [TEST_STEP][PASSED] - click(findTestObject("AdvanceSearch_Page/AppySearch_button")): Object: 'Object Repository/AdvanceSearch_Page/AppySearch_button' is clicked on

2019-02-27 17:12:17 - [MESSAGE][PASSED] - Object: 'Object Repository/AdvanceSearch_Page/AppySearch_button' is clicked on

2019-02-27 17:12:17 - [TEST_STEP][PASSED] - globalkeywords.record.RecordNotFound(): globalkeywords.record.RecordNotFound is PASSED

2019-02-27 17:12:28 - [MESSAGE][INFO] - Unable to find the element located by 'By.xpath: //td[@class='dataTables_empty']'. Please recheck the objects properties to make sure the desired element is located. 

2019-02-27 17:12:28 - [MESSAGE][WARNING] - Object 'Object Repository/Page_Callidus Cloud Commissions Man/NoRecordsFound' is not present after 10 second(s)

2019-02-27 17:12:28 - [MESSAGE][PASSED] - globalkeywords.record.RecordNotFound is PASSED]]></system-out>
         <system-err><![CDATA[]]></system-err>
      </testcase>
      <testcase name="Test Cases/Compensation_Elements_Workspace/Formulas exits in the system" classname="Test Cases/Compensation_Elements_Workspace/Formulas exits in the system" status="PASSED">
         <system-out><![CDATA[2019-02-27 17:12:28 - [TEST_CASE][PASSED] - Test Cases/Compensation_Elements_Workspace/Formulas exits in the system: Test Cases/Compensation_Elements_Workspace/Formulas exits in the system

2019-02-27 17:12:28 - [TEST_STEP][PASSED] - Start listener action : sampleBeforeTestCase: null

2019-02-27 17:12:28 - [TEST_STEP][PASSED] - println(testCaseContext.getTestCaseId()): null

2019-02-27 17:12:28 - [TEST_STEP][PASSED] - println(testCaseContext.getTestCaseVariables()): null

2019-02-27 17:12:29 - [TEST_STEP][PASSED] - callTestCase(findTestCase("Commission Login_Logout/Commission Login"), [:], STOP_ON_FAILURE): Call Test Case 'Test Cases/Commission Login_Logout/Commission Login' successfully

2019-02-27 17:12:29 - [TEST_CASE][PASSED] - Test Cases/Commission Login_Logout/Commission Login: Test Cases/Commission Login_Logout/Commission Login

2019-02-27 17:12:29 - [TEST_STEP][PASSED] - openBrowser(""): Browser is opened with url: ''

2019-02-27 17:12:29 - [MESSAGE][WARNING] - A browser is already opened. Closing browser and opening a new one

2019-02-27 17:12:31 - [MESSAGE][INFO] - Starting 'Chrome' driver

2019-02-27 17:12:36 - [MESSAGE][PASSED] - Browser is opened with url: ''

2019-02-27 17:12:36 - [TEST_STEP][PASSED] - navigateToUrl(BecURL): Navigate to 'https://biz3-tst.callidusondemand.com/SalesPortal/#!/' successfully

2019-02-27 17:13:00 - [MESSAGE][PASSED] - Navigate to 'https://biz3-tst.callidusondemand.com/SalesPortal/#!/' successfully

2019-02-27 17:13:00 - [TEST_STEP][PASSED] - maximizeWindow(): Current window maximized

2019-02-27 17:13:02 - [MESSAGE][PASSED] - Current window maximized

2019-02-27 17:13:02 - [TEST_STEP][PASSED] - setText(findTestObject("LoginPage/input_Username_username"), Bec_UserName): Text 'rkulkarn@calliduscloud.com' is set on object 'Object Repository/LoginPage/input_Username_username'

2019-02-27 17:13:06 - [MESSAGE][PASSED] - Text 'rkulkarn@calliduscloud.com' is set on object 'Object Repository/LoginPage/input_Username_username'

2019-02-27 17:13:06 - [TEST_STEP][PASSED] - setText(findTestObject("LoginPage/input_Password_password"), Bec_Password): Text 'Augg@1234' is set on object 'Object Repository/LoginPage/input_Password_password'

2019-02-27 17:13:11 - [MESSAGE][PASSED] - Text 'Augg@1234' is set on object 'Object Repository/LoginPage/input_Password_password'

2019-02-27 17:13:11 - [TEST_STEP][PASSED] - waitForElementClickable(findTestObject("LoginPage/Login_Button"), 2): Object 'Object Repository/LoginPage/Login_Button' is clickable

2019-02-27 17:13:13 - [MESSAGE][PASSED] - Object 'Object Repository/LoginPage/Login_Button' is clickable

2019-02-27 17:13:13 - [TEST_STEP][PASSED] - click(findTestObject("LoginPage/Login_Button")): Object: 'Object Repository/LoginPage/Login_Button' is clicked on

2019-02-27 17:13:15 - [MESSAGE][PASSED] - Object: 'Object Repository/LoginPage/Login_Button' is clicked on

2019-02-27 17:13:15 - [TEST_STEP][PASSED] - waitForPageLoad(2): Wait for page load successfully

2019-02-27 17:13:16 - [MESSAGE][PASSED] - Wait for page load successfully

2019-02-27 17:13:16 - [TEST_STEP][PASSED] - click(findTestObject("MessagesPage/Icon_Apps")): Object: 'Object Repository/MessagesPage/Icon_Apps' is clicked on

2019-02-27 17:13:20 - [MESSAGE][PASSED] - Object: 'Object Repository/MessagesPage/Icon_Apps' is clicked on

2019-02-27 17:13:20 - [TEST_STEP][PASSED] - mouseOver(findTestObject("MessagesPage/Link_Commissions")): Object: 'Object Repository/MessagesPage/Link_Commissions' is hovered

2019-02-27 17:13:23 - [MESSAGE][PASSED] - Object: 'Object Repository/MessagesPage/Link_Commissions' is hovered

2019-02-27 17:13:23 - [TEST_STEP][PASSED] - scrollToElement(findTestObject("MessagesPage/Link_Commissions"), 1): Scroll to object 'Object Repository/MessagesPage/Link_Commissions' successfully

2019-02-27 17:13:25 - [MESSAGE][PASSED] - Scroll to object 'Object Repository/MessagesPage/Link_Commissions' successfully

2019-02-27 17:13:25 - [TEST_STEP][PASSED] - click(findTestObject("MessagesPage/Link_Commissions")): Object: 'Object Repository/MessagesPage/Link_Commissions' is clicked on

2019-02-27 17:13:50 - [MESSAGE][PASSED] - Object: 'Object Repository/MessagesPage/Link_Commissions' is clicked on

2019-02-27 17:13:50 - [TEST_STEP][PASSED] - waitForPageLoad(3): Wait for page load successfully

2019-02-27 17:13:51 - [MESSAGE][PASSED] - Wait for page load successfully

2019-02-27 17:13:51 - [MESSAGE][PASSED] - Call Test Case 'Test Cases/Commission Login_Logout/Commission Login' successfully

2019-02-27 17:13:51 - [TEST_STEP][PASSED] - mouseOver(findTestObject("HomePage_Commission/Commission_CompensationElements/Icon_Compensationelement")): Object: 'Object Repository/HomePage_Commission/Commission_CompensationElements/Icon_Compensationelement' is hovered

2019-02-27 17:13:54 - [MESSAGE][PASSED] - Object: 'Object Repository/HomePage_Commission/Commission_CompensationElements/Icon_Compensationelement' is hovered

2019-02-27 17:13:54 - [TEST_STEP][PASSED] - waitForElementPresent(findTestObject("HomePage_Commission/Commission_CompensationElements/Icon_Compensationelement"), 3): Object 'Object Repository/HomePage_Commission/Commission_CompensationElements/Icon_Compensationelement' is present

2019-02-27 17:13:55 - [MESSAGE][PASSED] - Object 'Object Repository/HomePage_Commission/Commission_CompensationElements/Icon_Compensationelement' is present

2019-02-27 17:13:55 - [TEST_STEP][PASSED] - click(findTestObject("HomePage_Commission/Commission_CompensationElements/Icon_Compensationelement")): Object: 'Object Repository/HomePage_Commission/Commission_CompensationElements/Icon_Compensationelement' is clicked on

2019-02-27 17:13:57 - [MESSAGE][PASSED] - Object: 'Object Repository/HomePage_Commission/Commission_CompensationElements/Icon_Compensationelement' is clicked on

2019-02-27 17:13:57 - [TEST_STEP][PASSED] - waitForElementVisible(findTestObject("HomePage_Commission/Commission_CompensationElements/Link_Formulas"), 2): Object 'Object Repository/HomePage_Commission/Commission_CompensationElements/Link_Formulas' is visible

2019-02-27 17:14:00 - [MESSAGE][PASSED] - Object 'Object Repository/HomePage_Commission/Commission_CompensationElements/Link_Formulas' is visible

2019-02-27 17:14:00 - [TEST_STEP][PASSED] - mouseOver(findTestObject("HomePage_Commission/Commission_CompensationElements/Link_Formulas"), STOP_ON_FAILURE): Object: 'Object Repository/HomePage_Commission/Commission_CompensationElements/Link_Formulas' is hovered

2019-02-27 17:14:03 - [MESSAGE][PASSED] - Object: 'Object Repository/HomePage_Commission/Commission_CompensationElements/Link_Formulas' is hovered

2019-02-27 17:14:03 - [TEST_STEP][PASSED] - click(findTestObject("HomePage_Commission/Commission_CompensationElements/Link_Formulas"), CONTINUE_ON_FAILURE): Object: 'Object Repository/HomePage_Commission/Commission_CompensationElements/Link_Formulas' is clicked on

2019-02-27 17:14:16 - [MESSAGE][PASSED] - Object: 'Object Repository/HomePage_Commission/Commission_CompensationElements/Link_Formulas' is clicked on

2019-02-27 17:14:16 - [TEST_STEP][PASSED] - click(findTestObject("AdvanceSearch_Page/Icon_Advanced Search")): Object: 'Object Repository/AdvanceSearch_Page/Icon_Advanced Search' is clicked on

2019-02-27 17:14:19 - [MESSAGE][PASSED] - Object: 'Object Repository/AdvanceSearch_Page/Icon_Advanced Search' is clicked on

2019-02-27 17:14:19 - [TEST_STEP][PASSED] - click(findTestObject("AdvanceSearch_Page/FieldName_DropDown")): Object: 'Object Repository/AdvanceSearch_Page/FieldName_DropDown' is clicked on

2019-02-27 17:14:21 - [MESSAGE][PASSED] - Object: 'Object Repository/AdvanceSearch_Page/FieldName_DropDown' is clicked on

2019-02-27 17:14:21 - [TEST_STEP][PASSED] - scrollToElement(findTestObject("AdvanceSearch_Page/Option_FormulaName"), 4): Scroll to object 'Object Repository/AdvanceSearch_Page/Option_FormulaName' successfully

2019-02-27 17:14:23 - [MESSAGE][PASSED] - Scroll to object 'Object Repository/AdvanceSearch_Page/Option_FormulaName' successfully

2019-02-27 17:14:23 - [TEST_STEP][PASSED] - click(findTestObject("AdvanceSearch_Page/Option_FormulaName")): Object: 'Object Repository/AdvanceSearch_Page/Option_FormulaName' is clicked on

2019-02-27 17:14:25 - [MESSAGE][PASSED] - Object: 'Object Repository/AdvanceSearch_Page/Option_FormulaName' is clicked on

2019-02-27 17:14:25 - [TEST_STEP][PASSED] - click(findTestObject("AdvanceSearch_Page/td_Comparision")): Object: 'Object Repository/AdvanceSearch_Page/td_Comparision' is clicked on

2019-02-27 17:14:27 - [MESSAGE][PASSED] - Object: 'Object Repository/AdvanceSearch_Page/td_Comparision' is clicked on

2019-02-27 17:14:27 - [TEST_STEP][PASSED] - scrollToElement(findTestObject("AdvanceSearch_Page/option_Equals"), 2): Scroll to object 'Object Repository/AdvanceSearch_Page/option_Equals' successfully

2019-02-27 17:14:29 - [MESSAGE][PASSED] - Scroll to object 'Object Repository/AdvanceSearch_Page/option_Equals' successfully

2019-02-27 17:14:29 - [TEST_STEP][PASSED] - click(findTestObject("AdvanceSearch_Page/option_Equals")): Object: 'Object Repository/AdvanceSearch_Page/option_Equals' is clicked on

2019-02-27 17:14:31 - [MESSAGE][PASSED] - Object: 'Object Repository/AdvanceSearch_Page/option_Equals' is clicked on

2019-02-27 17:14:31 - [TEST_STEP][PASSED] - setText(findTestObject("AdvanceSearch_Page/td_Value"), Formulas): Text 'Quarterly Target Incentive' is set on object 'Object Repository/AdvanceSearch_Page/td_Value'

2019-02-27 17:14:36 - [MESSAGE][PASSED] - Text 'Quarterly Target Incentive' is set on object 'Object Repository/AdvanceSearch_Page/td_Value'

2019-02-27 17:14:36 - [TEST_STEP][PASSED] - click(findTestObject("AdvanceSearch_Page/AppySearch_button")): Object: 'Object Repository/AdvanceSearch_Page/AppySearch_button' is clicked on

2019-02-27 17:14:38 - [MESSAGE][PASSED] - Object: 'Object Repository/AdvanceSearch_Page/AppySearch_button' is clicked on

2019-02-27 17:14:38 - [TEST_STEP][PASSED] - globalkeywords.record.RecordNotFound(): globalkeywords.record.RecordNotFound is PASSED

2019-02-27 17:14:49 - [MESSAGE][INFO] - Unable to find the element located by 'By.xpath: //td[@class='dataTables_empty']'. Please recheck the objects properties to make sure the desired element is located. 

2019-02-27 17:14:49 - [MESSAGE][WARNING] - Object 'Object Repository/Page_Callidus Cloud Commissions Man/NoRecordsFound' is not present after 10 second(s)

2019-02-27 17:14:49 - [MESSAGE][PASSED] - globalkeywords.record.RecordNotFound is PASSED]]></system-out>
         <system-err><![CDATA[]]></system-err>
      </testcase>
      <testcase name="Test Cases/Compensation_Elements_Workspace/Lookup_Tables_exist_in_the_system" classname="Test Cases/Compensation_Elements_Workspace/Lookup_Tables_exist_in_the_system" status="PASSED">
         <system-out><![CDATA[2019-02-27 17:14:49 - [TEST_CASE][PASSED] - Test Cases/Compensation_Elements_Workspace/Lookup_Tables_exist_in_the_system: Test Cases/Compensation_Elements_Workspace/Lookup_Tables_exist_in_the_system

2019-02-27 17:14:49 - [TEST_STEP][PASSED] - Start listener action : sampleBeforeTestCase: null

2019-02-27 17:14:49 - [TEST_STEP][PASSED] - println(testCaseContext.getTestCaseId()): null

2019-02-27 17:14:49 - [TEST_STEP][PASSED] - println(testCaseContext.getTestCaseVariables()): null

2019-02-27 17:14:50 - [TEST_STEP][PASSED] - callTestCase(findTestCase("Commission Login_Logout/Commission Login"), [:], STOP_ON_FAILURE): Call Test Case 'Test Cases/Commission Login_Logout/Commission Login' successfully

2019-02-27 17:14:50 - [TEST_CASE][PASSED] - Test Cases/Commission Login_Logout/Commission Login: Test Cases/Commission Login_Logout/Commission Login

2019-02-27 17:14:50 - [TEST_STEP][PASSED] - openBrowser(""): Browser is opened with url: ''

2019-02-27 17:14:50 - [MESSAGE][WARNING] - A browser is already opened. Closing browser and opening a new one

2019-02-27 17:14:52 - [MESSAGE][INFO] - Starting 'Chrome' driver

2019-02-27 17:14:57 - [MESSAGE][PASSED] - Browser is opened with url: ''

2019-02-27 17:14:57 - [TEST_STEP][PASSED] - navigateToUrl(BecURL): Navigate to 'https://biz3-tst.callidusondemand.com/SalesPortal/#!/' successfully

2019-02-27 17:15:13 - [MESSAGE][PASSED] - Navigate to 'https://biz3-tst.callidusondemand.com/SalesPortal/#!/' successfully

2019-02-27 17:15:13 - [TEST_STEP][PASSED] - maximizeWindow(): Current window maximized

2019-02-27 17:15:15 - [MESSAGE][PASSED] - Current window maximized

2019-02-27 17:15:15 - [TEST_STEP][PASSED] - setText(findTestObject("LoginPage/input_Username_username"), Bec_UserName): Text 'rkulkarn@calliduscloud.com' is set on object 'Object Repository/LoginPage/input_Username_username'

2019-02-27 17:15:19 - [MESSAGE][PASSED] - Text 'rkulkarn@calliduscloud.com' is set on object 'Object Repository/LoginPage/input_Username_username'

2019-02-27 17:15:19 - [TEST_STEP][PASSED] - setText(findTestObject("LoginPage/input_Password_password"), Bec_Password): Text 'Augg@1234' is set on object 'Object Repository/LoginPage/input_Password_password'

2019-02-27 17:15:24 - [MESSAGE][PASSED] - Text 'Augg@1234' is set on object 'Object Repository/LoginPage/input_Password_password'

2019-02-27 17:15:24 - [TEST_STEP][PASSED] - waitForElementClickable(findTestObject("LoginPage/Login_Button"), 2): Object 'Object Repository/LoginPage/Login_Button' is clickable

2019-02-27 17:15:26 - [MESSAGE][PASSED] - Object 'Object Repository/LoginPage/Login_Button' is clickable

2019-02-27 17:15:26 - [TEST_STEP][PASSED] - click(findTestObject("LoginPage/Login_Button")): Object: 'Object Repository/LoginPage/Login_Button' is clicked on

2019-02-27 17:15:28 - [MESSAGE][PASSED] - Object: 'Object Repository/LoginPage/Login_Button' is clicked on

2019-02-27 17:15:28 - [TEST_STEP][PASSED] - waitForPageLoad(2): Wait for page load successfully

2019-02-27 17:15:29 - [MESSAGE][PASSED] - Wait for page load successfully

2019-02-27 17:15:29 - [TEST_STEP][PASSED] - click(findTestObject("MessagesPage/Icon_Apps")): Object: 'Object Repository/MessagesPage/Icon_Apps' is clicked on

2019-02-27 17:15:33 - [MESSAGE][PASSED] - Object: 'Object Repository/MessagesPage/Icon_Apps' is clicked on

2019-02-27 17:15:33 - [TEST_STEP][PASSED] - mouseOver(findTestObject("MessagesPage/Link_Commissions")): Object: 'Object Repository/MessagesPage/Link_Commissions' is hovered

2019-02-27 17:15:36 - [MESSAGE][PASSED] - Object: 'Object Repository/MessagesPage/Link_Commissions' is hovered

2019-02-27 17:15:36 - [TEST_STEP][PASSED] - scrollToElement(findTestObject("MessagesPage/Link_Commissions"), 1): Scroll to object 'Object Repository/MessagesPage/Link_Commissions' successfully

2019-02-27 17:15:38 - [MESSAGE][PASSED] - Scroll to object 'Object Repository/MessagesPage/Link_Commissions' successfully

2019-02-27 17:15:38 - [TEST_STEP][PASSED] - click(findTestObject("MessagesPage/Link_Commissions")): Object: 'Object Repository/MessagesPage/Link_Commissions' is clicked on

2019-02-27 17:15:56 - [MESSAGE][PASSED] - Object: 'Object Repository/MessagesPage/Link_Commissions' is clicked on

2019-02-27 17:15:56 - [TEST_STEP][PASSED] - waitForPageLoad(3): Wait for page load successfully

2019-02-27 17:15:57 - [MESSAGE][PASSED] - Wait for page load successfully

2019-02-27 17:15:57 - [MESSAGE][PASSED] - Call Test Case 'Test Cases/Commission Login_Logout/Commission Login' successfully

2019-02-27 17:15:57 - [TEST_STEP][PASSED] - mouseOver(findTestObject("HomePage_Commission/Commission_CompensationElements/Icon_Compensationelement")): Object: 'Object Repository/HomePage_Commission/Commission_CompensationElements/Icon_Compensationelement' is hovered

2019-02-27 17:16:00 - [MESSAGE][PASSED] - Object: 'Object Repository/HomePage_Commission/Commission_CompensationElements/Icon_Compensationelement' is hovered

2019-02-27 17:16:00 - [TEST_STEP][PASSED] - waitForElementPresent(findTestObject("HomePage_Commission/Commission_CompensationElements/Icon_Compensationelement"), 3): Object 'Object Repository/HomePage_Commission/Commission_CompensationElements/Icon_Compensationelement' is present

2019-02-27 17:16:01 - [MESSAGE][PASSED] - Object 'Object Repository/HomePage_Commission/Commission_CompensationElements/Icon_Compensationelement' is present

2019-02-27 17:16:01 - [TEST_STEP][PASSED] - click(findTestObject("HomePage_Commission/Commission_CompensationElements/Icon_Compensationelement")): Object: 'Object Repository/HomePage_Commission/Commission_CompensationElements/Icon_Compensationelement' is clicked on

2019-02-27 17:16:03 - [MESSAGE][PASSED] - Object: 'Object Repository/HomePage_Commission/Commission_CompensationElements/Icon_Compensationelement' is clicked on

2019-02-27 17:16:03 - [TEST_STEP][PASSED] - println("User is able to naviagte to Plan tab"): null

2019-02-27 17:16:03 - [TEST_STEP][PASSED] - waitForElementVisible(findTestObject("HomePage_Commission/Commission_CompensationElements/Link_Lookup Tables"), 3): Object 'Object Repository/HomePage_Commission/Commission_CompensationElements/Link_Lookup Tables' is visible

2019-02-27 17:16:05 - [MESSAGE][PASSED] - Object 'Object Repository/HomePage_Commission/Commission_CompensationElements/Link_Lookup Tables' is visible

2019-02-27 17:16:05 - [TEST_STEP][PASSED] - mouseOver(findTestObject("HomePage_Commission/Commission_CompensationElements/Link_Lookup Tables"), STOP_ON_FAILURE): Object: 'Object Repository/HomePage_Commission/Commission_CompensationElements/Link_Lookup Tables' is hovered

2019-02-27 17:16:08 - [MESSAGE][PASSED] - Object: 'Object Repository/HomePage_Commission/Commission_CompensationElements/Link_Lookup Tables' is hovered

2019-02-27 17:16:08 - [TEST_STEP][PASSED] - click(findTestObject("HomePage_Commission/Commission_CompensationElements/Link_Lookup Tables")): Object: 'Object Repository/HomePage_Commission/Commission_CompensationElements/Link_Lookup Tables' is clicked on

2019-02-27 17:16:19 - [MESSAGE][PASSED] - Object: 'Object Repository/HomePage_Commission/Commission_CompensationElements/Link_Lookup Tables' is clicked on

2019-02-27 17:16:19 - [TEST_STEP][PASSED] - println("User Naviagted to Lookup Tables screen"): null

2019-02-27 17:16:19 - [TEST_STEP][PASSED] - click(findTestObject("AdvanceSearch_Page/Icon_Advanced Search")): Object: 'Object Repository/AdvanceSearch_Page/Icon_Advanced Search' is clicked on

2019-02-27 17:16:22 - [MESSAGE][PASSED] - Object: 'Object Repository/AdvanceSearch_Page/Icon_Advanced Search' is clicked on

2019-02-27 17:16:22 - [TEST_STEP][PASSED] - click(findTestObject("AdvanceSearch_Page/FieldName_DropDown")): Object: 'Object Repository/AdvanceSearch_Page/FieldName_DropDown' is clicked on

2019-02-27 17:16:24 - [MESSAGE][PASSED] - Object: 'Object Repository/AdvanceSearch_Page/FieldName_DropDown' is clicked on

2019-02-27 17:16:24 - [TEST_STEP][PASSED] - scrollToElement(findTestObject("AdvanceSearch_Page/option_Compensations Elements"), 4): Scroll to object 'Object Repository/AdvanceSearch_Page/option_Compensations Elements' successfully

2019-02-27 17:16:26 - [MESSAGE][PASSED] - Scroll to object 'Object Repository/AdvanceSearch_Page/option_Compensations Elements' successfully

2019-02-27 17:16:26 - [TEST_STEP][PASSED] - click(findTestObject("AdvanceSearch_Page/option_Compensations Elements")): Object: 'Object Repository/AdvanceSearch_Page/option_Compensations Elements' is clicked on

2019-02-27 17:16:28 - [MESSAGE][PASSED] - Object: 'Object Repository/AdvanceSearch_Page/option_Compensations Elements' is clicked on

2019-02-27 17:16:28 - [TEST_STEP][PASSED] - click(findTestObject("AdvanceSearch_Page/td_Comparision")): Object: 'Object Repository/AdvanceSearch_Page/td_Comparision' is clicked on

2019-02-27 17:16:31 - [MESSAGE][PASSED] - Object: 'Object Repository/AdvanceSearch_Page/td_Comparision' is clicked on

2019-02-27 17:16:31 - [TEST_STEP][PASSED] - scrollToElement(findTestObject("AdvanceSearch_Page/option_Equals"), 2): Scroll to object 'Object Repository/AdvanceSearch_Page/option_Equals' successfully

2019-02-27 17:16:33 - [MESSAGE][PASSED] - Scroll to object 'Object Repository/AdvanceSearch_Page/option_Equals' successfully

2019-02-27 17:16:33 - [TEST_STEP][PASSED] - click(findTestObject("AdvanceSearch_Page/option_Equals")): Object: 'Object Repository/AdvanceSearch_Page/option_Equals' is clicked on

2019-02-27 17:16:35 - [MESSAGE][PASSED] - Object: 'Object Repository/AdvanceSearch_Page/option_Equals' is clicked on

2019-02-27 17:16:35 - [TEST_STEP][PASSED] - setText(findTestObject("AdvanceSearch_Page/td_Value"), Lookupvar): Text 'LTD' is set on object 'Object Repository/AdvanceSearch_Page/td_Value'

2019-02-27 17:16:39 - [MESSAGE][PASSED] - Text 'LTD' is set on object 'Object Repository/AdvanceSearch_Page/td_Value'

2019-02-27 17:16:39 - [TEST_STEP][PASSED] - click(findTestObject("AdvanceSearch_Page/AppySearch_button")): Object: 'Object Repository/AdvanceSearch_Page/AppySearch_button' is clicked on

2019-02-27 17:16:42 - [MESSAGE][PASSED] - Object: 'Object Repository/AdvanceSearch_Page/AppySearch_button' is clicked on

2019-02-27 17:16:42 - [TEST_STEP][PASSED] - globalkeywords.record.RecordNotFound(): globalkeywords.record.RecordNotFound is PASSED

2019-02-27 17:16:52 - [MESSAGE][INFO] - Unable to find the element located by 'By.xpath: //td[@class='dataTables_empty']'. Please recheck the objects properties to make sure the desired element is located. 

2019-02-27 17:16:52 - [MESSAGE][WARNING] - Object 'Object Repository/Page_Callidus Cloud Commissions Man/NoRecordsFound' is not present after 10 second(s)

2019-02-27 17:16:52 - [MESSAGE][PASSED] - globalkeywords.record.RecordNotFound is PASSED]]></system-out>
         <system-err><![CDATA[]]></system-err>
      </testcase>
      <testcase name="Test Cases/Compensation_Elements_Workspace/Lookup_Table_Varaibles_exist_in_the_system" classname="Test Cases/Compensation_Elements_Workspace/Lookup_Table_Varaibles_exist_in_the_system" status="PASSED">
         <system-out><![CDATA[2019-02-27 17:16:52 - [TEST_CASE][PASSED] - Test Cases/Compensation_Elements_Workspace/Lookup_Table_Varaibles_exist_in_the_system: Test Cases/Compensation_Elements_Workspace/Lookup_Table_Varaibles_exist_in_the_system

2019-02-27 17:16:53 - [TEST_STEP][PASSED] - Start listener action : sampleBeforeTestCase: null

2019-02-27 17:16:53 - [TEST_STEP][PASSED] - println(testCaseContext.getTestCaseId()): null

2019-02-27 17:16:53 - [TEST_STEP][PASSED] - println(testCaseContext.getTestCaseVariables()): null

2019-02-27 17:16:53 - [TEST_STEP][PASSED] - callTestCase(findTestCase("Commission Login_Logout/Commission Login"), [:], STOP_ON_FAILURE): Call Test Case 'Test Cases/Commission Login_Logout/Commission Login' successfully

2019-02-27 17:16:53 - [TEST_CASE][PASSED] - Test Cases/Commission Login_Logout/Commission Login: Test Cases/Commission Login_Logout/Commission Login

2019-02-27 17:16:53 - [TEST_STEP][PASSED] - openBrowser(""): Browser is opened with url: ''

2019-02-27 17:16:53 - [MESSAGE][WARNING] - A browser is already opened. Closing browser and opening a new one

2019-02-27 17:16:55 - [MESSAGE][INFO] - Starting 'Chrome' driver

2019-02-27 17:17:00 - [MESSAGE][PASSED] - Browser is opened with url: ''

2019-02-27 17:17:00 - [TEST_STEP][PASSED] - navigateToUrl(BecURL): Navigate to 'https://biz3-tst.callidusondemand.com/SalesPortal/#!/' successfully

2019-02-27 17:17:12 - [MESSAGE][PASSED] - Navigate to 'https://biz3-tst.callidusondemand.com/SalesPortal/#!/' successfully

2019-02-27 17:17:12 - [TEST_STEP][PASSED] - maximizeWindow(): Current window maximized

2019-02-27 17:17:14 - [MESSAGE][PASSED] - Current window maximized

2019-02-27 17:17:14 - [TEST_STEP][PASSED] - setText(findTestObject("LoginPage/input_Username_username"), Bec_UserName): Text 'rkulkarn@calliduscloud.com' is set on object 'Object Repository/LoginPage/input_Username_username'

2019-02-27 17:17:18 - [MESSAGE][PASSED] - Text 'rkulkarn@calliduscloud.com' is set on object 'Object Repository/LoginPage/input_Username_username'

2019-02-27 17:17:18 - [TEST_STEP][PASSED] - setText(findTestObject("LoginPage/input_Password_password"), Bec_Password): Text 'Augg@1234' is set on object 'Object Repository/LoginPage/input_Password_password'

2019-02-27 17:17:23 - [MESSAGE][PASSED] - Text 'Augg@1234' is set on object 'Object Repository/LoginPage/input_Password_password'

2019-02-27 17:17:23 - [TEST_STEP][PASSED] - waitForElementClickable(findTestObject("LoginPage/Login_Button"), 2): Object 'Object Repository/LoginPage/Login_Button' is clickable

2019-02-27 17:17:25 - [MESSAGE][PASSED] - Object 'Object Repository/LoginPage/Login_Button' is clickable

2019-02-27 17:17:25 - [TEST_STEP][PASSED] - click(findTestObject("LoginPage/Login_Button")): Object: 'Object Repository/LoginPage/Login_Button' is clicked on

2019-02-27 17:17:27 - [MESSAGE][PASSED] - Object: 'Object Repository/LoginPage/Login_Button' is clicked on

2019-02-27 17:17:27 - [TEST_STEP][PASSED] - waitForPageLoad(2): Wait for page load successfully

2019-02-27 17:17:28 - [MESSAGE][PASSED] - Wait for page load successfully

2019-02-27 17:17:28 - [TEST_STEP][PASSED] - click(findTestObject("MessagesPage/Icon_Apps")): Object: 'Object Repository/MessagesPage/Icon_Apps' is clicked on

2019-02-27 17:17:32 - [MESSAGE][PASSED] - Object: 'Object Repository/MessagesPage/Icon_Apps' is clicked on

2019-02-27 17:17:32 - [TEST_STEP][PASSED] - mouseOver(findTestObject("MessagesPage/Link_Commissions")): Object: 'Object Repository/MessagesPage/Link_Commissions' is hovered

2019-02-27 17:17:35 - [MESSAGE][PASSED] - Object: 'Object Repository/MessagesPage/Link_Commissions' is hovered

2019-02-27 17:17:35 - [TEST_STEP][PASSED] - scrollToElement(findTestObject("MessagesPage/Link_Commissions"), 1): Scroll to object 'Object Repository/MessagesPage/Link_Commissions' successfully

2019-02-27 17:17:37 - [MESSAGE][PASSED] - Scroll to object 'Object Repository/MessagesPage/Link_Commissions' successfully

2019-02-27 17:17:37 - [TEST_STEP][PASSED] - click(findTestObject("MessagesPage/Link_Commissions")): Object: 'Object Repository/MessagesPage/Link_Commissions' is clicked on

2019-02-27 17:17:55 - [MESSAGE][PASSED] - Object: 'Object Repository/MessagesPage/Link_Commissions' is clicked on

2019-02-27 17:17:55 - [TEST_STEP][PASSED] - waitForPageLoad(3): Wait for page load successfully

2019-02-27 17:17:56 - [MESSAGE][PASSED] - Wait for page load successfully

2019-02-27 17:17:56 - [MESSAGE][PASSED] - Call Test Case 'Test Cases/Commission Login_Logout/Commission Login' successfully

2019-02-27 17:17:56 - [TEST_STEP][PASSED] - mouseOver(findTestObject("HomePage_Commission/Commission_CompensationElements/Icon_Compensationelement")): Object: 'Object Repository/HomePage_Commission/Commission_CompensationElements/Icon_Compensationelement' is hovered

2019-02-27 17:17:59 - [MESSAGE][PASSED] - Object: 'Object Repository/HomePage_Commission/Commission_CompensationElements/Icon_Compensationelement' is hovered

2019-02-27 17:17:59 - [TEST_STEP][PASSED] - waitForElementPresent(findTestObject("HomePage_Commission/Commission_CompensationElements/Icon_Compensationelement"), 3): Object 'Object Repository/HomePage_Commission/Commission_CompensationElements/Icon_Compensationelement' is present

2019-02-27 17:18:00 - [MESSAGE][PASSED] - Object 'Object Repository/HomePage_Commission/Commission_CompensationElements/Icon_Compensationelement' is present

2019-02-27 17:18:00 - [TEST_STEP][PASSED] - click(findTestObject("HomePage_Commission/Commission_CompensationElements/Icon_Compensationelement")): Object: 'Object Repository/HomePage_Commission/Commission_CompensationElements/Icon_Compensationelement' is clicked on

2019-02-27 17:18:02 - [MESSAGE][PASSED] - Object: 'Object Repository/HomePage_Commission/Commission_CompensationElements/Icon_Compensationelement' is clicked on

2019-02-27 17:18:02 - [TEST_STEP][PASSED] - println("User is able to naviagte to Plan tab"): null

2019-02-27 17:18:02 - [TEST_STEP][PASSED] - waitForElementVisible(findTestObject("HomePage_Commission/Commission_CompensationElements/Link_Variables"), 7): Object 'Object Repository/HomePage_Commission/Commission_CompensationElements/Link_Variables' is visible

2019-02-27 17:18:04 - [MESSAGE][PASSED] - Object 'Object Repository/HomePage_Commission/Commission_CompensationElements/Link_Variables' is visible

2019-02-27 17:18:04 - [TEST_STEP][PASSED] - mouseOver(findTestObject("HomePage_Commission/Commission_CompensationElements/Link_Variables"), STOP_ON_FAILURE): Object: 'Object Repository/HomePage_Commission/Commission_CompensationElements/Link_Variables' is hovered

2019-02-27 17:18:08 - [MESSAGE][PASSED] - Object: 'Object Repository/HomePage_Commission/Commission_CompensationElements/Link_Variables' is hovered

2019-02-27 17:18:08 - [TEST_STEP][PASSED] - click(findTestObject("HomePage_Commission/Commission_CompensationElements/Link_Variables")): Object: 'Object Repository/HomePage_Commission/Commission_CompensationElements/Link_Variables' is clicked on

2019-02-27 17:18:18 - [MESSAGE][PASSED] - Object: 'Object Repository/HomePage_Commission/Commission_CompensationElements/Link_Variables' is clicked on

2019-02-27 17:18:18 - [TEST_STEP][PASSED] - println("User Naviagted to Varaible screen"): null

2019-02-27 17:18:18 - [TEST_STEP][PASSED] - click(findTestObject("AdvanceSearch_Page/Icon_Advanced Search")): Object: 'Object Repository/AdvanceSearch_Page/Icon_Advanced Search' is clicked on

2019-02-27 17:18:21 - [MESSAGE][PASSED] - Object: 'Object Repository/AdvanceSearch_Page/Icon_Advanced Search' is clicked on

2019-02-27 17:18:21 - [TEST_STEP][PASSED] - click(findTestObject("AdvanceSearch_Page/FieldName_DropDown")): Object: 'Object Repository/AdvanceSearch_Page/FieldName_DropDown' is clicked on

2019-02-27 17:18:23 - [MESSAGE][PASSED] - Object: 'Object Repository/AdvanceSearch_Page/FieldName_DropDown' is clicked on

2019-02-27 17:18:23 - [TEST_STEP][PASSED] - scrollToElement(findTestObject("AdvanceSearch_Page/option_Value"), 4): Scroll to object 'Object Repository/AdvanceSearch_Page/option_Value' successfully

2019-02-27 17:18:26 - [MESSAGE][PASSED] - Scroll to object 'Object Repository/AdvanceSearch_Page/option_Value' successfully

2019-02-27 17:18:26 - [TEST_STEP][PASSED] - click(findTestObject("AdvanceSearch_Page/option_Value")): Object: 'Object Repository/AdvanceSearch_Page/option_Value' is clicked on

2019-02-27 17:18:28 - [MESSAGE][PASSED] - Object: 'Object Repository/AdvanceSearch_Page/option_Value' is clicked on

2019-02-27 17:18:28 - [TEST_STEP][PASSED] - click(findTestObject("AdvanceSearch_Page/td_Comparision")): Object: 'Object Repository/AdvanceSearch_Page/td_Comparision' is clicked on

2019-02-27 17:18:30 - [MESSAGE][PASSED] - Object: 'Object Repository/AdvanceSearch_Page/td_Comparision' is clicked on

2019-02-27 17:18:30 - [TEST_STEP][PASSED] - scrollToElement(findTestObject("AdvanceSearch_Page/option_Equals"), 2): Scroll to object 'Object Repository/AdvanceSearch_Page/option_Equals' successfully

2019-02-27 17:18:32 - [MESSAGE][PASSED] - Scroll to object 'Object Repository/AdvanceSearch_Page/option_Equals' successfully

2019-02-27 17:18:32 - [TEST_STEP][PASSED] - click(findTestObject("AdvanceSearch_Page/option_Equals")): Object: 'Object Repository/AdvanceSearch_Page/option_Equals' is clicked on

2019-02-27 17:18:34 - [MESSAGE][PASSED] - Object: 'Object Repository/AdvanceSearch_Page/option_Equals' is clicked on

2019-02-27 17:18:34 - [TEST_STEP][PASSED] - setText(findTestObject("AdvanceSearch_Page/td_Value"), LUP_Var): Text 'LUTD' is set on object 'Object Repository/AdvanceSearch_Page/td_Value'

2019-02-27 17:18:39 - [MESSAGE][PASSED] - Text 'LUTD' is set on object 'Object Repository/AdvanceSearch_Page/td_Value'

2019-02-27 17:18:39 - [TEST_STEP][PASSED] - click(findTestObject("AdvanceSearch_Page/AppySearch_button")): Object: 'Object Repository/AdvanceSearch_Page/AppySearch_button' is clicked on

2019-02-27 17:18:41 - [MESSAGE][PASSED] - Object: 'Object Repository/AdvanceSearch_Page/AppySearch_button' is clicked on

2019-02-27 17:18:41 - [TEST_STEP][PASSED] - globalkeywords.record.RecordNotFound(): globalkeywords.record.RecordNotFound is PASSED

2019-02-27 17:18:52 - [MESSAGE][INFO] - Unable to find the element located by 'By.xpath: //td[@class='dataTables_empty']'. Please recheck the objects properties to make sure the desired element is located. 

2019-02-27 17:18:52 - [MESSAGE][WARNING] - Object 'Object Repository/Page_Callidus Cloud Commissions Man/NoRecordsFound' is not present after 10 second(s)

2019-02-27 17:18:52 - [MESSAGE][PASSED] - globalkeywords.record.RecordNotFound is PASSED]]></system-out>
         <system-err><![CDATA[]]></system-err>
      </testcase>
      <testcase name="Test Cases/Compensation_Elements_Workspace/Quotas exists in the system" classname="Test Cases/Compensation_Elements_Workspace/Quotas exists in the system" status="PASSED">
         <system-out><![CDATA[2019-02-27 17:18:52 - [TEST_CASE][PASSED] - Test Cases/Compensation_Elements_Workspace/Quotas exists in the system: Test Cases/Compensation_Elements_Workspace/Quotas exists in the system

2019-02-27 17:18:52 - [TEST_STEP][PASSED] - Start listener action : sampleBeforeTestCase: null

2019-02-27 17:18:52 - [TEST_STEP][PASSED] - println(testCaseContext.getTestCaseId()): null

2019-02-27 17:18:52 - [TEST_STEP][PASSED] - println(testCaseContext.getTestCaseVariables()): null

2019-02-27 17:18:52 - [TEST_STEP][PASSED] - callTestCase(findTestCase("Commission Login_Logout/Commission Login"), [:], STOP_ON_FAILURE): Call Test Case 'Test Cases/Commission Login_Logout/Commission Login' successfully

2019-02-27 17:18:52 - [TEST_CASE][PASSED] - Test Cases/Commission Login_Logout/Commission Login: Test Cases/Commission Login_Logout/Commission Login

2019-02-27 17:18:52 - [TEST_STEP][PASSED] - openBrowser(""): Browser is opened with url: ''

2019-02-27 17:18:52 - [MESSAGE][WARNING] - A browser is already opened. Closing browser and opening a new one

2019-02-27 17:18:54 - [MESSAGE][INFO] - Starting 'Chrome' driver

2019-02-27 17:18:59 - [MESSAGE][PASSED] - Browser is opened with url: ''

2019-02-27 17:18:59 - [TEST_STEP][PASSED] - navigateToUrl(BecURL): Navigate to 'https://biz3-tst.callidusondemand.com/SalesPortal/#!/' successfully

2019-02-27 17:19:13 - [MESSAGE][PASSED] - Navigate to 'https://biz3-tst.callidusondemand.com/SalesPortal/#!/' successfully

2019-02-27 17:19:13 - [TEST_STEP][PASSED] - maximizeWindow(): Current window maximized

2019-02-27 17:19:16 - [MESSAGE][PASSED] - Current window maximized

2019-02-27 17:19:16 - [TEST_STEP][PASSED] - setText(findTestObject("LoginPage/input_Username_username"), Bec_UserName): Text 'rkulkarn@calliduscloud.com' is set on object 'Object Repository/LoginPage/input_Username_username'

2019-02-27 17:19:20 - [MESSAGE][PASSED] - Text 'rkulkarn@calliduscloud.com' is set on object 'Object Repository/LoginPage/input_Username_username'

2019-02-27 17:19:20 - [TEST_STEP][PASSED] - setText(findTestObject("LoginPage/input_Password_password"), Bec_Password): Text 'Augg@1234' is set on object 'Object Repository/LoginPage/input_Password_password'

2019-02-27 17:19:24 - [MESSAGE][PASSED] - Text 'Augg@1234' is set on object 'Object Repository/LoginPage/input_Password_password'

2019-02-27 17:19:24 - [TEST_STEP][PASSED] - waitForElementClickable(findTestObject("LoginPage/Login_Button"), 2): Object 'Object Repository/LoginPage/Login_Button' is clickable

2019-02-27 17:19:26 - [MESSAGE][PASSED] - Object 'Object Repository/LoginPage/Login_Button' is clickable

2019-02-27 17:19:26 - [TEST_STEP][PASSED] - click(findTestObject("LoginPage/Login_Button")): Object: 'Object Repository/LoginPage/Login_Button' is clicked on

2019-02-27 17:19:28 - [MESSAGE][PASSED] - Object: 'Object Repository/LoginPage/Login_Button' is clicked on

2019-02-27 17:19:28 - [TEST_STEP][PASSED] - waitForPageLoad(2): Wait for page load successfully

2019-02-27 17:19:29 - [MESSAGE][PASSED] - Wait for page load successfully

2019-02-27 17:19:29 - [TEST_STEP][PASSED] - click(findTestObject("MessagesPage/Icon_Apps")): Object: 'Object Repository/MessagesPage/Icon_Apps' is clicked on

2019-02-27 17:19:33 - [MESSAGE][PASSED] - Object: 'Object Repository/MessagesPage/Icon_Apps' is clicked on

2019-02-27 17:19:33 - [TEST_STEP][PASSED] - mouseOver(findTestObject("MessagesPage/Link_Commissions")): Object: 'Object Repository/MessagesPage/Link_Commissions' is hovered

2019-02-27 17:19:36 - [MESSAGE][PASSED] - Object: 'Object Repository/MessagesPage/Link_Commissions' is hovered

2019-02-27 17:19:36 - [TEST_STEP][PASSED] - scrollToElement(findTestObject("MessagesPage/Link_Commissions"), 1): Scroll to object 'Object Repository/MessagesPage/Link_Commissions' successfully

2019-02-27 17:19:38 - [MESSAGE][PASSED] - Scroll to object 'Object Repository/MessagesPage/Link_Commissions' successfully

2019-02-27 17:19:38 - [TEST_STEP][PASSED] - click(findTestObject("MessagesPage/Link_Commissions")): Object: 'Object Repository/MessagesPage/Link_Commissions' is clicked on

2019-02-27 17:19:56 - [MESSAGE][PASSED] - Object: 'Object Repository/MessagesPage/Link_Commissions' is clicked on

2019-02-27 17:19:56 - [TEST_STEP][PASSED] - waitForPageLoad(3): Wait for page load successfully

2019-02-27 17:19:57 - [MESSAGE][PASSED] - Wait for page load successfully

2019-02-27 17:19:57 - [MESSAGE][PASSED] - Call Test Case 'Test Cases/Commission Login_Logout/Commission Login' successfully

2019-02-27 17:19:57 - [TEST_STEP][PASSED] - mouseOver(findTestObject("HomePage_Commission/Commission_CompensationElements/Icon_Compensationelement")): Object: 'Object Repository/HomePage_Commission/Commission_CompensationElements/Icon_Compensationelement' is hovered

2019-02-27 17:20:00 - [MESSAGE][PASSED] - Object: 'Object Repository/HomePage_Commission/Commission_CompensationElements/Icon_Compensationelement' is hovered

2019-02-27 17:20:00 - [TEST_STEP][PASSED] - waitForElementPresent(findTestObject("HomePage_Commission/Commission_CompensationElements/Icon_Compensationelement"), 3): Object 'Object Repository/HomePage_Commission/Commission_CompensationElements/Icon_Compensationelement' is present

2019-02-27 17:20:01 - [MESSAGE][PASSED] - Object 'Object Repository/HomePage_Commission/Commission_CompensationElements/Icon_Compensationelement' is present

2019-02-27 17:20:01 - [TEST_STEP][PASSED] - click(findTestObject("HomePage_Commission/Commission_CompensationElements/Icon_Compensationelement")): Object: 'Object Repository/HomePage_Commission/Commission_CompensationElements/Icon_Compensationelement' is clicked on

2019-02-27 17:20:03 - [MESSAGE][PASSED] - Object: 'Object Repository/HomePage_Commission/Commission_CompensationElements/Icon_Compensationelement' is clicked on

2019-02-27 17:20:03 - [TEST_STEP][PASSED] - println("User is able to naviagte to Plan tab"): null

2019-02-27 17:20:03 - [TEST_STEP][PASSED] - waitForElementVisible(findTestObject("HomePage_Commission/Commission_CompensationElements/Link_Quota"), 4): Object 'Object Repository/HomePage_Commission/Commission_CompensationElements/Link_Quota' is visible

2019-02-27 17:20:05 - [MESSAGE][PASSED] - Object 'Object Repository/HomePage_Commission/Commission_CompensationElements/Link_Quota' is visible

2019-02-27 17:20:05 - [TEST_STEP][PASSED] - mouseOver(findTestObject("HomePage_Commission/Commission_CompensationElements/Link_Quota"), STOP_ON_FAILURE): Object: 'Object Repository/HomePage_Commission/Commission_CompensationElements/Link_Quota' is hovered

2019-02-27 17:20:08 - [MESSAGE][PASSED] - Object: 'Object Repository/HomePage_Commission/Commission_CompensationElements/Link_Quota' is hovered

2019-02-27 17:20:08 - [TEST_STEP][PASSED] - click(findTestObject("HomePage_Commission/Commission_CompensationElements/Link_Quota")): Object: 'Object Repository/HomePage_Commission/Commission_CompensationElements/Link_Quota' is clicked on

2019-02-27 17:20:19 - [MESSAGE][PASSED] - Object: 'Object Repository/HomePage_Commission/Commission_CompensationElements/Link_Quota' is clicked on

2019-02-27 17:20:19 - [TEST_STEP][PASSED] - println("User Naviagted to Quotas screen"): null

2019-02-27 17:20:19 - [TEST_STEP][PASSED] - click(findTestObject("AdvanceSearch_Page/Icon_Advanced Search")): Object: 'Object Repository/AdvanceSearch_Page/Icon_Advanced Search' is clicked on

2019-02-27 17:20:22 - [MESSAGE][PASSED] - Object: 'Object Repository/AdvanceSearch_Page/Icon_Advanced Search' is clicked on

2019-02-27 17:20:22 - [TEST_STEP][PASSED] - click(findTestObject("AdvanceSearch_Page/FieldName_DropDown")): Object: 'Object Repository/AdvanceSearch_Page/FieldName_DropDown' is clicked on

2019-02-27 17:20:24 - [MESSAGE][PASSED] - Object: 'Object Repository/AdvanceSearch_Page/FieldName_DropDown' is clicked on

2019-02-27 17:20:24 - [TEST_STEP][PASSED] - scrollToElement(findTestObject("AdvanceSearch_Page/option_QuotaName"), 4): Scroll to object 'Object Repository/AdvanceSearch_Page/option_QuotaName' successfully

2019-02-27 17:20:26 - [MESSAGE][PASSED] - Scroll to object 'Object Repository/AdvanceSearch_Page/option_QuotaName' successfully

2019-02-27 17:20:26 - [TEST_STEP][PASSED] - click(findTestObject("AdvanceSearch_Page/option_QuotaName")): Object: 'Object Repository/AdvanceSearch_Page/option_QuotaName' is clicked on

2019-02-27 17:20:28 - [MESSAGE][PASSED] - Object: 'Object Repository/AdvanceSearch_Page/option_QuotaName' is clicked on

2019-02-27 17:20:28 - [TEST_STEP][PASSED] - click(findTestObject("AdvanceSearch_Page/td_Comparision")): Object: 'Object Repository/AdvanceSearch_Page/td_Comparision' is clicked on

2019-02-27 17:20:30 - [MESSAGE][PASSED] - Object: 'Object Repository/AdvanceSearch_Page/td_Comparision' is clicked on

2019-02-27 17:20:30 - [TEST_STEP][PASSED] - scrollToElement(findTestObject("AdvanceSearch_Page/option_Equals"), 2): Scroll to object 'Object Repository/AdvanceSearch_Page/option_Equals' successfully

2019-02-27 17:20:32 - [MESSAGE][PASSED] - Scroll to object 'Object Repository/AdvanceSearch_Page/option_Equals' successfully

2019-02-27 17:20:32 - [TEST_STEP][PASSED] - click(findTestObject("AdvanceSearch_Page/option_Equals")): Object: 'Object Repository/AdvanceSearch_Page/option_Equals' is clicked on

2019-02-27 17:20:35 - [MESSAGE][PASSED] - Object: 'Object Repository/AdvanceSearch_Page/option_Equals' is clicked on

2019-02-27 17:20:35 - [TEST_STEP][PASSED] - setText(findTestObject("AdvanceSearch_Page/td_Value"), Quotas): Text 'Quota' is set on object 'Object Repository/AdvanceSearch_Page/td_Value'

2019-02-27 17:20:39 - [MESSAGE][PASSED] - Text 'Quota' is set on object 'Object Repository/AdvanceSearch_Page/td_Value'

2019-02-27 17:20:39 - [TEST_STEP][PASSED] - click(findTestObject("AdvanceSearch_Page/AppySearch_button")): Object: 'Object Repository/AdvanceSearch_Page/AppySearch_button' is clicked on

2019-02-27 17:20:41 - [MESSAGE][PASSED] - Object: 'Object Repository/AdvanceSearch_Page/AppySearch_button' is clicked on

2019-02-27 17:20:41 - [TEST_STEP][PASSED] - globalkeywords.record.RecordNotFound(): globalkeywords.record.RecordNotFound is PASSED

2019-02-27 17:20:52 - [MESSAGE][INFO] - Unable to find the element located by 'By.xpath: //td[@class='dataTables_empty']'. Please recheck the objects properties to make sure the desired element is located. 

2019-02-27 17:20:52 - [MESSAGE][WARNING] - Object 'Object Repository/Page_Callidus Cloud Commissions Man/NoRecordsFound' is not present after 10 second(s)

2019-02-27 17:20:52 - [MESSAGE][PASSED] - globalkeywords.record.RecordNotFound is PASSED]]></system-out>
         <system-err><![CDATA[]]></system-err>
      </testcase>
      <testcase name="Test Cases/Compensation_Elements_Workspace/Rate_Tables_exist_in_the_system" classname="Test Cases/Compensation_Elements_Workspace/Rate_Tables_exist_in_the_system" status="PASSED">
         <system-out><![CDATA[2019-02-27 17:20:52 - [TEST_CASE][PASSED] - Test Cases/Compensation_Elements_Workspace/Rate_Tables_exist_in_the_system: Test Cases/Compensation_Elements_Workspace/Rate_Tables_exist_in_the_system

2019-02-27 17:20:52 - [TEST_STEP][PASSED] - Start listener action : sampleBeforeTestCase: null

2019-02-27 17:20:52 - [TEST_STEP][PASSED] - println(testCaseContext.getTestCaseId()): null

2019-02-27 17:20:52 - [TEST_STEP][PASSED] - println(testCaseContext.getTestCaseVariables()): null

2019-02-27 17:20:52 - [TEST_STEP][PASSED] - callTestCase(findTestCase("Commission Login_Logout/Commission Login"), [:], STOP_ON_FAILURE): Call Test Case 'Test Cases/Commission Login_Logout/Commission Login' successfully

2019-02-27 17:20:52 - [TEST_CASE][PASSED] - Test Cases/Commission Login_Logout/Commission Login: Test Cases/Commission Login_Logout/Commission Login

2019-02-27 17:20:52 - [TEST_STEP][PASSED] - openBrowser(""): Browser is opened with url: ''

2019-02-27 17:20:52 - [MESSAGE][WARNING] - A browser is already opened. Closing browser and opening a new one

2019-02-27 17:20:54 - [MESSAGE][INFO] - Starting 'Chrome' driver

2019-02-27 17:20:59 - [MESSAGE][PASSED] - Browser is opened with url: ''

2019-02-27 17:20:59 - [TEST_STEP][PASSED] - navigateToUrl(BecURL): Navigate to 'https://biz3-tst.callidusondemand.com/SalesPortal/#!/' successfully

2019-02-27 17:21:17 - [MESSAGE][PASSED] - Navigate to 'https://biz3-tst.callidusondemand.com/SalesPortal/#!/' successfully

2019-02-27 17:21:17 - [TEST_STEP][PASSED] - maximizeWindow(): Current window maximized

2019-02-27 17:21:19 - [MESSAGE][PASSED] - Current window maximized

2019-02-27 17:21:19 - [TEST_STEP][PASSED] - setText(findTestObject("LoginPage/input_Username_username"), Bec_UserName): Text 'rkulkarn@calliduscloud.com' is set on object 'Object Repository/LoginPage/input_Username_username'

2019-02-27 17:21:24 - [MESSAGE][PASSED] - Text 'rkulkarn@calliduscloud.com' is set on object 'Object Repository/LoginPage/input_Username_username'

2019-02-27 17:21:24 - [TEST_STEP][PASSED] - setText(findTestObject("LoginPage/input_Password_password"), Bec_Password): Text 'Augg@1234' is set on object 'Object Repository/LoginPage/input_Password_password'

2019-02-27 17:21:28 - [MESSAGE][PASSED] - Text 'Augg@1234' is set on object 'Object Repository/LoginPage/input_Password_password'

2019-02-27 17:21:28 - [TEST_STEP][PASSED] - waitForElementClickable(findTestObject("LoginPage/Login_Button"), 2): Object 'Object Repository/LoginPage/Login_Button' is clickable

2019-02-27 17:21:30 - [MESSAGE][PASSED] - Object 'Object Repository/LoginPage/Login_Button' is clickable

2019-02-27 17:21:30 - [TEST_STEP][PASSED] - click(findTestObject("LoginPage/Login_Button")): Object: 'Object Repository/LoginPage/Login_Button' is clicked on

2019-02-27 17:21:32 - [MESSAGE][PASSED] - Object: 'Object Repository/LoginPage/Login_Button' is clicked on

2019-02-27 17:21:32 - [TEST_STEP][PASSED] - waitForPageLoad(2): Wait for page load successfully

2019-02-27 17:21:33 - [MESSAGE][PASSED] - Wait for page load successfully

2019-02-27 17:21:33 - [TEST_STEP][PASSED] - click(findTestObject("MessagesPage/Icon_Apps")): Object: 'Object Repository/MessagesPage/Icon_Apps' is clicked on

2019-02-27 17:21:37 - [MESSAGE][PASSED] - Object: 'Object Repository/MessagesPage/Icon_Apps' is clicked on

2019-02-27 17:21:37 - [TEST_STEP][PASSED] - mouseOver(findTestObject("MessagesPage/Link_Commissions")): Object: 'Object Repository/MessagesPage/Link_Commissions' is hovered

2019-02-27 17:21:40 - [MESSAGE][PASSED] - Object: 'Object Repository/MessagesPage/Link_Commissions' is hovered

2019-02-27 17:21:40 - [TEST_STEP][PASSED] - scrollToElement(findTestObject("MessagesPage/Link_Commissions"), 1): Scroll to object 'Object Repository/MessagesPage/Link_Commissions' successfully

2019-02-27 17:21:42 - [MESSAGE][PASSED] - Scroll to object 'Object Repository/MessagesPage/Link_Commissions' successfully

2019-02-27 17:21:42 - [TEST_STEP][PASSED] - click(findTestObject("MessagesPage/Link_Commissions")): Object: 'Object Repository/MessagesPage/Link_Commissions' is clicked on

2019-02-27 17:22:00 - [MESSAGE][PASSED] - Object: 'Object Repository/MessagesPage/Link_Commissions' is clicked on

2019-02-27 17:22:00 - [TEST_STEP][PASSED] - waitForPageLoad(3): Wait for page load successfully

2019-02-27 17:22:01 - [MESSAGE][PASSED] - Wait for page load successfully

2019-02-27 17:22:01 - [MESSAGE][PASSED] - Call Test Case 'Test Cases/Commission Login_Logout/Commission Login' successfully

2019-02-27 17:22:01 - [TEST_STEP][PASSED] - mouseOver(findTestObject("HomePage_Commission/Commission_CompensationElements/Icon_Compensationelement")): Object: 'Object Repository/HomePage_Commission/Commission_CompensationElements/Icon_Compensationelement' is hovered

2019-02-27 17:22:04 - [MESSAGE][PASSED] - Object: 'Object Repository/HomePage_Commission/Commission_CompensationElements/Icon_Compensationelement' is hovered

2019-02-27 17:22:04 - [TEST_STEP][PASSED] - waitForElementPresent(findTestObject("HomePage_Commission/Commission_CompensationElements/Icon_Compensationelement"), 3): Object 'Object Repository/HomePage_Commission/Commission_CompensationElements/Icon_Compensationelement' is present

2019-02-27 17:22:05 - [MESSAGE][PASSED] - Object 'Object Repository/HomePage_Commission/Commission_CompensationElements/Icon_Compensationelement' is present

2019-02-27 17:22:05 - [TEST_STEP][PASSED] - click(findTestObject("HomePage_Commission/Commission_CompensationElements/Icon_Compensationelement")): Object: 'Object Repository/HomePage_Commission/Commission_CompensationElements/Icon_Compensationelement' is clicked on

2019-02-27 17:22:07 - [MESSAGE][PASSED] - Object: 'Object Repository/HomePage_Commission/Commission_CompensationElements/Icon_Compensationelement' is clicked on

2019-02-27 17:22:07 - [TEST_STEP][PASSED] - println("User is able to naviagte to Plan tab"): null

2019-02-27 17:22:07 - [TEST_STEP][PASSED] - waitForElementVisible(findTestObject("HomePage_Commission/Commission_CompensationElements/Link_Rate Tables"), 5): Object 'Object Repository/HomePage_Commission/Commission_CompensationElements/Link_Rate Tables' is visible

2019-02-27 17:22:09 - [MESSAGE][PASSED] - Object 'Object Repository/HomePage_Commission/Commission_CompensationElements/Link_Rate Tables' is visible

2019-02-27 17:22:09 - [TEST_STEP][PASSED] - mouseOver(findTestObject("HomePage_Commission/Commission_CompensationElements/Link_Rate Tables"), STOP_ON_FAILURE): Object: 'Object Repository/HomePage_Commission/Commission_CompensationElements/Link_Rate Tables' is hovered

2019-02-27 17:22:12 - [MESSAGE][PASSED] - Object: 'Object Repository/HomePage_Commission/Commission_CompensationElements/Link_Rate Tables' is hovered

2019-02-27 17:22:12 - [TEST_STEP][PASSED] - click(findTestObject("HomePage_Commission/Commission_CompensationElements/Link_Rate Tables")): Object: 'Object Repository/HomePage_Commission/Commission_CompensationElements/Link_Rate Tables' is clicked on

2019-02-27 17:22:25 - [MESSAGE][PASSED] - Object: 'Object Repository/HomePage_Commission/Commission_CompensationElements/Link_Rate Tables' is clicked on

2019-02-27 17:22:25 - [TEST_STEP][PASSED] - println("User Naviagted to Rate Tables screen"): null

2019-02-27 17:22:25 - [TEST_STEP][PASSED] - click(findTestObject("AdvanceSearch_Page/Icon_Advanced Search")): Object: 'Object Repository/AdvanceSearch_Page/Icon_Advanced Search' is clicked on

2019-02-27 17:22:28 - [MESSAGE][PASSED] - Object: 'Object Repository/AdvanceSearch_Page/Icon_Advanced Search' is clicked on

2019-02-27 17:22:28 - [TEST_STEP][PASSED] - click(findTestObject("AdvanceSearch_Page/FieldName_DropDown")): Object: 'Object Repository/AdvanceSearch_Page/FieldName_DropDown' is clicked on

2019-02-27 17:22:30 - [MESSAGE][PASSED] - Object: 'Object Repository/AdvanceSearch_Page/FieldName_DropDown' is clicked on

2019-02-27 17:22:30 - [TEST_STEP][PASSED] - scrollToElement(findTestObject("AdvanceSearch_Page/option_Compensations Elements"), 4): Scroll to object 'Object Repository/AdvanceSearch_Page/option_Compensations Elements' successfully

2019-02-27 17:22:32 - [MESSAGE][PASSED] - Scroll to object 'Object Repository/AdvanceSearch_Page/option_Compensations Elements' successfully

2019-02-27 17:22:32 - [TEST_STEP][PASSED] - click(findTestObject("AdvanceSearch_Page/option_Compensations Elements")): Object: 'Object Repository/AdvanceSearch_Page/option_Compensations Elements' is clicked on

2019-02-27 17:22:35 - [MESSAGE][PASSED] - Object: 'Object Repository/AdvanceSearch_Page/option_Compensations Elements' is clicked on

2019-02-27 17:22:35 - [TEST_STEP][PASSED] - click(findTestObject("AdvanceSearch_Page/td_Comparision")): Object: 'Object Repository/AdvanceSearch_Page/td_Comparision' is clicked on

2019-02-27 17:22:37 - [MESSAGE][PASSED] - Object: 'Object Repository/AdvanceSearch_Page/td_Comparision' is clicked on

2019-02-27 17:22:37 - [TEST_STEP][PASSED] - scrollToElement(findTestObject("AdvanceSearch_Page/option_Equals"), 2): Scroll to object 'Object Repository/AdvanceSearch_Page/option_Equals' successfully

2019-02-27 17:22:39 - [MESSAGE][PASSED] - Scroll to object 'Object Repository/AdvanceSearch_Page/option_Equals' successfully

2019-02-27 17:22:39 - [TEST_STEP][PASSED] - click(findTestObject("AdvanceSearch_Page/option_Equals")): Object: 'Object Repository/AdvanceSearch_Page/option_Equals' is clicked on

2019-02-27 17:22:41 - [MESSAGE][PASSED] - Object: 'Object Repository/AdvanceSearch_Page/option_Equals' is clicked on

2019-02-27 17:22:41 - [TEST_STEP][PASSED] - setText(findTestObject("AdvanceSearch_Page/td_Value"), Rate_table): Text 'R_T_Demo1' is set on object 'Object Repository/AdvanceSearch_Page/td_Value'

2019-02-27 17:22:46 - [MESSAGE][PASSED] - Text 'R_T_Demo1' is set on object 'Object Repository/AdvanceSearch_Page/td_Value'

2019-02-27 17:22:46 - [TEST_STEP][PASSED] - click(findTestObject("AdvanceSearch_Page/AppySearch_button")): Object: 'Object Repository/AdvanceSearch_Page/AppySearch_button' is clicked on

2019-02-27 17:22:48 - [MESSAGE][PASSED] - Object: 'Object Repository/AdvanceSearch_Page/AppySearch_button' is clicked on

2019-02-27 17:22:48 - [TEST_STEP][PASSED] - globalkeywords.record.RecordNotFound(): globalkeywords.record.RecordNotFound is PASSED

2019-02-27 17:22:59 - [MESSAGE][INFO] - Unable to find the element located by 'By.xpath: //td[@class='dataTables_empty']'. Please recheck the objects properties to make sure the desired element is located. 

2019-02-27 17:22:59 - [MESSAGE][WARNING] - Object 'Object Repository/Page_Callidus Cloud Commissions Man/NoRecordsFound' is not present after 10 second(s)

2019-02-27 17:22:59 - [MESSAGE][PASSED] - globalkeywords.record.RecordNotFound is PASSED]]></system-out>
         <system-err><![CDATA[]]></system-err>
      </testcase>
      <testcase name="Test Cases/Compensation_Elements_Workspace/Rate_Table_Variable_exist_in_the_system" classname="Test Cases/Compensation_Elements_Workspace/Rate_Table_Variable_exist_in_the_system" status="PASSED">
         <system-out><![CDATA[2019-02-27 17:22:59 - [TEST_CASE][PASSED] - Test Cases/Compensation_Elements_Workspace/Rate_Table_Variable_exist_in_the_system: Test Cases/Compensation_Elements_Workspace/Rate_Table_Variable_exist_in_the_system

2019-02-27 17:22:59 - [TEST_STEP][PASSED] - Start listener action : sampleBeforeTestCase: null

2019-02-27 17:22:59 - [TEST_STEP][PASSED] - println(testCaseContext.getTestCaseId()): null

2019-02-27 17:22:59 - [TEST_STEP][PASSED] - println(testCaseContext.getTestCaseVariables()): null

2019-02-27 17:23:00 - [TEST_STEP][PASSED] - callTestCase(findTestCase("Commission Login_Logout/Commission Login"), [:], STOP_ON_FAILURE): Call Test Case 'Test Cases/Commission Login_Logout/Commission Login' successfully

2019-02-27 17:23:00 - [TEST_CASE][PASSED] - Test Cases/Commission Login_Logout/Commission Login: Test Cases/Commission Login_Logout/Commission Login

2019-02-27 17:23:00 - [TEST_STEP][PASSED] - openBrowser(""): Browser is opened with url: ''

2019-02-27 17:23:00 - [MESSAGE][WARNING] - A browser is already opened. Closing browser and opening a new one

2019-02-27 17:23:02 - [MESSAGE][INFO] - Starting 'Chrome' driver

2019-02-27 17:23:07 - [MESSAGE][PASSED] - Browser is opened with url: ''

2019-02-27 17:23:07 - [TEST_STEP][PASSED] - navigateToUrl(BecURL): Navigate to 'https://biz3-tst.callidusondemand.com/SalesPortal/#!/' successfully

2019-02-27 17:23:29 - [MESSAGE][PASSED] - Navigate to 'https://biz3-tst.callidusondemand.com/SalesPortal/#!/' successfully

2019-02-27 17:23:30 - [TEST_STEP][PASSED] - maximizeWindow(): Current window maximized

2019-02-27 17:23:32 - [MESSAGE][PASSED] - Current window maximized

2019-02-27 17:23:32 - [TEST_STEP][PASSED] - setText(findTestObject("LoginPage/input_Username_username"), Bec_UserName): Text 'rkulkarn@calliduscloud.com' is set on object 'Object Repository/LoginPage/input_Username_username'

2019-02-27 17:23:36 - [MESSAGE][PASSED] - Text 'rkulkarn@calliduscloud.com' is set on object 'Object Repository/LoginPage/input_Username_username'

2019-02-27 17:23:36 - [TEST_STEP][PASSED] - setText(findTestObject("LoginPage/input_Password_password"), Bec_Password): Text 'Augg@1234' is set on object 'Object Repository/LoginPage/input_Password_password'

2019-02-27 17:23:40 - [MESSAGE][PASSED] - Text 'Augg@1234' is set on object 'Object Repository/LoginPage/input_Password_password'

2019-02-27 17:23:40 - [TEST_STEP][PASSED] - waitForElementClickable(findTestObject("LoginPage/Login_Button"), 2): Object 'Object Repository/LoginPage/Login_Button' is clickable

2019-02-27 17:23:42 - [MESSAGE][PASSED] - Object 'Object Repository/LoginPage/Login_Button' is clickable

2019-02-27 17:23:42 - [TEST_STEP][PASSED] - click(findTestObject("LoginPage/Login_Button")): Object: 'Object Repository/LoginPage/Login_Button' is clicked on

2019-02-27 17:23:45 - [MESSAGE][PASSED] - Object: 'Object Repository/LoginPage/Login_Button' is clicked on

2019-02-27 17:23:45 - [TEST_STEP][PASSED] - waitForPageLoad(2): Wait for page load successfully

2019-02-27 17:23:46 - [MESSAGE][PASSED] - Wait for page load successfully

2019-02-27 17:23:46 - [TEST_STEP][PASSED] - click(findTestObject("MessagesPage/Icon_Apps")): Object: 'Object Repository/MessagesPage/Icon_Apps' is clicked on

2019-02-27 17:23:49 - [MESSAGE][PASSED] - Object: 'Object Repository/MessagesPage/Icon_Apps' is clicked on

2019-02-27 17:23:49 - [TEST_STEP][PASSED] - mouseOver(findTestObject("MessagesPage/Link_Commissions")): Object: 'Object Repository/MessagesPage/Link_Commissions' is hovered

2019-02-27 17:23:52 - [MESSAGE][PASSED] - Object: 'Object Repository/MessagesPage/Link_Commissions' is hovered

2019-02-27 17:23:52 - [TEST_STEP][PASSED] - scrollToElement(findTestObject("MessagesPage/Link_Commissions"), 1): Scroll to object 'Object Repository/MessagesPage/Link_Commissions' successfully

2019-02-27 17:23:54 - [MESSAGE][PASSED] - Scroll to object 'Object Repository/MessagesPage/Link_Commissions' successfully

2019-02-27 17:23:54 - [TEST_STEP][PASSED] - click(findTestObject("MessagesPage/Link_Commissions")): Object: 'Object Repository/MessagesPage/Link_Commissions' is clicked on

2019-02-27 17:24:18 - [MESSAGE][PASSED] - Object: 'Object Repository/MessagesPage/Link_Commissions' is clicked on

2019-02-27 17:24:18 - [TEST_STEP][PASSED] - waitForPageLoad(3): Wait for page load successfully

2019-02-27 17:24:19 - [MESSAGE][PASSED] - Wait for page load successfully

2019-02-27 17:24:19 - [MESSAGE][PASSED] - Call Test Case 'Test Cases/Commission Login_Logout/Commission Login' successfully

2019-02-27 17:24:19 - [TEST_STEP][PASSED] - mouseOver(findTestObject("HomePage_Commission/Commission_CompensationElements/Icon_Compensationelement")): Object: 'Object Repository/HomePage_Commission/Commission_CompensationElements/Icon_Compensationelement' is hovered

2019-02-27 17:24:22 - [MESSAGE][PASSED] - Object: 'Object Repository/HomePage_Commission/Commission_CompensationElements/Icon_Compensationelement' is hovered

2019-02-27 17:24:22 - [TEST_STEP][PASSED] - waitForElementPresent(findTestObject("HomePage_Commission/Commission_CompensationElements/Icon_Compensationelement"), 3): Object 'Object Repository/HomePage_Commission/Commission_CompensationElements/Icon_Compensationelement' is present

2019-02-27 17:24:23 - [MESSAGE][PASSED] - Object 'Object Repository/HomePage_Commission/Commission_CompensationElements/Icon_Compensationelement' is present

2019-02-27 17:24:23 - [TEST_STEP][PASSED] - click(findTestObject("HomePage_Commission/Commission_CompensationElements/Icon_Compensationelement")): Object: 'Object Repository/HomePage_Commission/Commission_CompensationElements/Icon_Compensationelement' is clicked on

2019-02-27 17:24:25 - [MESSAGE][PASSED] - Object: 'Object Repository/HomePage_Commission/Commission_CompensationElements/Icon_Compensationelement' is clicked on

2019-02-27 17:24:25 - [TEST_STEP][PASSED] - println("User is able to naviagte to Plan tab"): null

2019-02-27 17:24:25 - [TEST_STEP][PASSED] - waitForElementVisible(findTestObject("HomePage_Commission/Commission_CompensationElements/Link_Variables"), 7): Object 'Object Repository/HomePage_Commission/Commission_CompensationElements/Link_Variables' is visible

2019-02-27 17:24:28 - [MESSAGE][PASSED] - Object 'Object Repository/HomePage_Commission/Commission_CompensationElements/Link_Variables' is visible

2019-02-27 17:24:28 - [TEST_STEP][PASSED] - mouseOver(findTestObject("HomePage_Commission/Commission_CompensationElements/Link_Variables"), STOP_ON_FAILURE): Object: 'Object Repository/HomePage_Commission/Commission_CompensationElements/Link_Variables' is hovered

2019-02-27 17:24:31 - [MESSAGE][PASSED] - Object: 'Object Repository/HomePage_Commission/Commission_CompensationElements/Link_Variables' is hovered

2019-02-27 17:24:31 - [TEST_STEP][PASSED] - click(findTestObject("HomePage_Commission/Commission_CompensationElements/Link_Variables")): Object: 'Object Repository/HomePage_Commission/Commission_CompensationElements/Link_Variables' is clicked on

2019-02-27 17:24:44 - [MESSAGE][PASSED] - Object: 'Object Repository/HomePage_Commission/Commission_CompensationElements/Link_Variables' is clicked on

2019-02-27 17:24:44 - [TEST_STEP][PASSED] - println("User Naviagted to Varaible screen"): null

2019-02-27 17:24:44 - [TEST_STEP][PASSED] - click(findTestObject("AdvanceSearch_Page/Icon_Advanced Search")): Object: 'Object Repository/AdvanceSearch_Page/Icon_Advanced Search' is clicked on

2019-02-27 17:24:47 - [MESSAGE][PASSED] - Object: 'Object Repository/AdvanceSearch_Page/Icon_Advanced Search' is clicked on

2019-02-27 17:24:47 - [TEST_STEP][PASSED] - click(findTestObject("AdvanceSearch_Page/FieldName_DropDown")): Object: 'Object Repository/AdvanceSearch_Page/FieldName_DropDown' is clicked on

2019-02-27 17:24:49 - [MESSAGE][PASSED] - Object: 'Object Repository/AdvanceSearch_Page/FieldName_DropDown' is clicked on

2019-02-27 17:24:49 - [TEST_STEP][PASSED] - scrollToElement(findTestObject("AdvanceSearch_Page/option_Value"), 4): Scroll to object 'Object Repository/AdvanceSearch_Page/option_Value' successfully

2019-02-27 17:24:51 - [MESSAGE][PASSED] - Scroll to object 'Object Repository/AdvanceSearch_Page/option_Value' successfully

2019-02-27 17:24:51 - [TEST_STEP][PASSED] - click(findTestObject("AdvanceSearch_Page/option_Value")): Object: 'Object Repository/AdvanceSearch_Page/option_Value' is clicked on

2019-02-27 17:24:54 - [MESSAGE][PASSED] - Object: 'Object Repository/AdvanceSearch_Page/option_Value' is clicked on

2019-02-27 17:24:54 - [TEST_STEP][PASSED] - click(findTestObject("AdvanceSearch_Page/td_Comparision")): Object: 'Object Repository/AdvanceSearch_Page/td_Comparision' is clicked on

2019-02-27 17:24:56 - [MESSAGE][PASSED] - Object: 'Object Repository/AdvanceSearch_Page/td_Comparision' is clicked on

2019-02-27 17:24:56 - [TEST_STEP][PASSED] - scrollToElement(findTestObject("AdvanceSearch_Page/option_Equals"), 2): Scroll to object 'Object Repository/AdvanceSearch_Page/option_Equals' successfully

2019-02-27 17:24:58 - [MESSAGE][PASSED] - Scroll to object 'Object Repository/AdvanceSearch_Page/option_Equals' successfully

2019-02-27 17:24:58 - [TEST_STEP][PASSED] - click(findTestObject("AdvanceSearch_Page/option_Equals")): Object: 'Object Repository/AdvanceSearch_Page/option_Equals' is clicked on

2019-02-27 17:25:00 - [MESSAGE][PASSED] - Object: 'Object Repository/AdvanceSearch_Page/option_Equals' is clicked on

2019-02-27 17:25:00 - [TEST_STEP][PASSED] - setText(findTestObject("AdvanceSearch_Page/td_Value"), R_T_Var): Text 'RTD' is set on object 'Object Repository/AdvanceSearch_Page/td_Value'

2019-02-27 17:25:04 - [MESSAGE][PASSED] - Text 'RTD' is set on object 'Object Repository/AdvanceSearch_Page/td_Value'

2019-02-27 17:25:04 - [TEST_STEP][PASSED] - click(findTestObject("AdvanceSearch_Page/AppySearch_button")): Object: 'Object Repository/AdvanceSearch_Page/AppySearch_button' is clicked on

2019-02-27 17:25:06 - [MESSAGE][PASSED] - Object: 'Object Repository/AdvanceSearch_Page/AppySearch_button' is clicked on

2019-02-27 17:25:06 - [TEST_STEP][PASSED] - globalkeywords.record.RecordNotFound(): globalkeywords.record.RecordNotFound is PASSED

2019-02-27 17:25:17 - [MESSAGE][INFO] - Unable to find the element located by 'By.xpath: //td[@class='dataTables_empty']'. Please recheck the objects properties to make sure the desired element is located. 

2019-02-27 17:25:17 - [MESSAGE][WARNING] - Object 'Object Repository/Page_Callidus Cloud Commissions Man/NoRecordsFound' is not present after 10 second(s)

2019-02-27 17:25:17 - [MESSAGE][PASSED] - globalkeywords.record.RecordNotFound is PASSED]]></system-out>
         <system-err><![CDATA[]]></system-err>
      </testcase>
      <testcase name="Test Cases/Compensation_Elements_Workspace/Territory_Elements_exist_in_the_system" classname="Test Cases/Compensation_Elements_Workspace/Territory_Elements_exist_in_the_system" status="PASSED">
         <system-out><![CDATA[2019-02-27 17:25:17 - [TEST_CASE][PASSED] - Test Cases/Compensation_Elements_Workspace/Territory_Elements_exist_in_the_system: Test Cases/Compensation_Elements_Workspace/Territory_Elements_exist_in_the_system

2019-02-27 17:25:17 - [TEST_STEP][PASSED] - Start listener action : sampleBeforeTestCase: null

2019-02-27 17:25:17 - [TEST_STEP][PASSED] - println(testCaseContext.getTestCaseId()): null

2019-02-27 17:25:17 - [TEST_STEP][PASSED] - println(testCaseContext.getTestCaseVariables()): null

2019-02-27 17:25:18 - [TEST_STEP][PASSED] - callTestCase(findTestCase("Commission Login_Logout/Commission Login"), [:], STOP_ON_FAILURE): Call Test Case 'Test Cases/Commission Login_Logout/Commission Login' successfully

2019-02-27 17:25:18 - [TEST_CASE][PASSED] - Test Cases/Commission Login_Logout/Commission Login: Test Cases/Commission Login_Logout/Commission Login

2019-02-27 17:25:18 - [TEST_STEP][PASSED] - openBrowser(""): Browser is opened with url: ''

2019-02-27 17:25:18 - [MESSAGE][WARNING] - A browser is already opened. Closing browser and opening a new one

2019-02-27 17:25:20 - [MESSAGE][INFO] - Starting 'Chrome' driver

2019-02-27 17:25:25 - [MESSAGE][PASSED] - Browser is opened with url: ''

2019-02-27 17:25:25 - [TEST_STEP][PASSED] - navigateToUrl(BecURL): Navigate to 'https://biz3-tst.callidusondemand.com/SalesPortal/#!/' successfully

2019-02-27 17:25:36 - [MESSAGE][PASSED] - Navigate to 'https://biz3-tst.callidusondemand.com/SalesPortal/#!/' successfully

2019-02-27 17:25:36 - [TEST_STEP][PASSED] - maximizeWindow(): Current window maximized

2019-02-27 17:25:38 - [MESSAGE][PASSED] - Current window maximized

2019-02-27 17:25:38 - [TEST_STEP][PASSED] - setText(findTestObject("LoginPage/input_Username_username"), Bec_UserName): Text 'rkulkarn@calliduscloud.com' is set on object 'Object Repository/LoginPage/input_Username_username'

2019-02-27 17:25:43 - [MESSAGE][PASSED] - Text 'rkulkarn@calliduscloud.com' is set on object 'Object Repository/LoginPage/input_Username_username'

2019-02-27 17:25:43 - [TEST_STEP][PASSED] - setText(findTestObject("LoginPage/input_Password_password"), Bec_Password): Text 'Augg@1234' is set on object 'Object Repository/LoginPage/input_Password_password'

2019-02-27 17:25:47 - [MESSAGE][PASSED] - Text 'Augg@1234' is set on object 'Object Repository/LoginPage/input_Password_password'

2019-02-27 17:25:47 - [TEST_STEP][PASSED] - waitForElementClickable(findTestObject("LoginPage/Login_Button"), 2): Object 'Object Repository/LoginPage/Login_Button' is clickable

2019-02-27 17:25:49 - [MESSAGE][PASSED] - Object 'Object Repository/LoginPage/Login_Button' is clickable

2019-02-27 17:25:49 - [TEST_STEP][PASSED] - click(findTestObject("LoginPage/Login_Button")): Object: 'Object Repository/LoginPage/Login_Button' is clicked on

2019-02-27 17:25:51 - [MESSAGE][PASSED] - Object: 'Object Repository/LoginPage/Login_Button' is clicked on

2019-02-27 17:25:51 - [TEST_STEP][PASSED] - waitForPageLoad(2): Wait for page load successfully

2019-02-27 17:25:52 - [MESSAGE][PASSED] - Wait for page load successfully

2019-02-27 17:25:52 - [TEST_STEP][PASSED] - click(findTestObject("MessagesPage/Icon_Apps")): Object: 'Object Repository/MessagesPage/Icon_Apps' is clicked on

2019-02-27 17:25:56 - [MESSAGE][PASSED] - Object: 'Object Repository/MessagesPage/Icon_Apps' is clicked on

2019-02-27 17:25:56 - [TEST_STEP][PASSED] - mouseOver(findTestObject("MessagesPage/Link_Commissions")): Object: 'Object Repository/MessagesPage/Link_Commissions' is hovered

2019-02-27 17:25:59 - [MESSAGE][PASSED] - Object: 'Object Repository/MessagesPage/Link_Commissions' is hovered

2019-02-27 17:25:59 - [TEST_STEP][PASSED] - scrollToElement(findTestObject("MessagesPage/Link_Commissions"), 1): Scroll to object 'Object Repository/MessagesPage/Link_Commissions' successfully

2019-02-27 17:26:01 - [MESSAGE][PASSED] - Scroll to object 'Object Repository/MessagesPage/Link_Commissions' successfully

2019-02-27 17:26:01 - [TEST_STEP][PASSED] - click(findTestObject("MessagesPage/Link_Commissions")): Object: 'Object Repository/MessagesPage/Link_Commissions' is clicked on

2019-02-27 17:26:19 - [MESSAGE][PASSED] - Object: 'Object Repository/MessagesPage/Link_Commissions' is clicked on

2019-02-27 17:26:19 - [TEST_STEP][PASSED] - waitForPageLoad(3): Wait for page load successfully

2019-02-27 17:26:20 - [MESSAGE][PASSED] - Wait for page load successfully

2019-02-27 17:26:20 - [MESSAGE][PASSED] - Call Test Case 'Test Cases/Commission Login_Logout/Commission Login' successfully

2019-02-27 17:26:20 - [TEST_STEP][PASSED] - mouseOver(findTestObject("HomePage_Commission/Commission_CompensationElements/Icon_Compensationelement")): Object: 'Object Repository/HomePage_Commission/Commission_CompensationElements/Icon_Compensationelement' is hovered

2019-02-27 17:26:23 - [MESSAGE][PASSED] - Object: 'Object Repository/HomePage_Commission/Commission_CompensationElements/Icon_Compensationelement' is hovered

2019-02-27 17:26:23 - [TEST_STEP][PASSED] - waitForElementPresent(findTestObject("HomePage_Commission/Commission_CompensationElements/Icon_Compensationelement"), 3): Object 'Object Repository/HomePage_Commission/Commission_CompensationElements/Icon_Compensationelement' is present

2019-02-27 17:26:24 - [MESSAGE][PASSED] - Object 'Object Repository/HomePage_Commission/Commission_CompensationElements/Icon_Compensationelement' is present

2019-02-27 17:26:24 - [TEST_STEP][PASSED] - click(findTestObject("HomePage_Commission/Commission_CompensationElements/Icon_Compensationelement")): Object: 'Object Repository/HomePage_Commission/Commission_CompensationElements/Icon_Compensationelement' is clicked on

2019-02-27 17:26:26 - [MESSAGE][PASSED] - Object: 'Object Repository/HomePage_Commission/Commission_CompensationElements/Icon_Compensationelement' is clicked on

2019-02-27 17:26:26 - [TEST_STEP][PASSED] - println("User is able to naviagte to Plan tab"): null

2019-02-27 17:26:26 - [TEST_STEP][PASSED] - waitForElementVisible(findTestObject("HomePage_Commission/Commission_CompensationElements/Link_Territory"), 6): Object 'Object Repository/HomePage_Commission/Commission_CompensationElements/Link_Territory' is visible

2019-02-27 17:26:28 - [MESSAGE][PASSED] - Object 'Object Repository/HomePage_Commission/Commission_CompensationElements/Link_Territory' is visible

2019-02-27 17:26:28 - [TEST_STEP][PASSED] - mouseOver(findTestObject("HomePage_Commission/Commission_CompensationElements/Link_Territory"), STOP_ON_FAILURE): Object: 'Object Repository/HomePage_Commission/Commission_CompensationElements/Link_Territory' is hovered

2019-02-27 17:26:31 - [MESSAGE][PASSED] - Object: 'Object Repository/HomePage_Commission/Commission_CompensationElements/Link_Territory' is hovered

2019-02-27 17:26:31 - [TEST_STEP][PASSED] - click(findTestObject("HomePage_Commission/Commission_CompensationElements/Link_Territory")): Object: 'Object Repository/HomePage_Commission/Commission_CompensationElements/Link_Territory' is clicked on

2019-02-27 17:26:42 - [MESSAGE][PASSED] - Object: 'Object Repository/HomePage_Commission/Commission_CompensationElements/Link_Territory' is clicked on

2019-02-27 17:26:42 - [TEST_STEP][PASSED] - println("User Naviagted to Territory screen"): null

2019-02-27 17:26:42 - [TEST_STEP][PASSED] - click(findTestObject("AdvanceSearch_Page/Icon_Advanced Search")): Object: 'Object Repository/AdvanceSearch_Page/Icon_Advanced Search' is clicked on

2019-02-27 17:26:45 - [MESSAGE][PASSED] - Object: 'Object Repository/AdvanceSearch_Page/Icon_Advanced Search' is clicked on

2019-02-27 17:26:45 - [TEST_STEP][PASSED] - click(findTestObject("AdvanceSearch_Page/FieldName_DropDown")): Object: 'Object Repository/AdvanceSearch_Page/FieldName_DropDown' is clicked on

2019-02-27 17:26:47 - [MESSAGE][PASSED] - Object: 'Object Repository/AdvanceSearch_Page/FieldName_DropDown' is clicked on

2019-02-27 17:26:47 - [TEST_STEP][PASSED] - scrollToElement(findTestObject("AdvanceSearch_Page/option_Compensations Elements"), 4): Scroll to object 'Object Repository/AdvanceSearch_Page/option_Compensations Elements' successfully

2019-02-27 17:26:49 - [MESSAGE][PASSED] - Scroll to object 'Object Repository/AdvanceSearch_Page/option_Compensations Elements' successfully

2019-02-27 17:26:49 - [TEST_STEP][PASSED] - click(findTestObject("AdvanceSearch_Page/option_Compensations Elements")): Object: 'Object Repository/AdvanceSearch_Page/option_Compensations Elements' is clicked on

2019-02-27 17:26:51 - [MESSAGE][PASSED] - Object: 'Object Repository/AdvanceSearch_Page/option_Compensations Elements' is clicked on

2019-02-27 17:26:51 - [TEST_STEP][PASSED] - click(findTestObject("AdvanceSearch_Page/td_Comparision")): Object: 'Object Repository/AdvanceSearch_Page/td_Comparision' is clicked on

2019-02-27 17:26:53 - [MESSAGE][PASSED] - Object: 'Object Repository/AdvanceSearch_Page/td_Comparision' is clicked on

2019-02-27 17:26:53 - [TEST_STEP][PASSED] - scrollToElement(findTestObject("AdvanceSearch_Page/option_Equals"), 2): Scroll to object 'Object Repository/AdvanceSearch_Page/option_Equals' successfully

2019-02-27 17:26:56 - [MESSAGE][PASSED] - Scroll to object 'Object Repository/AdvanceSearch_Page/option_Equals' successfully

2019-02-27 17:26:56 - [TEST_STEP][PASSED] - click(findTestObject("AdvanceSearch_Page/option_Equals")): Object: 'Object Repository/AdvanceSearch_Page/option_Equals' is clicked on

2019-02-27 17:26:58 - [MESSAGE][PASSED] - Object: 'Object Repository/AdvanceSearch_Page/option_Equals' is clicked on

2019-02-27 17:26:58 - [TEST_STEP][PASSED] - setText(findTestObject("AdvanceSearch_Page/td_Value"), TerritoryElementName): Text 'Territory_demo' is set on object 'Object Repository/AdvanceSearch_Page/td_Value'

2019-02-27 17:27:02 - [MESSAGE][PASSED] - Text 'Territory_demo' is set on object 'Object Repository/AdvanceSearch_Page/td_Value'

2019-02-27 17:27:02 - [TEST_STEP][PASSED] - click(findTestObject("AdvanceSearch_Page/AppySearch_button")): Object: 'Object Repository/AdvanceSearch_Page/AppySearch_button' is clicked on

2019-02-27 17:27:04 - [MESSAGE][PASSED] - Object: 'Object Repository/AdvanceSearch_Page/AppySearch_button' is clicked on

2019-02-27 17:27:04 - [TEST_STEP][PASSED] - globalkeywords.record.RecordNotFound(): globalkeywords.record.RecordNotFound is PASSED

2019-02-27 17:27:16 - [MESSAGE][INFO] - Unable to find the element located by 'By.xpath: //td[@class='dataTables_empty']'. Please recheck the objects properties to make sure the desired element is located. 

2019-02-27 17:27:16 - [MESSAGE][WARNING] - Object 'Object Repository/Page_Callidus Cloud Commissions Man/NoRecordsFound' is not present after 10 second(s)

2019-02-27 17:27:16 - [MESSAGE][PASSED] - globalkeywords.record.RecordNotFound is PASSED]]></system-out>
         <system-err><![CDATA[]]></system-err>
      </testcase>
      <testcase name="Test Cases/Compensation_Elements_Workspace/Territory_Variables_exist_in_the_system" classname="Test Cases/Compensation_Elements_Workspace/Territory_Variables_exist_in_the_system" status="PASSED">
         <system-out><![CDATA[2019-02-27 17:27:16 - [TEST_CASE][PASSED] - Test Cases/Compensation_Elements_Workspace/Territory_Variables_exist_in_the_system: Test Cases/Compensation_Elements_Workspace/Territory_Variables_exist_in_the_system

2019-02-27 17:27:16 - [TEST_STEP][PASSED] - Start listener action : sampleBeforeTestCase: null

2019-02-27 17:27:16 - [TEST_STEP][PASSED] - println(testCaseContext.getTestCaseId()): null

2019-02-27 17:27:16 - [TEST_STEP][PASSED] - println(testCaseContext.getTestCaseVariables()): null

2019-02-27 17:27:16 - [TEST_STEP][PASSED] - callTestCase(findTestCase("Commission Login_Logout/Commission Login"), [:], STOP_ON_FAILURE): Call Test Case 'Test Cases/Commission Login_Logout/Commission Login' successfully

2019-02-27 17:27:16 - [TEST_CASE][PASSED] - Test Cases/Commission Login_Logout/Commission Login: Test Cases/Commission Login_Logout/Commission Login

2019-02-27 17:27:16 - [TEST_STEP][PASSED] - openBrowser(""): Browser is opened with url: ''

2019-02-27 17:27:16 - [MESSAGE][WARNING] - A browser is already opened. Closing browser and opening a new one

2019-02-27 17:27:18 - [MESSAGE][INFO] - Starting 'Chrome' driver

2019-02-27 17:27:23 - [MESSAGE][PASSED] - Browser is opened with url: ''

2019-02-27 17:27:23 - [TEST_STEP][PASSED] - navigateToUrl(BecURL): Navigate to 'https://biz3-tst.callidusondemand.com/SalesPortal/#!/' successfully

2019-02-27 17:27:43 - [MESSAGE][PASSED] - Navigate to 'https://biz3-tst.callidusondemand.com/SalesPortal/#!/' successfully

2019-02-27 17:27:43 - [TEST_STEP][PASSED] - maximizeWindow(): Current window maximized

2019-02-27 17:27:45 - [MESSAGE][PASSED] - Current window maximized

2019-02-27 17:27:45 - [TEST_STEP][PASSED] - setText(findTestObject("LoginPage/input_Username_username"), Bec_UserName): Text 'rkulkarn@calliduscloud.com' is set on object 'Object Repository/LoginPage/input_Username_username'

2019-02-27 17:27:49 - [MESSAGE][PASSED] - Text 'rkulkarn@calliduscloud.com' is set on object 'Object Repository/LoginPage/input_Username_username'

2019-02-27 17:27:49 - [TEST_STEP][PASSED] - setText(findTestObject("LoginPage/input_Password_password"), Bec_Password): Text 'Augg@1234' is set on object 'Object Repository/LoginPage/input_Password_password'

2019-02-27 17:27:54 - [MESSAGE][PASSED] - Text 'Augg@1234' is set on object 'Object Repository/LoginPage/input_Password_password'

2019-02-27 17:27:54 - [TEST_STEP][PASSED] - waitForElementClickable(findTestObject("LoginPage/Login_Button"), 2): Object 'Object Repository/LoginPage/Login_Button' is clickable

2019-02-27 17:27:56 - [MESSAGE][PASSED] - Object 'Object Repository/LoginPage/Login_Button' is clickable

2019-02-27 17:27:56 - [TEST_STEP][PASSED] - click(findTestObject("LoginPage/Login_Button")): Object: 'Object Repository/LoginPage/Login_Button' is clicked on

2019-02-27 17:27:58 - [MESSAGE][PASSED] - Object: 'Object Repository/LoginPage/Login_Button' is clicked on

2019-02-27 17:27:58 - [TEST_STEP][PASSED] - waitForPageLoad(2): Wait for page load successfully

2019-02-27 17:27:59 - [MESSAGE][PASSED] - Wait for page load successfully

2019-02-27 17:27:59 - [TEST_STEP][PASSED] - click(findTestObject("MessagesPage/Icon_Apps")): Object: 'Object Repository/MessagesPage/Icon_Apps' is clicked on

2019-02-27 17:28:02 - [MESSAGE][PASSED] - Object: 'Object Repository/MessagesPage/Icon_Apps' is clicked on

2019-02-27 17:28:02 - [TEST_STEP][PASSED] - mouseOver(findTestObject("MessagesPage/Link_Commissions")): Object: 'Object Repository/MessagesPage/Link_Commissions' is hovered

2019-02-27 17:28:06 - [MESSAGE][PASSED] - Object: 'Object Repository/MessagesPage/Link_Commissions' is hovered

2019-02-27 17:28:06 - [TEST_STEP][PASSED] - scrollToElement(findTestObject("MessagesPage/Link_Commissions"), 1): Scroll to object 'Object Repository/MessagesPage/Link_Commissions' successfully

2019-02-27 17:28:08 - [MESSAGE][PASSED] - Scroll to object 'Object Repository/MessagesPage/Link_Commissions' successfully

2019-02-27 17:28:08 - [TEST_STEP][PASSED] - click(findTestObject("MessagesPage/Link_Commissions")): Object: 'Object Repository/MessagesPage/Link_Commissions' is clicked on

2019-02-27 17:28:30 - [MESSAGE][PASSED] - Object: 'Object Repository/MessagesPage/Link_Commissions' is clicked on

2019-02-27 17:28:30 - [TEST_STEP][PASSED] - waitForPageLoad(3): Wait for page load successfully

2019-02-27 17:28:31 - [MESSAGE][PASSED] - Wait for page load successfully

2019-02-27 17:28:31 - [MESSAGE][PASSED] - Call Test Case 'Test Cases/Commission Login_Logout/Commission Login' successfully

2019-02-27 17:28:31 - [TEST_STEP][PASSED] - mouseOver(findTestObject("HomePage_Commission/Commission_CompensationElements/Icon_Compensationelement")): Object: 'Object Repository/HomePage_Commission/Commission_CompensationElements/Icon_Compensationelement' is hovered

2019-02-27 17:28:34 - [MESSAGE][PASSED] - Object: 'Object Repository/HomePage_Commission/Commission_CompensationElements/Icon_Compensationelement' is hovered

2019-02-27 17:28:34 - [TEST_STEP][PASSED] - waitForElementPresent(findTestObject("HomePage_Commission/Commission_CompensationElements/Icon_Compensationelement"), 3): Object 'Object Repository/HomePage_Commission/Commission_CompensationElements/Icon_Compensationelement' is present

2019-02-27 17:28:35 - [MESSAGE][PASSED] - Object 'Object Repository/HomePage_Commission/Commission_CompensationElements/Icon_Compensationelement' is present

2019-02-27 17:28:35 - [TEST_STEP][PASSED] - click(findTestObject("HomePage_Commission/Commission_CompensationElements/Icon_Compensationelement")): Object: 'Object Repository/HomePage_Commission/Commission_CompensationElements/Icon_Compensationelement' is clicked on

2019-02-27 17:28:37 - [MESSAGE][PASSED] - Object: 'Object Repository/HomePage_Commission/Commission_CompensationElements/Icon_Compensationelement' is clicked on

2019-02-27 17:28:37 - [TEST_STEP][PASSED] - println("User is able to naviagte to Plan tab"): null

2019-02-27 17:28:37 - [TEST_STEP][PASSED] - waitForElementVisible(findTestObject("HomePage_Commission/Commission_CompensationElements/Link_Variables"), 7): Object 'Object Repository/HomePage_Commission/Commission_CompensationElements/Link_Variables' is visible

2019-02-27 17:28:39 - [MESSAGE][PASSED] - Object 'Object Repository/HomePage_Commission/Commission_CompensationElements/Link_Variables' is visible

2019-02-27 17:28:39 - [TEST_STEP][PASSED] - mouseOver(findTestObject("HomePage_Commission/Commission_CompensationElements/Link_Variables"), STOP_ON_FAILURE): Object: 'Object Repository/HomePage_Commission/Commission_CompensationElements/Link_Variables' is hovered

2019-02-27 17:28:42 - [MESSAGE][PASSED] - Object: 'Object Repository/HomePage_Commission/Commission_CompensationElements/Link_Variables' is hovered

2019-02-27 17:28:42 - [TEST_STEP][PASSED] - click(findTestObject("HomePage_Commission/Commission_CompensationElements/Link_Variables")): Object: 'Object Repository/HomePage_Commission/Commission_CompensationElements/Link_Variables' is clicked on

2019-02-27 17:28:56 - [MESSAGE][PASSED] - Object: 'Object Repository/HomePage_Commission/Commission_CompensationElements/Link_Variables' is clicked on

2019-02-27 17:28:56 - [TEST_STEP][PASSED] - println("User Naviagted to Varaible screen"): null

2019-02-27 17:28:56 - [TEST_STEP][PASSED] - click(findTestObject("AdvanceSearch_Page/Icon_Advanced Search")): Object: 'Object Repository/AdvanceSearch_Page/Icon_Advanced Search' is clicked on

2019-02-27 17:29:00 - [MESSAGE][PASSED] - Object: 'Object Repository/AdvanceSearch_Page/Icon_Advanced Search' is clicked on

2019-02-27 17:29:00 - [TEST_STEP][PASSED] - click(findTestObject("AdvanceSearch_Page/FieldName_DropDown")): Object: 'Object Repository/AdvanceSearch_Page/FieldName_DropDown' is clicked on

2019-02-27 17:29:02 - [MESSAGE][PASSED] - Object: 'Object Repository/AdvanceSearch_Page/FieldName_DropDown' is clicked on

2019-02-27 17:29:02 - [TEST_STEP][PASSED] - scrollToElement(findTestObject("AdvanceSearch_Page/option_Value"), 4): Scroll to object 'Object Repository/AdvanceSearch_Page/option_Value' successfully

2019-02-27 17:29:05 - [MESSAGE][PASSED] - Scroll to object 'Object Repository/AdvanceSearch_Page/option_Value' successfully

2019-02-27 17:29:05 - [TEST_STEP][PASSED] - click(findTestObject("AdvanceSearch_Page/option_Value")): Object: 'Object Repository/AdvanceSearch_Page/option_Value' is clicked on

2019-02-27 17:29:07 - [MESSAGE][PASSED] - Object: 'Object Repository/AdvanceSearch_Page/option_Value' is clicked on

2019-02-27 17:29:07 - [TEST_STEP][PASSED] - click(findTestObject("AdvanceSearch_Page/td_Comparision")): Object: 'Object Repository/AdvanceSearch_Page/td_Comparision' is clicked on

2019-02-27 17:29:09 - [MESSAGE][PASSED] - Object: 'Object Repository/AdvanceSearch_Page/td_Comparision' is clicked on

2019-02-27 17:29:09 - [TEST_STEP][PASSED] - scrollToElement(findTestObject("AdvanceSearch_Page/option_Equals"), 2): Scroll to object 'Object Repository/AdvanceSearch_Page/option_Equals' successfully

2019-02-27 17:29:11 - [MESSAGE][PASSED] - Scroll to object 'Object Repository/AdvanceSearch_Page/option_Equals' successfully

2019-02-27 17:29:11 - [TEST_STEP][PASSED] - click(findTestObject("AdvanceSearch_Page/option_Equals")): Object: 'Object Repository/AdvanceSearch_Page/option_Equals' is clicked on

2019-02-27 17:29:13 - [MESSAGE][PASSED] - Object: 'Object Repository/AdvanceSearch_Page/option_Equals' is clicked on

2019-02-27 17:29:13 - [TEST_STEP][PASSED] - setText(findTestObject("AdvanceSearch_Page/td_Value"), TerritoryVariableName): Text 'VTD' is set on object 'Object Repository/AdvanceSearch_Page/td_Value'

2019-02-27 17:29:18 - [MESSAGE][PASSED] - Text 'VTD' is set on object 'Object Repository/AdvanceSearch_Page/td_Value'

2019-02-27 17:29:18 - [TEST_STEP][PASSED] - click(findTestObject("AdvanceSearch_Page/AppySearch_button")): Object: 'Object Repository/AdvanceSearch_Page/AppySearch_button' is clicked on

2019-02-27 17:29:20 - [MESSAGE][PASSED] - Object: 'Object Repository/AdvanceSearch_Page/AppySearch_button' is clicked on

2019-02-27 17:29:20 - [TEST_STEP][PASSED] - globalkeywords.record.RecordNotFound(): globalkeywords.record.RecordNotFound is PASSED

2019-02-27 17:29:31 - [MESSAGE][INFO] - Unable to find the element located by 'By.xpath: //td[@class='dataTables_empty']'. Please recheck the objects properties to make sure the desired element is located. 

2019-02-27 17:29:31 - [MESSAGE][WARNING] - Object 'Object Repository/Page_Callidus Cloud Commissions Man/NoRecordsFound' is not present after 10 second(s)

2019-02-27 17:29:31 - [MESSAGE][PASSED] - globalkeywords.record.RecordNotFound is PASSED]]></system-out>
         <system-err><![CDATA[]]></system-err>
      </testcase>
      <testcase name="Test Cases/Global_values_Workspace/Calendar_exist_in_the_system" classname="Test Cases/Global_values_Workspace/Calendar_exist_in_the_system" status="PASSED">
         <system-out><![CDATA[2019-02-27 17:29:31 - [TEST_CASE][PASSED] - Test Cases/Global_values_Workspace/Calendar_exist_in_the_system: Test Cases/Global_values_Workspace/Calendar_exist_in_the_system

2019-02-27 17:29:31 - [TEST_STEP][PASSED] - Start listener action : sampleBeforeTestCase: null

2019-02-27 17:29:31 - [TEST_STEP][PASSED] - println(testCaseContext.getTestCaseId()): null

2019-02-27 17:29:31 - [TEST_STEP][PASSED] - println(testCaseContext.getTestCaseVariables()): null

2019-02-27 17:29:31 - [TEST_STEP][PASSED] - callTestCase(findTestCase("Commission Login_Logout/Commission Login"), [:], STOP_ON_FAILURE): Call Test Case 'Test Cases/Commission Login_Logout/Commission Login' successfully

2019-02-27 17:29:31 - [TEST_CASE][PASSED] - Test Cases/Commission Login_Logout/Commission Login: Test Cases/Commission Login_Logout/Commission Login

2019-02-27 17:29:31 - [TEST_STEP][PASSED] - openBrowser(""): Browser is opened with url: ''

2019-02-27 17:29:31 - [MESSAGE][WARNING] - A browser is already opened. Closing browser and opening a new one

2019-02-27 17:29:33 - [MESSAGE][INFO] - Starting 'Chrome' driver

2019-02-27 17:29:38 - [MESSAGE][PASSED] - Browser is opened with url: ''

2019-02-27 17:29:38 - [TEST_STEP][PASSED] - navigateToUrl(BecURL): Navigate to 'https://biz3-tst.callidusondemand.com/SalesPortal/#!/' successfully

2019-02-27 17:29:52 - [MESSAGE][PASSED] - Navigate to 'https://biz3-tst.callidusondemand.com/SalesPortal/#!/' successfully

2019-02-27 17:29:52 - [TEST_STEP][PASSED] - maximizeWindow(): Current window maximized

2019-02-27 17:29:55 - [MESSAGE][PASSED] - Current window maximized

2019-02-27 17:29:55 - [TEST_STEP][PASSED] - setText(findTestObject("LoginPage/input_Username_username"), Bec_UserName): Text 'rkulkarn@calliduscloud.com' is set on object 'Object Repository/LoginPage/input_Username_username'

2019-02-27 17:29:59 - [MESSAGE][PASSED] - Text 'rkulkarn@calliduscloud.com' is set on object 'Object Repository/LoginPage/input_Username_username'

2019-02-27 17:29:59 - [TEST_STEP][PASSED] - setText(findTestObject("LoginPage/input_Password_password"), Bec_Password): Text 'Augg@1234' is set on object 'Object Repository/LoginPage/input_Password_password'

2019-02-27 17:30:03 - [MESSAGE][PASSED] - Text 'Augg@1234' is set on object 'Object Repository/LoginPage/input_Password_password'

2019-02-27 17:30:03 - [TEST_STEP][PASSED] - waitForElementClickable(findTestObject("LoginPage/Login_Button"), 2): Object 'Object Repository/LoginPage/Login_Button' is clickable

2019-02-27 17:30:05 - [MESSAGE][PASSED] - Object 'Object Repository/LoginPage/Login_Button' is clickable

2019-02-27 17:30:05 - [TEST_STEP][PASSED] - click(findTestObject("LoginPage/Login_Button")): Object: 'Object Repository/LoginPage/Login_Button' is clicked on

2019-02-27 17:30:07 - [MESSAGE][PASSED] - Object: 'Object Repository/LoginPage/Login_Button' is clicked on

2019-02-27 17:30:07 - [TEST_STEP][PASSED] - waitForPageLoad(2): Wait for page load successfully

2019-02-27 17:30:08 - [MESSAGE][PASSED] - Wait for page load successfully

2019-02-27 17:30:08 - [TEST_STEP][PASSED] - click(findTestObject("MessagesPage/Icon_Apps")): Object: 'Object Repository/MessagesPage/Icon_Apps' is clicked on

2019-02-27 17:30:12 - [MESSAGE][PASSED] - Object: 'Object Repository/MessagesPage/Icon_Apps' is clicked on

2019-02-27 17:30:12 - [TEST_STEP][PASSED] - mouseOver(findTestObject("MessagesPage/Link_Commissions")): Object: 'Object Repository/MessagesPage/Link_Commissions' is hovered

2019-02-27 17:30:15 - [MESSAGE][PASSED] - Object: 'Object Repository/MessagesPage/Link_Commissions' is hovered

2019-02-27 17:30:15 - [TEST_STEP][PASSED] - scrollToElement(findTestObject("MessagesPage/Link_Commissions"), 1): Scroll to object 'Object Repository/MessagesPage/Link_Commissions' successfully

2019-02-27 17:30:17 - [MESSAGE][PASSED] - Scroll to object 'Object Repository/MessagesPage/Link_Commissions' successfully

2019-02-27 17:30:17 - [TEST_STEP][PASSED] - click(findTestObject("MessagesPage/Link_Commissions")): Object: 'Object Repository/MessagesPage/Link_Commissions' is clicked on

2019-02-27 17:30:35 - [MESSAGE][PASSED] - Object: 'Object Repository/MessagesPage/Link_Commissions' is clicked on

2019-02-27 17:30:35 - [TEST_STEP][PASSED] - waitForPageLoad(3): Wait for page load successfully

2019-02-27 17:30:36 - [MESSAGE][PASSED] - Wait for page load successfully

2019-02-27 17:30:36 - [MESSAGE][PASSED] - Call Test Case 'Test Cases/Commission Login_Logout/Commission Login' successfully

2019-02-27 17:30:36 - [TEST_STEP][PASSED] - waitForPageLoad(5): Wait for page load successfully

2019-02-27 17:30:37 - [MESSAGE][PASSED] - Wait for page load successfully

2019-02-27 17:30:37 - [TEST_STEP][PASSED] - mouseOver(findTestObject("HomePage_Commission/Commission_Globalvalues/Icon_GlobalValues")): Object: 'Object Repository/HomePage_Commission/Commission_Globalvalues/Icon_GlobalValues' is hovered

2019-02-27 17:30:40 - [MESSAGE][PASSED] - Object: 'Object Repository/HomePage_Commission/Commission_Globalvalues/Icon_GlobalValues' is hovered

2019-02-27 17:30:40 - [TEST_STEP][PASSED] - waitForElementPresent(findTestObject("HomePage_Commission/Commission_Globalvalues/Icon_GlobalValues"), 7): Object 'Object Repository/HomePage_Commission/Commission_Globalvalues/Icon_GlobalValues' is present

2019-02-27 17:30:41 - [MESSAGE][PASSED] - Object 'Object Repository/HomePage_Commission/Commission_Globalvalues/Icon_GlobalValues' is present

2019-02-27 17:30:41 - [TEST_STEP][PASSED] - click(findTestObject("HomePage_Commission/Commission_Globalvalues/Icon_GlobalValues")): Object: 'Object Repository/HomePage_Commission/Commission_Globalvalues/Icon_GlobalValues' is clicked on

2019-02-27 17:30:43 - [MESSAGE][PASSED] - Object: 'Object Repository/HomePage_Commission/Commission_Globalvalues/Icon_GlobalValues' is clicked on

2019-02-27 17:30:43 - [TEST_STEP][PASSED] - waitForElementVisible(findTestObject("HomePage_Commission/Commission_Globalvalues/Link_Calendar"), 1): Object 'Object Repository/HomePage_Commission/Commission_Globalvalues/Link_Calendar' is visible

2019-02-27 17:30:45 - [MESSAGE][PASSED] - Object 'Object Repository/HomePage_Commission/Commission_Globalvalues/Link_Calendar' is visible

2019-02-27 17:30:45 - [TEST_STEP][PASSED] - mouseOver(findTestObject("HomePage_Commission/Commission_Globalvalues/Link_Calendar"), STOP_ON_FAILURE): Object: 'Object Repository/HomePage_Commission/Commission_Globalvalues/Link_Calendar' is hovered

2019-02-27 17:30:48 - [MESSAGE][PASSED] - Object: 'Object Repository/HomePage_Commission/Commission_Globalvalues/Link_Calendar' is hovered

2019-02-27 17:30:48 - [TEST_STEP][PASSED] - click(findTestObject("HomePage_Commission/Commission_Globalvalues/Link_Calendar")): Object: 'Object Repository/HomePage_Commission/Commission_Globalvalues/Link_Calendar' is clicked on

2019-02-27 17:31:02 - [MESSAGE][PASSED] - Object: 'Object Repository/HomePage_Commission/Commission_Globalvalues/Link_Calendar' is clicked on

2019-02-27 17:31:02 - [TEST_STEP][PASSED] - if (verifyTextPresent("Main Monthly Calendar", true)): null

2019-02-27 17:31:04 - [MESSAGE][PASSED] - Text 'Main Monthly Calendar' is present on page  using regular expression

2019-02-27 17:31:04 - [TEST_STEP][PASSED] - out.println("Able to find the record"): null]]></system-out>
         <system-err><![CDATA[]]></system-err>
      </testcase>
      <testcase name="Test Cases/Global_values_Workspace/Credit Type Exists in the System" classname="Test Cases/Global_values_Workspace/Credit Type Exists in the System" status="PASSED">
         <system-out><![CDATA[2019-02-27 17:31:04 - [TEST_CASE][PASSED] - Test Cases/Global_values_Workspace/Credit Type Exists in the System: Test Cases/Global_values_Workspace/Credit Type Exists in the System

2019-02-27 17:31:04 - [TEST_STEP][PASSED] - Start listener action : sampleBeforeTestCase: null

2019-02-27 17:31:04 - [TEST_STEP][PASSED] - println(testCaseContext.getTestCaseId()): null

2019-02-27 17:31:04 - [TEST_STEP][PASSED] - println(testCaseContext.getTestCaseVariables()): null

2019-02-27 17:31:04 - [TEST_STEP][PASSED] - callTestCase(findTestCase("Commission Login_Logout/Commission Login"), [:], STOP_ON_FAILURE): Call Test Case 'Test Cases/Commission Login_Logout/Commission Login' successfully

2019-02-27 17:31:04 - [TEST_CASE][PASSED] - Test Cases/Commission Login_Logout/Commission Login: Test Cases/Commission Login_Logout/Commission Login

2019-02-27 17:31:04 - [TEST_STEP][PASSED] - openBrowser(""): Browser is opened with url: ''

2019-02-27 17:31:04 - [MESSAGE][WARNING] - A browser is already opened. Closing browser and opening a new one

2019-02-27 17:31:06 - [MESSAGE][INFO] - Starting 'Chrome' driver

2019-02-27 17:31:11 - [MESSAGE][PASSED] - Browser is opened with url: ''

2019-02-27 17:31:11 - [TEST_STEP][PASSED] - navigateToUrl(BecURL): Navigate to 'https://biz3-tst.callidusondemand.com/SalesPortal/#!/' successfully

2019-02-27 17:31:31 - [MESSAGE][PASSED] - Navigate to 'https://biz3-tst.callidusondemand.com/SalesPortal/#!/' successfully

2019-02-27 17:31:31 - [TEST_STEP][PASSED] - maximizeWindow(): Current window maximized

2019-02-27 17:31:33 - [MESSAGE][PASSED] - Current window maximized

2019-02-27 17:31:33 - [TEST_STEP][PASSED] - setText(findTestObject("LoginPage/input_Username_username"), Bec_UserName): Text 'rkulkarn@calliduscloud.com' is set on object 'Object Repository/LoginPage/input_Username_username'

2019-02-27 17:31:37 - [MESSAGE][PASSED] - Text 'rkulkarn@calliduscloud.com' is set on object 'Object Repository/LoginPage/input_Username_username'

2019-02-27 17:31:37 - [TEST_STEP][PASSED] - setText(findTestObject("LoginPage/input_Password_password"), Bec_Password): Text 'Augg@1234' is set on object 'Object Repository/LoginPage/input_Password_password'

2019-02-27 17:31:42 - [MESSAGE][PASSED] - Text 'Augg@1234' is set on object 'Object Repository/LoginPage/input_Password_password'

2019-02-27 17:31:42 - [TEST_STEP][PASSED] - waitForElementClickable(findTestObject("LoginPage/Login_Button"), 2): Object 'Object Repository/LoginPage/Login_Button' is clickable

2019-02-27 17:31:44 - [MESSAGE][PASSED] - Object 'Object Repository/LoginPage/Login_Button' is clickable

2019-02-27 17:31:44 - [TEST_STEP][PASSED] - click(findTestObject("LoginPage/Login_Button")): Object: 'Object Repository/LoginPage/Login_Button' is clicked on

2019-02-27 17:31:46 - [MESSAGE][PASSED] - Object: 'Object Repository/LoginPage/Login_Button' is clicked on

2019-02-27 17:31:46 - [TEST_STEP][PASSED] - waitForPageLoad(2): Wait for page load successfully

2019-02-27 17:31:47 - [MESSAGE][PASSED] - Wait for page load successfully

2019-02-27 17:31:47 - [TEST_STEP][PASSED] - click(findTestObject("MessagesPage/Icon_Apps")): Object: 'Object Repository/MessagesPage/Icon_Apps' is clicked on

2019-02-27 17:31:51 - [MESSAGE][PASSED] - Object: 'Object Repository/MessagesPage/Icon_Apps' is clicked on

2019-02-27 17:31:51 - [TEST_STEP][PASSED] - mouseOver(findTestObject("MessagesPage/Link_Commissions")): Object: 'Object Repository/MessagesPage/Link_Commissions' is hovered

2019-02-27 17:31:54 - [MESSAGE][PASSED] - Object: 'Object Repository/MessagesPage/Link_Commissions' is hovered

2019-02-27 17:31:54 - [TEST_STEP][PASSED] - scrollToElement(findTestObject("MessagesPage/Link_Commissions"), 1): Scroll to object 'Object Repository/MessagesPage/Link_Commissions' successfully

2019-02-27 17:31:56 - [MESSAGE][PASSED] - Scroll to object 'Object Repository/MessagesPage/Link_Commissions' successfully

2019-02-27 17:31:56 - [TEST_STEP][PASSED] - click(findTestObject("MessagesPage/Link_Commissions")): Object: 'Object Repository/MessagesPage/Link_Commissions' is clicked on

2019-02-27 17:32:14 - [MESSAGE][PASSED] - Object: 'Object Repository/MessagesPage/Link_Commissions' is clicked on

2019-02-27 17:32:14 - [TEST_STEP][PASSED] - waitForPageLoad(3): Wait for page load successfully

2019-02-27 17:32:15 - [MESSAGE][PASSED] - Wait for page load successfully

2019-02-27 17:32:15 - [MESSAGE][PASSED] - Call Test Case 'Test Cases/Commission Login_Logout/Commission Login' successfully

2019-02-27 17:32:15 - [TEST_STEP][PASSED] - mouseOver(findTestObject("HomePage_Commission/Commission_Globalvalues/Icon_GlobalValues")): Object: 'Object Repository/HomePage_Commission/Commission_Globalvalues/Icon_GlobalValues' is hovered

2019-02-27 17:32:18 - [MESSAGE][PASSED] - Object: 'Object Repository/HomePage_Commission/Commission_Globalvalues/Icon_GlobalValues' is hovered

2019-02-27 17:32:18 - [TEST_STEP][PASSED] - waitForElementPresent(findTestObject("HomePage_Commission/Commission_Globalvalues/Icon_GlobalValues"), 7): Object 'Object Repository/HomePage_Commission/Commission_Globalvalues/Icon_GlobalValues' is present

2019-02-27 17:32:19 - [MESSAGE][PASSED] - Object 'Object Repository/HomePage_Commission/Commission_Globalvalues/Icon_GlobalValues' is present

2019-02-27 17:32:19 - [TEST_STEP][PASSED] - click(findTestObject("HomePage_Commission/Commission_Globalvalues/Icon_GlobalValues")): Object: 'Object Repository/HomePage_Commission/Commission_Globalvalues/Icon_GlobalValues' is clicked on

2019-02-27 17:32:21 - [MESSAGE][PASSED] - Object: 'Object Repository/HomePage_Commission/Commission_Globalvalues/Icon_GlobalValues' is clicked on

2019-02-27 17:32:21 - [TEST_STEP][PASSED] - println("User is able to naviagte to Administration tab"): null

2019-02-27 17:32:21 - [TEST_STEP][PASSED] - waitForElementVisible(findTestObject("HomePage_Commission/Commission_Globalvalues/Link_Credit Types"), 2): Object 'Object Repository/HomePage_Commission/Commission_Globalvalues/Link_Credit Types' is visible

2019-02-27 17:32:23 - [MESSAGE][PASSED] - Object 'Object Repository/HomePage_Commission/Commission_Globalvalues/Link_Credit Types' is visible

2019-02-27 17:32:23 - [TEST_STEP][PASSED] - mouseOver(findTestObject("HomePage_Commission/Commission_Globalvalues/Link_Credit Types"), STOP_ON_FAILURE): Object: 'Object Repository/HomePage_Commission/Commission_Globalvalues/Link_Credit Types' is hovered

2019-02-27 17:32:26 - [MESSAGE][PASSED] - Object: 'Object Repository/HomePage_Commission/Commission_Globalvalues/Link_Credit Types' is hovered

2019-02-27 17:32:26 - [TEST_STEP][PASSED] - click(findTestObject("HomePage_Commission/Commission_Globalvalues/Link_Credit Types")): Object: 'Object Repository/HomePage_Commission/Commission_Globalvalues/Link_Credit Types' is clicked on

2019-02-27 17:32:39 - [MESSAGE][PASSED] - Object: 'Object Repository/HomePage_Commission/Commission_Globalvalues/Link_Credit Types' is clicked on

2019-02-27 17:32:39 - [TEST_STEP][PASSED] - println("User Naviagted to Credit Types screen"): null

2019-02-27 17:32:39 - [TEST_STEP][PASSED] - click(findTestObject("AdvanceSearch_Page/Icon_Advanced Search")): Object: 'Object Repository/AdvanceSearch_Page/Icon_Advanced Search' is clicked on

2019-02-27 17:32:41 - [MESSAGE][PASSED] - Object: 'Object Repository/AdvanceSearch_Page/Icon_Advanced Search' is clicked on

2019-02-27 17:32:41 - [TEST_STEP][PASSED] - click(findTestObject("AdvanceSearch_Page/FieldName_DropDown")): Object: 'Object Repository/AdvanceSearch_Page/FieldName_DropDown' is clicked on

2019-02-27 17:32:44 - [MESSAGE][PASSED] - Object: 'Object Repository/AdvanceSearch_Page/FieldName_DropDown' is clicked on

2019-02-27 17:32:44 - [TEST_STEP][PASSED] - scrollToElement(findTestObject("AdvanceSearch_Page/option_credit types id"), 2): Scroll to object 'Object Repository/AdvanceSearch_Page/option_credit types id' successfully

2019-02-27 17:32:46 - [MESSAGE][PASSED] - Scroll to object 'Object Repository/AdvanceSearch_Page/option_credit types id' successfully

2019-02-27 17:32:46 - [TEST_STEP][PASSED] - click(findTestObject("AdvanceSearch_Page/option_credit types id")): Object: 'Object Repository/AdvanceSearch_Page/option_credit types id' is clicked on

2019-02-27 17:32:48 - [MESSAGE][PASSED] - Object: 'Object Repository/AdvanceSearch_Page/option_credit types id' is clicked on

2019-02-27 17:32:48 - [TEST_STEP][PASSED] - click(findTestObject("AdvanceSearch_Page/td_Comparision")): Object: 'Object Repository/AdvanceSearch_Page/td_Comparision' is clicked on

2019-02-27 17:32:50 - [MESSAGE][PASSED] - Object: 'Object Repository/AdvanceSearch_Page/td_Comparision' is clicked on

2019-02-27 17:32:50 - [TEST_STEP][PASSED] - scrollToElement(findTestObject("AdvanceSearch_Page/option_Equals"), 2): Scroll to object 'Object Repository/AdvanceSearch_Page/option_Equals' successfully

2019-02-27 17:32:52 - [MESSAGE][PASSED] - Scroll to object 'Object Repository/AdvanceSearch_Page/option_Equals' successfully

2019-02-27 17:32:52 - [TEST_STEP][PASSED] - click(findTestObject("AdvanceSearch_Page/option_Equals")): Object: 'Object Repository/AdvanceSearch_Page/option_Equals' is clicked on

2019-02-27 17:32:54 - [MESSAGE][PASSED] - Object: 'Object Repository/AdvanceSearch_Page/option_Equals' is clicked on

2019-02-27 17:32:54 - [TEST_STEP][PASSED] - setText(findTestObject("AdvanceSearch_Page/td_Value"), Credit_Types): Text 'Commission' is set on object 'Object Repository/AdvanceSearch_Page/td_Value'

2019-02-27 17:32:59 - [MESSAGE][PASSED] - Text 'Commission' is set on object 'Object Repository/AdvanceSearch_Page/td_Value'

2019-02-27 17:32:59 - [TEST_STEP][PASSED] - click(findTestObject("AdvanceSearch_Page/AppySearch_button")): Object: 'Object Repository/AdvanceSearch_Page/AppySearch_button' is clicked on

2019-02-27 17:33:01 - [MESSAGE][PASSED] - Object: 'Object Repository/AdvanceSearch_Page/AppySearch_button' is clicked on

2019-02-27 17:33:01 - [TEST_STEP][PASSED] - globalkeywords.record.RecordNotFound(): globalkeywords.record.RecordNotFound is PASSED

2019-02-27 17:33:12 - [MESSAGE][INFO] - Unable to find the element located by 'By.xpath: //td[@class='dataTables_empty']'. Please recheck the objects properties to make sure the desired element is located. 

2019-02-27 17:33:12 - [MESSAGE][WARNING] - Object 'Object Repository/Page_Callidus Cloud Commissions Man/NoRecordsFound' is not present after 10 second(s)

2019-02-27 17:33:12 - [MESSAGE][PASSED] - globalkeywords.record.RecordNotFound is PASSED]]></system-out>
         <system-err><![CDATA[]]></system-err>
      </testcase>
      <testcase name="Test Cases/Global_values_Workspace/Earning Codes exist in the system" classname="Test Cases/Global_values_Workspace/Earning Codes exist in the system" status="PASSED">
         <system-out><![CDATA[2019-02-27 17:33:12 - [TEST_CASE][PASSED] - Test Cases/Global_values_Workspace/Earning Codes exist in the system: Test Cases/Global_values_Workspace/Earning Codes exist in the system

2019-02-27 17:33:12 - [TEST_STEP][PASSED] - Start listener action : sampleBeforeTestCase: null

2019-02-27 17:33:12 - [TEST_STEP][PASSED] - println(testCaseContext.getTestCaseId()): null

2019-02-27 17:33:12 - [TEST_STEP][PASSED] - println(testCaseContext.getTestCaseVariables()): null

2019-02-27 17:33:12 - [TEST_STEP][PASSED] - callTestCase(findTestCase("Commission Login_Logout/Commission Login"), [:], STOP_ON_FAILURE): Call Test Case 'Test Cases/Commission Login_Logout/Commission Login' successfully

2019-02-27 17:33:12 - [TEST_CASE][PASSED] - Test Cases/Commission Login_Logout/Commission Login: Test Cases/Commission Login_Logout/Commission Login

2019-02-27 17:33:12 - [TEST_STEP][PASSED] - openBrowser(""): Browser is opened with url: ''

2019-02-27 17:33:12 - [MESSAGE][WARNING] - A browser is already opened. Closing browser and opening a new one

2019-02-27 17:33:14 - [MESSAGE][INFO] - Starting 'Chrome' driver

2019-02-27 17:33:19 - [MESSAGE][PASSED] - Browser is opened with url: ''

2019-02-27 17:33:19 - [TEST_STEP][PASSED] - navigateToUrl(BecURL): Navigate to 'https://biz3-tst.callidusondemand.com/SalesPortal/#!/' successfully

2019-02-27 17:33:31 - [MESSAGE][PASSED] - Navigate to 'https://biz3-tst.callidusondemand.com/SalesPortal/#!/' successfully

2019-02-27 17:33:31 - [TEST_STEP][PASSED] - maximizeWindow(): Current window maximized

2019-02-27 17:33:33 - [MESSAGE][PASSED] - Current window maximized

2019-02-27 17:33:33 - [TEST_STEP][PASSED] - setText(findTestObject("LoginPage/input_Username_username"), Bec_UserName): Text 'rkulkarn@calliduscloud.com' is set on object 'Object Repository/LoginPage/input_Username_username'

2019-02-27 17:33:38 - [MESSAGE][PASSED] - Text 'rkulkarn@calliduscloud.com' is set on object 'Object Repository/LoginPage/input_Username_username'

2019-02-27 17:33:38 - [TEST_STEP][PASSED] - setText(findTestObject("LoginPage/input_Password_password"), Bec_Password): Text 'Augg@1234' is set on object 'Object Repository/LoginPage/input_Password_password'

2019-02-27 17:33:42 - [MESSAGE][PASSED] - Text 'Augg@1234' is set on object 'Object Repository/LoginPage/input_Password_password'

2019-02-27 17:33:42 - [TEST_STEP][PASSED] - waitForElementClickable(findTestObject("LoginPage/Login_Button"), 2): Object 'Object Repository/LoginPage/Login_Button' is clickable

2019-02-27 17:33:44 - [MESSAGE][PASSED] - Object 'Object Repository/LoginPage/Login_Button' is clickable

2019-02-27 17:33:44 - [TEST_STEP][PASSED] - click(findTestObject("LoginPage/Login_Button")): Object: 'Object Repository/LoginPage/Login_Button' is clicked on

2019-02-27 17:33:46 - [MESSAGE][PASSED] - Object: 'Object Repository/LoginPage/Login_Button' is clicked on

2019-02-27 17:33:46 - [TEST_STEP][PASSED] - waitForPageLoad(2): Wait for page load successfully

2019-02-27 17:33:47 - [MESSAGE][PASSED] - Wait for page load successfully

2019-02-27 17:33:47 - [TEST_STEP][PASSED] - click(findTestObject("MessagesPage/Icon_Apps")): Object: 'Object Repository/MessagesPage/Icon_Apps' is clicked on

2019-02-27 17:33:51 - [MESSAGE][PASSED] - Object: 'Object Repository/MessagesPage/Icon_Apps' is clicked on

2019-02-27 17:33:51 - [TEST_STEP][PASSED] - mouseOver(findTestObject("MessagesPage/Link_Commissions")): Object: 'Object Repository/MessagesPage/Link_Commissions' is hovered

2019-02-27 17:33:54 - [MESSAGE][PASSED] - Object: 'Object Repository/MessagesPage/Link_Commissions' is hovered

2019-02-27 17:33:54 - [TEST_STEP][PASSED] - scrollToElement(findTestObject("MessagesPage/Link_Commissions"), 1): Scroll to object 'Object Repository/MessagesPage/Link_Commissions' successfully

2019-02-27 17:33:56 - [MESSAGE][PASSED] - Scroll to object 'Object Repository/MessagesPage/Link_Commissions' successfully

2019-02-27 17:33:56 - [TEST_STEP][PASSED] - click(findTestObject("MessagesPage/Link_Commissions")): Object: 'Object Repository/MessagesPage/Link_Commissions' is clicked on

2019-02-27 17:34:15 - [MESSAGE][PASSED] - Object: 'Object Repository/MessagesPage/Link_Commissions' is clicked on

2019-02-27 17:34:15 - [TEST_STEP][PASSED] - waitForPageLoad(3): Wait for page load successfully

2019-02-27 17:34:16 - [MESSAGE][PASSED] - Wait for page load successfully

2019-02-27 17:34:16 - [MESSAGE][PASSED] - Call Test Case 'Test Cases/Commission Login_Logout/Commission Login' successfully

2019-02-27 17:34:16 - [TEST_STEP][PASSED] - mouseOver(findTestObject("HomePage_Commission/Commission_Globalvalues/Icon_GlobalValues")): Object: 'Object Repository/HomePage_Commission/Commission_Globalvalues/Icon_GlobalValues' is hovered

2019-02-27 17:34:19 - [MESSAGE][PASSED] - Object: 'Object Repository/HomePage_Commission/Commission_Globalvalues/Icon_GlobalValues' is hovered

2019-02-27 17:34:19 - [TEST_STEP][PASSED] - waitForElementPresent(findTestObject("HomePage_Commission/Commission_Globalvalues/Icon_GlobalValues"), 7): Object 'Object Repository/HomePage_Commission/Commission_Globalvalues/Icon_GlobalValues' is present

2019-02-27 17:34:20 - [MESSAGE][PASSED] - Object 'Object Repository/HomePage_Commission/Commission_Globalvalues/Icon_GlobalValues' is present

2019-02-27 17:34:20 - [TEST_STEP][PASSED] - click(findTestObject("HomePage_Commission/Commission_Globalvalues/Icon_GlobalValues")): Object: 'Object Repository/HomePage_Commission/Commission_Globalvalues/Icon_GlobalValues' is clicked on

2019-02-27 17:34:22 - [MESSAGE][PASSED] - Object: 'Object Repository/HomePage_Commission/Commission_Globalvalues/Icon_GlobalValues' is clicked on

2019-02-27 17:34:22 - [TEST_STEP][PASSED] - println("User is able to naviagte to Administration tab"): null

2019-02-27 17:34:22 - [TEST_STEP][PASSED] - waitForElementVisible(findTestObject("HomePage_Commission/Commission_Globalvalues/Link_Earning Codes"), 3): Object 'Object Repository/HomePage_Commission/Commission_Globalvalues/Link_Earning Codes' is visible

2019-02-27 17:34:24 - [MESSAGE][PASSED] - Object 'Object Repository/HomePage_Commission/Commission_Globalvalues/Link_Earning Codes' is visible

2019-02-27 17:34:24 - [TEST_STEP][PASSED] - mouseOver(findTestObject("HomePage_Commission/Commission_Globalvalues/Link_Earning Codes"), STOP_ON_FAILURE): Object: 'Object Repository/HomePage_Commission/Commission_Globalvalues/Link_Earning Codes' is hovered

2019-02-27 17:34:27 - [MESSAGE][PASSED] - Object: 'Object Repository/HomePage_Commission/Commission_Globalvalues/Link_Earning Codes' is hovered

2019-02-27 17:34:27 - [TEST_STEP][PASSED] - click(findTestObject("HomePage_Commission/Commission_Globalvalues/Link_Earning Codes")): Object: 'Object Repository/HomePage_Commission/Commission_Globalvalues/Link_Earning Codes' is clicked on

2019-02-27 17:34:38 - [MESSAGE][PASSED] - Object: 'Object Repository/HomePage_Commission/Commission_Globalvalues/Link_Earning Codes' is clicked on

2019-02-27 17:34:38 - [TEST_STEP][PASSED] - println("User Naviagted to Earning Codes screen"): null

2019-02-27 17:34:38 - [TEST_STEP][PASSED] - click(findTestObject("AdvanceSearch_Page/Icon_Advanced Search")): Object: 'Object Repository/AdvanceSearch_Page/Icon_Advanced Search' is clicked on

2019-02-27 17:34:40 - [MESSAGE][PASSED] - Object: 'Object Repository/AdvanceSearch_Page/Icon_Advanced Search' is clicked on

2019-02-27 17:34:40 - [TEST_STEP][PASSED] - click(findTestObject("AdvanceSearch_Page/FieldName_DropDown")): Object: 'Object Repository/AdvanceSearch_Page/FieldName_DropDown' is clicked on

2019-02-27 17:34:43 - [MESSAGE][PASSED] - Object: 'Object Repository/AdvanceSearch_Page/FieldName_DropDown' is clicked on

2019-02-27 17:34:43 - [TEST_STEP][PASSED] - scrollToElement(findTestObject("AdvanceSearch_Page/option_Earning Code id"), 3): Scroll to object 'Object Repository/AdvanceSearch_Page/option_Earning Code id' successfully

2019-02-27 17:34:45 - [MESSAGE][PASSED] - Scroll to object 'Object Repository/AdvanceSearch_Page/option_Earning Code id' successfully

2019-02-27 17:34:45 - [TEST_STEP][PASSED] - click(findTestObject("AdvanceSearch_Page/option_Earning Code id")): Object: 'Object Repository/AdvanceSearch_Page/option_Earning Code id' is clicked on

2019-02-27 17:34:47 - [MESSAGE][PASSED] - Object: 'Object Repository/AdvanceSearch_Page/option_Earning Code id' is clicked on

2019-02-27 17:34:47 - [TEST_STEP][PASSED] - click(findTestObject("AdvanceSearch_Page/td_Comparision")): Object: 'Object Repository/AdvanceSearch_Page/td_Comparision' is clicked on

2019-02-27 17:34:49 - [MESSAGE][PASSED] - Object: 'Object Repository/AdvanceSearch_Page/td_Comparision' is clicked on

2019-02-27 17:34:49 - [TEST_STEP][PASSED] - scrollToElement(findTestObject("AdvanceSearch_Page/option_Equals"), 2): Scroll to object 'Object Repository/AdvanceSearch_Page/option_Equals' successfully

2019-02-27 17:34:51 - [MESSAGE][PASSED] - Scroll to object 'Object Repository/AdvanceSearch_Page/option_Equals' successfully

2019-02-27 17:34:51 - [TEST_STEP][PASSED] - click(findTestObject("AdvanceSearch_Page/option_Equals")): Object: 'Object Repository/AdvanceSearch_Page/option_Equals' is clicked on

2019-02-27 17:34:53 - [MESSAGE][PASSED] - Object: 'Object Repository/AdvanceSearch_Page/option_Equals' is clicked on

2019-02-27 17:34:53 - [TEST_STEP][PASSED] - setText(findTestObject("AdvanceSearch_Page/td_Value"), earningCodeName): Text 'Bonus' is set on object 'Object Repository/AdvanceSearch_Page/td_Value'

2019-02-27 17:34:57 - [MESSAGE][PASSED] - Text 'Bonus' is set on object 'Object Repository/AdvanceSearch_Page/td_Value'

2019-02-27 17:34:57 - [TEST_STEP][PASSED] - click(findTestObject("AdvanceSearch_Page/AppySearch_button")): Object: 'Object Repository/AdvanceSearch_Page/AppySearch_button' is clicked on

2019-02-27 17:35:00 - [MESSAGE][PASSED] - Object: 'Object Repository/AdvanceSearch_Page/AppySearch_button' is clicked on

2019-02-27 17:35:00 - [TEST_STEP][PASSED] - globalkeywords.record.RecordNotFound(): globalkeywords.record.RecordNotFound is PASSED

2019-02-27 17:35:10 - [MESSAGE][INFO] - Unable to find the element located by 'By.xpath: //td[@class='dataTables_empty']'. Please recheck the objects properties to make sure the desired element is located. 

2019-02-27 17:35:10 - [MESSAGE][WARNING] - Object 'Object Repository/Page_Callidus Cloud Commissions Man/NoRecordsFound' is not present after 10 second(s)

2019-02-27 17:35:10 - [MESSAGE][PASSED] - globalkeywords.record.RecordNotFound is PASSED]]></system-out>
         <system-err><![CDATA[]]></system-err>
      </testcase>
      <testcase name="Test Cases/Global_values_Workspace/Earning Groups exist in the system" classname="Test Cases/Global_values_Workspace/Earning Groups exist in the system" status="PASSED">
         <system-out><![CDATA[2019-02-27 17:35:10 - [TEST_CASE][PASSED] - Test Cases/Global_values_Workspace/Earning Groups exist in the system: Test Cases/Global_values_Workspace/Earning Groups exist in the system

2019-02-27 17:35:10 - [TEST_STEP][PASSED] - Start listener action : sampleBeforeTestCase: null

2019-02-27 17:35:10 - [TEST_STEP][PASSED] - println(testCaseContext.getTestCaseId()): null

2019-02-27 17:35:10 - [TEST_STEP][PASSED] - println(testCaseContext.getTestCaseVariables()): null

2019-02-27 17:35:11 - [TEST_STEP][PASSED] - callTestCase(findTestCase("Commission Login_Logout/Commission Login"), [:], STOP_ON_FAILURE): Call Test Case 'Test Cases/Commission Login_Logout/Commission Login' successfully

2019-02-27 17:35:11 - [TEST_CASE][PASSED] - Test Cases/Commission Login_Logout/Commission Login: Test Cases/Commission Login_Logout/Commission Login

2019-02-27 17:35:11 - [TEST_STEP][PASSED] - openBrowser(""): Browser is opened with url: ''

2019-02-27 17:35:11 - [MESSAGE][WARNING] - A browser is already opened. Closing browser and opening a new one

2019-02-27 17:35:13 - [MESSAGE][INFO] - Starting 'Chrome' driver

2019-02-27 17:35:18 - [MESSAGE][PASSED] - Browser is opened with url: ''

2019-02-27 17:35:18 - [TEST_STEP][PASSED] - navigateToUrl(BecURL): Navigate to 'https://biz3-tst.callidusondemand.com/SalesPortal/#!/' successfully

2019-02-27 17:35:33 - [MESSAGE][PASSED] - Navigate to 'https://biz3-tst.callidusondemand.com/SalesPortal/#!/' successfully

2019-02-27 17:35:33 - [TEST_STEP][PASSED] - maximizeWindow(): Current window maximized

2019-02-27 17:35:36 - [MESSAGE][PASSED] - Current window maximized

2019-02-27 17:35:36 - [TEST_STEP][PASSED] - setText(findTestObject("LoginPage/input_Username_username"), Bec_UserName): Text 'rkulkarn@calliduscloud.com' is set on object 'Object Repository/LoginPage/input_Username_username'

2019-02-27 17:35:40 - [MESSAGE][PASSED] - Text 'rkulkarn@calliduscloud.com' is set on object 'Object Repository/LoginPage/input_Username_username'

2019-02-27 17:35:40 - [TEST_STEP][PASSED] - setText(findTestObject("LoginPage/input_Password_password"), Bec_Password): Text 'Augg@1234' is set on object 'Object Repository/LoginPage/input_Password_password'

2019-02-27 17:35:44 - [MESSAGE][PASSED] - Text 'Augg@1234' is set on object 'Object Repository/LoginPage/input_Password_password'

2019-02-27 17:35:44 - [TEST_STEP][PASSED] - waitForElementClickable(findTestObject("LoginPage/Login_Button"), 2): Object 'Object Repository/LoginPage/Login_Button' is clickable

2019-02-27 17:35:46 - [MESSAGE][PASSED] - Object 'Object Repository/LoginPage/Login_Button' is clickable

2019-02-27 17:35:46 - [TEST_STEP][PASSED] - click(findTestObject("LoginPage/Login_Button")): Object: 'Object Repository/LoginPage/Login_Button' is clicked on

2019-02-27 17:35:49 - [MESSAGE][PASSED] - Object: 'Object Repository/LoginPage/Login_Button' is clicked on

2019-02-27 17:35:49 - [TEST_STEP][PASSED] - waitForPageLoad(2): Wait for page load successfully

2019-02-27 17:35:50 - [MESSAGE][PASSED] - Wait for page load successfully

2019-02-27 17:35:50 - [TEST_STEP][PASSED] - click(findTestObject("MessagesPage/Icon_Apps")): Object: 'Object Repository/MessagesPage/Icon_Apps' is clicked on

2019-02-27 17:35:53 - [MESSAGE][PASSED] - Object: 'Object Repository/MessagesPage/Icon_Apps' is clicked on

2019-02-27 17:35:53 - [TEST_STEP][PASSED] - mouseOver(findTestObject("MessagesPage/Link_Commissions")): Object: 'Object Repository/MessagesPage/Link_Commissions' is hovered

2019-02-27 17:35:56 - [MESSAGE][PASSED] - Object: 'Object Repository/MessagesPage/Link_Commissions' is hovered

2019-02-27 17:35:56 - [TEST_STEP][PASSED] - scrollToElement(findTestObject("MessagesPage/Link_Commissions"), 1): Scroll to object 'Object Repository/MessagesPage/Link_Commissions' successfully

2019-02-27 17:35:58 - [MESSAGE][PASSED] - Scroll to object 'Object Repository/MessagesPage/Link_Commissions' successfully

2019-02-27 17:35:58 - [TEST_STEP][PASSED] - click(findTestObject("MessagesPage/Link_Commissions")): Object: 'Object Repository/MessagesPage/Link_Commissions' is clicked on

2019-02-27 17:36:34 - [MESSAGE][PASSED] - Object: 'Object Repository/MessagesPage/Link_Commissions' is clicked on

2019-02-27 17:36:34 - [TEST_STEP][PASSED] - waitForPageLoad(3): Wait for page load successfully

2019-02-27 17:36:35 - [MESSAGE][PASSED] - Wait for page load successfully

2019-02-27 17:36:35 - [MESSAGE][PASSED] - Call Test Case 'Test Cases/Commission Login_Logout/Commission Login' successfully

2019-02-27 17:36:35 - [TEST_STEP][PASSED] - mouseOver(findTestObject("HomePage_Commission/Commission_Globalvalues/Icon_GlobalValues")): Object: 'Object Repository/HomePage_Commission/Commission_Globalvalues/Icon_GlobalValues' is hovered

2019-02-27 17:36:38 - [MESSAGE][PASSED] - Object: 'Object Repository/HomePage_Commission/Commission_Globalvalues/Icon_GlobalValues' is hovered

2019-02-27 17:36:38 - [TEST_STEP][PASSED] - waitForElementPresent(findTestObject("HomePage_Commission/Commission_Globalvalues/Icon_GlobalValues"), 7): Object 'Object Repository/HomePage_Commission/Commission_Globalvalues/Icon_GlobalValues' is present

2019-02-27 17:36:39 - [MESSAGE][PASSED] - Object 'Object Repository/HomePage_Commission/Commission_Globalvalues/Icon_GlobalValues' is present

2019-02-27 17:36:39 - [TEST_STEP][PASSED] - click(findTestObject("HomePage_Commission/Commission_Globalvalues/Icon_GlobalValues")): Object: 'Object Repository/HomePage_Commission/Commission_Globalvalues/Icon_GlobalValues' is clicked on

2019-02-27 17:36:41 - [MESSAGE][PASSED] - Object: 'Object Repository/HomePage_Commission/Commission_Globalvalues/Icon_GlobalValues' is clicked on

2019-02-27 17:36:41 - [TEST_STEP][PASSED] - println("User is able to naviagte to Administration tab"): null

2019-02-27 17:36:41 - [TEST_STEP][PASSED] - waitForElementVisible(findTestObject("HomePage_Commission/Commission_Globalvalues/Link_Earning Groups"), 4): Object 'Object Repository/HomePage_Commission/Commission_Globalvalues/Link_Earning Groups' is visible

2019-02-27 17:36:43 - [MESSAGE][PASSED] - Object 'Object Repository/HomePage_Commission/Commission_Globalvalues/Link_Earning Groups' is visible

2019-02-27 17:36:43 - [TEST_STEP][PASSED] - mouseOver(findTestObject("HomePage_Commission/Commission_Globalvalues/Link_Earning Groups"), STOP_ON_FAILURE): Object: 'Object Repository/HomePage_Commission/Commission_Globalvalues/Link_Earning Groups' is hovered

2019-02-27 17:36:46 - [MESSAGE][PASSED] - Object: 'Object Repository/HomePage_Commission/Commission_Globalvalues/Link_Earning Groups' is hovered

2019-02-27 17:36:46 - [TEST_STEP][PASSED] - click(findTestObject("HomePage_Commission/Commission_Globalvalues/Link_Earning Groups")): Object: 'Object Repository/HomePage_Commission/Commission_Globalvalues/Link_Earning Groups' is clicked on

2019-02-27 17:36:57 - [MESSAGE][PASSED] - Object: 'Object Repository/HomePage_Commission/Commission_Globalvalues/Link_Earning Groups' is clicked on

2019-02-27 17:36:57 - [TEST_STEP][PASSED] - println("User Naviagted to Earning Groups screen"): null

2019-02-27 17:36:57 - [TEST_STEP][PASSED] - click(findTestObject("AdvanceSearch_Page/Icon_Advanced Search")): Object: 'Object Repository/AdvanceSearch_Page/Icon_Advanced Search' is clicked on

2019-02-27 17:36:59 - [MESSAGE][PASSED] - Object: 'Object Repository/AdvanceSearch_Page/Icon_Advanced Search' is clicked on

2019-02-27 17:36:59 - [TEST_STEP][PASSED] - click(findTestObject("AdvanceSearch_Page/FieldName_DropDown")): Object: 'Object Repository/AdvanceSearch_Page/FieldName_DropDown' is clicked on

2019-02-27 17:37:01 - [MESSAGE][PASSED] - Object: 'Object Repository/AdvanceSearch_Page/FieldName_DropDown' is clicked on

2019-02-27 17:37:01 - [TEST_STEP][PASSED] - scrollToElement(findTestObject("AdvanceSearch_Page/option_Earning Groups"), 3): Scroll to object 'Object Repository/AdvanceSearch_Page/option_Earning Groups' successfully

2019-02-27 17:37:03 - [MESSAGE][PASSED] - Scroll to object 'Object Repository/AdvanceSearch_Page/option_Earning Groups' successfully

2019-02-27 17:37:03 - [TEST_STEP][PASSED] - click(findTestObject("AdvanceSearch_Page/option_Earning Groups")): Object: 'Object Repository/AdvanceSearch_Page/option_Earning Groups' is clicked on

2019-02-27 17:37:06 - [MESSAGE][PASSED] - Object: 'Object Repository/AdvanceSearch_Page/option_Earning Groups' is clicked on

2019-02-27 17:37:06 - [TEST_STEP][PASSED] - click(findTestObject("AdvanceSearch_Page/td_Comparision")): Object: 'Object Repository/AdvanceSearch_Page/td_Comparision' is clicked on

2019-02-27 17:37:08 - [MESSAGE][PASSED] - Object: 'Object Repository/AdvanceSearch_Page/td_Comparision' is clicked on

2019-02-27 17:37:08 - [TEST_STEP][PASSED] - scrollToElement(findTestObject("AdvanceSearch_Page/option_Equals"), 2): Scroll to object 'Object Repository/AdvanceSearch_Page/option_Equals' successfully

2019-02-27 17:37:10 - [MESSAGE][PASSED] - Scroll to object 'Object Repository/AdvanceSearch_Page/option_Equals' successfully

2019-02-27 17:37:10 - [TEST_STEP][PASSED] - click(findTestObject("AdvanceSearch_Page/option_Equals")): Object: 'Object Repository/AdvanceSearch_Page/option_Equals' is clicked on

2019-02-27 17:37:12 - [MESSAGE][PASSED] - Object: 'Object Repository/AdvanceSearch_Page/option_Equals' is clicked on

2019-02-27 17:37:12 - [TEST_STEP][PASSED] - setText(findTestObject("AdvanceSearch_Page/td_Value"), EarningGroupName): Text 'Commission' is set on object 'Object Repository/AdvanceSearch_Page/td_Value'

2019-02-27 17:37:16 - [MESSAGE][PASSED] - Text 'Commission' is set on object 'Object Repository/AdvanceSearch_Page/td_Value'

2019-02-27 17:37:16 - [TEST_STEP][PASSED] - click(findTestObject("AdvanceSearch_Page/AppySearch_button")): Object: 'Object Repository/AdvanceSearch_Page/AppySearch_button' is clicked on

2019-02-27 17:37:19 - [MESSAGE][PASSED] - Object: 'Object Repository/AdvanceSearch_Page/AppySearch_button' is clicked on

2019-02-27 17:37:19 - [TEST_STEP][PASSED] - globalkeywords.record.RecordNotFound(): globalkeywords.record.RecordNotFound is PASSED

2019-02-27 17:37:29 - [MESSAGE][INFO] - Unable to find the element located by 'By.xpath: //td[@class='dataTables_empty']'. Please recheck the objects properties to make sure the desired element is located. 

2019-02-27 17:37:29 - [MESSAGE][WARNING] - Object 'Object Repository/Page_Callidus Cloud Commissions Man/NoRecordsFound' is not present after 10 second(s)

2019-02-27 17:37:29 - [MESSAGE][PASSED] - globalkeywords.record.RecordNotFound is PASSED]]></system-out>
         <system-err><![CDATA[]]></system-err>
      </testcase>
      <testcase name="Test Cases/Global_values_Workspace/EventTypes exist in the System" classname="Test Cases/Global_values_Workspace/EventTypes exist in the System" status="PASSED">
         <system-out><![CDATA[2019-02-27 17:37:29 - [TEST_CASE][PASSED] - Test Cases/Global_values_Workspace/EventTypes exist in the System: Test Cases/Global_values_Workspace/EventTypes exist in the System

2019-02-27 17:37:29 - [TEST_STEP][PASSED] - Start listener action : sampleBeforeTestCase: null

2019-02-27 17:37:29 - [TEST_STEP][PASSED] - println(testCaseContext.getTestCaseId()): null

2019-02-27 17:37:29 - [TEST_STEP][PASSED] - println(testCaseContext.getTestCaseVariables()): null

2019-02-27 17:37:30 - [TEST_STEP][PASSED] - callTestCase(findTestCase("Commission Login_Logout/Commission Login"), [:], STOP_ON_FAILURE): Call Test Case 'Test Cases/Commission Login_Logout/Commission Login' successfully

2019-02-27 17:37:30 - [TEST_CASE][PASSED] - Test Cases/Commission Login_Logout/Commission Login: Test Cases/Commission Login_Logout/Commission Login

2019-02-27 17:37:30 - [TEST_STEP][PASSED] - openBrowser(""): Browser is opened with url: ''

2019-02-27 17:37:30 - [MESSAGE][WARNING] - A browser is already opened. Closing browser and opening a new one

2019-02-27 17:37:32 - [MESSAGE][INFO] - Starting 'Chrome' driver

2019-02-27 17:37:37 - [MESSAGE][PASSED] - Browser is opened with url: ''

2019-02-27 17:37:37 - [TEST_STEP][PASSED] - navigateToUrl(BecURL): Navigate to 'https://biz3-tst.callidusondemand.com/SalesPortal/#!/' successfully

2019-02-27 17:37:48 - [MESSAGE][PASSED] - Navigate to 'https://biz3-tst.callidusondemand.com/SalesPortal/#!/' successfully

2019-02-27 17:37:48 - [TEST_STEP][PASSED] - maximizeWindow(): Current window maximized

2019-02-27 17:37:50 - [MESSAGE][PASSED] - Current window maximized

2019-02-27 17:37:50 - [TEST_STEP][PASSED] - setText(findTestObject("LoginPage/input_Username_username"), Bec_UserName): Text 'rkulkarn@calliduscloud.com' is set on object 'Object Repository/LoginPage/input_Username_username'

2019-02-27 17:37:55 - [MESSAGE][PASSED] - Text 'rkulkarn@calliduscloud.com' is set on object 'Object Repository/LoginPage/input_Username_username'

2019-02-27 17:37:55 - [TEST_STEP][PASSED] - setText(findTestObject("LoginPage/input_Password_password"), Bec_Password): Text 'Augg@1234' is set on object 'Object Repository/LoginPage/input_Password_password'

2019-02-27 17:37:59 - [MESSAGE][PASSED] - Text 'Augg@1234' is set on object 'Object Repository/LoginPage/input_Password_password'

2019-02-27 17:37:59 - [TEST_STEP][PASSED] - waitForElementClickable(findTestObject("LoginPage/Login_Button"), 2): Object 'Object Repository/LoginPage/Login_Button' is clickable

2019-02-27 17:38:01 - [MESSAGE][PASSED] - Object 'Object Repository/LoginPage/Login_Button' is clickable

2019-02-27 17:38:01 - [TEST_STEP][PASSED] - click(findTestObject("LoginPage/Login_Button")): Object: 'Object Repository/LoginPage/Login_Button' is clicked on

2019-02-27 17:38:03 - [MESSAGE][PASSED] - Object: 'Object Repository/LoginPage/Login_Button' is clicked on

2019-02-27 17:38:03 - [TEST_STEP][PASSED] - waitForPageLoad(2): Wait for page load successfully

2019-02-27 17:38:04 - [MESSAGE][PASSED] - Wait for page load successfully

2019-02-27 17:38:04 - [TEST_STEP][PASSED] - click(findTestObject("MessagesPage/Icon_Apps")): Object: 'Object Repository/MessagesPage/Icon_Apps' is clicked on

2019-02-27 17:38:08 - [MESSAGE][PASSED] - Object: 'Object Repository/MessagesPage/Icon_Apps' is clicked on

2019-02-27 17:38:08 - [TEST_STEP][PASSED] - mouseOver(findTestObject("MessagesPage/Link_Commissions")): Object: 'Object Repository/MessagesPage/Link_Commissions' is hovered

2019-02-27 17:38:11 - [MESSAGE][PASSED] - Object: 'Object Repository/MessagesPage/Link_Commissions' is hovered

2019-02-27 17:38:11 - [TEST_STEP][PASSED] - scrollToElement(findTestObject("MessagesPage/Link_Commissions"), 1): Scroll to object 'Object Repository/MessagesPage/Link_Commissions' successfully

2019-02-27 17:38:13 - [MESSAGE][PASSED] - Scroll to object 'Object Repository/MessagesPage/Link_Commissions' successfully

2019-02-27 17:38:13 - [TEST_STEP][PASSED] - click(findTestObject("MessagesPage/Link_Commissions")): Object: 'Object Repository/MessagesPage/Link_Commissions' is clicked on

2019-02-27 17:38:31 - [MESSAGE][PASSED] - Object: 'Object Repository/MessagesPage/Link_Commissions' is clicked on

2019-02-27 17:38:31 - [TEST_STEP][PASSED] - waitForPageLoad(3): Wait for page load successfully

2019-02-27 17:38:32 - [MESSAGE][PASSED] - Wait for page load successfully

2019-02-27 17:38:32 - [MESSAGE][PASSED] - Call Test Case 'Test Cases/Commission Login_Logout/Commission Login' successfully

2019-02-27 17:38:32 - [TEST_STEP][PASSED] - waitForElementVisible(findTestObject("HomePage_Commission/Commission_Globalvalues/Icon_GlobalValues"), 5): Object 'Object Repository/HomePage_Commission/Commission_Globalvalues/Icon_GlobalValues' is visible

2019-02-27 17:38:34 - [MESSAGE][PASSED] - Object 'Object Repository/HomePage_Commission/Commission_Globalvalues/Icon_GlobalValues' is visible

2019-02-27 17:38:34 - [TEST_STEP][PASSED] - click(findTestObject("HomePage_Commission/Commission_Globalvalues/Icon_GlobalValues")): Object: 'Object Repository/HomePage_Commission/Commission_Globalvalues/Icon_GlobalValues' is clicked on

2019-02-27 17:38:36 - [MESSAGE][PASSED] - Object: 'Object Repository/HomePage_Commission/Commission_Globalvalues/Icon_GlobalValues' is clicked on

2019-02-27 17:38:36 - [TEST_STEP][PASSED] - println("User is able to naviagte to Global Variable Icon"): null

2019-02-27 17:38:36 - [TEST_STEP][PASSED] - mouseOver(findTestObject("HomePage_Commission/Commission_Globalvalues/Link_EventTypes"), STOP_ON_FAILURE): Object: 'Object Repository/HomePage_Commission/Commission_Globalvalues/Link_EventTypes' is hovered

2019-02-27 17:38:40 - [MESSAGE][PASSED] - Object: 'Object Repository/HomePage_Commission/Commission_Globalvalues/Link_EventTypes' is hovered

2019-02-27 17:38:40 - [TEST_STEP][PASSED] - waitForElementClickable(findTestObject("HomePage_Commission/Commission_Globalvalues/Link_EventTypes"), 5): Object 'Object Repository/HomePage_Commission/Commission_Globalvalues/Link_EventTypes' is clickable

2019-02-27 17:38:42 - [MESSAGE][PASSED] - Object 'Object Repository/HomePage_Commission/Commission_Globalvalues/Link_EventTypes' is clickable

2019-02-27 17:38:42 - [TEST_STEP][PASSED] - click(findTestObject("HomePage_Commission/Commission_Globalvalues/Link_EventTypes")): Object: 'Object Repository/HomePage_Commission/Commission_Globalvalues/Link_EventTypes' is clicked on

2019-02-27 17:38:52 - [MESSAGE][PASSED] - Object: 'Object Repository/HomePage_Commission/Commission_Globalvalues/Link_EventTypes' is clicked on

2019-02-27 17:38:52 - [TEST_STEP][PASSED] - println("User Naviagted to Event Type screen"): null

2019-02-27 17:38:52 - [TEST_STEP][PASSED] - waitForPageLoad(5): Wait for page load successfully

2019-02-27 17:38:53 - [MESSAGE][PASSED] - Wait for page load successfully

2019-02-27 17:38:53 - [TEST_STEP][PASSED] - scrollToPosition(0, 0): Browser is scrolled to position x = 0, y = 0

2019-02-27 17:38:54 - [MESSAGE][PASSED] - Browser is scrolled to position x = 0, y = 0

2019-02-27 17:38:54 - [TEST_STEP][PASSED] - click(findTestObject("AdvanceSearch_Page/Icon_Advanced Search")): Object: 'Object Repository/AdvanceSearch_Page/Icon_Advanced Search' is clicked on

2019-02-27 17:38:56 - [MESSAGE][PASSED] - Object: 'Object Repository/AdvanceSearch_Page/Icon_Advanced Search' is clicked on

2019-02-27 17:38:56 - [TEST_STEP][PASSED] - waitForElementVisible(findTestObject("AdvanceSearch_Page/FieldName_DropDown"), 5): Object 'Object Repository/AdvanceSearch_Page/FieldName_DropDown' is visible

2019-02-27 17:38:58 - [MESSAGE][PASSED] - Object 'Object Repository/AdvanceSearch_Page/FieldName_DropDown' is visible

2019-02-27 17:38:58 - [TEST_STEP][PASSED] - click(findTestObject("AdvanceSearch_Page/FieldName_DropDown")): Object: 'Object Repository/AdvanceSearch_Page/FieldName_DropDown' is clicked on

2019-02-27 17:39:01 - [MESSAGE][PASSED] - Object: 'Object Repository/AdvanceSearch_Page/FieldName_DropDown' is clicked on

2019-02-27 17:39:01 - [TEST_STEP][PASSED] - waitForElementVisible(findTestObject("AdvanceSearch_Page/option_Event Type id"), 2): Object 'Object Repository/AdvanceSearch_Page/option_Event Type id' is visible

2019-02-27 17:39:03 - [MESSAGE][PASSED] - Object 'Object Repository/AdvanceSearch_Page/option_Event Type id' is visible

2019-02-27 17:39:03 - [TEST_STEP][PASSED] - scrollToElement(findTestObject("AdvanceSearch_Page/option_Event Type id"), 3): Scroll to object 'Object Repository/AdvanceSearch_Page/option_Event Type id' successfully

2019-02-27 17:39:05 - [MESSAGE][PASSED] - Scroll to object 'Object Repository/AdvanceSearch_Page/option_Event Type id' successfully

2019-02-27 17:39:05 - [TEST_STEP][PASSED] - waitForElementClickable(findTestObject("AdvanceSearch_Page/option_Event Type id"), 2): Object 'Object Repository/AdvanceSearch_Page/option_Event Type id' is clickable

2019-02-27 17:39:07 - [MESSAGE][PASSED] - Object 'Object Repository/AdvanceSearch_Page/option_Event Type id' is clickable

2019-02-27 17:39:07 - [TEST_STEP][PASSED] - click(findTestObject("AdvanceSearch_Page/option_Event Type id")): Object: 'Object Repository/AdvanceSearch_Page/option_Event Type id' is clicked on

2019-02-27 17:39:09 - [MESSAGE][PASSED] - Object: 'Object Repository/AdvanceSearch_Page/option_Event Type id' is clicked on

2019-02-27 17:39:09 - [TEST_STEP][PASSED] - click(findTestObject("AdvanceSearch_Page/td_Comparision")): Object: 'Object Repository/AdvanceSearch_Page/td_Comparision' is clicked on

2019-02-27 17:39:11 - [MESSAGE][PASSED] - Object: 'Object Repository/AdvanceSearch_Page/td_Comparision' is clicked on

2019-02-27 17:39:11 - [TEST_STEP][PASSED] - waitForElementVisible(findTestObject("AdvanceSearch_Page/option_Equals"), 2): Object 'Object Repository/AdvanceSearch_Page/option_Equals' is visible

2019-02-27 17:39:13 - [MESSAGE][PASSED] - Object 'Object Repository/AdvanceSearch_Page/option_Equals' is visible

2019-02-27 17:39:13 - [TEST_STEP][PASSED] - scrollToElement(findTestObject("AdvanceSearch_Page/option_Equals"), 2): Scroll to object 'Object Repository/AdvanceSearch_Page/option_Equals' successfully

2019-02-27 17:39:15 - [MESSAGE][PASSED] - Scroll to object 'Object Repository/AdvanceSearch_Page/option_Equals' successfully

2019-02-27 17:39:15 - [TEST_STEP][PASSED] - waitForElementClickable(findTestObject("AdvanceSearch_Page/option_Equals"), 2): Object 'Object Repository/AdvanceSearch_Page/option_Equals' is clickable

2019-02-27 17:39:17 - [MESSAGE][PASSED] - Object 'Object Repository/AdvanceSearch_Page/option_Equals' is clickable

2019-02-27 17:39:17 - [TEST_STEP][PASSED] - click(findTestObject("AdvanceSearch_Page/option_Equals")): Object: 'Object Repository/AdvanceSearch_Page/option_Equals' is clicked on

2019-02-27 17:39:20 - [MESSAGE][PASSED] - Object: 'Object Repository/AdvanceSearch_Page/option_Equals' is clicked on

2019-02-27 17:39:20 - [TEST_STEP][PASSED] - waitForElementClickable(findTestObject("AdvanceSearch_Page/td_Value"), 2): Object 'Object Repository/AdvanceSearch_Page/td_Value' is clickable

2019-02-27 17:39:22 - [MESSAGE][PASSED] - Object 'Object Repository/AdvanceSearch_Page/td_Value' is clickable

2019-02-27 17:39:22 - [TEST_STEP][PASSED] - click(findTestObject("AdvanceSearch_Page/td_Value")): Object: 'Object Repository/AdvanceSearch_Page/td_Value' is clicked on

2019-02-27 17:39:24 - [MESSAGE][PASSED] - Object: 'Object Repository/AdvanceSearch_Page/td_Value' is clicked on

2019-02-27 17:39:24 - [TEST_STEP][PASSED] - setText(findTestObject("AdvanceSearch_Page/td_Value"), eventTypeName): Text 'Invest' is set on object 'Object Repository/AdvanceSearch_Page/td_Value'

2019-02-27 17:39:28 - [MESSAGE][PASSED] - Text 'Invest' is set on object 'Object Repository/AdvanceSearch_Page/td_Value'

2019-02-27 17:39:28 - [TEST_STEP][PASSED] - waitForElementClickable(findTestObject("AdvanceSearch_Page/AppySearch_button"), 2): Object 'Object Repository/AdvanceSearch_Page/AppySearch_button' is clickable

2019-02-27 17:39:30 - [MESSAGE][PASSED] - Object 'Object Repository/AdvanceSearch_Page/AppySearch_button' is clickable

2019-02-27 17:39:30 - [TEST_STEP][PASSED] - click(findTestObject("AdvanceSearch_Page/AppySearch_button")): Object: 'Object Repository/AdvanceSearch_Page/AppySearch_button' is clicked on

2019-02-27 17:39:32 - [MESSAGE][PASSED] - Object: 'Object Repository/AdvanceSearch_Page/AppySearch_button' is clicked on

2019-02-27 17:39:32 - [TEST_STEP][PASSED] - globalkeywords.record.RecordNotFound(): globalkeywords.record.RecordNotFound is PASSED

2019-02-27 17:39:43 - [MESSAGE][INFO] - Unable to find the element located by 'By.xpath: //td[@class='dataTables_empty']'. Please recheck the objects properties to make sure the desired element is located. 

2019-02-27 17:39:43 - [MESSAGE][WARNING] - Object 'Object Repository/Page_Callidus Cloud Commissions Man/NoRecordsFound' is not present after 10 second(s)

2019-02-27 17:39:43 - [MESSAGE][PASSED] - globalkeywords.record.RecordNotFound is PASSED]]></system-out>
         <system-err><![CDATA[]]></system-err>
      </testcase>
      <testcase name="Test Cases/Global_values_Workspace/Fixed ValueTypes exist in the system" classname="Test Cases/Global_values_Workspace/Fixed ValueTypes exist in the system" status="PASSED">
         <system-out><![CDATA[2019-02-27 17:39:43 - [TEST_CASE][PASSED] - Test Cases/Global_values_Workspace/Fixed ValueTypes exist in the system: Test Cases/Global_values_Workspace/Fixed ValueTypes exist in the system

2019-02-27 17:39:43 - [TEST_STEP][PASSED] - Start listener action : sampleBeforeTestCase: null

2019-02-27 17:39:43 - [TEST_STEP][PASSED] - println(testCaseContext.getTestCaseId()): null

2019-02-27 17:39:43 - [TEST_STEP][PASSED] - println(testCaseContext.getTestCaseVariables()): null

2019-02-27 17:39:43 - [TEST_STEP][PASSED] - callTestCase(findTestCase("Commission Login_Logout/Commission Login"), [:], STOP_ON_FAILURE): Call Test Case 'Test Cases/Commission Login_Logout/Commission Login' successfully

2019-02-27 17:39:43 - [TEST_CASE][PASSED] - Test Cases/Commission Login_Logout/Commission Login: Test Cases/Commission Login_Logout/Commission Login

2019-02-27 17:39:43 - [TEST_STEP][PASSED] - openBrowser(""): Browser is opened with url: ''

2019-02-27 17:39:43 - [MESSAGE][WARNING] - A browser is already opened. Closing browser and opening a new one

2019-02-27 17:39:45 - [MESSAGE][INFO] - Starting 'Chrome' driver

2019-02-27 17:39:50 - [MESSAGE][PASSED] - Browser is opened with url: ''

2019-02-27 17:39:50 - [TEST_STEP][PASSED] - navigateToUrl(BecURL): Navigate to 'https://biz3-tst.callidusondemand.com/SalesPortal/#!/' successfully

2019-02-27 17:40:02 - [MESSAGE][PASSED] - Navigate to 'https://biz3-tst.callidusondemand.com/SalesPortal/#!/' successfully

2019-02-27 17:40:02 - [TEST_STEP][PASSED] - maximizeWindow(): Current window maximized

2019-02-27 17:40:04 - [MESSAGE][PASSED] - Current window maximized

2019-02-27 17:40:04 - [TEST_STEP][PASSED] - setText(findTestObject("LoginPage/input_Username_username"), Bec_UserName): Text 'rkulkarn@calliduscloud.com' is set on object 'Object Repository/LoginPage/input_Username_username'

2019-02-27 17:40:08 - [MESSAGE][PASSED] - Text 'rkulkarn@calliduscloud.com' is set on object 'Object Repository/LoginPage/input_Username_username'

2019-02-27 17:40:08 - [TEST_STEP][PASSED] - setText(findTestObject("LoginPage/input_Password_password"), Bec_Password): Text 'Augg@1234' is set on object 'Object Repository/LoginPage/input_Password_password'

2019-02-27 17:40:12 - [MESSAGE][PASSED] - Text 'Augg@1234' is set on object 'Object Repository/LoginPage/input_Password_password'

2019-02-27 17:40:12 - [TEST_STEP][PASSED] - waitForElementClickable(findTestObject("LoginPage/Login_Button"), 2): Object 'Object Repository/LoginPage/Login_Button' is clickable

2019-02-27 17:40:15 - [MESSAGE][PASSED] - Object 'Object Repository/LoginPage/Login_Button' is clickable

2019-02-27 17:40:15 - [TEST_STEP][PASSED] - click(findTestObject("LoginPage/Login_Button")): Object: 'Object Repository/LoginPage/Login_Button' is clicked on

2019-02-27 17:40:17 - [MESSAGE][PASSED] - Object: 'Object Repository/LoginPage/Login_Button' is clicked on

2019-02-27 17:40:17 - [TEST_STEP][PASSED] - waitForPageLoad(2): Wait for page load successfully

2019-02-27 17:40:18 - [MESSAGE][PASSED] - Wait for page load successfully

2019-02-27 17:40:18 - [TEST_STEP][PASSED] - click(findTestObject("MessagesPage/Icon_Apps")): Object: 'Object Repository/MessagesPage/Icon_Apps' is clicked on

2019-02-27 17:40:21 - [MESSAGE][PASSED] - Object: 'Object Repository/MessagesPage/Icon_Apps' is clicked on

2019-02-27 17:40:21 - [TEST_STEP][PASSED] - mouseOver(findTestObject("MessagesPage/Link_Commissions")): Object: 'Object Repository/MessagesPage/Link_Commissions' is hovered

2019-02-27 17:40:24 - [MESSAGE][PASSED] - Object: 'Object Repository/MessagesPage/Link_Commissions' is hovered

2019-02-27 17:40:24 - [TEST_STEP][PASSED] - scrollToElement(findTestObject("MessagesPage/Link_Commissions"), 1): Scroll to object 'Object Repository/MessagesPage/Link_Commissions' successfully

2019-02-27 17:40:26 - [MESSAGE][PASSED] - Scroll to object 'Object Repository/MessagesPage/Link_Commissions' successfully

2019-02-27 17:40:26 - [TEST_STEP][PASSED] - click(findTestObject("MessagesPage/Link_Commissions")): Object: 'Object Repository/MessagesPage/Link_Commissions' is clicked on

2019-02-27 17:40:44 - [MESSAGE][PASSED] - Object: 'Object Repository/MessagesPage/Link_Commissions' is clicked on

2019-02-27 17:40:44 - [TEST_STEP][PASSED] - waitForPageLoad(3): Wait for page load successfully

2019-02-27 17:40:45 - [MESSAGE][PASSED] - Wait for page load successfully

2019-02-27 17:40:45 - [MESSAGE][PASSED] - Call Test Case 'Test Cases/Commission Login_Logout/Commission Login' successfully

2019-02-27 17:40:45 - [TEST_STEP][PASSED] - mouseOver(findTestObject("HomePage_Commission/Commission_Globalvalues/Icon_GlobalValues")): Object: 'Object Repository/HomePage_Commission/Commission_Globalvalues/Icon_GlobalValues' is hovered

2019-02-27 17:40:48 - [MESSAGE][PASSED] - Object: 'Object Repository/HomePage_Commission/Commission_Globalvalues/Icon_GlobalValues' is hovered

2019-02-27 17:40:48 - [TEST_STEP][PASSED] - waitForElementPresent(findTestObject("HomePage_Commission/Commission_Globalvalues/Icon_GlobalValues"), 7): Object 'Object Repository/HomePage_Commission/Commission_Globalvalues/Icon_GlobalValues' is present

2019-02-27 17:40:49 - [MESSAGE][PASSED] - Object 'Object Repository/HomePage_Commission/Commission_Globalvalues/Icon_GlobalValues' is present

2019-02-27 17:40:49 - [TEST_STEP][PASSED] - click(findTestObject("HomePage_Commission/Commission_Globalvalues/Icon_GlobalValues")): Object: 'Object Repository/HomePage_Commission/Commission_Globalvalues/Icon_GlobalValues' is clicked on

2019-02-27 17:40:52 - [MESSAGE][PASSED] - Object: 'Object Repository/HomePage_Commission/Commission_Globalvalues/Icon_GlobalValues' is clicked on

2019-02-27 17:40:52 - [TEST_STEP][PASSED] - println("User is able to naviagte to Administration tab"): null

2019-02-27 17:40:52 - [TEST_STEP][PASSED] - waitForElementVisible(findTestObject("HomePage_Commission/Commission_Globalvalues/Link_Fixed Value Types"), 6): Object 'Object Repository/HomePage_Commission/Commission_Globalvalues/Link_Fixed Value Types' is visible

2019-02-27 17:40:54 - [MESSAGE][PASSED] - Object 'Object Repository/HomePage_Commission/Commission_Globalvalues/Link_Fixed Value Types' is visible

2019-02-27 17:40:54 - [TEST_STEP][PASSED] - mouseOver(findTestObject("HomePage_Commission/Commission_Globalvalues/Link_Fixed Value Types"), STOP_ON_FAILURE): Object: 'Object Repository/HomePage_Commission/Commission_Globalvalues/Link_Fixed Value Types' is hovered

2019-02-27 17:40:57 - [MESSAGE][PASSED] - Object: 'Object Repository/HomePage_Commission/Commission_Globalvalues/Link_Fixed Value Types' is hovered

2019-02-27 17:40:57 - [TEST_STEP][PASSED] - click(findTestObject("HomePage_Commission/Commission_Globalvalues/Link_Fixed Value Types")): Object: 'Object Repository/HomePage_Commission/Commission_Globalvalues/Link_Fixed Value Types' is clicked on

2019-02-27 17:41:09 - [MESSAGE][PASSED] - Object: 'Object Repository/HomePage_Commission/Commission_Globalvalues/Link_Fixed Value Types' is clicked on

2019-02-27 17:41:09 - [TEST_STEP][PASSED] - println("User Naviagted to Fixed Value types screen"): null

2019-02-27 17:41:09 - [TEST_STEP][PASSED] - scrollToPosition(0, 0): Browser is scrolled to position x = 0, y = 0

2019-02-27 17:41:10 - [MESSAGE][PASSED] - Browser is scrolled to position x = 0, y = 0

2019-02-27 17:41:10 - [TEST_STEP][PASSED] - click(findTestObject("AdvanceSearch_Page/Icon_Advanced Search")): Object: 'Object Repository/AdvanceSearch_Page/Icon_Advanced Search' is clicked on

2019-02-27 17:41:12 - [MESSAGE][PASSED] - Object: 'Object Repository/AdvanceSearch_Page/Icon_Advanced Search' is clicked on

2019-02-27 17:41:12 - [TEST_STEP][PASSED] - click(findTestObject("AdvanceSearch_Page/FieldName_DropDown")): Object: 'Object Repository/AdvanceSearch_Page/FieldName_DropDown' is clicked on

2019-02-27 17:41:14 - [MESSAGE][PASSED] - Object: 'Object Repository/AdvanceSearch_Page/FieldName_DropDown' is clicked on

2019-02-27 17:41:14 - [TEST_STEP][PASSED] - scrollToElement(findTestObject("AdvanceSearch_Page/option_Fixed Value Type id"), 3): Scroll to object 'Object Repository/AdvanceSearch_Page/option_Fixed Value Type id' successfully

2019-02-27 17:41:16 - [MESSAGE][PASSED] - Scroll to object 'Object Repository/AdvanceSearch_Page/option_Fixed Value Type id' successfully

2019-02-27 17:41:16 - [TEST_STEP][PASSED] - click(findTestObject("AdvanceSearch_Page/option_Fixed Value Type id")): Object: 'Object Repository/AdvanceSearch_Page/option_Fixed Value Type id' is clicked on

2019-02-27 17:41:19 - [MESSAGE][PASSED] - Object: 'Object Repository/AdvanceSearch_Page/option_Fixed Value Type id' is clicked on

2019-02-27 17:41:19 - [TEST_STEP][PASSED] - click(findTestObject("AdvanceSearch_Page/td_Comparision")): Object: 'Object Repository/AdvanceSearch_Page/td_Comparision' is clicked on

2019-02-27 17:41:21 - [MESSAGE][PASSED] - Object: 'Object Repository/AdvanceSearch_Page/td_Comparision' is clicked on

2019-02-27 17:41:21 - [TEST_STEP][PASSED] - scrollToElement(findTestObject("AdvanceSearch_Page/option_Equals"), 2): Scroll to object 'Object Repository/AdvanceSearch_Page/option_Equals' successfully

2019-02-27 17:41:23 - [MESSAGE][PASSED] - Scroll to object 'Object Repository/AdvanceSearch_Page/option_Equals' successfully

2019-02-27 17:41:23 - [TEST_STEP][PASSED] - click(findTestObject("AdvanceSearch_Page/option_Equals")): Object: 'Object Repository/AdvanceSearch_Page/option_Equals' is clicked on

2019-02-27 17:41:25 - [MESSAGE][PASSED] - Object: 'Object Repository/AdvanceSearch_Page/option_Equals' is clicked on

2019-02-27 17:41:25 - [TEST_STEP][PASSED] - setText(findTestObject("AdvanceSearch_Page/td_Value"), FV_Type): Text 'Multiplier_vis' is set on object 'Object Repository/AdvanceSearch_Page/td_Value'

2019-02-27 17:41:30 - [MESSAGE][PASSED] - Text 'Multiplier_vis' is set on object 'Object Repository/AdvanceSearch_Page/td_Value'

2019-02-27 17:41:30 - [TEST_STEP][PASSED] - click(findTestObject("AdvanceSearch_Page/AppySearch_button")): Object: 'Object Repository/AdvanceSearch_Page/AppySearch_button' is clicked on

2019-02-27 17:41:32 - [MESSAGE][PASSED] - Object: 'Object Repository/AdvanceSearch_Page/AppySearch_button' is clicked on

2019-02-27 17:41:32 - [TEST_STEP][PASSED] - globalkeywords.record.RecordNotFound(): globalkeywords.record.RecordNotFound is PASSED

2019-02-27 17:41:42 - [MESSAGE][INFO] - Unable to find the element located by 'By.xpath: //td[@class='dataTables_empty']'. Please recheck the objects properties to make sure the desired element is located. 

2019-02-27 17:41:42 - [MESSAGE][WARNING] - Object 'Object Repository/Page_Callidus Cloud Commissions Man/NoRecordsFound' is not present after 10 second(s)

2019-02-27 17:41:42 - [MESSAGE][PASSED] - globalkeywords.record.RecordNotFound is PASSED]]></system-out>
         <system-err><![CDATA[]]></system-err>
      </testcase>
      <testcase name="Test Cases/Global_values_Workspace/Position Groups exist in the system" classname="Test Cases/Global_values_Workspace/Position Groups exist in the system" status="PASSED">
         <system-out><![CDATA[2019-02-27 17:41:42 - [TEST_CASE][PASSED] - Test Cases/Global_values_Workspace/Position Groups exist in the system: Test Cases/Global_values_Workspace/Position Groups exist in the system

2019-02-27 17:41:43 - [TEST_STEP][PASSED] - Start listener action : sampleBeforeTestCase: null

2019-02-27 17:41:43 - [TEST_STEP][PASSED] - println(testCaseContext.getTestCaseId()): null

2019-02-27 17:41:43 - [TEST_STEP][PASSED] - println(testCaseContext.getTestCaseVariables()): null

2019-02-27 17:41:43 - [TEST_STEP][PASSED] - callTestCase(findTestCase("Commission Login_Logout/Commission Login"), [:], STOP_ON_FAILURE): Call Test Case 'Test Cases/Commission Login_Logout/Commission Login' successfully

2019-02-27 17:41:43 - [TEST_CASE][PASSED] - Test Cases/Commission Login_Logout/Commission Login: Test Cases/Commission Login_Logout/Commission Login

2019-02-27 17:41:43 - [TEST_STEP][PASSED] - openBrowser(""): Browser is opened with url: ''

2019-02-27 17:41:43 - [MESSAGE][WARNING] - A browser is already opened. Closing browser and opening a new one

2019-02-27 17:41:45 - [MESSAGE][INFO] - Starting 'Chrome' driver

2019-02-27 17:41:50 - [MESSAGE][PASSED] - Browser is opened with url: ''

2019-02-27 17:41:50 - [TEST_STEP][PASSED] - navigateToUrl(BecURL): Navigate to 'https://biz3-tst.callidusondemand.com/SalesPortal/#!/' successfully

2019-02-27 17:42:04 - [MESSAGE][PASSED] - Navigate to 'https://biz3-tst.callidusondemand.com/SalesPortal/#!/' successfully

2019-02-27 17:42:04 - [TEST_STEP][PASSED] - maximizeWindow(): Current window maximized

2019-02-27 17:42:06 - [MESSAGE][PASSED] - Current window maximized

2019-02-27 17:42:06 - [TEST_STEP][PASSED] - setText(findTestObject("LoginPage/input_Username_username"), Bec_UserName): Text 'rkulkarn@calliduscloud.com' is set on object 'Object Repository/LoginPage/input_Username_username'

2019-02-27 17:42:10 - [MESSAGE][PASSED] - Text 'rkulkarn@calliduscloud.com' is set on object 'Object Repository/LoginPage/input_Username_username'

2019-02-27 17:42:10 - [TEST_STEP][PASSED] - setText(findTestObject("LoginPage/input_Password_password"), Bec_Password): Text 'Augg@1234' is set on object 'Object Repository/LoginPage/input_Password_password'

2019-02-27 17:42:14 - [MESSAGE][PASSED] - Text 'Augg@1234' is set on object 'Object Repository/LoginPage/input_Password_password'

2019-02-27 17:42:14 - [TEST_STEP][PASSED] - waitForElementClickable(findTestObject("LoginPage/Login_Button"), 2): Object 'Object Repository/LoginPage/Login_Button' is clickable

2019-02-27 17:42:17 - [MESSAGE][PASSED] - Object 'Object Repository/LoginPage/Login_Button' is clickable

2019-02-27 17:42:17 - [TEST_STEP][PASSED] - click(findTestObject("LoginPage/Login_Button")): Object: 'Object Repository/LoginPage/Login_Button' is clicked on

2019-02-27 17:42:19 - [MESSAGE][PASSED] - Object: 'Object Repository/LoginPage/Login_Button' is clicked on

2019-02-27 17:42:19 - [TEST_STEP][PASSED] - waitForPageLoad(2): Wait for page load successfully

2019-02-27 17:42:20 - [MESSAGE][PASSED] - Wait for page load successfully

2019-02-27 17:42:20 - [TEST_STEP][PASSED] - click(findTestObject("MessagesPage/Icon_Apps")): Object: 'Object Repository/MessagesPage/Icon_Apps' is clicked on

2019-02-27 17:42:23 - [MESSAGE][PASSED] - Object: 'Object Repository/MessagesPage/Icon_Apps' is clicked on

2019-02-27 17:42:23 - [TEST_STEP][PASSED] - mouseOver(findTestObject("MessagesPage/Link_Commissions")): Object: 'Object Repository/MessagesPage/Link_Commissions' is hovered

2019-02-27 17:42:27 - [MESSAGE][PASSED] - Object: 'Object Repository/MessagesPage/Link_Commissions' is hovered

2019-02-27 17:42:27 - [TEST_STEP][PASSED] - scrollToElement(findTestObject("MessagesPage/Link_Commissions"), 1): Scroll to object 'Object Repository/MessagesPage/Link_Commissions' successfully

2019-02-27 17:42:29 - [MESSAGE][PASSED] - Scroll to object 'Object Repository/MessagesPage/Link_Commissions' successfully

2019-02-27 17:42:29 - [TEST_STEP][PASSED] - click(findTestObject("MessagesPage/Link_Commissions")): Object: 'Object Repository/MessagesPage/Link_Commissions' is clicked on

2019-02-27 17:43:04 - [MESSAGE][PASSED] - Object: 'Object Repository/MessagesPage/Link_Commissions' is clicked on

2019-02-27 17:43:04 - [TEST_STEP][PASSED] - waitForPageLoad(3): Wait for page load successfully

2019-02-27 17:43:05 - [MESSAGE][PASSED] - Wait for page load successfully

2019-02-27 17:43:05 - [MESSAGE][PASSED] - Call Test Case 'Test Cases/Commission Login_Logout/Commission Login' successfully

2019-02-27 17:43:05 - [TEST_STEP][PASSED] - mouseOver(findTestObject("HomePage_Commission/Commission_Globalvalues/Icon_GlobalValues")): Object: 'Object Repository/HomePage_Commission/Commission_Globalvalues/Icon_GlobalValues' is hovered

2019-02-27 17:43:08 - [MESSAGE][PASSED] - Object: 'Object Repository/HomePage_Commission/Commission_Globalvalues/Icon_GlobalValues' is hovered

2019-02-27 17:43:08 - [TEST_STEP][PASSED] - waitForElementPresent(findTestObject("HomePage_Commission/Commission_Globalvalues/Icon_GlobalValues"), 7): Object 'Object Repository/HomePage_Commission/Commission_Globalvalues/Icon_GlobalValues' is present

2019-02-27 17:43:09 - [MESSAGE][PASSED] - Object 'Object Repository/HomePage_Commission/Commission_Globalvalues/Icon_GlobalValues' is present

2019-02-27 17:43:09 - [TEST_STEP][PASSED] - click(findTestObject("HomePage_Commission/Commission_Globalvalues/Icon_GlobalValues")): Object: 'Object Repository/HomePage_Commission/Commission_Globalvalues/Icon_GlobalValues' is clicked on

2019-02-27 17:43:11 - [MESSAGE][PASSED] - Object: 'Object Repository/HomePage_Commission/Commission_Globalvalues/Icon_GlobalValues' is clicked on

2019-02-27 17:43:11 - [TEST_STEP][PASSED] - println("User is able to naviagte to Administration tab"): null

2019-02-27 17:43:11 - [TEST_STEP][PASSED] - waitForElementVisible(findTestObject("HomePage_Commission/Commission_Globalvalues/Link_Position Groups"), 7): Object 'Object Repository/HomePage_Commission/Commission_Globalvalues/Link_Position Groups' is visible

2019-02-27 17:43:13 - [MESSAGE][PASSED] - Object 'Object Repository/HomePage_Commission/Commission_Globalvalues/Link_Position Groups' is visible

2019-02-27 17:43:13 - [TEST_STEP][PASSED] - mouseOver(findTestObject("HomePage_Commission/Commission_Globalvalues/Link_Position Groups"), STOP_ON_FAILURE): Object: 'Object Repository/HomePage_Commission/Commission_Globalvalues/Link_Position Groups' is hovered

2019-02-27 17:43:16 - [MESSAGE][PASSED] - Object: 'Object Repository/HomePage_Commission/Commission_Globalvalues/Link_Position Groups' is hovered

2019-02-27 17:43:16 - [TEST_STEP][PASSED] - click(findTestObject("HomePage_Commission/Commission_Globalvalues/Link_Position Groups")): Object: 'Object Repository/HomePage_Commission/Commission_Globalvalues/Link_Position Groups' is clicked on

2019-02-27 17:43:32 - [MESSAGE][PASSED] - Object: 'Object Repository/HomePage_Commission/Commission_Globalvalues/Link_Position Groups' is clicked on

2019-02-27 17:43:32 - [TEST_STEP][PASSED] - println("User Naviagted to Position Groups screen"): null

2019-02-27 17:43:32 - [TEST_STEP][PASSED] - scrollToPosition(0, 0): Browser is scrolled to position x = 0, y = 0

2019-02-27 17:43:33 - [MESSAGE][PASSED] - Browser is scrolled to position x = 0, y = 0

2019-02-27 17:43:33 - [TEST_STEP][PASSED] - click(findTestObject("AdvanceSearch_Page/Icon_Advanced Search")): Object: 'Object Repository/AdvanceSearch_Page/Icon_Advanced Search' is clicked on

2019-02-27 17:43:35 - [MESSAGE][PASSED] - Object: 'Object Repository/AdvanceSearch_Page/Icon_Advanced Search' is clicked on

2019-02-27 17:43:35 - [TEST_STEP][PASSED] - click(findTestObject("AdvanceSearch_Page/FieldName_DropDown")): Object: 'Object Repository/AdvanceSearch_Page/FieldName_DropDown' is clicked on

2019-02-27 17:43:37 - [MESSAGE][PASSED] - Object: 'Object Repository/AdvanceSearch_Page/FieldName_DropDown' is clicked on

2019-02-27 17:43:37 - [TEST_STEP][PASSED] - scrollToElement(findTestObject("AdvanceSearch_Page/option_Position Groups"), 3): Scroll to object 'Object Repository/AdvanceSearch_Page/option_Position Groups' successfully

2019-02-27 17:43:39 - [MESSAGE][PASSED] - Scroll to object 'Object Repository/AdvanceSearch_Page/option_Position Groups' successfully

2019-02-27 17:43:39 - [TEST_STEP][PASSED] - click(findTestObject("AdvanceSearch_Page/option_Position Groups")): Object: 'Object Repository/AdvanceSearch_Page/option_Position Groups' is clicked on

2019-02-27 17:43:41 - [MESSAGE][PASSED] - Object: 'Object Repository/AdvanceSearch_Page/option_Position Groups' is clicked on

2019-02-27 17:43:41 - [TEST_STEP][PASSED] - click(findTestObject("AdvanceSearch_Page/td_Comparision")): Object: 'Object Repository/AdvanceSearch_Page/td_Comparision' is clicked on

2019-02-27 17:43:43 - [MESSAGE][PASSED] - Object: 'Object Repository/AdvanceSearch_Page/td_Comparision' is clicked on

2019-02-27 17:43:43 - [TEST_STEP][PASSED] - scrollToElement(findTestObject("AdvanceSearch_Page/option_Equals"), 2): Scroll to object 'Object Repository/AdvanceSearch_Page/option_Equals' successfully

2019-02-27 17:43:45 - [MESSAGE][PASSED] - Scroll to object 'Object Repository/AdvanceSearch_Page/option_Equals' successfully

2019-02-27 17:43:45 - [TEST_STEP][PASSED] - click(findTestObject("AdvanceSearch_Page/option_Equals")): Object: 'Object Repository/AdvanceSearch_Page/option_Equals' is clicked on

2019-02-27 17:43:48 - [MESSAGE][PASSED] - Object: 'Object Repository/AdvanceSearch_Page/option_Equals' is clicked on

2019-02-27 17:43:48 - [TEST_STEP][PASSED] - setText(findTestObject("AdvanceSearch_Page/td_Value"), Pos_Grp): Text 'POS_DEMO2' is set on object 'Object Repository/AdvanceSearch_Page/td_Value'

2019-02-27 17:43:52 - [MESSAGE][PASSED] - Text 'POS_DEMO2' is set on object 'Object Repository/AdvanceSearch_Page/td_Value'

2019-02-27 17:43:52 - [TEST_STEP][PASSED] - click(findTestObject("AdvanceSearch_Page/AppySearch_button")): Object: 'Object Repository/AdvanceSearch_Page/AppySearch_button' is clicked on

2019-02-27 17:43:54 - [MESSAGE][PASSED] - Object: 'Object Repository/AdvanceSearch_Page/AppySearch_button' is clicked on

2019-02-27 17:43:54 - [TEST_STEP][PASSED] - globalkeywords.record.RecordNotFound(): globalkeywords.record.RecordNotFound is PASSED

2019-02-27 17:44:05 - [MESSAGE][INFO] - Unable to find the element located by 'By.xpath: //td[@class='dataTables_empty']'. Please recheck the objects properties to make sure the desired element is located. 

2019-02-27 17:44:05 - [MESSAGE][WARNING] - Object 'Object Repository/Page_Callidus Cloud Commissions Man/NoRecordsFound' is not present after 10 second(s)

2019-02-27 17:44:05 - [MESSAGE][PASSED] - globalkeywords.record.RecordNotFound is PASSED]]></system-out>
         <system-err><![CDATA[]]></system-err>
      </testcase>
      <testcase name="Test Cases/Global_values_Workspace/Reason_Codes exist in the system" classname="Test Cases/Global_values_Workspace/Reason_Codes exist in the system" status="PASSED">
         <system-out><![CDATA[2019-02-27 17:44:05 - [TEST_CASE][PASSED] - Test Cases/Global_values_Workspace/Reason_Codes exist in the system: Test Cases/Global_values_Workspace/Reason_Codes exist in the system

2019-02-27 17:44:05 - [TEST_STEP][PASSED] - Start listener action : sampleBeforeTestCase: null

2019-02-27 17:44:05 - [TEST_STEP][PASSED] - println(testCaseContext.getTestCaseId()): null

2019-02-27 17:44:05 - [TEST_STEP][PASSED] - println(testCaseContext.getTestCaseVariables()): null

2019-02-27 17:44:05 - [TEST_STEP][PASSED] - callTestCase(findTestCase("Commission Login_Logout/Commission Login"), [:], STOP_ON_FAILURE): Call Test Case 'Test Cases/Commission Login_Logout/Commission Login' successfully

2019-02-27 17:44:05 - [TEST_CASE][PASSED] - Test Cases/Commission Login_Logout/Commission Login: Test Cases/Commission Login_Logout/Commission Login

2019-02-27 17:44:05 - [TEST_STEP][PASSED] - openBrowser(""): Browser is opened with url: ''

2019-02-27 17:44:05 - [MESSAGE][WARNING] - A browser is already opened. Closing browser and opening a new one

2019-02-27 17:44:07 - [MESSAGE][INFO] - Starting 'Chrome' driver

2019-02-27 17:44:12 - [MESSAGE][PASSED] - Browser is opened with url: ''

2019-02-27 17:44:12 - [TEST_STEP][PASSED] - navigateToUrl(BecURL): Navigate to 'https://biz3-tst.callidusondemand.com/SalesPortal/#!/' successfully

2019-02-27 17:44:28 - [MESSAGE][PASSED] - Navigate to 'https://biz3-tst.callidusondemand.com/SalesPortal/#!/' successfully

2019-02-27 17:44:28 - [TEST_STEP][PASSED] - maximizeWindow(): Current window maximized

2019-02-27 17:44:30 - [MESSAGE][PASSED] - Current window maximized

2019-02-27 17:44:30 - [TEST_STEP][PASSED] - setText(findTestObject("LoginPage/input_Username_username"), Bec_UserName): Text 'rkulkarn@calliduscloud.com' is set on object 'Object Repository/LoginPage/input_Username_username'

2019-02-27 17:44:35 - [MESSAGE][PASSED] - Text 'rkulkarn@calliduscloud.com' is set on object 'Object Repository/LoginPage/input_Username_username'

2019-02-27 17:44:35 - [TEST_STEP][PASSED] - setText(findTestObject("LoginPage/input_Password_password"), Bec_Password): Text 'Augg@1234' is set on object 'Object Repository/LoginPage/input_Password_password'

2019-02-27 17:44:39 - [MESSAGE][PASSED] - Text 'Augg@1234' is set on object 'Object Repository/LoginPage/input_Password_password'

2019-02-27 17:44:39 - [TEST_STEP][PASSED] - waitForElementClickable(findTestObject("LoginPage/Login_Button"), 2): Object 'Object Repository/LoginPage/Login_Button' is clickable

2019-02-27 17:44:41 - [MESSAGE][PASSED] - Object 'Object Repository/LoginPage/Login_Button' is clickable

2019-02-27 17:44:41 - [TEST_STEP][PASSED] - click(findTestObject("LoginPage/Login_Button")): Object: 'Object Repository/LoginPage/Login_Button' is clicked on

2019-02-27 17:44:43 - [MESSAGE][PASSED] - Object: 'Object Repository/LoginPage/Login_Button' is clicked on

2019-02-27 17:44:43 - [TEST_STEP][PASSED] - waitForPageLoad(2): Wait for page load successfully

2019-02-27 17:44:44 - [MESSAGE][PASSED] - Wait for page load successfully

2019-02-27 17:44:44 - [TEST_STEP][PASSED] - click(findTestObject("MessagesPage/Icon_Apps")): Object: 'Object Repository/MessagesPage/Icon_Apps' is clicked on

2019-02-27 17:44:48 - [MESSAGE][PASSED] - Object: 'Object Repository/MessagesPage/Icon_Apps' is clicked on

2019-02-27 17:44:48 - [TEST_STEP][PASSED] - mouseOver(findTestObject("MessagesPage/Link_Commissions")): Object: 'Object Repository/MessagesPage/Link_Commissions' is hovered

2019-02-27 17:44:51 - [MESSAGE][PASSED] - Object: 'Object Repository/MessagesPage/Link_Commissions' is hovered

2019-02-27 17:44:51 - [TEST_STEP][PASSED] - scrollToElement(findTestObject("MessagesPage/Link_Commissions"), 1): Scroll to object 'Object Repository/MessagesPage/Link_Commissions' successfully

2019-02-27 17:44:53 - [MESSAGE][PASSED] - Scroll to object 'Object Repository/MessagesPage/Link_Commissions' successfully

2019-02-27 17:44:53 - [TEST_STEP][PASSED] - click(findTestObject("MessagesPage/Link_Commissions")): Object: 'Object Repository/MessagesPage/Link_Commissions' is clicked on

2019-02-27 17:45:13 - [MESSAGE][PASSED] - Object: 'Object Repository/MessagesPage/Link_Commissions' is clicked on

2019-02-27 17:45:13 - [TEST_STEP][PASSED] - waitForPageLoad(3): Wait for page load successfully

2019-02-27 17:45:14 - [MESSAGE][PASSED] - Wait for page load successfully

2019-02-27 17:45:14 - [MESSAGE][PASSED] - Call Test Case 'Test Cases/Commission Login_Logout/Commission Login' successfully

2019-02-27 17:45:14 - [TEST_STEP][PASSED] - mouseOver(findTestObject("HomePage_Commission/Commission_Globalvalues/Icon_GlobalValues")): Object: 'Object Repository/HomePage_Commission/Commission_Globalvalues/Icon_GlobalValues' is hovered

2019-02-27 17:45:18 - [MESSAGE][PASSED] - Object: 'Object Repository/HomePage_Commission/Commission_Globalvalues/Icon_GlobalValues' is hovered

2019-02-27 17:45:18 - [TEST_STEP][PASSED] - waitForElementPresent(findTestObject("HomePage_Commission/Commission_Globalvalues/Icon_GlobalValues"), 7): Object 'Object Repository/HomePage_Commission/Commission_Globalvalues/Icon_GlobalValues' is present

2019-02-27 17:45:19 - [MESSAGE][PASSED] - Object 'Object Repository/HomePage_Commission/Commission_Globalvalues/Icon_GlobalValues' is present

2019-02-27 17:45:19 - [TEST_STEP][PASSED] - click(findTestObject("HomePage_Commission/Commission_Globalvalues/Icon_GlobalValues")): Object: 'Object Repository/HomePage_Commission/Commission_Globalvalues/Icon_GlobalValues' is clicked on

2019-02-27 17:45:21 - [MESSAGE][PASSED] - Object: 'Object Repository/HomePage_Commission/Commission_Globalvalues/Icon_GlobalValues' is clicked on

2019-02-27 17:45:21 - [TEST_STEP][PASSED] - println("User is able to naviagte to Administration tab"): null

2019-02-27 17:45:21 - [TEST_STEP][PASSED] - waitForElementVisible(findTestObject("HomePage_Commission/Commission_Globalvalues/Link_Reason Codes"), 8): Object 'Object Repository/HomePage_Commission/Commission_Globalvalues/Link_Reason Codes' is visible

2019-02-27 17:45:23 - [MESSAGE][PASSED] - Object 'Object Repository/HomePage_Commission/Commission_Globalvalues/Link_Reason Codes' is visible

2019-02-27 17:45:23 - [TEST_STEP][PASSED] - mouseOver(findTestObject("HomePage_Commission/Commission_Globalvalues/Link_Reason Codes"), STOP_ON_FAILURE): Object: 'Object Repository/HomePage_Commission/Commission_Globalvalues/Link_Reason Codes' is hovered

2019-02-27 17:45:26 - [MESSAGE][PASSED] - Object: 'Object Repository/HomePage_Commission/Commission_Globalvalues/Link_Reason Codes' is hovered

2019-02-27 17:45:26 - [TEST_STEP][PASSED] - click(findTestObject("HomePage_Commission/Commission_Globalvalues/Link_Reason Codes")): Object: 'Object Repository/HomePage_Commission/Commission_Globalvalues/Link_Reason Codes' is clicked on

2019-02-27 17:45:37 - [MESSAGE][PASSED] - Object: 'Object Repository/HomePage_Commission/Commission_Globalvalues/Link_Reason Codes' is clicked on

2019-02-27 17:45:37 - [TEST_STEP][PASSED] - println("User Naviagted to Reason Codes screen"): null

2019-02-27 17:45:37 - [TEST_STEP][PASSED] - scrollToPosition(0, 0): Browser is scrolled to position x = 0, y = 0

2019-02-27 17:45:38 - [MESSAGE][PASSED] - Browser is scrolled to position x = 0, y = 0

2019-02-27 17:45:38 - [TEST_STEP][PASSED] - click(findTestObject("AdvanceSearch_Page/Icon_Advanced Search")): Object: 'Object Repository/AdvanceSearch_Page/Icon_Advanced Search' is clicked on

2019-02-27 17:45:40 - [MESSAGE][PASSED] - Object: 'Object Repository/AdvanceSearch_Page/Icon_Advanced Search' is clicked on

2019-02-27 17:45:40 - [TEST_STEP][PASSED] - click(findTestObject("AdvanceSearch_Page/FieldName_DropDown")): Object: 'Object Repository/AdvanceSearch_Page/FieldName_DropDown' is clicked on

2019-02-27 17:45:42 - [MESSAGE][PASSED] - Object: 'Object Repository/AdvanceSearch_Page/FieldName_DropDown' is clicked on

2019-02-27 17:45:42 - [TEST_STEP][PASSED] - scrollToElement(findTestObject("AdvanceSearch_Page/option_Reason Code id"), 3): Scroll to object 'Object Repository/AdvanceSearch_Page/option_Reason Code id' successfully

2019-02-27 17:45:44 - [MESSAGE][PASSED] - Scroll to object 'Object Repository/AdvanceSearch_Page/option_Reason Code id' successfully

2019-02-27 17:45:44 - [TEST_STEP][PASSED] - click(findTestObject("AdvanceSearch_Page/option_Reason Code id")): Object: 'Object Repository/AdvanceSearch_Page/option_Reason Code id' is clicked on

2019-02-27 17:45:46 - [MESSAGE][PASSED] - Object: 'Object Repository/AdvanceSearch_Page/option_Reason Code id' is clicked on

2019-02-27 17:45:46 - [TEST_STEP][PASSED] - click(findTestObject("AdvanceSearch_Page/td_Comparision")): Object: 'Object Repository/AdvanceSearch_Page/td_Comparision' is clicked on

2019-02-27 17:45:49 - [MESSAGE][PASSED] - Object: 'Object Repository/AdvanceSearch_Page/td_Comparision' is clicked on

2019-02-27 17:45:49 - [TEST_STEP][PASSED] - scrollToElement(findTestObject("AdvanceSearch_Page/option_Equals"), 2): Scroll to object 'Object Repository/AdvanceSearch_Page/option_Equals' successfully

2019-02-27 17:45:51 - [MESSAGE][PASSED] - Scroll to object 'Object Repository/AdvanceSearch_Page/option_Equals' successfully

2019-02-27 17:45:51 - [TEST_STEP][PASSED] - click(findTestObject("AdvanceSearch_Page/option_Equals")): Object: 'Object Repository/AdvanceSearch_Page/option_Equals' is clicked on

2019-02-27 17:45:53 - [MESSAGE][PASSED] - Object: 'Object Repository/AdvanceSearch_Page/option_Equals' is clicked on

2019-02-27 17:45:53 - [TEST_STEP][PASSED] - setText(findTestObject("AdvanceSearch_Page/td_Value"), Reason_codes): Text 'Test RC' is set on object 'Object Repository/AdvanceSearch_Page/td_Value'

2019-02-27 17:45:57 - [MESSAGE][PASSED] - Text 'Test RC' is set on object 'Object Repository/AdvanceSearch_Page/td_Value'

2019-02-27 17:45:57 - [TEST_STEP][PASSED] - click(findTestObject("AdvanceSearch_Page/AppySearch_button")): Object: 'Object Repository/AdvanceSearch_Page/AppySearch_button' is clicked on

2019-02-27 17:45:59 - [MESSAGE][PASSED] - Object: 'Object Repository/AdvanceSearch_Page/AppySearch_button' is clicked on

2019-02-27 17:45:59 - [TEST_STEP][PASSED] - globalkeywords.record.RecordNotFound(): globalkeywords.record.RecordNotFound is PASSED

2019-02-27 17:46:10 - [MESSAGE][INFO] - Unable to find the element located by 'By.xpath: //td[@class='dataTables_empty']'. Please recheck the objects properties to make sure the desired element is located. 

2019-02-27 17:46:10 - [MESSAGE][WARNING] - Object 'Object Repository/Page_Callidus Cloud Commissions Man/NoRecordsFound' is not present after 10 second(s)

2019-02-27 17:46:10 - [MESSAGE][PASSED] - globalkeywords.record.RecordNotFound is PASSED]]></system-out>
         <system-err><![CDATA[]]></system-err>
      </testcase>
      <testcase name="Test Cases/Global_values_Workspace/UnitType exists in the system" classname="Test Cases/Global_values_Workspace/UnitType exists in the system" status="PASSED">
         <system-out><![CDATA[2019-02-27 17:46:10 - [TEST_CASE][PASSED] - Test Cases/Global_values_Workspace/UnitType exists in the system: Test Cases/Global_values_Workspace/UnitType exists in the system

2019-02-27 17:46:10 - [TEST_STEP][PASSED] - Start listener action : sampleBeforeTestCase: null

2019-02-27 17:46:10 - [TEST_STEP][PASSED] - println(testCaseContext.getTestCaseId()): null

2019-02-27 17:46:10 - [TEST_STEP][PASSED] - println(testCaseContext.getTestCaseVariables()): null

2019-02-27 17:46:10 - [TEST_STEP][PASSED] - callTestCase(findTestCase("Commission Login_Logout/Commission Login"), [:], STOP_ON_FAILURE): Call Test Case 'Test Cases/Commission Login_Logout/Commission Login' successfully

2019-02-27 17:46:11 - [TEST_CASE][PASSED] - Test Cases/Commission Login_Logout/Commission Login: Test Cases/Commission Login_Logout/Commission Login

2019-02-27 17:46:11 - [TEST_STEP][PASSED] - openBrowser(""): Browser is opened with url: ''

2019-02-27 17:46:11 - [MESSAGE][WARNING] - A browser is already opened. Closing browser and opening a new one

2019-02-27 17:46:12 - [MESSAGE][INFO] - Starting 'Chrome' driver

2019-02-27 17:46:17 - [MESSAGE][PASSED] - Browser is opened with url: ''

2019-02-27 17:46:17 - [TEST_STEP][PASSED] - navigateToUrl(BecURL): Navigate to 'https://biz3-tst.callidusondemand.com/SalesPortal/#!/' successfully

2019-02-27 17:46:35 - [MESSAGE][PASSED] - Navigate to 'https://biz3-tst.callidusondemand.com/SalesPortal/#!/' successfully

2019-02-27 17:46:35 - [TEST_STEP][PASSED] - maximizeWindow(): Current window maximized

2019-02-27 17:46:37 - [MESSAGE][PASSED] - Current window maximized

2019-02-27 17:46:37 - [TEST_STEP][PASSED] - setText(findTestObject("LoginPage/input_Username_username"), Bec_UserName): Text 'rkulkarn@calliduscloud.com' is set on object 'Object Repository/LoginPage/input_Username_username'

2019-02-27 17:46:42 - [MESSAGE][PASSED] - Text 'rkulkarn@calliduscloud.com' is set on object 'Object Repository/LoginPage/input_Username_username'

2019-02-27 17:46:42 - [TEST_STEP][PASSED] - setText(findTestObject("LoginPage/input_Password_password"), Bec_Password): Text 'Augg@1234' is set on object 'Object Repository/LoginPage/input_Password_password'

2019-02-27 17:46:46 - [MESSAGE][PASSED] - Text 'Augg@1234' is set on object 'Object Repository/LoginPage/input_Password_password'

2019-02-27 17:46:46 - [TEST_STEP][PASSED] - waitForElementClickable(findTestObject("LoginPage/Login_Button"), 2): Object 'Object Repository/LoginPage/Login_Button' is clickable

2019-02-27 17:46:48 - [MESSAGE][PASSED] - Object 'Object Repository/LoginPage/Login_Button' is clickable

2019-02-27 17:46:48 - [TEST_STEP][PASSED] - click(findTestObject("LoginPage/Login_Button")): Object: 'Object Repository/LoginPage/Login_Button' is clicked on

2019-02-27 17:46:50 - [MESSAGE][PASSED] - Object: 'Object Repository/LoginPage/Login_Button' is clicked on

2019-02-27 17:46:50 - [TEST_STEP][PASSED] - waitForPageLoad(2): Wait for page load successfully

2019-02-27 17:46:51 - [MESSAGE][PASSED] - Wait for page load successfully

2019-02-27 17:46:51 - [TEST_STEP][PASSED] - click(findTestObject("MessagesPage/Icon_Apps")): Object: 'Object Repository/MessagesPage/Icon_Apps' is clicked on

2019-02-27 17:46:55 - [MESSAGE][PASSED] - Object: 'Object Repository/MessagesPage/Icon_Apps' is clicked on

2019-02-27 17:46:55 - [TEST_STEP][PASSED] - mouseOver(findTestObject("MessagesPage/Link_Commissions")): Object: 'Object Repository/MessagesPage/Link_Commissions' is hovered

2019-02-27 17:46:58 - [MESSAGE][PASSED] - Object: 'Object Repository/MessagesPage/Link_Commissions' is hovered

2019-02-27 17:46:58 - [TEST_STEP][PASSED] - scrollToElement(findTestObject("MessagesPage/Link_Commissions"), 1): Scroll to object 'Object Repository/MessagesPage/Link_Commissions' successfully

2019-02-27 17:47:00 - [MESSAGE][PASSED] - Scroll to object 'Object Repository/MessagesPage/Link_Commissions' successfully

2019-02-27 17:47:00 - [TEST_STEP][PASSED] - click(findTestObject("MessagesPage/Link_Commissions")): Object: 'Object Repository/MessagesPage/Link_Commissions' is clicked on

2019-02-27 17:47:21 - [MESSAGE][PASSED] - Object: 'Object Repository/MessagesPage/Link_Commissions' is clicked on

2019-02-27 17:47:21 - [TEST_STEP][PASSED] - waitForPageLoad(3): Wait for page load successfully

2019-02-27 17:47:22 - [MESSAGE][PASSED] - Wait for page load successfully

2019-02-27 17:47:22 - [MESSAGE][PASSED] - Call Test Case 'Test Cases/Commission Login_Logout/Commission Login' successfully

2019-02-27 17:47:22 - [TEST_STEP][PASSED] - mouseOver(findTestObject("HomePage_Commission/Commission_Globalvalues/Icon_GlobalValues")): Object: 'Object Repository/HomePage_Commission/Commission_Globalvalues/Icon_GlobalValues' is hovered

2019-02-27 17:47:25 - [MESSAGE][PASSED] - Object: 'Object Repository/HomePage_Commission/Commission_Globalvalues/Icon_GlobalValues' is hovered

2019-02-27 17:47:25 - [TEST_STEP][PASSED] - waitForElementPresent(findTestObject("HomePage_Commission/Commission_Globalvalues/Icon_GlobalValues"), 7): Object 'Object Repository/HomePage_Commission/Commission_Globalvalues/Icon_GlobalValues' is present

2019-02-27 17:47:26 - [MESSAGE][PASSED] - Object 'Object Repository/HomePage_Commission/Commission_Globalvalues/Icon_GlobalValues' is present

2019-02-27 17:47:26 - [TEST_STEP][PASSED] - click(findTestObject("HomePage_Commission/Commission_Globalvalues/Icon_GlobalValues")): Object: 'Object Repository/HomePage_Commission/Commission_Globalvalues/Icon_GlobalValues' is clicked on

2019-02-27 17:47:28 - [MESSAGE][PASSED] - Object: 'Object Repository/HomePage_Commission/Commission_Globalvalues/Icon_GlobalValues' is clicked on

2019-02-27 17:47:28 - [TEST_STEP][PASSED] - println("User is able to naviagte to Administration tab"): null

2019-02-27 17:47:28 - [TEST_STEP][PASSED] - waitForElementVisible(findTestObject("HomePage_Commission/Commission_Globalvalues/Link_Unit Types"), 9): Object 'Object Repository/HomePage_Commission/Commission_Globalvalues/Link_Unit Types' is visible

2019-02-27 17:47:30 - [MESSAGE][PASSED] - Object 'Object Repository/HomePage_Commission/Commission_Globalvalues/Link_Unit Types' is visible

2019-02-27 17:47:30 - [TEST_STEP][PASSED] - mouseOver(findTestObject("HomePage_Commission/Commission_Globalvalues/Link_Unit Types"), STOP_ON_FAILURE): Object: 'Object Repository/HomePage_Commission/Commission_Globalvalues/Link_Unit Types' is hovered

2019-02-27 17:47:33 - [MESSAGE][PASSED] - Object: 'Object Repository/HomePage_Commission/Commission_Globalvalues/Link_Unit Types' is hovered

2019-02-27 17:47:33 - [TEST_STEP][PASSED] - click(findTestObject("HomePage_Commission/Commission_Globalvalues/Link_Unit Types")): Object: 'Object Repository/HomePage_Commission/Commission_Globalvalues/Link_Unit Types' is clicked on

2019-02-27 17:47:49 - [MESSAGE][PASSED] - Object: 'Object Repository/HomePage_Commission/Commission_Globalvalues/Link_Unit Types' is clicked on

2019-02-27 17:47:49 - [TEST_STEP][PASSED] - println("User Naviagted to Unit Types screen"): null

2019-02-27 17:47:49 - [TEST_STEP][PASSED] - scrollToPosition(0, 0): Browser is scrolled to position x = 0, y = 0

2019-02-27 17:47:50 - [MESSAGE][PASSED] - Browser is scrolled to position x = 0, y = 0

2019-02-27 17:47:50 - [TEST_STEP][PASSED] - click(findTestObject("AdvanceSearch_Page/Icon_Advanced Search")): Object: 'Object Repository/AdvanceSearch_Page/Icon_Advanced Search' is clicked on

2019-02-27 17:47:53 - [MESSAGE][PASSED] - Object: 'Object Repository/AdvanceSearch_Page/Icon_Advanced Search' is clicked on

2019-02-27 17:47:53 - [TEST_STEP][PASSED] - click(findTestObject("AdvanceSearch_Page/FieldName_DropDown")): Object: 'Object Repository/AdvanceSearch_Page/FieldName_DropDown' is clicked on

2019-02-27 17:47:55 - [MESSAGE][PASSED] - Object: 'Object Repository/AdvanceSearch_Page/FieldName_DropDown' is clicked on

2019-02-27 17:47:55 - [TEST_STEP][PASSED] - scrollToElement(findTestObject("AdvanceSearch_Page/option_Unit Type name"), 4): Scroll to object 'Object Repository/AdvanceSearch_Page/option_Unit Type name' successfully

2019-02-27 17:47:57 - [MESSAGE][PASSED] - Scroll to object 'Object Repository/AdvanceSearch_Page/option_Unit Type name' successfully

2019-02-27 17:47:57 - [TEST_STEP][PASSED] - click(findTestObject("AdvanceSearch_Page/option_Unit Type name")): Object: 'Object Repository/AdvanceSearch_Page/option_Unit Type name' is clicked on

2019-02-27 17:47:59 - [MESSAGE][PASSED] - Object: 'Object Repository/AdvanceSearch_Page/option_Unit Type name' is clicked on

2019-02-27 17:47:59 - [TEST_STEP][PASSED] - click(findTestObject("AdvanceSearch_Page/td_Comparision")): Object: 'Object Repository/AdvanceSearch_Page/td_Comparision' is clicked on

2019-02-27 17:48:01 - [MESSAGE][PASSED] - Object: 'Object Repository/AdvanceSearch_Page/td_Comparision' is clicked on

2019-02-27 17:48:01 - [TEST_STEP][PASSED] - scrollToElement(findTestObject("AdvanceSearch_Page/option_Equals"), 2): Scroll to object 'Object Repository/AdvanceSearch_Page/option_Equals' successfully

2019-02-27 17:48:03 - [MESSAGE][PASSED] - Scroll to object 'Object Repository/AdvanceSearch_Page/option_Equals' successfully

2019-02-27 17:48:03 - [TEST_STEP][PASSED] - click(findTestObject("AdvanceSearch_Page/option_Equals")): Object: 'Object Repository/AdvanceSearch_Page/option_Equals' is clicked on

2019-02-27 17:48:05 - [MESSAGE][PASSED] - Object: 'Object Repository/AdvanceSearch_Page/option_Equals' is clicked on

2019-02-27 17:48:05 - [TEST_STEP][PASSED] - setText(findTestObject("AdvanceSearch_Page/td_Value"), UnitType): Text 'percent' is set on object 'Object Repository/AdvanceSearch_Page/td_Value'

2019-02-27 17:48:10 - [MESSAGE][PASSED] - Text 'percent' is set on object 'Object Repository/AdvanceSearch_Page/td_Value'

2019-02-27 17:48:10 - [TEST_STEP][PASSED] - click(findTestObject("AdvanceSearch_Page/AppySearch_button")): Object: 'Object Repository/AdvanceSearch_Page/AppySearch_button' is clicked on

2019-02-27 17:48:12 - [MESSAGE][PASSED] - Object: 'Object Repository/AdvanceSearch_Page/AppySearch_button' is clicked on

2019-02-27 17:48:12 - [TEST_STEP][PASSED] - globalkeywords.record.RecordNotFound(): globalkeywords.record.RecordNotFound is PASSED

2019-02-27 17:48:23 - [MESSAGE][INFO] - Unable to find the element located by 'By.xpath: //td[@class='dataTables_empty']'. Please recheck the objects properties to make sure the desired element is located. 

2019-02-27 17:48:23 - [MESSAGE][WARNING] - Object 'Object Repository/Page_Callidus Cloud Commissions Man/NoRecordsFound' is not present after 10 second(s)

2019-02-27 17:48:23 - [MESSAGE][PASSED] - globalkeywords.record.RecordNotFound is PASSED]]></system-out>
         <system-err><![CDATA[]]></system-err>
      </testcase>
      <testcase name="Test Cases/Organization_workspace/Participants exists in the system" classname="Test Cases/Organization_workspace/Participants exists in the system" status="PASSED">
         <system-out><![CDATA[2019-02-27 17:48:23 - [TEST_CASE][PASSED] - Test Cases/Organization_workspace/Participants exists in the system: Test Cases/Organization_workspace/Participants exists in the system

2019-02-27 17:48:23 - [TEST_STEP][PASSED] - Start listener action : sampleBeforeTestCase: null

2019-02-27 17:48:23 - [TEST_STEP][PASSED] - println(testCaseContext.getTestCaseId()): null

2019-02-27 17:48:23 - [TEST_STEP][PASSED] - println(testCaseContext.getTestCaseVariables()): null

2019-02-27 17:48:23 - [TEST_STEP][PASSED] - callTestCase(findTestCase("Commission Login_Logout/Commission Login"), [:], STOP_ON_FAILURE): Call Test Case 'Test Cases/Commission Login_Logout/Commission Login' successfully

2019-02-27 17:48:23 - [TEST_CASE][PASSED] - Test Cases/Commission Login_Logout/Commission Login: Test Cases/Commission Login_Logout/Commission Login

2019-02-27 17:48:23 - [TEST_STEP][PASSED] - openBrowser(""): Browser is opened with url: ''

2019-02-27 17:48:23 - [MESSAGE][WARNING] - A browser is already opened. Closing browser and opening a new one

2019-02-27 17:48:25 - [MESSAGE][INFO] - Starting 'Chrome' driver

2019-02-27 17:48:30 - [MESSAGE][PASSED] - Browser is opened with url: ''

2019-02-27 17:48:30 - [TEST_STEP][PASSED] - navigateToUrl(BecURL): Navigate to 'https://biz3-tst.callidusondemand.com/SalesPortal/#!/' successfully

2019-02-27 17:48:45 - [MESSAGE][PASSED] - Navigate to 'https://biz3-tst.callidusondemand.com/SalesPortal/#!/' successfully

2019-02-27 17:48:45 - [TEST_STEP][PASSED] - maximizeWindow(): Current window maximized

2019-02-27 17:48:47 - [MESSAGE][PASSED] - Current window maximized

2019-02-27 17:48:47 - [TEST_STEP][PASSED] - setText(findTestObject("LoginPage/input_Username_username"), Bec_UserName): Text 'rkulkarn@calliduscloud.com' is set on object 'Object Repository/LoginPage/input_Username_username'

2019-02-27 17:48:52 - [MESSAGE][PASSED] - Text 'rkulkarn@calliduscloud.com' is set on object 'Object Repository/LoginPage/input_Username_username'

2019-02-27 17:48:52 - [TEST_STEP][PASSED] - setText(findTestObject("LoginPage/input_Password_password"), Bec_Password): Text 'Augg@1234' is set on object 'Object Repository/LoginPage/input_Password_password'

2019-02-27 17:48:56 - [MESSAGE][PASSED] - Text 'Augg@1234' is set on object 'Object Repository/LoginPage/input_Password_password'

2019-02-27 17:48:56 - [TEST_STEP][PASSED] - waitForElementClickable(findTestObject("LoginPage/Login_Button"), 2): Object 'Object Repository/LoginPage/Login_Button' is clickable

2019-02-27 17:48:58 - [MESSAGE][PASSED] - Object 'Object Repository/LoginPage/Login_Button' is clickable

2019-02-27 17:48:58 - [TEST_STEP][PASSED] - click(findTestObject("LoginPage/Login_Button")): Object: 'Object Repository/LoginPage/Login_Button' is clicked on

2019-02-27 17:49:00 - [MESSAGE][PASSED] - Object: 'Object Repository/LoginPage/Login_Button' is clicked on

2019-02-27 17:49:00 - [TEST_STEP][PASSED] - waitForPageLoad(2): Wait for page load successfully

2019-02-27 17:49:01 - [MESSAGE][PASSED] - Wait for page load successfully

2019-02-27 17:49:01 - [TEST_STEP][PASSED] - click(findTestObject("MessagesPage/Icon_Apps")): Object: 'Object Repository/MessagesPage/Icon_Apps' is clicked on

2019-02-27 17:49:05 - [MESSAGE][PASSED] - Object: 'Object Repository/MessagesPage/Icon_Apps' is clicked on

2019-02-27 17:49:05 - [TEST_STEP][PASSED] - mouseOver(findTestObject("MessagesPage/Link_Commissions")): Object: 'Object Repository/MessagesPage/Link_Commissions' is hovered

2019-02-27 17:49:08 - [MESSAGE][PASSED] - Object: 'Object Repository/MessagesPage/Link_Commissions' is hovered

2019-02-27 17:49:08 - [TEST_STEP][PASSED] - scrollToElement(findTestObject("MessagesPage/Link_Commissions"), 1): Scroll to object 'Object Repository/MessagesPage/Link_Commissions' successfully

2019-02-27 17:49:10 - [MESSAGE][PASSED] - Scroll to object 'Object Repository/MessagesPage/Link_Commissions' successfully

2019-02-27 17:49:10 - [TEST_STEP][PASSED] - click(findTestObject("MessagesPage/Link_Commissions")): Object: 'Object Repository/MessagesPage/Link_Commissions' is clicked on

2019-02-27 17:49:31 - [MESSAGE][PASSED] - Object: 'Object Repository/MessagesPage/Link_Commissions' is clicked on

2019-02-27 17:49:31 - [TEST_STEP][PASSED] - waitForPageLoad(3): Wait for page load successfully

2019-02-27 17:49:32 - [MESSAGE][PASSED] - Wait for page load successfully

2019-02-27 17:49:32 - [MESSAGE][PASSED] - Call Test Case 'Test Cases/Commission Login_Logout/Commission Login' successfully

2019-02-27 17:49:32 - [TEST_STEP][PASSED] - mouseOver(findTestObject("HomePage_Commission/Commission_Organizationdata/Icon_Organization")): Object: 'Object Repository/HomePage_Commission/Commission_Organizationdata/Icon_Organization' is hovered

2019-02-27 17:49:35 - [MESSAGE][PASSED] - Object: 'Object Repository/HomePage_Commission/Commission_Organizationdata/Icon_Organization' is hovered

2019-02-27 17:49:35 - [TEST_STEP][PASSED] - waitForElementPresent(findTestObject("HomePage_Commission/Commission_Organizationdata/Icon_Organization"), 1): Object 'Object Repository/HomePage_Commission/Commission_Organizationdata/Icon_Organization' is present

2019-02-27 17:49:36 - [MESSAGE][PASSED] - Object 'Object Repository/HomePage_Commission/Commission_Organizationdata/Icon_Organization' is present

2019-02-27 17:49:36 - [TEST_STEP][PASSED] - click(findTestObject("HomePage_Commission/Commission_Organizationdata/Icon_Organization")): Object: 'Object Repository/HomePage_Commission/Commission_Organizationdata/Icon_Organization' is clicked on

2019-02-27 17:49:38 - [MESSAGE][PASSED] - Object: 'Object Repository/HomePage_Commission/Commission_Organizationdata/Icon_Organization' is clicked on

2019-02-27 17:49:38 - [TEST_STEP][PASSED] - println("User is able to naviagte to Administration tab"): null

2019-02-27 17:49:38 - [TEST_STEP][PASSED] - waitForElementVisible(findTestObject("HomePage_Commission/Commission_Organizationdata/Link_Participants"), 1): Object 'Object Repository/HomePage_Commission/Commission_Organizationdata/Link_Participants' is visible

2019-02-27 17:49:40 - [MESSAGE][PASSED] - Object 'Object Repository/HomePage_Commission/Commission_Organizationdata/Link_Participants' is visible

2019-02-27 17:49:40 - [TEST_STEP][PASSED] - mouseOver(findTestObject("HomePage_Commission/Commission_Organizationdata/Link_Participants"), STOP_ON_FAILURE): Object: 'Object Repository/HomePage_Commission/Commission_Organizationdata/Link_Participants' is hovered

2019-02-27 17:49:43 - [MESSAGE][PASSED] - Object: 'Object Repository/HomePage_Commission/Commission_Organizationdata/Link_Participants' is hovered

2019-02-27 17:49:43 - [TEST_STEP][PASSED] - click(findTestObject("HomePage_Commission/Commission_Organizationdata/Link_Participants")): Object: 'Object Repository/HomePage_Commission/Commission_Organizationdata/Link_Participants' is clicked on

2019-02-27 17:50:02 - [MESSAGE][PASSED] - Object: 'Object Repository/HomePage_Commission/Commission_Organizationdata/Link_Participants' is clicked on

2019-02-27 17:50:02 - [TEST_STEP][PASSED] - println("User Naviagted to Participants screen"): null

2019-02-27 17:50:02 - [TEST_STEP][PASSED] - click(findTestObject("AdvanceSearch_Page/Icon_Advanced Search")): Object: 'Object Repository/AdvanceSearch_Page/Icon_Advanced Search' is clicked on

2019-02-27 17:50:06 - [MESSAGE][PASSED] - Object: 'Object Repository/AdvanceSearch_Page/Icon_Advanced Search' is clicked on

2019-02-27 17:50:06 - [TEST_STEP][PASSED] - click(findTestObject("AdvanceSearch_Page/FieldName_DropDown")): Object: 'Object Repository/AdvanceSearch_Page/FieldName_DropDown' is clicked on

2019-02-27 17:50:08 - [MESSAGE][PASSED] - Object: 'Object Repository/AdvanceSearch_Page/FieldName_DropDown' is clicked on

2019-02-27 17:50:08 - [TEST_STEP][PASSED] - scrollToElement(findTestObject("AdvanceSearch_Page/Option_Participant_id"), 9): Scroll to object 'Object Repository/AdvanceSearch_Page/Option_Participant_id' successfully

2019-02-27 17:50:10 - [MESSAGE][PASSED] - Scroll to object 'Object Repository/AdvanceSearch_Page/Option_Participant_id' successfully

2019-02-27 17:50:10 - [TEST_STEP][PASSED] - click(findTestObject("AdvanceSearch_Page/Option_Participant_id")): Object: 'Object Repository/AdvanceSearch_Page/Option_Participant_id' is clicked on

2019-02-27 17:50:12 - [MESSAGE][PASSED] - Object: 'Object Repository/AdvanceSearch_Page/Option_Participant_id' is clicked on

2019-02-27 17:50:12 - [TEST_STEP][PASSED] - click(findTestObject("AdvanceSearch_Page/td_Comparision")): Object: 'Object Repository/AdvanceSearch_Page/td_Comparision' is clicked on

2019-02-27 17:50:15 - [MESSAGE][PASSED] - Object: 'Object Repository/AdvanceSearch_Page/td_Comparision' is clicked on

2019-02-27 17:50:15 - [TEST_STEP][PASSED] - scrollToElement(findTestObject("AdvanceSearch_Page/option_Equals"), 2): Scroll to object 'Object Repository/AdvanceSearch_Page/option_Equals' successfully

2019-02-27 17:50:17 - [MESSAGE][PASSED] - Scroll to object 'Object Repository/AdvanceSearch_Page/option_Equals' successfully

2019-02-27 17:50:17 - [TEST_STEP][PASSED] - click(findTestObject("AdvanceSearch_Page/option_Equals")): Object: 'Object Repository/AdvanceSearch_Page/option_Equals' is clicked on

2019-02-27 17:50:19 - [MESSAGE][PASSED] - Object: 'Object Repository/AdvanceSearch_Page/option_Equals' is clicked on

2019-02-27 17:50:19 - [TEST_STEP][PASSED] - setText(findTestObject("AdvanceSearch_Page/td_Value"), PID): Text 'Payee01' is set on object 'Object Repository/AdvanceSearch_Page/td_Value'

2019-02-27 17:50:23 - [MESSAGE][PASSED] - Text 'Payee01' is set on object 'Object Repository/AdvanceSearch_Page/td_Value'

2019-02-27 17:50:23 - [TEST_STEP][PASSED] - delay(2): Delayed 2 second(s)

2019-02-27 17:50:25 - [MESSAGE][PASSED] - Delayed 2 second(s)

2019-02-27 17:50:25 - [TEST_STEP][PASSED] - click(findTestObject("AdvanceSearch_Page/AppySearch_button")): Object: 'Object Repository/AdvanceSearch_Page/AppySearch_button' is clicked on

2019-02-27 17:50:28 - [MESSAGE][PASSED] - Object: 'Object Repository/AdvanceSearch_Page/AppySearch_button' is clicked on

2019-02-27 17:50:28 - [TEST_STEP][PASSED] - globalkeywords.record.RecordNotFound(): globalkeywords.record.RecordNotFound is PASSED

2019-02-27 17:50:39 - [MESSAGE][INFO] - Unable to find the element located by 'By.xpath: //td[@class='dataTables_empty']'. Please recheck the objects properties to make sure the desired element is located. 

2019-02-27 17:50:39 - [MESSAGE][WARNING] - Object 'Object Repository/Page_Callidus Cloud Commissions Man/NoRecordsFound' is not present after 10 second(s)

2019-02-27 17:50:39 - [MESSAGE][PASSED] - globalkeywords.record.RecordNotFound is PASSED]]></system-out>
         <system-err><![CDATA[]]></system-err>
      </testcase>
      <testcase name="Test Cases/Organization_workspace/Positions exists in the system" classname="Test Cases/Organization_workspace/Positions exists in the system" status="PASSED">
         <system-out><![CDATA[2019-02-27 17:50:39 - [TEST_CASE][PASSED] - Test Cases/Organization_workspace/Positions exists in the system: Test Cases/Organization_workspace/Positions exists in the system

2019-02-27 17:50:39 - [TEST_STEP][PASSED] - Start listener action : sampleBeforeTestCase: null

2019-02-27 17:50:39 - [TEST_STEP][PASSED] - println(testCaseContext.getTestCaseId()): null

2019-02-27 17:50:39 - [TEST_STEP][PASSED] - println(testCaseContext.getTestCaseVariables()): null

2019-02-27 17:50:39 - [TEST_STEP][PASSED] - callTestCase(findTestCase("Commission Login_Logout/Commission Login"), [:], STOP_ON_FAILURE): Call Test Case 'Test Cases/Commission Login_Logout/Commission Login' successfully

2019-02-27 17:50:39 - [TEST_CASE][PASSED] - Test Cases/Commission Login_Logout/Commission Login: Test Cases/Commission Login_Logout/Commission Login

2019-02-27 17:50:39 - [TEST_STEP][PASSED] - openBrowser(""): Browser is opened with url: ''

2019-02-27 17:50:39 - [MESSAGE][WARNING] - A browser is already opened. Closing browser and opening a new one

2019-02-27 17:50:41 - [MESSAGE][INFO] - Starting 'Chrome' driver

2019-02-27 17:50:46 - [MESSAGE][PASSED] - Browser is opened with url: ''

2019-02-27 17:50:46 - [TEST_STEP][PASSED] - navigateToUrl(BecURL): Navigate to 'https://biz3-tst.callidusondemand.com/SalesPortal/#!/' successfully

2019-02-27 17:51:02 - [MESSAGE][PASSED] - Navigate to 'https://biz3-tst.callidusondemand.com/SalesPortal/#!/' successfully

2019-02-27 17:51:02 - [TEST_STEP][PASSED] - maximizeWindow(): Current window maximized

2019-02-27 17:51:04 - [MESSAGE][PASSED] - Current window maximized

2019-02-27 17:51:04 - [TEST_STEP][PASSED] - setText(findTestObject("LoginPage/input_Username_username"), Bec_UserName): Text 'rkulkarn@calliduscloud.com' is set on object 'Object Repository/LoginPage/input_Username_username'

2019-02-27 17:51:09 - [MESSAGE][PASSED] - Text 'rkulkarn@calliduscloud.com' is set on object 'Object Repository/LoginPage/input_Username_username'

2019-02-27 17:51:09 - [TEST_STEP][PASSED] - setText(findTestObject("LoginPage/input_Password_password"), Bec_Password): Text 'Augg@1234' is set on object 'Object Repository/LoginPage/input_Password_password'

2019-02-27 17:51:13 - [MESSAGE][PASSED] - Text 'Augg@1234' is set on object 'Object Repository/LoginPage/input_Password_password'

2019-02-27 17:51:13 - [TEST_STEP][PASSED] - waitForElementClickable(findTestObject("LoginPage/Login_Button"), 2): Object 'Object Repository/LoginPage/Login_Button' is clickable

2019-02-27 17:51:15 - [MESSAGE][PASSED] - Object 'Object Repository/LoginPage/Login_Button' is clickable

2019-02-27 17:51:15 - [TEST_STEP][PASSED] - click(findTestObject("LoginPage/Login_Button")): Object: 'Object Repository/LoginPage/Login_Button' is clicked on

2019-02-27 17:51:17 - [MESSAGE][PASSED] - Object: 'Object Repository/LoginPage/Login_Button' is clicked on

2019-02-27 17:51:17 - [TEST_STEP][PASSED] - waitForPageLoad(2): Wait for page load successfully

2019-02-27 17:51:18 - [MESSAGE][PASSED] - Wait for page load successfully

2019-02-27 17:51:18 - [TEST_STEP][PASSED] - click(findTestObject("MessagesPage/Icon_Apps")): Object: 'Object Repository/MessagesPage/Icon_Apps' is clicked on

2019-02-27 17:51:22 - [MESSAGE][PASSED] - Object: 'Object Repository/MessagesPage/Icon_Apps' is clicked on

2019-02-27 17:51:22 - [TEST_STEP][PASSED] - mouseOver(findTestObject("MessagesPage/Link_Commissions")): Object: 'Object Repository/MessagesPage/Link_Commissions' is hovered

2019-02-27 17:51:25 - [MESSAGE][PASSED] - Object: 'Object Repository/MessagesPage/Link_Commissions' is hovered

2019-02-27 17:51:25 - [TEST_STEP][PASSED] - scrollToElement(findTestObject("MessagesPage/Link_Commissions"), 1): Scroll to object 'Object Repository/MessagesPage/Link_Commissions' successfully

2019-02-27 17:51:27 - [MESSAGE][PASSED] - Scroll to object 'Object Repository/MessagesPage/Link_Commissions' successfully

2019-02-27 17:51:27 - [TEST_STEP][PASSED] - click(findTestObject("MessagesPage/Link_Commissions")): Object: 'Object Repository/MessagesPage/Link_Commissions' is clicked on

2019-02-27 17:51:55 - [MESSAGE][PASSED] - Object: 'Object Repository/MessagesPage/Link_Commissions' is clicked on

2019-02-27 17:51:55 - [TEST_STEP][PASSED] - waitForPageLoad(3): Wait for page load successfully

2019-02-27 17:51:56 - [MESSAGE][PASSED] - Wait for page load successfully

2019-02-27 17:51:56 - [MESSAGE][PASSED] - Call Test Case 'Test Cases/Commission Login_Logout/Commission Login' successfully

2019-02-27 17:51:56 - [TEST_STEP][PASSED] - mouseOver(findTestObject("HomePage_Commission/Commission_Organizationdata/Icon_Organization")): Object: 'Object Repository/HomePage_Commission/Commission_Organizationdata/Icon_Organization' is hovered

2019-02-27 17:51:59 - [MESSAGE][PASSED] - Object: 'Object Repository/HomePage_Commission/Commission_Organizationdata/Icon_Organization' is hovered

2019-02-27 17:51:59 - [TEST_STEP][PASSED] - waitForElementPresent(findTestObject("HomePage_Commission/Commission_Organizationdata/Icon_Organization"), 1): Object 'Object Repository/HomePage_Commission/Commission_Organizationdata/Icon_Organization' is present

2019-02-27 17:52:00 - [MESSAGE][PASSED] - Object 'Object Repository/HomePage_Commission/Commission_Organizationdata/Icon_Organization' is present

2019-02-27 17:52:00 - [TEST_STEP][PASSED] - click(findTestObject("HomePage_Commission/Commission_Organizationdata/Icon_Organization")): Object: 'Object Repository/HomePage_Commission/Commission_Organizationdata/Icon_Organization' is clicked on

2019-02-27 17:52:02 - [MESSAGE][PASSED] - Object: 'Object Repository/HomePage_Commission/Commission_Organizationdata/Icon_Organization' is clicked on

2019-02-27 17:52:02 - [TEST_STEP][PASSED] - println("User is able to naviagte to Administration tab"): null

2019-02-27 17:52:02 - [TEST_STEP][PASSED] - waitForElementVisible(findTestObject("HomePage_Commission/Commission_Organizationdata/Link_Positions"), 2): Object 'Object Repository/HomePage_Commission/Commission_Organizationdata/Link_Positions' is visible

2019-02-27 17:52:04 - [MESSAGE][PASSED] - Object 'Object Repository/HomePage_Commission/Commission_Organizationdata/Link_Positions' is visible

2019-02-27 17:52:04 - [TEST_STEP][PASSED] - mouseOver(findTestObject("HomePage_Commission/Commission_Organizationdata/Link_Positions"), STOP_ON_FAILURE): Object: 'Object Repository/HomePage_Commission/Commission_Organizationdata/Link_Positions' is hovered

2019-02-27 17:52:07 - [MESSAGE][PASSED] - Object: 'Object Repository/HomePage_Commission/Commission_Organizationdata/Link_Positions' is hovered

2019-02-27 17:52:07 - [TEST_STEP][PASSED] - click(findTestObject("HomePage_Commission/Commission_Organizationdata/Link_Positions")): Object: 'Object Repository/HomePage_Commission/Commission_Organizationdata/Link_Positions' is clicked on

2019-02-27 17:52:20 - [MESSAGE][PASSED] - Object: 'Object Repository/HomePage_Commission/Commission_Organizationdata/Link_Positions' is clicked on

2019-02-27 17:52:20 - [TEST_STEP][PASSED] - println("User Naviagted to Positions screen"): null

2019-02-27 17:52:20 - [TEST_STEP][PASSED] - click(findTestObject("AdvanceSearch_Page/Icon_Advanced Search")): Object: 'Object Repository/AdvanceSearch_Page/Icon_Advanced Search' is clicked on

2019-02-27 17:52:24 - [MESSAGE][PASSED] - Object: 'Object Repository/AdvanceSearch_Page/Icon_Advanced Search' is clicked on

2019-02-27 17:52:24 - [TEST_STEP][PASSED] - click(findTestObject("AdvanceSearch_Page/FieldName_DropDown")): Object: 'Object Repository/AdvanceSearch_Page/FieldName_DropDown' is clicked on

2019-02-27 17:52:26 - [MESSAGE][PASSED] - Object: 'Object Repository/AdvanceSearch_Page/FieldName_DropDown' is clicked on

2019-02-27 17:52:26 - [TEST_STEP][PASSED] - scrollToElement(findTestObject("AdvanceSearch_Page/option_Position_Name"), 9): Scroll to object 'Object Repository/AdvanceSearch_Page/option_Position_Name' successfully

2019-02-27 17:52:28 - [MESSAGE][PASSED] - Scroll to object 'Object Repository/AdvanceSearch_Page/option_Position_Name' successfully

2019-02-27 17:52:28 - [TEST_STEP][PASSED] - click(findTestObject("AdvanceSearch_Page/option_Position_Name")): Object: 'Object Repository/AdvanceSearch_Page/option_Position_Name' is clicked on

2019-02-27 17:52:30 - [MESSAGE][PASSED] - Object: 'Object Repository/AdvanceSearch_Page/option_Position_Name' is clicked on

2019-02-27 17:52:30 - [TEST_STEP][PASSED] - click(findTestObject("AdvanceSearch_Page/td_Comparision")): Object: 'Object Repository/AdvanceSearch_Page/td_Comparision' is clicked on

2019-02-27 17:52:34 - [MESSAGE][PASSED] - Object: 'Object Repository/AdvanceSearch_Page/td_Comparision' is clicked on

2019-02-27 17:52:34 - [TEST_STEP][PASSED] - scrollToElement(findTestObject("AdvanceSearch_Page/option_Equals"), 2): Scroll to object 'Object Repository/AdvanceSearch_Page/option_Equals' successfully

2019-02-27 17:52:36 - [MESSAGE][PASSED] - Scroll to object 'Object Repository/AdvanceSearch_Page/option_Equals' successfully

2019-02-27 17:52:36 - [TEST_STEP][PASSED] - click(findTestObject("AdvanceSearch_Page/option_Equals")): Object: 'Object Repository/AdvanceSearch_Page/option_Equals' is clicked on

2019-02-27 17:52:38 - [MESSAGE][PASSED] - Object: 'Object Repository/AdvanceSearch_Page/option_Equals' is clicked on

2019-02-27 17:52:38 - [TEST_STEP][PASSED] - setText(findTestObject("AdvanceSearch_Page/td_Value"), Position): Text 'Pos_09' is set on object 'Object Repository/AdvanceSearch_Page/td_Value'

2019-02-27 17:52:42 - [MESSAGE][PASSED] - Text 'Pos_09' is set on object 'Object Repository/AdvanceSearch_Page/td_Value'

2019-02-27 17:52:42 - [TEST_STEP][PASSED] - click(findTestObject("AdvanceSearch_Page/AppySearch_button")): Object: 'Object Repository/AdvanceSearch_Page/AppySearch_button' is clicked on

2019-02-27 17:52:45 - [MESSAGE][PASSED] - Object: 'Object Repository/AdvanceSearch_Page/AppySearch_button' is clicked on

2019-02-27 17:52:45 - [TEST_STEP][PASSED] - globalkeywords.record.RecordNotFound(): globalkeywords.record.RecordNotFound is PASSED

2019-02-27 17:52:56 - [MESSAGE][INFO] - Unable to find the element located by 'By.xpath: //td[@class='dataTables_empty']'. Please recheck the objects properties to make sure the desired element is located. 

2019-02-27 17:52:56 - [MESSAGE][WARNING] - Object 'Object Repository/Page_Callidus Cloud Commissions Man/NoRecordsFound' is not present after 10 second(s)

2019-02-27 17:52:56 - [MESSAGE][PASSED] - globalkeywords.record.RecordNotFound is PASSED]]></system-out>
         <system-err><![CDATA[]]></system-err>
      </testcase>
      <testcase name="Test Cases/Organization_workspace/Relationship_exist_in_the_system" classname="Test Cases/Organization_workspace/Relationship_exist_in_the_system" status="PASSED">
         <system-out><![CDATA[2019-02-27 17:52:56 - [TEST_CASE][PASSED] - Test Cases/Organization_workspace/Relationship_exist_in_the_system: Test Cases/Organization_workspace/Relationship_exist_in_the_system

2019-02-27 17:52:56 - [TEST_STEP][PASSED] - Start listener action : sampleBeforeTestCase: null

2019-02-27 17:52:56 - [TEST_STEP][PASSED] - println(testCaseContext.getTestCaseId()): null

2019-02-27 17:52:56 - [TEST_STEP][PASSED] - println(testCaseContext.getTestCaseVariables()): null

2019-02-27 17:52:56 - [TEST_STEP][PASSED] - callTestCase(findTestCase("Commission Login_Logout/Commission Login"), [:], STOP_ON_FAILURE): Call Test Case 'Test Cases/Commission Login_Logout/Commission Login' successfully

2019-02-27 17:52:56 - [TEST_CASE][PASSED] - Test Cases/Commission Login_Logout/Commission Login: Test Cases/Commission Login_Logout/Commission Login

2019-02-27 17:52:56 - [TEST_STEP][PASSED] - openBrowser(""): Browser is opened with url: ''

2019-02-27 17:52:56 - [MESSAGE][WARNING] - A browser is already opened. Closing browser and opening a new one

2019-02-27 17:52:58 - [MESSAGE][INFO] - Starting 'Chrome' driver

2019-02-27 17:53:03 - [MESSAGE][PASSED] - Browser is opened with url: ''

2019-02-27 17:53:03 - [TEST_STEP][PASSED] - navigateToUrl(BecURL): Navigate to 'https://biz3-tst.callidusondemand.com/SalesPortal/#!/' successfully

2019-02-27 17:53:33 - [MESSAGE][PASSED] - Navigate to 'https://biz3-tst.callidusondemand.com/SalesPortal/#!/' successfully

2019-02-27 17:53:33 - [TEST_STEP][PASSED] - maximizeWindow(): Current window maximized

2019-02-27 17:53:36 - [MESSAGE][PASSED] - Current window maximized

2019-02-27 17:53:36 - [TEST_STEP][PASSED] - setText(findTestObject("LoginPage/input_Username_username"), Bec_UserName): Text 'rkulkarn@calliduscloud.com' is set on object 'Object Repository/LoginPage/input_Username_username'

2019-02-27 17:53:40 - [MESSAGE][PASSED] - Text 'rkulkarn@calliduscloud.com' is set on object 'Object Repository/LoginPage/input_Username_username'

2019-02-27 17:53:40 - [TEST_STEP][PASSED] - setText(findTestObject("LoginPage/input_Password_password"), Bec_Password): Text 'Augg@1234' is set on object 'Object Repository/LoginPage/input_Password_password'

2019-02-27 17:53:44 - [MESSAGE][PASSED] - Text 'Augg@1234' is set on object 'Object Repository/LoginPage/input_Password_password'

2019-02-27 17:53:44 - [TEST_STEP][PASSED] - waitForElementClickable(findTestObject("LoginPage/Login_Button"), 2): Object 'Object Repository/LoginPage/Login_Button' is clickable

2019-02-27 17:53:46 - [MESSAGE][PASSED] - Object 'Object Repository/LoginPage/Login_Button' is clickable

2019-02-27 17:53:46 - [TEST_STEP][PASSED] - click(findTestObject("LoginPage/Login_Button")): Object: 'Object Repository/LoginPage/Login_Button' is clicked on

2019-02-27 17:53:48 - [MESSAGE][PASSED] - Object: 'Object Repository/LoginPage/Login_Button' is clicked on

2019-02-27 17:53:48 - [TEST_STEP][PASSED] - waitForPageLoad(2): Wait for page load successfully

2019-02-27 17:53:49 - [MESSAGE][PASSED] - Wait for page load successfully

2019-02-27 17:53:49 - [TEST_STEP][PASSED] - click(findTestObject("MessagesPage/Icon_Apps")): Object: 'Object Repository/MessagesPage/Icon_Apps' is clicked on

2019-02-27 17:53:53 - [MESSAGE][PASSED] - Object: 'Object Repository/MessagesPage/Icon_Apps' is clicked on

2019-02-27 17:53:53 - [TEST_STEP][PASSED] - mouseOver(findTestObject("MessagesPage/Link_Commissions")): Object: 'Object Repository/MessagesPage/Link_Commissions' is hovered

2019-02-27 17:53:56 - [MESSAGE][PASSED] - Object: 'Object Repository/MessagesPage/Link_Commissions' is hovered

2019-02-27 17:53:56 - [TEST_STEP][PASSED] - scrollToElement(findTestObject("MessagesPage/Link_Commissions"), 1): Scroll to object 'Object Repository/MessagesPage/Link_Commissions' successfully

2019-02-27 17:53:58 - [MESSAGE][PASSED] - Scroll to object 'Object Repository/MessagesPage/Link_Commissions' successfully

2019-02-27 17:53:58 - [TEST_STEP][PASSED] - click(findTestObject("MessagesPage/Link_Commissions")): Object: 'Object Repository/MessagesPage/Link_Commissions' is clicked on

2019-02-27 17:54:30 - [MESSAGE][PASSED] - Object: 'Object Repository/MessagesPage/Link_Commissions' is clicked on

2019-02-27 17:54:30 - [TEST_STEP][PASSED] - waitForPageLoad(3): Wait for page load successfully

2019-02-27 17:54:31 - [MESSAGE][PASSED] - Wait for page load successfully

2019-02-27 17:54:31 - [MESSAGE][PASSED] - Call Test Case 'Test Cases/Commission Login_Logout/Commission Login' successfully

2019-02-27 17:54:31 - [TEST_STEP][PASSED] - mouseOver(findTestObject("HomePage_Commission/Commission_Organizationdata/Icon_Organization")): Object: 'Object Repository/HomePage_Commission/Commission_Organizationdata/Icon_Organization' is hovered

2019-02-27 17:54:34 - [MESSAGE][PASSED] - Object: 'Object Repository/HomePage_Commission/Commission_Organizationdata/Icon_Organization' is hovered

2019-02-27 17:54:34 - [TEST_STEP][PASSED] - scrollToElement(findTestObject("HomePage_Commission/Commission_Organizationdata/Link_Relationships"), 3): Scroll to object 'Object Repository/HomePage_Commission/Commission_Organizationdata/Link_Relationships' successfully

2019-02-27 17:54:36 - [MESSAGE][PASSED] - Scroll to object 'Object Repository/HomePage_Commission/Commission_Organizationdata/Link_Relationships' successfully

2019-02-27 17:54:36 - [TEST_STEP][PASSED] - click(findTestObject("HomePage_Commission/Commission_Organizationdata/Link_Relationships")): Object: 'Object Repository/HomePage_Commission/Commission_Organizationdata/Link_Relationships' is clicked on

2019-02-27 17:54:50 - [MESSAGE][PASSED] - Object: 'Object Repository/HomePage_Commission/Commission_Organizationdata/Link_Relationships' is clicked on

2019-02-27 17:54:50 - [TEST_STEP][PASSED] - scrollToPosition(1, 0): Browser is scrolled to position x = 1, y = 0

2019-02-27 17:54:51 - [MESSAGE][PASSED] - Browser is scrolled to position x = 1, y = 0

2019-02-27 17:54:51 - [TEST_STEP][PASSED] - waitForElementPresent(findTestObject("Page_Plan Tab/Span_New Roll Type"), 1): Object 'Object Repository/Page_Plan Tab/Span_New Roll Type' is present

2019-02-27 17:54:52 - [MESSAGE][PASSED] - Object 'Object Repository/Page_Plan Tab/Span_New Roll Type' is present

2019-02-27 17:54:52 - [TEST_STEP][PASSED] - click(findTestObject("Page_Plan Tab/Span_New Roll Type")): Object: 'Object Repository/Page_Plan Tab/Span_New Roll Type' is clicked on

2019-02-27 17:54:54 - [MESSAGE][PASSED] - Object: 'Object Repository/Page_Plan Tab/Span_New Roll Type' is clicked on

2019-02-27 17:54:54 - [TEST_STEP][PASSED] - setText(findTestObject("Page_Plan Tab/input_Roll Type Name"), New_roll_type): Text 'Rolltype1' is set on object 'Object Repository/Page_Plan Tab/input_Roll Type Name'

2019-02-27 17:54:58 - [MESSAGE][PASSED] - Text 'Rolltype1' is set on object 'Object Repository/Page_Plan Tab/input_Roll Type Name'

2019-02-27 17:54:58 - [TEST_STEP][PASSED] - click(findTestObject("Page_Plan Tab/img")): Object: 'Object Repository/Page_Plan Tab/img' is clicked on

2019-02-27 17:55:00 - [MESSAGE][PASSED] - Object: 'Object Repository/Page_Plan Tab/img' is clicked on

2019-02-27 17:55:00 - [TEST_STEP][PASSED] - click(findTestObject("Page_Plan Tab/span_NewRollTypeListcreated")): Object: 'Object Repository/Page_Plan Tab/span_NewRollTypeListcreated' is clicked on

2019-02-27 17:55:02 - [MESSAGE][PASSED] - Object: 'Object Repository/Page_Plan Tab/span_NewRollTypeListcreated' is clicked on

2019-02-27 17:55:02 - [TEST_STEP][PASSED] - click(findTestObject("Page_Plan Tab/span_Cancel_icon-file-plus2 co")): Object: 'Object Repository/Page_Plan Tab/span_Cancel_icon-file-plus2 co' is clicked on

2019-02-27 17:55:05 - [MESSAGE][PASSED] - Object: 'Object Repository/Page_Plan Tab/span_Cancel_icon-file-plus2 co' is clicked on

2019-02-27 17:55:05 - [TEST_STEP][PASSED] - click(findTestObject("Page_Plan Tab/span_Ok")): Object: 'Object Repository/Page_Plan Tab/span_Ok' is clicked on

2019-02-27 17:55:07 - [MESSAGE][PASSED] - Object: 'Object Repository/Page_Plan Tab/span_Ok' is clicked on

2019-02-27 17:55:07 - [TEST_STEP][PASSED] - setText(findTestObject("Page_Plan Tab/input_Search positions below d (1)"), Position_val1): Text 'Pos1' is set on object 'Object Repository/Page_Plan Tab/input_Search positions below d (1)'

2019-02-27 17:55:11 - [MESSAGE][PASSED] - Text 'Pos1' is set on object 'Object Repository/Page_Plan Tab/input_Search positions below d (1)'

2019-02-27 17:55:11 - [TEST_STEP][PASSED] - click(findTestObject("Page_Plan Tab/Relation_searchicon")): Object: 'Object Repository/Page_Plan Tab/Relation_searchicon' is clicked on

2019-02-27 17:55:13 - [MESSAGE][PASSED] - Object: 'Object Repository/Page_Plan Tab/Relation_searchicon' is clicked on

2019-02-27 17:55:13 - [TEST_STEP][PASSED] - position1obj = new com.kms.katalon.core.testobject.TestObject(Dynamic object): null

2019-02-27 17:55:13 - [TEST_STEP][PASSED] - pos1object = Position_val1: null

2019-02-27 17:55:13 - [TEST_STEP][PASSED] - pos1txt_xapth = "//*[normalize-space(text()) and normalize-space(.)="" + pos1object + ""]": null

2019-02-27 17:55:13 - [TEST_STEP][PASSED] - position1obj.addProperty("xpath", EQUALS, pos1txt_xapth): null

2019-02-27 17:55:13 - [TEST_STEP][PASSED] - Thread.sleep(2000): null

2019-02-27 17:55:15 - [TEST_STEP][PASSED] - pos1_text = getText(position1obj): Text of object 'Dynamic object' is: 'Pos1'

2019-02-27 17:55:17 - [MESSAGE][PASSED] - Text of object 'Dynamic object' is: 'Pos1'

2019-02-27 17:55:17 - [TEST_STEP][PASSED] - dragAndDropToObject(position1obj, findTestObject("Page_Plan Tab/span_SourceDragPosition")): Dragged object with id 'Dynamic object' to object with id 'TestObject - 'Object Repository/Page_Plan Tab/span_SourceDragPosition'' successfully

2019-02-27 17:55:30 - [MESSAGE][PASSED] - Dragged object with id 'Dynamic object' to object with id 'TestObject - 'Object Repository/Page_Plan Tab/span_SourceDragPosition'' successfully

2019-02-27 17:55:30 - [TEST_STEP][PASSED] - setText(findTestObject("Page_Plan Tab/input_Search positions below d (1)"), Position_val2): Text 'Pos2' is set on object 'Object Repository/Page_Plan Tab/input_Search positions below d (1)'

2019-02-27 17:55:35 - [MESSAGE][PASSED] - Text 'Pos2' is set on object 'Object Repository/Page_Plan Tab/input_Search positions below d (1)'

2019-02-27 17:55:35 - [TEST_STEP][PASSED] - click(findTestObject("Page_Plan Tab/Relation_searchicon")): Object: 'Object Repository/Page_Plan Tab/Relation_searchicon' is clicked on

2019-02-27 17:55:37 - [MESSAGE][PASSED] - Object: 'Object Repository/Page_Plan Tab/Relation_searchicon' is clicked on

2019-02-27 17:55:37 - [TEST_STEP][PASSED] - position2obj = new com.kms.katalon.core.testobject.TestObject(Dynamic object): null

2019-02-27 17:55:37 - [TEST_STEP][PASSED] - pos2object = Position_val2: null

2019-02-27 17:55:37 - [TEST_STEP][PASSED] - pos2txt_xapth = "//*[normalize-space(text()) and normalize-space(.)="" + pos2object + ""]": null

2019-02-27 17:55:37 - [TEST_STEP][PASSED] - position2obj.addProperty("xpath", EQUALS, pos2txt_xapth): null

2019-02-27 17:55:37 - [TEST_STEP][PASSED] - Thread.sleep(2000): null

2019-02-27 17:55:39 - [TEST_STEP][PASSED] - pos2_text = getText(position2obj): Text of object 'Dynamic object' is: 'Pos2'

2019-02-27 17:55:41 - [MESSAGE][PASSED] - Text of object 'Dynamic object' is: 'Pos2'

2019-02-27 17:55:41 - [TEST_STEP][PASSED] - dragAndDropToObject(position2obj, findTestObject("Page_Plan Tab/span_Drop a position below as")): Dragged object with id 'Dynamic object' to object with id 'TestObject - 'Object Repository/Page_Plan Tab/span_Drop a position below as'' successfully

2019-02-27 17:55:54 - [MESSAGE][PASSED] - Dragged object with id 'Dynamic object' to object with id 'TestObject - 'Object Repository/Page_Plan Tab/span_Drop a position below as'' successfully

2019-02-27 17:55:54 - [TEST_STEP][PASSED] - scrollToPosition(1, 1): Browser is scrolled to position x = 1, y = 1

2019-02-27 17:55:55 - [MESSAGE][PASSED] - Browser is scrolled to position x = 1, y = 1

2019-02-27 17:55:55 - [TEST_STEP][PASSED] - click(findTestObject("Page_Plan Tab/span_Pos1_icon-disk")): Object: 'Object Repository/Page_Plan Tab/span_Pos1_icon-disk' is clicked on

2019-02-27 17:55:57 - [MESSAGE][PASSED] - Object: 'Object Repository/Page_Plan Tab/span_Pos1_icon-disk' is clicked on]]></system-out>
         <system-err><![CDATA[]]></system-err>
      </testcase>
      <testcase name="Test Cases/Organization_workspace/Titles exists in the system" classname="Test Cases/Organization_workspace/Titles exists in the system" status="PASSED">
         <system-out><![CDATA[2019-02-27 17:55:57 - [TEST_CASE][PASSED] - Test Cases/Organization_workspace/Titles exists in the system: Test Cases/Organization_workspace/Titles exists in the system

2019-02-27 17:55:57 - [TEST_STEP][PASSED] - Start listener action : sampleBeforeTestCase: null

2019-02-27 17:55:57 - [TEST_STEP][PASSED] - println(testCaseContext.getTestCaseId()): null

2019-02-27 17:55:57 - [TEST_STEP][PASSED] - println(testCaseContext.getTestCaseVariables()): null

2019-02-27 17:55:58 - [TEST_STEP][PASSED] - callTestCase(findTestCase("Commission Login_Logout/Commission Login"), [:], STOP_ON_FAILURE): Call Test Case 'Test Cases/Commission Login_Logout/Commission Login' successfully

2019-02-27 17:55:58 - [TEST_CASE][PASSED] - Test Cases/Commission Login_Logout/Commission Login: Test Cases/Commission Login_Logout/Commission Login

2019-02-27 17:55:58 - [TEST_STEP][PASSED] - openBrowser(""): Browser is opened with url: ''

2019-02-27 17:55:58 - [MESSAGE][WARNING] - A browser is already opened. Closing browser and opening a new one

2019-02-27 17:56:00 - [MESSAGE][INFO] - Starting 'Chrome' driver

2019-02-27 17:56:05 - [MESSAGE][PASSED] - Browser is opened with url: ''

2019-02-27 17:56:05 - [TEST_STEP][PASSED] - navigateToUrl(BecURL): Navigate to 'https://biz3-tst.callidusondemand.com/SalesPortal/#!/' successfully

2019-02-27 17:56:21 - [MESSAGE][PASSED] - Navigate to 'https://biz3-tst.callidusondemand.com/SalesPortal/#!/' successfully

2019-02-27 17:56:21 - [TEST_STEP][PASSED] - maximizeWindow(): Current window maximized

2019-02-27 17:56:23 - [MESSAGE][PASSED] - Current window maximized

2019-02-27 17:56:23 - [TEST_STEP][PASSED] - setText(findTestObject("LoginPage/input_Username_username"), Bec_UserName): Text 'rkulkarn@calliduscloud.com' is set on object 'Object Repository/LoginPage/input_Username_username'

2019-02-27 17:56:28 - [MESSAGE][PASSED] - Text 'rkulkarn@calliduscloud.com' is set on object 'Object Repository/LoginPage/input_Username_username'

2019-02-27 17:56:28 - [TEST_STEP][PASSED] - setText(findTestObject("LoginPage/input_Password_password"), Bec_Password): Text 'Augg@1234' is set on object 'Object Repository/LoginPage/input_Password_password'

2019-02-27 17:56:32 - [MESSAGE][PASSED] - Text 'Augg@1234' is set on object 'Object Repository/LoginPage/input_Password_password'

2019-02-27 17:56:32 - [TEST_STEP][PASSED] - waitForElementClickable(findTestObject("LoginPage/Login_Button"), 2): Object 'Object Repository/LoginPage/Login_Button' is clickable

2019-02-27 17:56:34 - [MESSAGE][PASSED] - Object 'Object Repository/LoginPage/Login_Button' is clickable

2019-02-27 17:56:34 - [TEST_STEP][PASSED] - click(findTestObject("LoginPage/Login_Button")): Object: 'Object Repository/LoginPage/Login_Button' is clicked on

2019-02-27 17:56:36 - [MESSAGE][PASSED] - Object: 'Object Repository/LoginPage/Login_Button' is clicked on

2019-02-27 17:56:36 - [TEST_STEP][PASSED] - waitForPageLoad(2): Wait for page load successfully

2019-02-27 17:56:37 - [MESSAGE][PASSED] - Wait for page load successfully

2019-02-27 17:56:37 - [TEST_STEP][PASSED] - click(findTestObject("MessagesPage/Icon_Apps")): Object: 'Object Repository/MessagesPage/Icon_Apps' is clicked on

2019-02-27 17:56:41 - [MESSAGE][PASSED] - Object: 'Object Repository/MessagesPage/Icon_Apps' is clicked on

2019-02-27 17:56:41 - [TEST_STEP][PASSED] - mouseOver(findTestObject("MessagesPage/Link_Commissions")): Object: 'Object Repository/MessagesPage/Link_Commissions' is hovered

2019-02-27 17:56:44 - [MESSAGE][PASSED] - Object: 'Object Repository/MessagesPage/Link_Commissions' is hovered

2019-02-27 17:56:44 - [TEST_STEP][PASSED] - scrollToElement(findTestObject("MessagesPage/Link_Commissions"), 1): Scroll to object 'Object Repository/MessagesPage/Link_Commissions' successfully

2019-02-27 17:56:46 - [MESSAGE][PASSED] - Scroll to object 'Object Repository/MessagesPage/Link_Commissions' successfully

2019-02-27 17:56:46 - [TEST_STEP][PASSED] - click(findTestObject("MessagesPage/Link_Commissions")): Object: 'Object Repository/MessagesPage/Link_Commissions' is clicked on

2019-02-27 17:57:06 - [MESSAGE][PASSED] - Object: 'Object Repository/MessagesPage/Link_Commissions' is clicked on

2019-02-27 17:57:06 - [TEST_STEP][PASSED] - waitForPageLoad(3): Wait for page load successfully

2019-02-27 17:57:07 - [MESSAGE][PASSED] - Wait for page load successfully

2019-02-27 17:57:07 - [MESSAGE][PASSED] - Call Test Case 'Test Cases/Commission Login_Logout/Commission Login' successfully

2019-02-27 17:57:07 - [TEST_STEP][PASSED] - mouseOver(findTestObject("HomePage_Commission/Commission_Organizationdata/Icon_Organization")): Object: 'Object Repository/HomePage_Commission/Commission_Organizationdata/Icon_Organization' is hovered

2019-02-27 17:57:11 - [MESSAGE][PASSED] - Object: 'Object Repository/HomePage_Commission/Commission_Organizationdata/Icon_Organization' is hovered

2019-02-27 17:57:11 - [TEST_STEP][PASSED] - waitForElementPresent(findTestObject("HomePage_Commission/Commission_Organizationdata/Icon_Organization"), 1): Object 'Object Repository/HomePage_Commission/Commission_Organizationdata/Icon_Organization' is present

2019-02-27 17:57:12 - [MESSAGE][PASSED] - Object 'Object Repository/HomePage_Commission/Commission_Organizationdata/Icon_Organization' is present

2019-02-27 17:57:12 - [TEST_STEP][PASSED] - click(findTestObject("HomePage_Commission/Commission_Organizationdata/Icon_Organization")): Object: 'Object Repository/HomePage_Commission/Commission_Organizationdata/Icon_Organization' is clicked on

2019-02-27 17:57:14 - [MESSAGE][PASSED] - Object: 'Object Repository/HomePage_Commission/Commission_Organizationdata/Icon_Organization' is clicked on

2019-02-27 17:57:14 - [TEST_STEP][PASSED] - println("User is able to naviagte to Administration tab"): null

2019-02-27 17:57:14 - [TEST_STEP][PASSED] - waitForElementVisible(findTestObject("HomePage_Commission/Commission_Organizationdata/Link_Titles"), 4): Object 'Object Repository/HomePage_Commission/Commission_Organizationdata/Link_Titles' is visible

2019-02-27 17:57:16 - [MESSAGE][PASSED] - Object 'Object Repository/HomePage_Commission/Commission_Organizationdata/Link_Titles' is visible

2019-02-27 17:57:16 - [TEST_STEP][PASSED] - mouseOver(findTestObject("HomePage_Commission/Commission_Organizationdata/Link_Titles"), STOP_ON_FAILURE): Object: 'Object Repository/HomePage_Commission/Commission_Organizationdata/Link_Titles' is hovered

2019-02-27 17:57:19 - [MESSAGE][PASSED] - Object: 'Object Repository/HomePage_Commission/Commission_Organizationdata/Link_Titles' is hovered

2019-02-27 17:57:19 - [TEST_STEP][PASSED] - click(findTestObject("HomePage_Commission/Commission_Organizationdata/Link_Titles")): Object: 'Object Repository/HomePage_Commission/Commission_Organizationdata/Link_Titles' is clicked on

2019-02-27 17:57:31 - [MESSAGE][PASSED] - Object: 'Object Repository/HomePage_Commission/Commission_Organizationdata/Link_Titles' is clicked on

2019-02-27 17:57:31 - [TEST_STEP][PASSED] - println("User Naviagted to Titles screen"): null

2019-02-27 17:57:31 - [TEST_STEP][PASSED] - click(findTestObject("AdvanceSearch_Page/Icon_Advanced Search")): Object: 'Object Repository/AdvanceSearch_Page/Icon_Advanced Search' is clicked on

2019-02-27 17:57:33 - [MESSAGE][PASSED] - Object: 'Object Repository/AdvanceSearch_Page/Icon_Advanced Search' is clicked on

2019-02-27 17:57:33 - [TEST_STEP][PASSED] - click(findTestObject("AdvanceSearch_Page/FieldName_DropDown")): Object: 'Object Repository/AdvanceSearch_Page/FieldName_DropDown' is clicked on

2019-02-27 17:57:36 - [MESSAGE][PASSED] - Object: 'Object Repository/AdvanceSearch_Page/FieldName_DropDown' is clicked on

2019-02-27 17:57:36 - [TEST_STEP][PASSED] - scrollToElement(findTestObject("AdvanceSearch_Page/option_Tittle_fieldName"), 4): Scroll to object 'Object Repository/AdvanceSearch_Page/option_Tittle_fieldName' successfully

2019-02-27 17:57:38 - [MESSAGE][PASSED] - Scroll to object 'Object Repository/AdvanceSearch_Page/option_Tittle_fieldName' successfully

2019-02-27 17:57:38 - [TEST_STEP][PASSED] - click(findTestObject("AdvanceSearch_Page/option_Tittle_fieldName")): Object: 'Object Repository/AdvanceSearch_Page/option_Tittle_fieldName' is clicked on

2019-02-27 17:57:40 - [MESSAGE][PASSED] - Object: 'Object Repository/AdvanceSearch_Page/option_Tittle_fieldName' is clicked on

2019-02-27 17:57:40 - [TEST_STEP][PASSED] - click(findTestObject("AdvanceSearch_Page/td_Comparision")): Object: 'Object Repository/AdvanceSearch_Page/td_Comparision' is clicked on

2019-02-27 17:57:42 - [MESSAGE][PASSED] - Object: 'Object Repository/AdvanceSearch_Page/td_Comparision' is clicked on

2019-02-27 17:57:42 - [TEST_STEP][PASSED] - scrollToElement(findTestObject("AdvanceSearch_Page/option_Equals"), 2): Scroll to object 'Object Repository/AdvanceSearch_Page/option_Equals' successfully

2019-02-27 17:57:44 - [MESSAGE][PASSED] - Scroll to object 'Object Repository/AdvanceSearch_Page/option_Equals' successfully

2019-02-27 17:57:44 - [TEST_STEP][PASSED] - click(findTestObject("AdvanceSearch_Page/option_Equals")): Object: 'Object Repository/AdvanceSearch_Page/option_Equals' is clicked on

2019-02-27 17:57:46 - [MESSAGE][PASSED] - Object: 'Object Repository/AdvanceSearch_Page/option_Equals' is clicked on

2019-02-27 17:57:46 - [TEST_STEP][PASSED] - setText(findTestObject("AdvanceSearch_Page/td_Value"), TitleName): Text 'Title_9' is set on object 'Object Repository/AdvanceSearch_Page/td_Value'

2019-02-27 17:57:51 - [MESSAGE][PASSED] - Text 'Title_9' is set on object 'Object Repository/AdvanceSearch_Page/td_Value'

2019-02-27 17:57:51 - [TEST_STEP][PASSED] - click(findTestObject("AdvanceSearch_Page/AppySearch_button")): Object: 'Object Repository/AdvanceSearch_Page/AppySearch_button' is clicked on

2019-02-27 17:57:53 - [MESSAGE][PASSED] - Object: 'Object Repository/AdvanceSearch_Page/AppySearch_button' is clicked on

2019-02-27 17:57:53 - [TEST_STEP][PASSED] - globalkeywords.record.RecordNotFound(): globalkeywords.record.RecordNotFound is PASSED

2019-02-27 17:58:04 - [MESSAGE][INFO] - Unable to find the element located by 'By.xpath: //td[@class='dataTables_empty']'. Please recheck the objects properties to make sure the desired element is located. 

2019-02-27 17:58:04 - [MESSAGE][WARNING] - Object 'Object Repository/Page_Callidus Cloud Commissions Man/NoRecordsFound' is not present after 10 second(s)

2019-02-27 17:58:04 - [MESSAGE][PASSED] - globalkeywords.record.RecordNotFound is PASSED]]></system-out>
         <system-err><![CDATA[]]></system-err>
      </testcase>
      <testcase name="Test Cases/Plan_Workspace/Credit Rules name exists in the system" classname="Test Cases/Plan_Workspace/Credit Rules name exists in the system" status="PASSED">
         <system-out><![CDATA[2019-02-27 17:58:04 - [TEST_CASE][PASSED] - Test Cases/Plan_Workspace/Credit Rules name exists in the system: Test Cases/Plan_Workspace/Credit Rules name exists in the system

2019-02-27 17:58:04 - [TEST_STEP][PASSED] - Start listener action : sampleBeforeTestCase: null

2019-02-27 17:58:04 - [TEST_STEP][PASSED] - println(testCaseContext.getTestCaseId()): null

2019-02-27 17:58:04 - [TEST_STEP][PASSED] - println(testCaseContext.getTestCaseVariables()): null

2019-02-27 17:58:04 - [TEST_STEP][PASSED] - callTestCase(findTestCase("Commission Login_Logout/Commission Login"), [:], STOP_ON_FAILURE): Call Test Case 'Test Cases/Commission Login_Logout/Commission Login' successfully

2019-02-27 17:58:04 - [TEST_CASE][PASSED] - Test Cases/Commission Login_Logout/Commission Login: Test Cases/Commission Login_Logout/Commission Login

2019-02-27 17:58:04 - [TEST_STEP][PASSED] - openBrowser(""): Browser is opened with url: ''

2019-02-27 17:58:04 - [MESSAGE][WARNING] - A browser is already opened. Closing browser and opening a new one

2019-02-27 17:58:06 - [MESSAGE][INFO] - Starting 'Chrome' driver

2019-02-27 17:58:11 - [MESSAGE][PASSED] - Browser is opened with url: ''

2019-02-27 17:58:11 - [TEST_STEP][PASSED] - navigateToUrl(BecURL): Navigate to 'https://biz3-tst.callidusondemand.com/SalesPortal/#!/' successfully

2019-02-27 17:58:31 - [MESSAGE][PASSED] - Navigate to 'https://biz3-tst.callidusondemand.com/SalesPortal/#!/' successfully

2019-02-27 17:58:31 - [TEST_STEP][PASSED] - maximizeWindow(): Current window maximized

2019-02-27 17:58:34 - [MESSAGE][PASSED] - Current window maximized

2019-02-27 17:58:34 - [TEST_STEP][PASSED] - setText(findTestObject("LoginPage/input_Username_username"), Bec_UserName): Text 'rkulkarn@calliduscloud.com' is set on object 'Object Repository/LoginPage/input_Username_username'

2019-02-27 17:58:38 - [MESSAGE][PASSED] - Text 'rkulkarn@calliduscloud.com' is set on object 'Object Repository/LoginPage/input_Username_username'

2019-02-27 17:58:38 - [TEST_STEP][PASSED] - setText(findTestObject("LoginPage/input_Password_password"), Bec_Password): Text 'Augg@1234' is set on object 'Object Repository/LoginPage/input_Password_password'

2019-02-27 17:58:42 - [MESSAGE][PASSED] - Text 'Augg@1234' is set on object 'Object Repository/LoginPage/input_Password_password'

2019-02-27 17:58:42 - [TEST_STEP][PASSED] - waitForElementClickable(findTestObject("LoginPage/Login_Button"), 2): Object 'Object Repository/LoginPage/Login_Button' is clickable

2019-02-27 17:58:44 - [MESSAGE][PASSED] - Object 'Object Repository/LoginPage/Login_Button' is clickable

2019-02-27 17:58:44 - [TEST_STEP][PASSED] - click(findTestObject("LoginPage/Login_Button")): Object: 'Object Repository/LoginPage/Login_Button' is clicked on

2019-02-27 17:58:47 - [MESSAGE][PASSED] - Object: 'Object Repository/LoginPage/Login_Button' is clicked on

2019-02-27 17:58:47 - [TEST_STEP][PASSED] - waitForPageLoad(2): Wait for page load successfully

2019-02-27 17:58:48 - [MESSAGE][PASSED] - Wait for page load successfully

2019-02-27 17:58:48 - [TEST_STEP][PASSED] - click(findTestObject("MessagesPage/Icon_Apps")): Object: 'Object Repository/MessagesPage/Icon_Apps' is clicked on

2019-02-27 17:58:51 - [MESSAGE][PASSED] - Object: 'Object Repository/MessagesPage/Icon_Apps' is clicked on

2019-02-27 17:58:51 - [TEST_STEP][PASSED] - mouseOver(findTestObject("MessagesPage/Link_Commissions")): Object: 'Object Repository/MessagesPage/Link_Commissions' is hovered

2019-02-27 17:58:54 - [MESSAGE][PASSED] - Object: 'Object Repository/MessagesPage/Link_Commissions' is hovered

2019-02-27 17:58:54 - [TEST_STEP][PASSED] - scrollToElement(findTestObject("MessagesPage/Link_Commissions"), 1): Scroll to object 'Object Repository/MessagesPage/Link_Commissions' successfully

2019-02-27 17:58:56 - [MESSAGE][PASSED] - Scroll to object 'Object Repository/MessagesPage/Link_Commissions' successfully

2019-02-27 17:58:56 - [TEST_STEP][PASSED] - click(findTestObject("MessagesPage/Link_Commissions")): Object: 'Object Repository/MessagesPage/Link_Commissions' is clicked on

2019-02-27 17:59:17 - [MESSAGE][PASSED] - Object: 'Object Repository/MessagesPage/Link_Commissions' is clicked on

2019-02-27 17:59:17 - [TEST_STEP][PASSED] - waitForPageLoad(3): Wait for page load successfully

2019-02-27 17:59:18 - [MESSAGE][PASSED] - Wait for page load successfully

2019-02-27 17:59:18 - [MESSAGE][PASSED] - Call Test Case 'Test Cases/Commission Login_Logout/Commission Login' successfully

2019-02-27 17:59:18 - [TEST_STEP][PASSED] - mouseOver(findTestObject("HomePage_Commission/Commission_Plandata/Icon_PlanData")): Object: 'Object Repository/HomePage_Commission/Commission_Plandata/Icon_PlanData' is hovered

2019-02-27 17:59:21 - [MESSAGE][PASSED] - Object: 'Object Repository/HomePage_Commission/Commission_Plandata/Icon_PlanData' is hovered

2019-02-27 17:59:21 - [TEST_STEP][PASSED] - waitForElementPresent(findTestObject("HomePage_Commission/Commission_Plandata/Icon_PlanData"), 2): Object 'Object Repository/HomePage_Commission/Commission_Plandata/Icon_PlanData' is present

2019-02-27 17:59:22 - [MESSAGE][PASSED] - Object 'Object Repository/HomePage_Commission/Commission_Plandata/Icon_PlanData' is present

2019-02-27 17:59:22 - [TEST_STEP][PASSED] - click(findTestObject("HomePage_Commission/Commission_Plandata/Icon_PlanData")): Object: 'Object Repository/HomePage_Commission/Commission_Plandata/Icon_PlanData' is clicked on

2019-02-27 17:59:24 - [MESSAGE][PASSED] - Object: 'Object Repository/HomePage_Commission/Commission_Plandata/Icon_PlanData' is clicked on

2019-02-27 17:59:24 - [TEST_STEP][PASSED] - waitForElementVisible(findTestObject("HomePage_Commission/Commission_Plandata/Link_Rules"), 4): Object 'Object Repository/HomePage_Commission/Commission_Plandata/Link_Rules' is visible

2019-02-27 17:59:26 - [MESSAGE][PASSED] - Object 'Object Repository/HomePage_Commission/Commission_Plandata/Link_Rules' is visible

2019-02-27 17:59:26 - [TEST_STEP][PASSED] - mouseOver(findTestObject("HomePage_Commission/Commission_Plandata/Link_Rules"), STOP_ON_FAILURE): Object: 'Object Repository/HomePage_Commission/Commission_Plandata/Link_Rules' is hovered

2019-02-27 17:59:29 - [MESSAGE][PASSED] - Object: 'Object Repository/HomePage_Commission/Commission_Plandata/Link_Rules' is hovered

2019-02-27 17:59:29 - [TEST_STEP][PASSED] - click(findTestObject("HomePage_Commission/Commission_Plandata/Link_Rules")): Object: 'Object Repository/HomePage_Commission/Commission_Plandata/Link_Rules' is clicked on

2019-02-27 17:59:48 - [MESSAGE][PASSED] - Object: 'Object Repository/HomePage_Commission/Commission_Plandata/Link_Rules' is clicked on

2019-02-27 17:59:48 - [TEST_STEP][PASSED] - println("User Naviagted to Rules screen"): null

2019-02-27 17:59:48 - [TEST_STEP][PASSED] - click(findTestObject("AdvanceSearch_Page/Icon_Advanced Search")): Object: 'Object Repository/AdvanceSearch_Page/Icon_Advanced Search' is clicked on

2019-02-27 17:59:50 - [MESSAGE][PASSED] - Object: 'Object Repository/AdvanceSearch_Page/Icon_Advanced Search' is clicked on

2019-02-27 17:59:50 - [TEST_STEP][PASSED] - click(findTestObject("AdvanceSearch_Page/FieldName_DropDown")): Object: 'Object Repository/AdvanceSearch_Page/FieldName_DropDown' is clicked on

2019-02-27 17:59:53 - [MESSAGE][PASSED] - Object: 'Object Repository/AdvanceSearch_Page/FieldName_DropDown' is clicked on

2019-02-27 17:59:53 - [TEST_STEP][PASSED] - scrollToElement(findTestObject("AdvanceSearch_Page/option_Value"), 4): Scroll to object 'Object Repository/AdvanceSearch_Page/option_Value' successfully

2019-02-27 17:59:55 - [MESSAGE][PASSED] - Scroll to object 'Object Repository/AdvanceSearch_Page/option_Value' successfully

2019-02-27 17:59:55 - [TEST_STEP][PASSED] - click(findTestObject("AdvanceSearch_Page/option_Value")): Object: 'Object Repository/AdvanceSearch_Page/option_Value' is clicked on

2019-02-27 17:59:57 - [MESSAGE][PASSED] - Object: 'Object Repository/AdvanceSearch_Page/option_Value' is clicked on

2019-02-27 17:59:57 - [TEST_STEP][PASSED] - click(findTestObject("AdvanceSearch_Page/td_Comparision")): Object: 'Object Repository/AdvanceSearch_Page/td_Comparision' is clicked on

2019-02-27 17:59:59 - [MESSAGE][PASSED] - Object: 'Object Repository/AdvanceSearch_Page/td_Comparision' is clicked on

2019-02-27 17:59:59 - [TEST_STEP][PASSED] - scrollToElement(findTestObject("AdvanceSearch_Page/option_Equals"), 2): Scroll to object 'Object Repository/AdvanceSearch_Page/option_Equals' successfully

2019-02-27 18:00:01 - [MESSAGE][PASSED] - Scroll to object 'Object Repository/AdvanceSearch_Page/option_Equals' successfully

2019-02-27 18:00:01 - [TEST_STEP][PASSED] - click(findTestObject("AdvanceSearch_Page/option_Equals")): Object: 'Object Repository/AdvanceSearch_Page/option_Equals' is clicked on

2019-02-27 18:00:03 - [MESSAGE][PASSED] - Object: 'Object Repository/AdvanceSearch_Page/option_Equals' is clicked on

2019-02-27 18:00:03 - [TEST_STEP][PASSED] - setText(findTestObject("AdvanceSearch_Page/td_Value"), RuleName): Text 'Credit_Vasu122' is set on object 'Object Repository/AdvanceSearch_Page/td_Value'

2019-02-27 18:00:08 - [MESSAGE][PASSED] - Text 'Credit_Vasu122' is set on object 'Object Repository/AdvanceSearch_Page/td_Value'

2019-02-27 18:00:08 - [TEST_STEP][PASSED] - click(findTestObject("AdvanceSearch_Page/AppySearch_button")): Object: 'Object Repository/AdvanceSearch_Page/AppySearch_button' is clicked on

2019-02-27 18:00:10 - [MESSAGE][PASSED] - Object: 'Object Repository/AdvanceSearch_Page/AppySearch_button' is clicked on

2019-02-27 18:00:10 - [TEST_STEP][PASSED] - globalkeywords.record.RecordNotFound(): globalkeywords.record.RecordNotFound is PASSED

2019-02-27 18:00:21 - [MESSAGE][INFO] - Unable to find the element located by 'By.xpath: //td[@class='dataTables_empty']'. Please recheck the objects properties to make sure the desired element is located. 

2019-02-27 18:00:21 - [MESSAGE][WARNING] - Object 'Object Repository/Page_Callidus Cloud Commissions Man/NoRecordsFound' is not present after 10 second(s)

2019-02-27 18:00:21 - [MESSAGE][PASSED] - globalkeywords.record.RecordNotFound is PASSED]]></system-out>
         <system-err><![CDATA[]]></system-err>
      </testcase>
      <testcase name="Test Cases/Plan_Workspace/Deposit Rule exists in the system" classname="Test Cases/Plan_Workspace/Deposit Rule exists in the system" status="PASSED">
         <system-out><![CDATA[2019-02-27 18:00:21 - [TEST_CASE][PASSED] - Test Cases/Plan_Workspace/Deposit Rule exists in the system: Test Cases/Plan_Workspace/Deposit Rule exists in the system

2019-02-27 18:00:21 - [TEST_STEP][PASSED] - Start listener action : sampleBeforeTestCase: null

2019-02-27 18:00:21 - [TEST_STEP][PASSED] - println(testCaseContext.getTestCaseId()): null

2019-02-27 18:00:21 - [TEST_STEP][PASSED] - println(testCaseContext.getTestCaseVariables()): null

2019-02-27 18:00:21 - [TEST_STEP][PASSED] - callTestCase(findTestCase("Commission Login_Logout/Commission Login"), [:], STOP_ON_FAILURE): Call Test Case 'Test Cases/Commission Login_Logout/Commission Login' successfully

2019-02-27 18:00:21 - [TEST_CASE][PASSED] - Test Cases/Commission Login_Logout/Commission Login: Test Cases/Commission Login_Logout/Commission Login

2019-02-27 18:00:21 - [TEST_STEP][PASSED] - openBrowser(""): Browser is opened with url: ''

2019-02-27 18:00:21 - [MESSAGE][WARNING] - A browser is already opened. Closing browser and opening a new one

2019-02-27 18:00:23 - [MESSAGE][INFO] - Starting 'Chrome' driver

2019-02-27 18:00:28 - [MESSAGE][PASSED] - Browser is opened with url: ''

2019-02-27 18:00:28 - [TEST_STEP][PASSED] - navigateToUrl(BecURL): Navigate to 'https://biz3-tst.callidusondemand.com/SalesPortal/#!/' successfully

2019-02-27 18:00:44 - [MESSAGE][PASSED] - Navigate to 'https://biz3-tst.callidusondemand.com/SalesPortal/#!/' successfully

2019-02-27 18:00:44 - [TEST_STEP][PASSED] - maximizeWindow(): Current window maximized

2019-02-27 18:00:46 - [MESSAGE][PASSED] - Current window maximized

2019-02-27 18:00:46 - [TEST_STEP][PASSED] - setText(findTestObject("LoginPage/input_Username_username"), Bec_UserName): Text 'rkulkarn@calliduscloud.com' is set on object 'Object Repository/LoginPage/input_Username_username'

2019-02-27 18:00:50 - [MESSAGE][PASSED] - Text 'rkulkarn@calliduscloud.com' is set on object 'Object Repository/LoginPage/input_Username_username'

2019-02-27 18:00:50 - [TEST_STEP][PASSED] - setText(findTestObject("LoginPage/input_Password_password"), Bec_Password): Text 'Augg@1234' is set on object 'Object Repository/LoginPage/input_Password_password'

2019-02-27 18:00:55 - [MESSAGE][PASSED] - Text 'Augg@1234' is set on object 'Object Repository/LoginPage/input_Password_password'

2019-02-27 18:00:55 - [TEST_STEP][PASSED] - waitForElementClickable(findTestObject("LoginPage/Login_Button"), 2): Object 'Object Repository/LoginPage/Login_Button' is clickable

2019-02-27 18:00:57 - [MESSAGE][PASSED] - Object 'Object Repository/LoginPage/Login_Button' is clickable

2019-02-27 18:00:57 - [TEST_STEP][PASSED] - click(findTestObject("LoginPage/Login_Button")): Object: 'Object Repository/LoginPage/Login_Button' is clicked on

2019-02-27 18:00:59 - [MESSAGE][PASSED] - Object: 'Object Repository/LoginPage/Login_Button' is clicked on

2019-02-27 18:00:59 - [TEST_STEP][PASSED] - waitForPageLoad(2): Wait for page load successfully

2019-02-27 18:01:00 - [MESSAGE][PASSED] - Wait for page load successfully

2019-02-27 18:01:00 - [TEST_STEP][PASSED] - click(findTestObject("MessagesPage/Icon_Apps")): Object: 'Object Repository/MessagesPage/Icon_Apps' is clicked on

2019-02-27 18:01:04 - [MESSAGE][PASSED] - Object: 'Object Repository/MessagesPage/Icon_Apps' is clicked on

2019-02-27 18:01:04 - [TEST_STEP][PASSED] - mouseOver(findTestObject("MessagesPage/Link_Commissions")): Object: 'Object Repository/MessagesPage/Link_Commissions' is hovered

2019-02-27 18:01:07 - [MESSAGE][PASSED] - Object: 'Object Repository/MessagesPage/Link_Commissions' is hovered

2019-02-27 18:01:07 - [TEST_STEP][PASSED] - scrollToElement(findTestObject("MessagesPage/Link_Commissions"), 1): Scroll to object 'Object Repository/MessagesPage/Link_Commissions' successfully

2019-02-27 18:01:09 - [MESSAGE][PASSED] - Scroll to object 'Object Repository/MessagesPage/Link_Commissions' successfully

2019-02-27 18:01:09 - [TEST_STEP][PASSED] - click(findTestObject("MessagesPage/Link_Commissions")): Object: 'Object Repository/MessagesPage/Link_Commissions' is clicked on

2019-02-27 18:01:30 - [MESSAGE][PASSED] - Object: 'Object Repository/MessagesPage/Link_Commissions' is clicked on

2019-02-27 18:01:30 - [TEST_STEP][PASSED] - waitForPageLoad(3): Wait for page load successfully

2019-02-27 18:01:31 - [MESSAGE][PASSED] - Wait for page load successfully

2019-02-27 18:01:31 - [MESSAGE][PASSED] - Call Test Case 'Test Cases/Commission Login_Logout/Commission Login' successfully

2019-02-27 18:01:31 - [TEST_STEP][PASSED] - mouseOver(findTestObject("HomePage_Commission/Commission_Plandata/Icon_PlanData")): Object: 'Object Repository/HomePage_Commission/Commission_Plandata/Icon_PlanData' is hovered

2019-02-27 18:01:34 - [MESSAGE][PASSED] - Object: 'Object Repository/HomePage_Commission/Commission_Plandata/Icon_PlanData' is hovered

2019-02-27 18:01:34 - [TEST_STEP][PASSED] - waitForElementPresent(findTestObject("HomePage_Commission/Commission_Plandata/Icon_PlanData"), 2): Object 'Object Repository/HomePage_Commission/Commission_Plandata/Icon_PlanData' is present

2019-02-27 18:01:35 - [MESSAGE][PASSED] - Object 'Object Repository/HomePage_Commission/Commission_Plandata/Icon_PlanData' is present

2019-02-27 18:01:35 - [TEST_STEP][PASSED] - click(findTestObject("HomePage_Commission/Commission_Plandata/Icon_PlanData")): Object: 'Object Repository/HomePage_Commission/Commission_Plandata/Icon_PlanData' is clicked on

2019-02-27 18:01:37 - [MESSAGE][PASSED] - Object: 'Object Repository/HomePage_Commission/Commission_Plandata/Icon_PlanData' is clicked on

2019-02-27 18:01:37 - [TEST_STEP][PASSED] - println("User is able to naviagte to Plan tab"): null

2019-02-27 18:01:37 - [TEST_STEP][PASSED] - waitForElementVisible(findTestObject("HomePage_Commission/Commission_Plandata/Link_Rules"), 4): Object 'Object Repository/HomePage_Commission/Commission_Plandata/Link_Rules' is visible

2019-02-27 18:01:39 - [MESSAGE][PASSED] - Object 'Object Repository/HomePage_Commission/Commission_Plandata/Link_Rules' is visible

2019-02-27 18:01:39 - [TEST_STEP][PASSED] - mouseOver(findTestObject("HomePage_Commission/Commission_Plandata/Link_Rules"), STOP_ON_FAILURE): Object: 'Object Repository/HomePage_Commission/Commission_Plandata/Link_Rules' is hovered

2019-02-27 18:01:42 - [MESSAGE][PASSED] - Object: 'Object Repository/HomePage_Commission/Commission_Plandata/Link_Rules' is hovered

2019-02-27 18:01:42 - [TEST_STEP][PASSED] - click(findTestObject("HomePage_Commission/Commission_Plandata/Link_Rules")): Object: 'Object Repository/HomePage_Commission/Commission_Plandata/Link_Rules' is clicked on

2019-02-27 18:01:57 - [MESSAGE][PASSED] - Object: 'Object Repository/HomePage_Commission/Commission_Plandata/Link_Rules' is clicked on

2019-02-27 18:01:57 - [TEST_STEP][PASSED] - println("User Naviagted to Rules screen"): null

2019-02-27 18:01:57 - [TEST_STEP][PASSED] - click(findTestObject("AdvanceSearch_Page/Icon_Advanced Search")): Object: 'Object Repository/AdvanceSearch_Page/Icon_Advanced Search' is clicked on

2019-02-27 18:01:59 - [MESSAGE][PASSED] - Object: 'Object Repository/AdvanceSearch_Page/Icon_Advanced Search' is clicked on

2019-02-27 18:01:59 - [TEST_STEP][PASSED] - click(findTestObject("AdvanceSearch_Page/FieldName_DropDown")): Object: 'Object Repository/AdvanceSearch_Page/FieldName_DropDown' is clicked on

2019-02-27 18:02:01 - [MESSAGE][PASSED] - Object: 'Object Repository/AdvanceSearch_Page/FieldName_DropDown' is clicked on

2019-02-27 18:02:01 - [TEST_STEP][PASSED] - scrollToElement(findTestObject("AdvanceSearch_Page/option_Value"), 4): Scroll to object 'Object Repository/AdvanceSearch_Page/option_Value' successfully

2019-02-27 18:02:03 - [MESSAGE][PASSED] - Scroll to object 'Object Repository/AdvanceSearch_Page/option_Value' successfully

2019-02-27 18:02:03 - [TEST_STEP][PASSED] - click(findTestObject("AdvanceSearch_Page/option_Value")): Object: 'Object Repository/AdvanceSearch_Page/option_Value' is clicked on

2019-02-27 18:02:05 - [MESSAGE][PASSED] - Object: 'Object Repository/AdvanceSearch_Page/option_Value' is clicked on

2019-02-27 18:02:05 - [TEST_STEP][PASSED] - click(findTestObject("AdvanceSearch_Page/td_Comparision")): Object: 'Object Repository/AdvanceSearch_Page/td_Comparision' is clicked on

2019-02-27 18:02:07 - [MESSAGE][PASSED] - Object: 'Object Repository/AdvanceSearch_Page/td_Comparision' is clicked on

2019-02-27 18:02:07 - [TEST_STEP][PASSED] - scrollToElement(findTestObject("AdvanceSearch_Page/option_Equals"), 2): Scroll to object 'Object Repository/AdvanceSearch_Page/option_Equals' successfully

2019-02-27 18:02:09 - [MESSAGE][PASSED] - Scroll to object 'Object Repository/AdvanceSearch_Page/option_Equals' successfully

2019-02-27 18:02:09 - [TEST_STEP][PASSED] - click(findTestObject("AdvanceSearch_Page/option_Equals")): Object: 'Object Repository/AdvanceSearch_Page/option_Equals' is clicked on

2019-02-27 18:02:12 - [MESSAGE][PASSED] - Object: 'Object Repository/AdvanceSearch_Page/option_Equals' is clicked on

2019-02-27 18:02:12 - [TEST_STEP][PASSED] - setText(findTestObject("AdvanceSearch_Page/td_Value"), RuleName): Text 'HC Sales Representative Deposit Rule_G' is set on object 'Object Repository/AdvanceSearch_Page/td_Value'

2019-02-27 18:02:17 - [MESSAGE][PASSED] - Text 'HC Sales Representative Deposit Rule_G' is set on object 'Object Repository/AdvanceSearch_Page/td_Value'

2019-02-27 18:02:17 - [TEST_STEP][PASSED] - click(findTestObject("AdvanceSearch_Page/AppySearch_button")): Object: 'Object Repository/AdvanceSearch_Page/AppySearch_button' is clicked on

2019-02-27 18:02:19 - [MESSAGE][PASSED] - Object: 'Object Repository/AdvanceSearch_Page/AppySearch_button' is clicked on

2019-02-27 18:02:19 - [TEST_STEP][PASSED] - globalkeywords.record.RecordNotFound(): globalkeywords.record.RecordNotFound is PASSED

2019-02-27 18:02:30 - [MESSAGE][INFO] - Unable to find the element located by 'By.xpath: //td[@class='dataTables_empty']'. Please recheck the objects properties to make sure the desired element is located. 

2019-02-27 18:02:30 - [MESSAGE][WARNING] - Object 'Object Repository/Page_Callidus Cloud Commissions Man/NoRecordsFound' is not present after 10 second(s)

2019-02-27 18:02:30 - [MESSAGE][PASSED] - globalkeywords.record.RecordNotFound is PASSED]]></system-out>
         <system-err><![CDATA[]]></system-err>
      </testcase>
      <testcase name="Test Cases/Plan_Workspace/Incentive Rule exists in the system" classname="Test Cases/Plan_Workspace/Incentive Rule exists in the system" status="PASSED">
         <system-out><![CDATA[2019-02-27 18:02:30 - [TEST_CASE][PASSED] - Test Cases/Plan_Workspace/Incentive Rule exists in the system: Test Cases/Plan_Workspace/Incentive Rule exists in the system

2019-02-27 18:02:30 - [TEST_STEP][PASSED] - Start listener action : sampleBeforeTestCase: null

2019-02-27 18:02:30 - [TEST_STEP][PASSED] - println(testCaseContext.getTestCaseId()): null

2019-02-27 18:02:30 - [TEST_STEP][PASSED] - println(testCaseContext.getTestCaseVariables()): null

2019-02-27 18:02:30 - [TEST_STEP][PASSED] - callTestCase(findTestCase("Commission Login_Logout/Commission Login"), [:], STOP_ON_FAILURE): Call Test Case 'Test Cases/Commission Login_Logout/Commission Login' successfully

2019-02-27 18:02:30 - [TEST_CASE][PASSED] - Test Cases/Commission Login_Logout/Commission Login: Test Cases/Commission Login_Logout/Commission Login

2019-02-27 18:02:30 - [TEST_STEP][PASSED] - openBrowser(""): Browser is opened with url: ''

2019-02-27 18:02:30 - [MESSAGE][WARNING] - A browser is already opened. Closing browser and opening a new one

2019-02-27 18:02:32 - [MESSAGE][INFO] - Starting 'Chrome' driver

2019-02-27 18:02:37 - [MESSAGE][PASSED] - Browser is opened with url: ''

2019-02-27 18:02:37 - [TEST_STEP][PASSED] - navigateToUrl(BecURL): Navigate to 'https://biz3-tst.callidusondemand.com/SalesPortal/#!/' successfully

2019-02-27 18:02:55 - [MESSAGE][PASSED] - Navigate to 'https://biz3-tst.callidusondemand.com/SalesPortal/#!/' successfully

2019-02-27 18:02:55 - [TEST_STEP][PASSED] - maximizeWindow(): Current window maximized

2019-02-27 18:02:57 - [MESSAGE][PASSED] - Current window maximized

2019-02-27 18:02:57 - [TEST_STEP][PASSED] - setText(findTestObject("LoginPage/input_Username_username"), Bec_UserName): Text 'rkulkarn@calliduscloud.com' is set on object 'Object Repository/LoginPage/input_Username_username'

2019-02-27 18:03:04 - [MESSAGE][PASSED] - Text 'rkulkarn@calliduscloud.com' is set on object 'Object Repository/LoginPage/input_Username_username'

2019-02-27 18:03:04 - [TEST_STEP][PASSED] - setText(findTestObject("LoginPage/input_Password_password"), Bec_Password): Text 'Augg@1234' is set on object 'Object Repository/LoginPage/input_Password_password'

2019-02-27 18:03:08 - [MESSAGE][PASSED] - Text 'Augg@1234' is set on object 'Object Repository/LoginPage/input_Password_password'

2019-02-27 18:03:08 - [TEST_STEP][PASSED] - waitForElementClickable(findTestObject("LoginPage/Login_Button"), 2): Object 'Object Repository/LoginPage/Login_Button' is clickable

2019-02-27 18:03:10 - [MESSAGE][PASSED] - Object 'Object Repository/LoginPage/Login_Button' is clickable

2019-02-27 18:03:10 - [TEST_STEP][PASSED] - click(findTestObject("LoginPage/Login_Button")): Object: 'Object Repository/LoginPage/Login_Button' is clicked on

2019-02-27 18:03:13 - [MESSAGE][PASSED] - Object: 'Object Repository/LoginPage/Login_Button' is clicked on

2019-02-27 18:03:13 - [TEST_STEP][PASSED] - waitForPageLoad(2): Wait for page load successfully

2019-02-27 18:03:14 - [MESSAGE][PASSED] - Wait for page load successfully

2019-02-27 18:03:14 - [TEST_STEP][PASSED] - click(findTestObject("MessagesPage/Icon_Apps")): Object: 'Object Repository/MessagesPage/Icon_Apps' is clicked on

2019-02-27 18:03:17 - [MESSAGE][PASSED] - Object: 'Object Repository/MessagesPage/Icon_Apps' is clicked on

2019-02-27 18:03:17 - [TEST_STEP][PASSED] - mouseOver(findTestObject("MessagesPage/Link_Commissions")): Object: 'Object Repository/MessagesPage/Link_Commissions' is hovered

2019-02-27 18:03:20 - [MESSAGE][PASSED] - Object: 'Object Repository/MessagesPage/Link_Commissions' is hovered

2019-02-27 18:03:20 - [TEST_STEP][PASSED] - scrollToElement(findTestObject("MessagesPage/Link_Commissions"), 1): Scroll to object 'Object Repository/MessagesPage/Link_Commissions' successfully

2019-02-27 18:03:22 - [MESSAGE][PASSED] - Scroll to object 'Object Repository/MessagesPage/Link_Commissions' successfully

2019-02-27 18:03:22 - [TEST_STEP][PASSED] - click(findTestObject("MessagesPage/Link_Commissions")): Object: 'Object Repository/MessagesPage/Link_Commissions' is clicked on

2019-02-27 18:03:53 - [MESSAGE][PASSED] - Object: 'Object Repository/MessagesPage/Link_Commissions' is clicked on

2019-02-27 18:03:53 - [TEST_STEP][PASSED] - waitForPageLoad(3): Wait for page load successfully

2019-02-27 18:03:54 - [MESSAGE][PASSED] - Wait for page load successfully

2019-02-27 18:03:54 - [MESSAGE][PASSED] - Call Test Case 'Test Cases/Commission Login_Logout/Commission Login' successfully

2019-02-27 18:03:54 - [TEST_STEP][PASSED] - mouseOver(findTestObject("HomePage_Commission/Commission_Plandata/Icon_PlanData")): Object: 'Object Repository/HomePage_Commission/Commission_Plandata/Icon_PlanData' is hovered

2019-02-27 18:03:57 - [MESSAGE][PASSED] - Object: 'Object Repository/HomePage_Commission/Commission_Plandata/Icon_PlanData' is hovered

2019-02-27 18:03:57 - [TEST_STEP][PASSED] - waitForElementPresent(findTestObject("HomePage_Commission/Commission_Plandata/Icon_PlanData"), 2): Object 'Object Repository/HomePage_Commission/Commission_Plandata/Icon_PlanData' is present

2019-02-27 18:03:58 - [MESSAGE][PASSED] - Object 'Object Repository/HomePage_Commission/Commission_Plandata/Icon_PlanData' is present

2019-02-27 18:03:58 - [TEST_STEP][PASSED] - click(findTestObject("HomePage_Commission/Commission_Plandata/Icon_PlanData")): Object: 'Object Repository/HomePage_Commission/Commission_Plandata/Icon_PlanData' is clicked on

2019-02-27 18:04:00 - [MESSAGE][PASSED] - Object: 'Object Repository/HomePage_Commission/Commission_Plandata/Icon_PlanData' is clicked on

2019-02-27 18:04:00 - [TEST_STEP][PASSED] - println("User is able to naviagte to Plan tab"): null

2019-02-27 18:04:00 - [TEST_STEP][PASSED] - waitForElementVisible(findTestObject("HomePage_Commission/Commission_Plandata/Link_Rules"), 4): Object 'Object Repository/HomePage_Commission/Commission_Plandata/Link_Rules' is visible

2019-02-27 18:04:02 - [MESSAGE][PASSED] - Object 'Object Repository/HomePage_Commission/Commission_Plandata/Link_Rules' is visible

2019-02-27 18:04:02 - [TEST_STEP][PASSED] - mouseOver(findTestObject("HomePage_Commission/Commission_Plandata/Link_Rules"), STOP_ON_FAILURE): Object: 'Object Repository/HomePage_Commission/Commission_Plandata/Link_Rules' is hovered

2019-02-27 18:04:05 - [MESSAGE][PASSED] - Object: 'Object Repository/HomePage_Commission/Commission_Plandata/Link_Rules' is hovered

2019-02-27 18:04:05 - [TEST_STEP][PASSED] - click(findTestObject("HomePage_Commission/Commission_Plandata/Link_Rules")): Object: 'Object Repository/HomePage_Commission/Commission_Plandata/Link_Rules' is clicked on

2019-02-27 18:04:21 - [MESSAGE][PASSED] - Object: 'Object Repository/HomePage_Commission/Commission_Plandata/Link_Rules' is clicked on

2019-02-27 18:04:21 - [TEST_STEP][PASSED] - println("User Naviagted to Rules screen"): null

2019-02-27 18:04:21 - [TEST_STEP][PASSED] - click(findTestObject("AdvanceSearch_Page/Icon_Advanced Search")): Object: 'Object Repository/AdvanceSearch_Page/Icon_Advanced Search' is clicked on

2019-02-27 18:04:23 - [MESSAGE][PASSED] - Object: 'Object Repository/AdvanceSearch_Page/Icon_Advanced Search' is clicked on

2019-02-27 18:04:23 - [TEST_STEP][PASSED] - click(findTestObject("AdvanceSearch_Page/FieldName_DropDown")): Object: 'Object Repository/AdvanceSearch_Page/FieldName_DropDown' is clicked on

2019-02-27 18:04:25 - [MESSAGE][PASSED] - Object: 'Object Repository/AdvanceSearch_Page/FieldName_DropDown' is clicked on

2019-02-27 18:04:25 - [TEST_STEP][PASSED] - scrollToElement(findTestObject("AdvanceSearch_Page/option_Value"), 4): Scroll to object 'Object Repository/AdvanceSearch_Page/option_Value' successfully

2019-02-27 18:04:28 - [MESSAGE][PASSED] - Scroll to object 'Object Repository/AdvanceSearch_Page/option_Value' successfully

2019-02-27 18:04:28 - [TEST_STEP][PASSED] - click(findTestObject("AdvanceSearch_Page/option_Value")): Object: 'Object Repository/AdvanceSearch_Page/option_Value' is clicked on

2019-02-27 18:04:30 - [MESSAGE][PASSED] - Object: 'Object Repository/AdvanceSearch_Page/option_Value' is clicked on

2019-02-27 18:04:30 - [TEST_STEP][PASSED] - click(findTestObject("AdvanceSearch_Page/td_Comparision")): Object: 'Object Repository/AdvanceSearch_Page/td_Comparision' is clicked on

2019-02-27 18:04:32 - [MESSAGE][PASSED] - Object: 'Object Repository/AdvanceSearch_Page/td_Comparision' is clicked on

2019-02-27 18:04:32 - [TEST_STEP][PASSED] - scrollToElement(findTestObject("AdvanceSearch_Page/option_Equals"), 2): Scroll to object 'Object Repository/AdvanceSearch_Page/option_Equals' successfully

2019-02-27 18:04:34 - [MESSAGE][PASSED] - Scroll to object 'Object Repository/AdvanceSearch_Page/option_Equals' successfully

2019-02-27 18:04:34 - [TEST_STEP][PASSED] - click(findTestObject("AdvanceSearch_Page/option_Equals")): Object: 'Object Repository/AdvanceSearch_Page/option_Equals' is clicked on

2019-02-27 18:04:36 - [MESSAGE][PASSED] - Object: 'Object Repository/AdvanceSearch_Page/option_Equals' is clicked on

2019-02-27 18:04:36 - [TEST_STEP][PASSED] - setText(findTestObject("AdvanceSearch_Page/td_Value"), Incentivies): Text 'HC Mgr Incentive Rule_G' is set on object 'Object Repository/AdvanceSearch_Page/td_Value'

2019-02-27 18:04:41 - [MESSAGE][PASSED] - Text 'HC Mgr Incentive Rule_G' is set on object 'Object Repository/AdvanceSearch_Page/td_Value'

2019-02-27 18:04:41 - [TEST_STEP][PASSED] - click(findTestObject("AdvanceSearch_Page/AppySearch_button")): Object: 'Object Repository/AdvanceSearch_Page/AppySearch_button' is clicked on

2019-02-27 18:04:43 - [MESSAGE][PASSED] - Object: 'Object Repository/AdvanceSearch_Page/AppySearch_button' is clicked on

2019-02-27 18:04:43 - [TEST_STEP][PASSED] - globalkeywords.record.RecordNotFound(): globalkeywords.record.RecordNotFound is PASSED

2019-02-27 18:04:54 - [MESSAGE][INFO] - Unable to find the element located by 'By.xpath: //td[@class='dataTables_empty']'. Please recheck the objects properties to make sure the desired element is located. 

2019-02-27 18:04:54 - [MESSAGE][WARNING] - Object 'Object Repository/Page_Callidus Cloud Commissions Man/NoRecordsFound' is not present after 10 second(s)

2019-02-27 18:04:54 - [MESSAGE][PASSED] - globalkeywords.record.RecordNotFound is PASSED]]></system-out>
         <system-err><![CDATA[]]></system-err>
      </testcase>
      <testcase name="Test Cases/Plan_Workspace/Measurement Rule exists in the system" classname="Test Cases/Plan_Workspace/Measurement Rule exists in the system" status="PASSED">
         <system-out><![CDATA[2019-02-27 18:04:54 - [TEST_CASE][PASSED] - Test Cases/Plan_Workspace/Measurement Rule exists in the system: Test Cases/Plan_Workspace/Measurement Rule exists in the system

2019-02-27 18:04:54 - [TEST_STEP][PASSED] - Start listener action : sampleBeforeTestCase: null

2019-02-27 18:04:54 - [TEST_STEP][PASSED] - println(testCaseContext.getTestCaseId()): null

2019-02-27 18:04:54 - [TEST_STEP][PASSED] - println(testCaseContext.getTestCaseVariables()): null

2019-02-27 18:04:54 - [TEST_STEP][PASSED] - callTestCase(findTestCase("Commission Login_Logout/Commission Login"), [:], STOP_ON_FAILURE): Call Test Case 'Test Cases/Commission Login_Logout/Commission Login' successfully

2019-02-27 18:04:54 - [TEST_CASE][PASSED] - Test Cases/Commission Login_Logout/Commission Login: Test Cases/Commission Login_Logout/Commission Login

2019-02-27 18:04:54 - [TEST_STEP][PASSED] - openBrowser(""): Browser is opened with url: ''

2019-02-27 18:04:54 - [MESSAGE][WARNING] - A browser is already opened. Closing browser and opening a new one

2019-02-27 18:04:56 - [MESSAGE][INFO] - Starting 'Chrome' driver

2019-02-27 18:05:01 - [MESSAGE][PASSED] - Browser is opened with url: ''

2019-02-27 18:05:01 - [TEST_STEP][PASSED] - navigateToUrl(BecURL): Navigate to 'https://biz3-tst.callidusondemand.com/SalesPortal/#!/' successfully

2019-02-27 18:05:22 - [MESSAGE][PASSED] - Navigate to 'https://biz3-tst.callidusondemand.com/SalesPortal/#!/' successfully

2019-02-27 18:05:22 - [TEST_STEP][PASSED] - maximizeWindow(): Current window maximized

2019-02-27 18:05:24 - [MESSAGE][PASSED] - Current window maximized

2019-02-27 18:05:24 - [TEST_STEP][PASSED] - setText(findTestObject("LoginPage/input_Username_username"), Bec_UserName): Text 'rkulkarn@calliduscloud.com' is set on object 'Object Repository/LoginPage/input_Username_username'

2019-02-27 18:05:28 - [MESSAGE][PASSED] - Text 'rkulkarn@calliduscloud.com' is set on object 'Object Repository/LoginPage/input_Username_username'

2019-02-27 18:05:28 - [TEST_STEP][PASSED] - setText(findTestObject("LoginPage/input_Password_password"), Bec_Password): Text 'Augg@1234' is set on object 'Object Repository/LoginPage/input_Password_password'

2019-02-27 18:05:33 - [MESSAGE][PASSED] - Text 'Augg@1234' is set on object 'Object Repository/LoginPage/input_Password_password'

2019-02-27 18:05:33 - [TEST_STEP][PASSED] - waitForElementClickable(findTestObject("LoginPage/Login_Button"), 2): Object 'Object Repository/LoginPage/Login_Button' is clickable

2019-02-27 18:05:35 - [MESSAGE][PASSED] - Object 'Object Repository/LoginPage/Login_Button' is clickable

2019-02-27 18:05:35 - [TEST_STEP][PASSED] - click(findTestObject("LoginPage/Login_Button")): Object: 'Object Repository/LoginPage/Login_Button' is clicked on

2019-02-27 18:05:37 - [MESSAGE][PASSED] - Object: 'Object Repository/LoginPage/Login_Button' is clicked on

2019-02-27 18:05:37 - [TEST_STEP][PASSED] - waitForPageLoad(2): Wait for page load successfully

2019-02-27 18:05:38 - [MESSAGE][PASSED] - Wait for page load successfully

2019-02-27 18:05:38 - [TEST_STEP][PASSED] - click(findTestObject("MessagesPage/Icon_Apps")): Object: 'Object Repository/MessagesPage/Icon_Apps' is clicked on

2019-02-27 18:05:42 - [MESSAGE][PASSED] - Object: 'Object Repository/MessagesPage/Icon_Apps' is clicked on

2019-02-27 18:05:42 - [TEST_STEP][PASSED] - mouseOver(findTestObject("MessagesPage/Link_Commissions")): Object: 'Object Repository/MessagesPage/Link_Commissions' is hovered

2019-02-27 18:05:45 - [MESSAGE][PASSED] - Object: 'Object Repository/MessagesPage/Link_Commissions' is hovered

2019-02-27 18:05:45 - [TEST_STEP][PASSED] - scrollToElement(findTestObject("MessagesPage/Link_Commissions"), 1): Scroll to object 'Object Repository/MessagesPage/Link_Commissions' successfully

2019-02-27 18:05:47 - [MESSAGE][PASSED] - Scroll to object 'Object Repository/MessagesPage/Link_Commissions' successfully

2019-02-27 18:05:47 - [TEST_STEP][PASSED] - click(findTestObject("MessagesPage/Link_Commissions")): Object: 'Object Repository/MessagesPage/Link_Commissions' is clicked on

2019-02-27 18:06:15 - [MESSAGE][PASSED] - Object: 'Object Repository/MessagesPage/Link_Commissions' is clicked on

2019-02-27 18:06:15 - [TEST_STEP][PASSED] - waitForPageLoad(3): Wait for page load successfully

2019-02-27 18:06:16 - [MESSAGE][PASSED] - Wait for page load successfully

2019-02-27 18:06:16 - [MESSAGE][PASSED] - Call Test Case 'Test Cases/Commission Login_Logout/Commission Login' successfully

2019-02-27 18:06:16 - [TEST_STEP][PASSED] - mouseOver(findTestObject("HomePage_Commission/Commission_Plandata/Icon_PlanData")): Object: 'Object Repository/HomePage_Commission/Commission_Plandata/Icon_PlanData' is hovered

2019-02-27 18:06:19 - [MESSAGE][PASSED] - Object: 'Object Repository/HomePage_Commission/Commission_Plandata/Icon_PlanData' is hovered

2019-02-27 18:06:19 - [TEST_STEP][PASSED] - waitForElementPresent(findTestObject("HomePage_Commission/Commission_Plandata/Icon_PlanData"), 2): Object 'Object Repository/HomePage_Commission/Commission_Plandata/Icon_PlanData' is present

2019-02-27 18:06:20 - [MESSAGE][PASSED] - Object 'Object Repository/HomePage_Commission/Commission_Plandata/Icon_PlanData' is present

2019-02-27 18:06:20 - [TEST_STEP][PASSED] - click(findTestObject("HomePage_Commission/Commission_Plandata/Icon_PlanData")): Object: 'Object Repository/HomePage_Commission/Commission_Plandata/Icon_PlanData' is clicked on

2019-02-27 18:06:22 - [MESSAGE][PASSED] - Object: 'Object Repository/HomePage_Commission/Commission_Plandata/Icon_PlanData' is clicked on

2019-02-27 18:06:22 - [TEST_STEP][PASSED] - println("User is able to naviagte to Plan tab"): null

2019-02-27 18:06:22 - [TEST_STEP][PASSED] - waitForElementVisible(findTestObject("HomePage_Commission/Commission_Plandata/Link_Rules"), 4): Object 'Object Repository/HomePage_Commission/Commission_Plandata/Link_Rules' is visible

2019-02-27 18:06:24 - [MESSAGE][PASSED] - Object 'Object Repository/HomePage_Commission/Commission_Plandata/Link_Rules' is visible

2019-02-27 18:06:24 - [TEST_STEP][PASSED] - mouseOver(findTestObject("HomePage_Commission/Commission_Plandata/Link_Rules"), STOP_ON_FAILURE): Object: 'Object Repository/HomePage_Commission/Commission_Plandata/Link_Rules' is hovered

2019-02-27 18:06:27 - [MESSAGE][PASSED] - Object: 'Object Repository/HomePage_Commission/Commission_Plandata/Link_Rules' is hovered

2019-02-27 18:06:27 - [TEST_STEP][PASSED] - click(findTestObject("HomePage_Commission/Commission_Plandata/Link_Rules")): Object: 'Object Repository/HomePage_Commission/Commission_Plandata/Link_Rules' is clicked on

2019-02-27 18:06:42 - [MESSAGE][PASSED] - Object: 'Object Repository/HomePage_Commission/Commission_Plandata/Link_Rules' is clicked on

2019-02-27 18:06:42 - [TEST_STEP][PASSED] - println("User Naviagted to Rules screen"): null

2019-02-27 18:06:42 - [TEST_STEP][PASSED] - click(findTestObject("AdvanceSearch_Page/Icon_Advanced Search")): Object: 'Object Repository/AdvanceSearch_Page/Icon_Advanced Search' is clicked on

2019-02-27 18:06:44 - [MESSAGE][PASSED] - Object: 'Object Repository/AdvanceSearch_Page/Icon_Advanced Search' is clicked on

2019-02-27 18:06:44 - [TEST_STEP][PASSED] - click(findTestObject("AdvanceSearch_Page/FieldName_DropDown")): Object: 'Object Repository/AdvanceSearch_Page/FieldName_DropDown' is clicked on

2019-02-27 18:06:47 - [MESSAGE][PASSED] - Object: 'Object Repository/AdvanceSearch_Page/FieldName_DropDown' is clicked on

2019-02-27 18:06:47 - [TEST_STEP][PASSED] - scrollToElement(findTestObject("AdvanceSearch_Page/option_Value"), 4): Scroll to object 'Object Repository/AdvanceSearch_Page/option_Value' successfully

2019-02-27 18:06:49 - [MESSAGE][PASSED] - Scroll to object 'Object Repository/AdvanceSearch_Page/option_Value' successfully

2019-02-27 18:06:49 - [TEST_STEP][PASSED] - click(findTestObject("AdvanceSearch_Page/option_Value")): Object: 'Object Repository/AdvanceSearch_Page/option_Value' is clicked on

2019-02-27 18:06:51 - [MESSAGE][PASSED] - Object: 'Object Repository/AdvanceSearch_Page/option_Value' is clicked on

2019-02-27 18:06:51 - [TEST_STEP][PASSED] - click(findTestObject("AdvanceSearch_Page/td_Comparision")): Object: 'Object Repository/AdvanceSearch_Page/td_Comparision' is clicked on

2019-02-27 18:06:53 - [MESSAGE][PASSED] - Object: 'Object Repository/AdvanceSearch_Page/td_Comparision' is clicked on

2019-02-27 18:06:53 - [TEST_STEP][PASSED] - scrollToElement(findTestObject("AdvanceSearch_Page/option_Equals"), 2): Scroll to object 'Object Repository/AdvanceSearch_Page/option_Equals' successfully

2019-02-27 18:06:55 - [MESSAGE][PASSED] - Scroll to object 'Object Repository/AdvanceSearch_Page/option_Equals' successfully

2019-02-27 18:06:55 - [TEST_STEP][PASSED] - click(findTestObject("AdvanceSearch_Page/option_Equals")): Object: 'Object Repository/AdvanceSearch_Page/option_Equals' is clicked on

2019-02-27 18:06:57 - [MESSAGE][PASSED] - Object: 'Object Repository/AdvanceSearch_Page/option_Equals' is clicked on

2019-02-27 18:06:57 - [TEST_STEP][PASSED] - setText(findTestObject("AdvanceSearch_Page/td_Value"), RuleName): Text 'HC Mgr Primary Measurement Rule_G' is set on object 'Object Repository/AdvanceSearch_Page/td_Value'

2019-02-27 18:07:02 - [MESSAGE][PASSED] - Text 'HC Mgr Primary Measurement Rule_G' is set on object 'Object Repository/AdvanceSearch_Page/td_Value'

2019-02-27 18:07:02 - [TEST_STEP][PASSED] - click(findTestObject("AdvanceSearch_Page/AppySearch_button")): Object: 'Object Repository/AdvanceSearch_Page/AppySearch_button' is clicked on

2019-02-27 18:07:05 - [MESSAGE][PASSED] - Object: 'Object Repository/AdvanceSearch_Page/AppySearch_button' is clicked on

2019-02-27 18:07:05 - [TEST_STEP][PASSED] - globalkeywords.record.RecordNotFound(): globalkeywords.record.RecordNotFound is PASSED

2019-02-27 18:07:15 - [MESSAGE][INFO] - Unable to find the element located by 'By.xpath: //td[@class='dataTables_empty']'. Please recheck the objects properties to make sure the desired element is located. 

2019-02-27 18:07:15 - [MESSAGE][WARNING] - Object 'Object Repository/Page_Callidus Cloud Commissions Man/NoRecordsFound' is not present after 10 second(s)

2019-02-27 18:07:15 - [MESSAGE][PASSED] - globalkeywords.record.RecordNotFound is PASSED]]></system-out>
         <system-err><![CDATA[]]></system-err>
      </testcase>
      <testcase name="Test Cases/Plan_Workspace/Plan Components exist in the system" classname="Test Cases/Plan_Workspace/Plan Components exist in the system" status="PASSED">
         <system-out><![CDATA[2019-02-27 18:07:15 - [TEST_CASE][PASSED] - Test Cases/Plan_Workspace/Plan Components exist in the system: Test Cases/Plan_Workspace/Plan Components exist in the system

2019-02-27 18:07:15 - [TEST_STEP][PASSED] - Start listener action : sampleBeforeTestCase: null

2019-02-27 18:07:15 - [TEST_STEP][PASSED] - println(testCaseContext.getTestCaseId()): null

2019-02-27 18:07:15 - [TEST_STEP][PASSED] - println(testCaseContext.getTestCaseVariables()): null

2019-02-27 18:07:15 - [TEST_STEP][PASSED] - callTestCase(findTestCase("Commission Login_Logout/Commission Login"), [:], STOP_ON_FAILURE): Call Test Case 'Test Cases/Commission Login_Logout/Commission Login' successfully

2019-02-27 18:07:16 - [TEST_CASE][PASSED] - Test Cases/Commission Login_Logout/Commission Login: Test Cases/Commission Login_Logout/Commission Login

2019-02-27 18:07:16 - [TEST_STEP][PASSED] - openBrowser(""): Browser is opened with url: ''

2019-02-27 18:07:16 - [MESSAGE][WARNING] - A browser is already opened. Closing browser and opening a new one

2019-02-27 18:07:17 - [MESSAGE][INFO] - Starting 'Chrome' driver

2019-02-27 18:07:22 - [MESSAGE][PASSED] - Browser is opened with url: ''

2019-02-27 18:07:22 - [TEST_STEP][PASSED] - navigateToUrl(BecURL): Navigate to 'https://biz3-tst.callidusondemand.com/SalesPortal/#!/' successfully

2019-02-27 18:07:38 - [MESSAGE][PASSED] - Navigate to 'https://biz3-tst.callidusondemand.com/SalesPortal/#!/' successfully

2019-02-27 18:07:38 - [TEST_STEP][PASSED] - maximizeWindow(): Current window maximized

2019-02-27 18:07:40 - [MESSAGE][PASSED] - Current window maximized

2019-02-27 18:07:40 - [TEST_STEP][PASSED] - setText(findTestObject("LoginPage/input_Username_username"), Bec_UserName): Text 'rkulkarn@calliduscloud.com' is set on object 'Object Repository/LoginPage/input_Username_username'

2019-02-27 18:07:44 - [MESSAGE][PASSED] - Text 'rkulkarn@calliduscloud.com' is set on object 'Object Repository/LoginPage/input_Username_username'

2019-02-27 18:07:44 - [TEST_STEP][PASSED] - setText(findTestObject("LoginPage/input_Password_password"), Bec_Password): Text 'Augg@1234' is set on object 'Object Repository/LoginPage/input_Password_password'

2019-02-27 18:07:49 - [MESSAGE][PASSED] - Text 'Augg@1234' is set on object 'Object Repository/LoginPage/input_Password_password'

2019-02-27 18:07:49 - [TEST_STEP][PASSED] - waitForElementClickable(findTestObject("LoginPage/Login_Button"), 2): Object 'Object Repository/LoginPage/Login_Button' is clickable

2019-02-27 18:07:51 - [MESSAGE][PASSED] - Object 'Object Repository/LoginPage/Login_Button' is clickable

2019-02-27 18:07:51 - [TEST_STEP][PASSED] - click(findTestObject("LoginPage/Login_Button")): Object: 'Object Repository/LoginPage/Login_Button' is clicked on

2019-02-27 18:07:53 - [MESSAGE][PASSED] - Object: 'Object Repository/LoginPage/Login_Button' is clicked on

2019-02-27 18:07:53 - [TEST_STEP][PASSED] - waitForPageLoad(2): Wait for page load successfully

2019-02-27 18:07:54 - [MESSAGE][PASSED] - Wait for page load successfully

2019-02-27 18:07:54 - [TEST_STEP][PASSED] - click(findTestObject("MessagesPage/Icon_Apps")): Object: 'Object Repository/MessagesPage/Icon_Apps' is clicked on

2019-02-27 18:07:58 - [MESSAGE][PASSED] - Object: 'Object Repository/MessagesPage/Icon_Apps' is clicked on

2019-02-27 18:07:58 - [TEST_STEP][PASSED] - mouseOver(findTestObject("MessagesPage/Link_Commissions")): Object: 'Object Repository/MessagesPage/Link_Commissions' is hovered

2019-02-27 18:08:01 - [MESSAGE][PASSED] - Object: 'Object Repository/MessagesPage/Link_Commissions' is hovered

2019-02-27 18:08:01 - [TEST_STEP][PASSED] - scrollToElement(findTestObject("MessagesPage/Link_Commissions"), 1): Scroll to object 'Object Repository/MessagesPage/Link_Commissions' successfully

2019-02-27 18:08:03 - [MESSAGE][PASSED] - Scroll to object 'Object Repository/MessagesPage/Link_Commissions' successfully

2019-02-27 18:08:03 - [TEST_STEP][PASSED] - click(findTestObject("MessagesPage/Link_Commissions")): Object: 'Object Repository/MessagesPage/Link_Commissions' is clicked on

2019-02-27 18:08:25 - [MESSAGE][PASSED] - Object: 'Object Repository/MessagesPage/Link_Commissions' is clicked on

2019-02-27 18:08:25 - [TEST_STEP][PASSED] - waitForPageLoad(3): Wait for page load successfully

2019-02-27 18:08:26 - [MESSAGE][PASSED] - Wait for page load successfully

2019-02-27 18:08:26 - [MESSAGE][PASSED] - Call Test Case 'Test Cases/Commission Login_Logout/Commission Login' successfully

2019-02-27 18:08:26 - [TEST_STEP][PASSED] - mouseOver(findTestObject("HomePage_Commission/Commission_Plandata/Icon_PlanData")): Object: 'Object Repository/HomePage_Commission/Commission_Plandata/Icon_PlanData' is hovered

2019-02-27 18:08:29 - [MESSAGE][PASSED] - Object: 'Object Repository/HomePage_Commission/Commission_Plandata/Icon_PlanData' is hovered

2019-02-27 18:08:29 - [TEST_STEP][PASSED] - waitForElementPresent(findTestObject("HomePage_Commission/Commission_Plandata/Icon_PlanData"), 2): Object 'Object Repository/HomePage_Commission/Commission_Plandata/Icon_PlanData' is present

2019-02-27 18:08:30 - [MESSAGE][PASSED] - Object 'Object Repository/HomePage_Commission/Commission_Plandata/Icon_PlanData' is present

2019-02-27 18:08:30 - [TEST_STEP][PASSED] - click(findTestObject("HomePage_Commission/Commission_Plandata/Icon_PlanData")): Object: 'Object Repository/HomePage_Commission/Commission_Plandata/Icon_PlanData' is clicked on

2019-02-27 18:08:32 - [MESSAGE][PASSED] - Object: 'Object Repository/HomePage_Commission/Commission_Plandata/Icon_PlanData' is clicked on

2019-02-27 18:08:32 - [TEST_STEP][PASSED] - println("User is able to naviagte to Plan tab"): null

2019-02-27 18:08:32 - [TEST_STEP][PASSED] - waitForElementVisible(findTestObject("HomePage_Commission/Commission_Plandata/Link_Plan Components"), 1): Object 'Object Repository/HomePage_Commission/Commission_Plandata/Link_Plan Components' is visible

2019-02-27 18:08:34 - [MESSAGE][PASSED] - Object 'Object Repository/HomePage_Commission/Commission_Plandata/Link_Plan Components' is visible

2019-02-27 18:08:34 - [TEST_STEP][PASSED] - mouseOver(findTestObject("HomePage_Commission/Commission_Plandata/Link_Plan Components"), STOP_ON_FAILURE): Object: 'Object Repository/HomePage_Commission/Commission_Plandata/Link_Plan Components' is hovered

2019-02-27 18:08:37 - [MESSAGE][PASSED] - Object: 'Object Repository/HomePage_Commission/Commission_Plandata/Link_Plan Components' is hovered

2019-02-27 18:08:37 - [TEST_STEP][PASSED] - click(findTestObject("HomePage_Commission/Commission_Plandata/Link_Plan Components")): Object: 'Object Repository/HomePage_Commission/Commission_Plandata/Link_Plan Components' is clicked on

2019-02-27 18:08:54 - [MESSAGE][PASSED] - Object: 'Object Repository/HomePage_Commission/Commission_Plandata/Link_Plan Components' is clicked on

2019-02-27 18:08:54 - [TEST_STEP][PASSED] - println("User Naviagted to Plan Components screen"): null

2019-02-27 18:08:54 - [TEST_STEP][PASSED] - click(findTestObject("AdvanceSearch_Page/Icon_Advanced Search")): Object: 'Object Repository/AdvanceSearch_Page/Icon_Advanced Search' is clicked on

2019-02-27 18:08:57 - [MESSAGE][PASSED] - Object: 'Object Repository/AdvanceSearch_Page/Icon_Advanced Search' is clicked on

2019-02-27 18:08:57 - [TEST_STEP][PASSED] - click(findTestObject("AdvanceSearch_Page/FieldName_DropDown")): Object: 'Object Repository/AdvanceSearch_Page/FieldName_DropDown' is clicked on

2019-02-27 18:09:00 - [MESSAGE][PASSED] - Object: 'Object Repository/AdvanceSearch_Page/FieldName_DropDown' is clicked on

2019-02-27 18:09:00 - [TEST_STEP][PASSED] - scrollToElement(findTestObject("AdvanceSearch_Page/option_Value"), 4): Scroll to object 'Object Repository/AdvanceSearch_Page/option_Value' successfully

2019-02-27 18:09:02 - [MESSAGE][PASSED] - Scroll to object 'Object Repository/AdvanceSearch_Page/option_Value' successfully

2019-02-27 18:09:02 - [TEST_STEP][PASSED] - click(findTestObject("AdvanceSearch_Page/option_Value")): Object: 'Object Repository/AdvanceSearch_Page/option_Value' is clicked on

2019-02-27 18:09:04 - [MESSAGE][PASSED] - Object: 'Object Repository/AdvanceSearch_Page/option_Value' is clicked on

2019-02-27 18:09:04 - [TEST_STEP][PASSED] - click(findTestObject("AdvanceSearch_Page/td_Comparision")): Object: 'Object Repository/AdvanceSearch_Page/td_Comparision' is clicked on

2019-02-27 18:09:06 - [MESSAGE][PASSED] - Object: 'Object Repository/AdvanceSearch_Page/td_Comparision' is clicked on

2019-02-27 18:09:06 - [TEST_STEP][PASSED] - scrollToElement(findTestObject("AdvanceSearch_Page/option_Equals"), 2): Scroll to object 'Object Repository/AdvanceSearch_Page/option_Equals' successfully

2019-02-27 18:09:08 - [MESSAGE][PASSED] - Scroll to object 'Object Repository/AdvanceSearch_Page/option_Equals' successfully

2019-02-27 18:09:08 - [TEST_STEP][PASSED] - click(findTestObject("AdvanceSearch_Page/option_Equals")): Object: 'Object Repository/AdvanceSearch_Page/option_Equals' is clicked on

2019-02-27 18:09:10 - [MESSAGE][PASSED] - Object: 'Object Repository/AdvanceSearch_Page/option_Equals' is clicked on

2019-02-27 18:09:10 - [TEST_STEP][PASSED] - setText(findTestObject("AdvanceSearch_Page/td_Value"), PlanComponentName): Text 'Aggregated Revenue against Territory based on Flat Rate' is set on object 'Object Repository/AdvanceSearch_Page/td_Value'

2019-02-27 18:09:15 - [MESSAGE][PASSED] - Text 'Aggregated Revenue against Territory based on Flat Rate' is set on object 'Object Repository/AdvanceSearch_Page/td_Value'

2019-02-27 18:09:15 - [TEST_STEP][PASSED] - click(findTestObject("AdvanceSearch_Page/AppySearch_button")): Object: 'Object Repository/AdvanceSearch_Page/AppySearch_button' is clicked on

2019-02-27 18:09:18 - [MESSAGE][PASSED] - Object: 'Object Repository/AdvanceSearch_Page/AppySearch_button' is clicked on

2019-02-27 18:09:18 - [TEST_STEP][PASSED] - globalkeywords.record.RecordNotFound(): globalkeywords.record.RecordNotFound is PASSED

2019-02-27 18:09:28 - [MESSAGE][INFO] - Unable to find the element located by 'By.xpath: //td[@class='dataTables_empty']'. Please recheck the objects properties to make sure the desired element is located. 

2019-02-27 18:09:28 - [MESSAGE][WARNING] - Object 'Object Repository/Page_Callidus Cloud Commissions Man/NoRecordsFound' is not present after 10 second(s)

2019-02-27 18:09:28 - [MESSAGE][PASSED] - globalkeywords.record.RecordNotFound is PASSED]]></system-out>
         <system-err><![CDATA[]]></system-err>
      </testcase>
      <testcase name="Test Cases/Plan_Workspace/Plans exist in the system" classname="Test Cases/Plan_Workspace/Plans exist in the system" status="PASSED">
         <system-out><![CDATA[2019-02-27 18:09:28 - [TEST_CASE][PASSED] - Test Cases/Plan_Workspace/Plans exist in the system: Test Cases/Plan_Workspace/Plans exist in the system

2019-02-27 18:09:28 - [TEST_STEP][PASSED] - Start listener action : sampleBeforeTestCase: null

2019-02-27 18:09:28 - [TEST_STEP][PASSED] - println(testCaseContext.getTestCaseId()): null

2019-02-27 18:09:28 - [TEST_STEP][PASSED] - println(testCaseContext.getTestCaseVariables()): null

2019-02-27 18:09:29 - [TEST_STEP][PASSED] - callTestCase(findTestCase("Commission Login_Logout/Commission Login"), [:], STOP_ON_FAILURE): Call Test Case 'Test Cases/Commission Login_Logout/Commission Login' successfully

2019-02-27 18:09:29 - [TEST_CASE][PASSED] - Test Cases/Commission Login_Logout/Commission Login: Test Cases/Commission Login_Logout/Commission Login

2019-02-27 18:09:29 - [TEST_STEP][PASSED] - openBrowser(""): Browser is opened with url: ''

2019-02-27 18:09:29 - [MESSAGE][WARNING] - A browser is already opened. Closing browser and opening a new one

2019-02-27 18:09:31 - [MESSAGE][INFO] - Starting 'Chrome' driver

2019-02-27 18:09:36 - [MESSAGE][PASSED] - Browser is opened with url: ''

2019-02-27 18:09:36 - [TEST_STEP][PASSED] - navigateToUrl(BecURL): Navigate to 'https://biz3-tst.callidusondemand.com/SalesPortal/#!/' successfully

2019-02-27 18:09:53 - [MESSAGE][PASSED] - Navigate to 'https://biz3-tst.callidusondemand.com/SalesPortal/#!/' successfully

2019-02-27 18:09:53 - [TEST_STEP][PASSED] - maximizeWindow(): Current window maximized

2019-02-27 18:09:55 - [MESSAGE][PASSED] - Current window maximized

2019-02-27 18:09:55 - [TEST_STEP][PASSED] - setText(findTestObject("LoginPage/input_Username_username"), Bec_UserName): Text 'rkulkarn@calliduscloud.com' is set on object 'Object Repository/LoginPage/input_Username_username'

2019-02-27 18:09:59 - [MESSAGE][PASSED] - Text 'rkulkarn@calliduscloud.com' is set on object 'Object Repository/LoginPage/input_Username_username'

2019-02-27 18:09:59 - [TEST_STEP][PASSED] - setText(findTestObject("LoginPage/input_Password_password"), Bec_Password): Text 'Augg@1234' is set on object 'Object Repository/LoginPage/input_Password_password'

2019-02-27 18:10:03 - [MESSAGE][PASSED] - Text 'Augg@1234' is set on object 'Object Repository/LoginPage/input_Password_password'

2019-02-27 18:10:03 - [TEST_STEP][PASSED] - waitForElementClickable(findTestObject("LoginPage/Login_Button"), 2): Object 'Object Repository/LoginPage/Login_Button' is clickable

2019-02-27 18:10:05 - [MESSAGE][PASSED] - Object 'Object Repository/LoginPage/Login_Button' is clickable

2019-02-27 18:10:05 - [TEST_STEP][PASSED] - click(findTestObject("LoginPage/Login_Button")): Object: 'Object Repository/LoginPage/Login_Button' is clicked on

2019-02-27 18:10:08 - [MESSAGE][PASSED] - Object: 'Object Repository/LoginPage/Login_Button' is clicked on

2019-02-27 18:10:08 - [TEST_STEP][PASSED] - waitForPageLoad(2): Wait for page load successfully

2019-02-27 18:10:09 - [MESSAGE][PASSED] - Wait for page load successfully

2019-02-27 18:10:09 - [TEST_STEP][PASSED] - click(findTestObject("MessagesPage/Icon_Apps")): Object: 'Object Repository/MessagesPage/Icon_Apps' is clicked on

2019-02-27 18:10:12 - [MESSAGE][PASSED] - Object: 'Object Repository/MessagesPage/Icon_Apps' is clicked on

2019-02-27 18:10:12 - [TEST_STEP][PASSED] - mouseOver(findTestObject("MessagesPage/Link_Commissions")): Object: 'Object Repository/MessagesPage/Link_Commissions' is hovered

2019-02-27 18:10:15 - [MESSAGE][PASSED] - Object: 'Object Repository/MessagesPage/Link_Commissions' is hovered

2019-02-27 18:10:15 - [TEST_STEP][PASSED] - scrollToElement(findTestObject("MessagesPage/Link_Commissions"), 1): Scroll to object 'Object Repository/MessagesPage/Link_Commissions' successfully

2019-02-27 18:10:18 - [MESSAGE][PASSED] - Scroll to object 'Object Repository/MessagesPage/Link_Commissions' successfully

2019-02-27 18:10:18 - [TEST_STEP][PASSED] - click(findTestObject("MessagesPage/Link_Commissions")): Object: 'Object Repository/MessagesPage/Link_Commissions' is clicked on

2019-02-27 18:10:38 - [MESSAGE][PASSED] - Object: 'Object Repository/MessagesPage/Link_Commissions' is clicked on

2019-02-27 18:10:38 - [TEST_STEP][PASSED] - waitForPageLoad(3): Wait for page load successfully

2019-02-27 18:10:39 - [MESSAGE][PASSED] - Wait for page load successfully

2019-02-27 18:10:39 - [MESSAGE][PASSED] - Call Test Case 'Test Cases/Commission Login_Logout/Commission Login' successfully

2019-02-27 18:10:39 - [TEST_STEP][PASSED] - mouseOver(findTestObject("HomePage_Commission/Commission_Plandata/Icon_PlanData")): Object: 'Object Repository/HomePage_Commission/Commission_Plandata/Icon_PlanData' is hovered

2019-02-27 18:10:43 - [MESSAGE][PASSED] - Object: 'Object Repository/HomePage_Commission/Commission_Plandata/Icon_PlanData' is hovered

2019-02-27 18:10:43 - [TEST_STEP][PASSED] - waitForElementPresent(findTestObject("HomePage_Commission/Commission_Plandata/Icon_PlanData"), 2): Object 'Object Repository/HomePage_Commission/Commission_Plandata/Icon_PlanData' is present

2019-02-27 18:10:44 - [MESSAGE][PASSED] - Object 'Object Repository/HomePage_Commission/Commission_Plandata/Icon_PlanData' is present

2019-02-27 18:10:44 - [TEST_STEP][PASSED] - click(findTestObject("HomePage_Commission/Commission_Plandata/Icon_PlanData")): Object: 'Object Repository/HomePage_Commission/Commission_Plandata/Icon_PlanData' is clicked on

2019-02-27 18:10:46 - [MESSAGE][PASSED] - Object: 'Object Repository/HomePage_Commission/Commission_Plandata/Icon_PlanData' is clicked on

2019-02-27 18:10:46 - [TEST_STEP][PASSED] - println("User is able to naviagte to Plan tab"): null

2019-02-27 18:10:46 - [TEST_STEP][PASSED] - waitForElementVisible(findTestObject("HomePage_Commission/Commission_Plandata/Link_Plan"), 2): Object 'Object Repository/HomePage_Commission/Commission_Plandata/Link_Plan' is visible

2019-02-27 18:10:48 - [MESSAGE][PASSED] - Object 'Object Repository/HomePage_Commission/Commission_Plandata/Link_Plan' is visible

2019-02-27 18:10:48 - [TEST_STEP][PASSED] - mouseOver(findTestObject("HomePage_Commission/Commission_Plandata/Link_Plan")): Object: 'Object Repository/HomePage_Commission/Commission_Plandata/Link_Plan' is hovered

2019-02-27 18:10:51 - [MESSAGE][PASSED] - Object: 'Object Repository/HomePage_Commission/Commission_Plandata/Link_Plan' is hovered

2019-02-27 18:10:51 - [TEST_STEP][PASSED] - click(findTestObject("HomePage_Commission/Commission_Plandata/Link_Plan")): Object: 'Object Repository/HomePage_Commission/Commission_Plandata/Link_Plan' is clicked on

2019-02-27 18:11:08 - [MESSAGE][PASSED] - Object: 'Object Repository/HomePage_Commission/Commission_Plandata/Link_Plan' is clicked on

2019-02-27 18:11:08 - [TEST_STEP][PASSED] - println("User Naviagted to Plans screen"): null

2019-02-27 18:11:08 - [TEST_STEP][PASSED] - callTestCase(findTestCase("Script_For_Advancesearch/AdvanceSearch"), ["SerachString":"Plan_Raj"], STOP_ON_FAILURE): Call Test Case 'Test Cases/Script_For_Advancesearch/AdvanceSearch' successfully

2019-02-27 18:11:08 - [TEST_CASE][PASSED] - Test Cases/Script_For_Advancesearch/AdvanceSearch: Test Cases/Script_For_Advancesearch/AdvanceSearch

2019-02-27 18:11:08 - [TEST_STEP][PASSED] - waitForPageLoad(5): Wait for page load successfully

2019-02-27 18:11:09 - [MESSAGE][PASSED] - Wait for page load successfully

2019-02-27 18:11:09 - [TEST_STEP][PASSED] - scrollToPosition(0, 0): Browser is scrolled to position x = 0, y = 0

2019-02-27 18:11:10 - [MESSAGE][PASSED] - Browser is scrolled to position x = 0, y = 0

2019-02-27 18:11:10 - [TEST_STEP][PASSED] - click(findTestObject("AdvanceSearch_Page/Icon_Advanced Search")): Object: 'Object Repository/AdvanceSearch_Page/Icon_Advanced Search' is clicked on

2019-02-27 18:11:12 - [MESSAGE][PASSED] - Object: 'Object Repository/AdvanceSearch_Page/Icon_Advanced Search' is clicked on

2019-02-27 18:11:12 - [TEST_STEP][PASSED] - waitForElementVisible(findTestObject("AdvanceSearch_Page/FieldName_DropDown"), 2): Object 'Object Repository/AdvanceSearch_Page/FieldName_DropDown' is visible

2019-02-27 18:11:14 - [MESSAGE][PASSED] - Object 'Object Repository/AdvanceSearch_Page/FieldName_DropDown' is visible

2019-02-27 18:11:14 - [TEST_STEP][PASSED] - click(findTestObject("AdvanceSearch_Page/FieldName_DropDown")): Object: 'Object Repository/AdvanceSearch_Page/FieldName_DropDown' is clicked on

2019-02-27 18:11:16 - [MESSAGE][PASSED] - Object: 'Object Repository/AdvanceSearch_Page/FieldName_DropDown' is clicked on

2019-02-27 18:11:16 - [TEST_STEP][PASSED] - scrollToElement(findTestObject("AdvanceSearch_Page/option_Value"), 4): Scroll to object 'Object Repository/AdvanceSearch_Page/option_Value' successfully

2019-02-27 18:11:19 - [MESSAGE][PASSED] - Scroll to object 'Object Repository/AdvanceSearch_Page/option_Value' successfully

2019-02-27 18:11:19 - [TEST_STEP][PASSED] - waitForElementClickable(findTestObject("AdvanceSearch_Page/option_Value"), 2): Object 'Object Repository/AdvanceSearch_Page/option_Value' is clickable

2019-02-27 18:11:21 - [MESSAGE][PASSED] - Object 'Object Repository/AdvanceSearch_Page/option_Value' is clickable

2019-02-27 18:11:21 - [TEST_STEP][PASSED] - click(findTestObject("AdvanceSearch_Page/option_Value")): Object: 'Object Repository/AdvanceSearch_Page/option_Value' is clicked on

2019-02-27 18:11:23 - [MESSAGE][PASSED] - Object: 'Object Repository/AdvanceSearch_Page/option_Value' is clicked on

2019-02-27 18:11:23 - [TEST_STEP][PASSED] - click(findTestObject("AdvanceSearch_Page/td_Comparision")): Object: 'Object Repository/AdvanceSearch_Page/td_Comparision' is clicked on

2019-02-27 18:11:25 - [MESSAGE][PASSED] - Object: 'Object Repository/AdvanceSearch_Page/td_Comparision' is clicked on

2019-02-27 18:11:25 - [TEST_STEP][PASSED] - waitForElementVisible(findTestObject("AdvanceSearch_Page/option_Equals"), 2): Object 'Object Repository/AdvanceSearch_Page/option_Equals' is visible

2019-02-27 18:11:27 - [MESSAGE][PASSED] - Object 'Object Repository/AdvanceSearch_Page/option_Equals' is visible

2019-02-27 18:11:27 - [TEST_STEP][PASSED] - scrollToElement(findTestObject("AdvanceSearch_Page/option_Equals"), 2): Scroll to object 'Object Repository/AdvanceSearch_Page/option_Equals' successfully

2019-02-27 18:11:29 - [MESSAGE][PASSED] - Scroll to object 'Object Repository/AdvanceSearch_Page/option_Equals' successfully

2019-02-27 18:11:29 - [TEST_STEP][PASSED] - waitForElementClickable(findTestObject("AdvanceSearch_Page/option_Equals"), 2): Object 'Object Repository/AdvanceSearch_Page/option_Equals' is clickable

2019-02-27 18:11:31 - [MESSAGE][PASSED] - Object 'Object Repository/AdvanceSearch_Page/option_Equals' is clickable

2019-02-27 18:11:31 - [TEST_STEP][PASSED] - click(findTestObject("AdvanceSearch_Page/option_Equals")): Object: 'Object Repository/AdvanceSearch_Page/option_Equals' is clicked on

2019-02-27 18:11:33 - [MESSAGE][PASSED] - Object: 'Object Repository/AdvanceSearch_Page/option_Equals' is clicked on

2019-02-27 18:11:33 - [TEST_STEP][PASSED] - waitForElementClickable(findTestObject("AdvanceSearch_Page/td_Value"), 5): Object 'Object Repository/AdvanceSearch_Page/td_Value' is clickable

2019-02-27 18:11:35 - [MESSAGE][PASSED] - Object 'Object Repository/AdvanceSearch_Page/td_Value' is clickable

2019-02-27 18:11:35 - [TEST_STEP][PASSED] - click(findTestObject("AdvanceSearch_Page/td_Value")): Object: 'Object Repository/AdvanceSearch_Page/td_Value' is clicked on

2019-02-27 18:11:38 - [MESSAGE][PASSED] - Object: 'Object Repository/AdvanceSearch_Page/td_Value' is clicked on

2019-02-27 18:11:38 - [TEST_STEP][PASSED] - setText(findTestObject("AdvanceSearch_Page/td_Value"), SerachString): Text 'Plan_Raj' is set on object 'Object Repository/AdvanceSearch_Page/td_Value'

2019-02-27 18:11:42 - [MESSAGE][PASSED] - Text 'Plan_Raj' is set on object 'Object Repository/AdvanceSearch_Page/td_Value'

2019-02-27 18:11:42 - [TEST_STEP][PASSED] - waitForElementClickable(findTestObject("AdvanceSearch_Page/AppySearch_button"), 2): Object 'Object Repository/AdvanceSearch_Page/AppySearch_button' is clickable

2019-02-27 18:11:44 - [MESSAGE][PASSED] - Object 'Object Repository/AdvanceSearch_Page/AppySearch_button' is clickable

2019-02-27 18:11:44 - [TEST_STEP][PASSED] - click(findTestObject("AdvanceSearch_Page/AppySearch_button")): Object: 'Object Repository/AdvanceSearch_Page/AppySearch_button' is clicked on

2019-02-27 18:11:46 - [MESSAGE][PASSED] - Object: 'Object Repository/AdvanceSearch_Page/AppySearch_button' is clicked on

2019-02-27 18:11:46 - [TEST_STEP][PASSED] - globalkeywords.record.RecordNotFound(): globalkeywords.record.RecordNotFound is PASSED

2019-02-27 18:11:57 - [MESSAGE][INFO] - Unable to find the element located by 'By.xpath: //td[@class='dataTables_empty']'. Please recheck the objects properties to make sure the desired element is located. 

2019-02-27 18:11:57 - [MESSAGE][WARNING] - Object 'Object Repository/Page_Callidus Cloud Commissions Man/NoRecordsFound' is not present after 10 second(s)

2019-02-27 18:11:57 - [MESSAGE][PASSED] - globalkeywords.record.RecordNotFound is PASSED

2019-02-27 18:11:57 - [MESSAGE][PASSED] - Call Test Case 'Test Cases/Script_For_Advancesearch/AdvanceSearch' successfully]]></system-out>
         <system-err><![CDATA[]]></system-err>
      </testcase>
      <testcase name="Test Cases/Security_workspace/Users exists in the system" classname="Test Cases/Security_workspace/Users exists in the system" status="PASSED">
         <system-out><![CDATA[2019-02-27 18:11:57 - [TEST_CASE][PASSED] - Test Cases/Security_workspace/Users exists in the system: Test Cases/Security_workspace/Users exists in the system

2019-02-27 18:11:57 - [TEST_STEP][PASSED] - Start listener action : sampleBeforeTestCase: null

2019-02-27 18:11:57 - [TEST_STEP][PASSED] - println(testCaseContext.getTestCaseId()): null

2019-02-27 18:11:57 - [TEST_STEP][PASSED] - println(testCaseContext.getTestCaseVariables()): null

2019-02-27 18:11:57 - [TEST_STEP][PASSED] - callTestCase(findTestCase("Commission Login_Logout/Commission Login"), [:], STOP_ON_FAILURE): Call Test Case 'Test Cases/Commission Login_Logout/Commission Login' successfully

2019-02-27 18:11:57 - [TEST_CASE][PASSED] - Test Cases/Commission Login_Logout/Commission Login: Test Cases/Commission Login_Logout/Commission Login

2019-02-27 18:11:57 - [TEST_STEP][PASSED] - openBrowser(""): Browser is opened with url: ''

2019-02-27 18:11:57 - [MESSAGE][WARNING] - A browser is already opened. Closing browser and opening a new one

2019-02-27 18:11:59 - [MESSAGE][INFO] - Starting 'Chrome' driver

2019-02-27 18:12:05 - [MESSAGE][PASSED] - Browser is opened with url: ''

2019-02-27 18:12:05 - [TEST_STEP][PASSED] - navigateToUrl(BecURL): Navigate to 'https://biz3-tst.callidusondemand.com/SalesPortal/#!/' successfully

2019-02-27 18:12:22 - [MESSAGE][PASSED] - Navigate to 'https://biz3-tst.callidusondemand.com/SalesPortal/#!/' successfully

2019-02-27 18:12:22 - [TEST_STEP][PASSED] - maximizeWindow(): Current window maximized

2019-02-27 18:12:24 - [MESSAGE][PASSED] - Current window maximized

2019-02-27 18:12:24 - [TEST_STEP][PASSED] - setText(findTestObject("LoginPage/input_Username_username"), Bec_UserName): Text 'rkulkarn@calliduscloud.com' is set on object 'Object Repository/LoginPage/input_Username_username'

2019-02-27 18:12:29 - [MESSAGE][PASSED] - Text 'rkulkarn@calliduscloud.com' is set on object 'Object Repository/LoginPage/input_Username_username'

2019-02-27 18:12:29 - [TEST_STEP][PASSED] - setText(findTestObject("LoginPage/input_Password_password"), Bec_Password): Text 'Augg@1234' is set on object 'Object Repository/LoginPage/input_Password_password'

2019-02-27 18:12:33 - [MESSAGE][PASSED] - Text 'Augg@1234' is set on object 'Object Repository/LoginPage/input_Password_password'

2019-02-27 18:12:33 - [TEST_STEP][PASSED] - waitForElementClickable(findTestObject("LoginPage/Login_Button"), 2): Object 'Object Repository/LoginPage/Login_Button' is clickable

2019-02-27 18:12:35 - [MESSAGE][PASSED] - Object 'Object Repository/LoginPage/Login_Button' is clickable

2019-02-27 18:12:35 - [TEST_STEP][PASSED] - click(findTestObject("LoginPage/Login_Button")): Object: 'Object Repository/LoginPage/Login_Button' is clicked on

2019-02-27 18:12:37 - [MESSAGE][PASSED] - Object: 'Object Repository/LoginPage/Login_Button' is clicked on

2019-02-27 18:12:37 - [TEST_STEP][PASSED] - waitForPageLoad(2): Wait for page load successfully

2019-02-27 18:12:38 - [MESSAGE][PASSED] - Wait for page load successfully

2019-02-27 18:12:38 - [TEST_STEP][PASSED] - click(findTestObject("MessagesPage/Icon_Apps")): Object: 'Object Repository/MessagesPage/Icon_Apps' is clicked on

2019-02-27 18:12:42 - [MESSAGE][PASSED] - Object: 'Object Repository/MessagesPage/Icon_Apps' is clicked on

2019-02-27 18:12:42 - [TEST_STEP][PASSED] - mouseOver(findTestObject("MessagesPage/Link_Commissions")): Object: 'Object Repository/MessagesPage/Link_Commissions' is hovered

2019-02-27 18:12:45 - [MESSAGE][PASSED] - Object: 'Object Repository/MessagesPage/Link_Commissions' is hovered

2019-02-27 18:12:45 - [TEST_STEP][PASSED] - scrollToElement(findTestObject("MessagesPage/Link_Commissions"), 1): Scroll to object 'Object Repository/MessagesPage/Link_Commissions' successfully

2019-02-27 18:12:47 - [MESSAGE][PASSED] - Scroll to object 'Object Repository/MessagesPage/Link_Commissions' successfully

2019-02-27 18:12:47 - [TEST_STEP][PASSED] - click(findTestObject("MessagesPage/Link_Commissions")): Object: 'Object Repository/MessagesPage/Link_Commissions' is clicked on

2019-02-27 18:13:09 - [MESSAGE][PASSED] - Object: 'Object Repository/MessagesPage/Link_Commissions' is clicked on

2019-02-27 18:13:09 - [TEST_STEP][PASSED] - waitForPageLoad(3): Wait for page load successfully

2019-02-27 18:13:10 - [MESSAGE][PASSED] - Wait for page load successfully

2019-02-27 18:13:10 - [MESSAGE][PASSED] - Call Test Case 'Test Cases/Commission Login_Logout/Commission Login' successfully

2019-02-27 18:13:10 - [TEST_STEP][PASSED] - mouseOver(findTestObject("HomePage_Commission/Commission_Security/Icon_security")): Object: 'Object Repository/HomePage_Commission/Commission_Security/Icon_security' is hovered

2019-02-27 18:13:13 - [MESSAGE][PASSED] - Object: 'Object Repository/HomePage_Commission/Commission_Security/Icon_security' is hovered

2019-02-27 18:13:13 - [TEST_STEP][PASSED] - waitForElementPresent(findTestObject("HomePage_Commission/Commission_Security/Icon_security"), 8): Object 'Object Repository/HomePage_Commission/Commission_Security/Icon_security' is present

2019-02-27 18:13:14 - [MESSAGE][PASSED] - Object 'Object Repository/HomePage_Commission/Commission_Security/Icon_security' is present

2019-02-27 18:13:14 - [TEST_STEP][PASSED] - click(findTestObject("HomePage_Commission/Commission_Security/Icon_security")): Object: 'Object Repository/HomePage_Commission/Commission_Security/Icon_security' is clicked on

2019-02-27 18:13:16 - [MESSAGE][PASSED] - Object: 'Object Repository/HomePage_Commission/Commission_Security/Icon_security' is clicked on

2019-02-27 18:13:16 - [TEST_STEP][PASSED] - println("User is able to naviagte to Administration tab"): null

2019-02-27 18:13:16 - [TEST_STEP][PASSED] - waitForElementVisible(findTestObject("HomePage_Commission/Commission_Security/Link_Users"), 3): Object 'Object Repository/HomePage_Commission/Commission_Security/Link_Users' is visible

2019-02-27 18:13:18 - [MESSAGE][PASSED] - Object 'Object Repository/HomePage_Commission/Commission_Security/Link_Users' is visible

2019-02-27 18:13:18 - [TEST_STEP][PASSED] - mouseOver(findTestObject("HomePage_Commission/Commission_Security/Link_Users"), STOP_ON_FAILURE): Object: 'Object Repository/HomePage_Commission/Commission_Security/Link_Users' is hovered

2019-02-27 18:13:21 - [MESSAGE][PASSED] - Object: 'Object Repository/HomePage_Commission/Commission_Security/Link_Users' is hovered

2019-02-27 18:13:21 - [TEST_STEP][PASSED] - click(findTestObject("HomePage_Commission/Commission_Security/Link_Users")): Object: 'Object Repository/HomePage_Commission/Commission_Security/Link_Users' is clicked on

2019-02-27 18:13:37 - [MESSAGE][PASSED] - Object: 'Object Repository/HomePage_Commission/Commission_Security/Link_Users' is clicked on

2019-02-27 18:13:37 - [TEST_STEP][PASSED] - println("User Naviagted to Users screen"): null

2019-02-27 18:13:37 - [TEST_STEP][PASSED] - scrollToPosition(0, 0): Browser is scrolled to position x = 0, y = 0

2019-02-27 18:13:39 - [MESSAGE][PASSED] - Browser is scrolled to position x = 0, y = 0

2019-02-27 18:13:39 - [TEST_STEP][PASSED] - click(findTestObject("AdvanceSearch_Page/Icon_Advanced Search")): Object: 'Object Repository/AdvanceSearch_Page/Icon_Advanced Search' is clicked on

2019-02-27 18:13:41 - [MESSAGE][PASSED] - Object: 'Object Repository/AdvanceSearch_Page/Icon_Advanced Search' is clicked on

2019-02-27 18:13:41 - [TEST_STEP][PASSED] - click(findTestObject("AdvanceSearch_Page/FieldName_DropDown")): Object: 'Object Repository/AdvanceSearch_Page/FieldName_DropDown' is clicked on

2019-02-27 18:13:43 - [MESSAGE][PASSED] - Object: 'Object Repository/AdvanceSearch_Page/FieldName_DropDown' is clicked on

2019-02-27 18:13:43 - [TEST_STEP][PASSED] - scrollToElement(findTestObject("AdvanceSearch_Page/option_UserName"), 7): Scroll to object 'Object Repository/AdvanceSearch_Page/option_UserName' successfully

2019-02-27 18:13:46 - [MESSAGE][PASSED] - Scroll to object 'Object Repository/AdvanceSearch_Page/option_UserName' successfully

2019-02-27 18:13:46 - [TEST_STEP][PASSED] - click(findTestObject("AdvanceSearch_Page/option_UserName")): Object: 'Object Repository/AdvanceSearch_Page/option_UserName' is clicked on

2019-02-27 18:13:48 - [MESSAGE][PASSED] - Object: 'Object Repository/AdvanceSearch_Page/option_UserName' is clicked on

2019-02-27 18:13:48 - [TEST_STEP][PASSED] - click(findTestObject("AdvanceSearch_Page/td_Comparision")): Object: 'Object Repository/AdvanceSearch_Page/td_Comparision' is clicked on

2019-02-27 18:13:50 - [MESSAGE][PASSED] - Object: 'Object Repository/AdvanceSearch_Page/td_Comparision' is clicked on

2019-02-27 18:13:50 - [TEST_STEP][PASSED] - scrollToElement(findTestObject("AdvanceSearch_Page/option_Equals"), 2): Scroll to object 'Object Repository/AdvanceSearch_Page/option_Equals' successfully

2019-02-27 18:13:52 - [MESSAGE][PASSED] - Scroll to object 'Object Repository/AdvanceSearch_Page/option_Equals' successfully

2019-02-27 18:13:52 - [TEST_STEP][PASSED] - click(findTestObject("AdvanceSearch_Page/option_Equals")): Object: 'Object Repository/AdvanceSearch_Page/option_Equals' is clicked on

2019-02-27 18:13:54 - [MESSAGE][PASSED] - Object: 'Object Repository/AdvanceSearch_Page/option_Equals' is clicked on

2019-02-27 18:13:54 - [TEST_STEP][PASSED] - setText(findTestObject("AdvanceSearch_Page/td_Value"), UserName): Text 'skadhulu@calliduscloud.com' is set on object 'Object Repository/AdvanceSearch_Page/td_Value'

2019-02-27 18:13:59 - [MESSAGE][PASSED] - Text 'skadhulu@calliduscloud.com' is set on object 'Object Repository/AdvanceSearch_Page/td_Value'

2019-02-27 18:13:59 - [TEST_STEP][PASSED] - click(findTestObject("AdvanceSearch_Page/AppySearch_button")): Object: 'Object Repository/AdvanceSearch_Page/AppySearch_button' is clicked on

2019-02-27 18:14:01 - [MESSAGE][PASSED] - Object: 'Object Repository/AdvanceSearch_Page/AppySearch_button' is clicked on

2019-02-27 18:14:01 - [TEST_STEP][PASSED] - globalkeywords.record.RecordNotFound(): globalkeywords.record.RecordNotFound is PASSED

2019-02-27 18:14:12 - [MESSAGE][INFO] - Unable to find the element located by 'By.xpath: //td[@class='dataTables_empty']'. Please recheck the objects properties to make sure the desired element is located. 

2019-02-27 18:14:12 - [MESSAGE][WARNING] - Object 'Object Repository/Page_Callidus Cloud Commissions Man/NoRecordsFound' is not present after 10 second(s)

2019-02-27 18:14:12 - [MESSAGE][PASSED] - globalkeywords.record.RecordNotFound is PASSED]]></system-out>
         <system-err><![CDATA[]]></system-err>
      </testcase>
      <system-out><![CDATA[2019-02-27 17:08:09 - [TEST_SUITE][PASSED] - Report testing: Test Cases/Security_workspace/Users exists in the system]]></system-out>
      <system-err><![CDATA[]]></system-err>
   </testsuite>
</testsuites>
