<?xml version="1.0" encoding="UTF-8"?>
<testsuites name="Report testing" time="0" tests="1" failures="0" errors="0">
   <testsuite name="Report testing" tests="1" failures="0" errors="0" time="0" timestamp="2019-02-14 15:05:54" hostname="skadhulu - PC03UDCK-T440P.callidussoftware.com" id="Test Suites/Report testing">
      <properties>
         <property name="deviceName" value=""/>
         <property name="devicePlatform" value=""/>
         <property name="logFolder" value="C:\\Users\\skadhulu\\git\\commissionUAT_Jan28\\Reports\\Report testing\\20190214_150551"/>
         <property name="logFiles" value="C:\\Users\\skadhulu\\git\\commissionUAT_Jan28\\Reports\\Report testing\\20190214_150551\\execution0.log"/>
         <property name="attachments" value=""/>
         <property name="hostName" value="skadhulu - PC03UDCK-T440P.callidussoftware.com"/>
         <property name="hostAddress" value="192.168.237.37"/>
         <property name="os" value="Windows 10 64bit"/>
         <property name="katalonVersion" value="5.10.1.1"/>
      </properties>
      <testcase name="Test Cases/Testcase number" classname="Test Cases/Testcase number" status="PASSED">
         <system-out><![CDATA[2019-02-14 15:05:55 - [TEST_CASE][PASSED] - Test Cases/Testcase number: Test Cases/Testcase number

2019-02-14 15:05:55 - [TEST_STEP][PASSED] - Start listener action : sampleBeforeTestCase: null

2019-02-14 15:05:55 - [TEST_STEP][PASSED] - println(testCaseContext.getTestCaseId()): null

2019-02-14 15:05:55 - [TEST_STEP][PASSED] - println(testCaseContext.getTestCaseVariables()): null

2019-02-14 15:05:55 - [TEST_STEP][PASSED] - comment("Executint test case number 100"): Executint test case number 100

2019-02-14 15:05:55 - [MESSAGE][INFO] - Executint test case number 100]]></system-out>
         <system-err><![CDATA[]]></system-err>
      </testcase>
      <system-out><![CDATA[2019-02-14 15:05:54 - [TEST_SUITE][PASSED] - Report testing: Test Cases/Testcase number]]></system-out>
      <system-err><![CDATA[]]></system-err>
   </testsuite>
</testsuites>
