<?xml version="1.0" encoding="UTF-8"?>
<testsuites name="Report testing" time="90" tests="1" failures="0" errors="0">
   <testsuite name="Report testing" tests="1" failures="0" errors="0" time="90" timestamp="2019-02-13 12:34:07" hostname="skadhulu - PC03UDCK-T440P.callidussoftware.com" id="Test Suites/Report testing">
      <properties>
         <property name="deviceName" value=""/>
         <property name="devicePlatform" value=""/>
         <property name="logFolder" value="C:\\Users\\skadhulu\\git\\commissionUAT_Jan28\\Reports\\Report testing\\20190213_123404"/>
         <property name="logFiles" value="C:\\Users\\skadhulu\\git\\commissionUAT_Jan28\\Reports\\Report testing\\20190213_123404\\execution0.log"/>
         <property name="attachments" value=""/>
         <property name="hostName" value="skadhulu - PC03UDCK-T440P.callidussoftware.com"/>
         <property name="os" value="Windows 10 64bit"/>
         <property name="katalonVersion" value="5.10.1.1"/>
         <property name="browser" value="Chrome 71.0.3578.98"/>
         <property name="hostAddress" value="192.168.242.20"/>
         <property name="sessionId" value="8dd60989c3ad6919c8e8f50e5eb3c950"/>
         <property name="seleniumVersion" value="3.7.1"/>
         <property name="proxyInformation" value="ProxyInformation{proxyOption=NO_PROXY, proxyServerType=HTTP, password=, proxyServerAddress=, proxyServerPort=0}"/>
         <property name="platform" value="Windows 10"/>
      </properties>
      <testcase name="Test Cases/Commission Login" classname="Test Cases/Commission Login" status="PASSED">
         <system-out><![CDATA[2019-02-13 12:34:08 - [TEST_CASE][PASSED] - Test Cases/Commission Login: Test Cases/Commission Login

2019-02-13 12:34:08 - [TEST_STEP][PASSED] - Start listener action : sampleBeforeTestCase: null

2019-02-13 12:34:08 - [TEST_STEP][PASSED] - println(testCaseContext.getTestCaseId()): null

2019-02-13 12:34:08 - [TEST_STEP][PASSED] - println(testCaseContext.getTestCaseVariables()): null

2019-02-13 12:34:09 - [TEST_STEP][PASSED] - openBrowser(""): Browser is opened with url: ''

2019-02-13 12:34:09 - [MESSAGE][INFO] - Starting 'Chrome' driver

2019-02-13 12:34:09 - [MESSAGE][INFO] - Action delay is set to 1 seconds

2019-02-13 12:34:14 - [MESSAGE][PASSED] - Browser is opened with url: ''

2019-02-13 12:34:15 - [TEST_STEP][PASSED] - navigateToUrl(Url): Navigate to 'https://biz3-tst.callidusondemand.com/SalesPortal/#!/' successfully

2019-02-13 12:34:52 - [MESSAGE][PASSED] - Navigate to 'https://biz3-tst.callidusondemand.com/SalesPortal/#!/' successfully

2019-02-13 12:34:52 - [TEST_STEP][PASSED] - maximizeWindow(): Current window maximized

2019-02-13 12:34:54 - [MESSAGE][PASSED] - Current window maximized

2019-02-13 12:34:54 - [TEST_STEP][PASSED] - setText(findTestObject("Page_Sales Performance Home/input_username"), Username): Text 'skadhulu@calliduscloud.com' is set on object 'Object Repository/Page_Sales Performance Home/input_username'

2019-02-13 12:34:59 - [MESSAGE][PASSED] - Text 'skadhulu@calliduscloud.com' is set on object 'Object Repository/Page_Sales Performance Home/input_username'

2019-02-13 12:34:59 - [TEST_STEP][NOT_RUN] - delay(2): NOT_RUN: delay(2)

2019-02-13 12:34:59 - [MESSAGE][NOT_RUN] - NOT_RUN: delay(2)

2019-02-13 12:34:59 - [TEST_STEP][PASSED] - setText(findTestObject("Page_Sales Performance Home/input_password"), Password): Text 'Vinayaka@1254' is set on object 'Object Repository/Page_Sales Performance Home/input_password'

2019-02-13 12:35:04 - [MESSAGE][PASSED] - Text 'Vinayaka@1254' is set on object 'Object Repository/Page_Sales Performance Home/input_password'

2019-02-13 12:35:04 - [TEST_STEP][PASSED] - click(findTestObject("Page_Sales Performance Home/button_Login")): Object: 'Object Repository/Page_Sales Performance Home/button_Login' is clicked on

2019-02-13 12:35:06 - [MESSAGE][PASSED] - Object: 'Object Repository/Page_Sales Performance Home/button_Login' is clicked on

2019-02-13 12:35:06 - [TEST_STEP][PASSED] - click(findTestObject("Page_Sales Performance Home/span_Administration_sap-icon")): Object: 'Object Repository/Page_Sales Performance Home/span_Administration_sap-icon' is clicked on

2019-02-13 12:35:11 - [MESSAGE][PASSED] - Object: 'Object Repository/Page_Sales Performance Home/span_Administration_sap-icon' is clicked on

2019-02-13 12:35:11 - [TEST_STEP][PASSED] - click(findTestObject("Page_Sales Performance Home/a_Commissions")): Object: 'Object Repository/Page_Sales Performance Home/a_Commissions' is clicked on

2019-02-13 12:35:35 - [MESSAGE][PASSED] - Object: 'Object Repository/Page_Sales Performance Home/a_Commissions' is clicked on

2019-02-13 12:35:35 - [TEST_STEP][PASSED] - waitForPageLoad(100): Wait for page load successfully

2019-02-13 12:35:36 - [MESSAGE][PASSED] - Wait for page load successfully]]></system-out>
         <system-err><![CDATA[]]></system-err>
      </testcase>
      <system-out><![CDATA[2019-02-13 12:34:07 - [TEST_SUITE][PASSED] - Report testing: Test Cases/Commission Login]]></system-out>
      <system-err><![CDATA[]]></system-err>
   </testsuite>
</testsuites>
