<?xml version="1.0" encoding="UTF-8"?>
<testsuites name="demotest" time="72" tests="1" failures="0" errors="0">
   <testsuite name="demotest" tests="1" failures="0" errors="0" time="72" timestamp="2019-02-28 15:24:07" hostname="rkulkarn - 41XHMV1-E6330.callidussoftware.com" id="Test Suites/demotest">
      <properties>
         <property name="deviceName" value=""/>
         <property name="devicePlatform" value=""/>
         <property name="logFolder" value="C:\\Users\\rkulkarn\\git\\commissionUAT_Jan28\\Reports\\demotest\\20190228_152359"/>
         <property name="logFiles" value="C:\\Users\\rkulkarn\\git\\commissionUAT_Jan28\\Reports\\demotest\\20190228_152359\\execution0.log"/>
         <property name="attachments" value=""/>
         <property name="hostName" value="rkulkarn - 41XHMV1-E6330.callidussoftware.com"/>
         <property name="os" value="Windows 10 64bit"/>
         <property name="katalonVersion" value="5.10.1.1"/>
         <property name="browser" value="Chrome 72.0.3626.119"/>
         <property name="hostAddress" value="192.168.241.8"/>
         <property name="sessionId" value="302094eb5647788d572ec17e947c1df4"/>
         <property name="seleniumVersion" value="3.7.1"/>
         <property name="proxyInformation" value="ProxyInformation{proxyOption=NO_PROXY, proxyServerType=HTTP, password=, proxyServerAddress=, proxyServerPort=0}"/>
         <property name="platform" value="Windows 10"/>
      </properties>
      <testcase name="Test Cases/Commission Login_Logout/Commission Login" classname="Test Cases/Commission Login_Logout/Commission Login" status="PASSED">
         <system-out><![CDATA[2019-02-28 15:24:08 - [TEST_CASE][PASSED] - Test Cases/Commission Login_Logout/Commission Login: Test Cases/Commission Login_Logout/Commission Login

2019-02-28 15:24:08 - [TEST_STEP][PASSED] - Start listener action : sampleBeforeTestCase: null

2019-02-28 15:24:08 - [TEST_STEP][PASSED] - println(testCaseContext.getTestCaseId()): null

2019-02-28 15:24:08 - [TEST_STEP][PASSED] - println(testCaseContext.getTestCaseVariables()): null

2019-02-28 15:24:09 - [TEST_STEP][PASSED] - openBrowser(""): Browser is opened with url: ''

2019-02-28 15:24:09 - [MESSAGE][INFO] - Starting 'Chrome' driver

2019-02-28 15:24:09 - [MESSAGE][INFO] - Action delay is set to 1 seconds

2019-02-28 15:24:17 - [MESSAGE][PASSED] - Browser is opened with url: ''

2019-02-28 15:24:17 - [TEST_STEP][PASSED] - navigateToUrl(BecURL): Navigate to 'https://biz3-tst.callidusondemand.com/SalesPortal/#!/' successfully

2019-02-28 15:24:31 - [MESSAGE][PASSED] - Navigate to 'https://biz3-tst.callidusondemand.com/SalesPortal/#!/' successfully

2019-02-28 15:24:31 - [TEST_STEP][PASSED] - maximizeWindow(): Current window maximized

2019-02-28 15:24:33 - [MESSAGE][PASSED] - Current window maximized

2019-02-28 15:24:33 - [TEST_STEP][PASSED] - Assert.assertEquals(getText(findTestObject("LoginPage/Header_homepage")), header_name): Text of object 'Object Repository/LoginPage/Header_homepage' is: 'Sales Performance Home '

2019-02-28 15:24:35 - [MESSAGE][PASSED] - Text of object 'Object Repository/LoginPage/Header_homepage' is: 'Sales Performance Home '

2019-02-28 15:24:35 - [TEST_STEP][PASSED] - setText(findTestObject("LoginPage/input_Username_username"), Bec_UserName): Text 'rkulkarn@calliduscloud.com' is set on object 'Object Repository/LoginPage/input_Username_username'

2019-02-28 15:24:40 - [MESSAGE][PASSED] - Text 'rkulkarn@calliduscloud.com' is set on object 'Object Repository/LoginPage/input_Username_username'

2019-02-28 15:24:40 - [TEST_STEP][PASSED] - setText(findTestObject("LoginPage/input_Password_password"), Bec_Password): Text 'Augg@1234' is set on object 'Object Repository/LoginPage/input_Password_password'

2019-02-28 15:24:44 - [MESSAGE][PASSED] - Text 'Augg@1234' is set on object 'Object Repository/LoginPage/input_Password_password'

2019-02-28 15:24:44 - [TEST_STEP][PASSED] - waitForElementClickable(findTestObject("LoginPage/Login_Button"), 2): Object 'Object Repository/LoginPage/Login_Button' is clickable

2019-02-28 15:24:46 - [MESSAGE][PASSED] - Object 'Object Repository/LoginPage/Login_Button' is clickable

2019-02-28 15:24:46 - [TEST_STEP][PASSED] - click(findTestObject("LoginPage/Login_Button")): Object: 'Object Repository/LoginPage/Login_Button' is clicked on

2019-02-28 15:24:49 - [MESSAGE][PASSED] - Object: 'Object Repository/LoginPage/Login_Button' is clicked on

2019-02-28 15:24:49 - [TEST_STEP][PASSED] - waitForPageLoad(2): Wait for page load successfully

2019-02-28 15:24:50 - [MESSAGE][PASSED] - Wait for page load successfully

2019-02-28 15:24:50 - [TEST_STEP][PASSED] - click(findTestObject("MessagesPage/Icon_Apps")): Object: 'Object Repository/MessagesPage/Icon_Apps' is clicked on

2019-02-28 15:24:53 - [MESSAGE][PASSED] - Object: 'Object Repository/MessagesPage/Icon_Apps' is clicked on

2019-02-28 15:24:53 - [TEST_STEP][PASSED] - mouseOver(findTestObject("MessagesPage/Link_Commissions")): Object: 'Object Repository/MessagesPage/Link_Commissions' is hovered

2019-02-28 15:24:57 - [MESSAGE][PASSED] - Object: 'Object Repository/MessagesPage/Link_Commissions' is hovered

2019-02-28 15:24:57 - [TEST_STEP][PASSED] - scrollToElement(findTestObject("MessagesPage/Link_Commissions"), 1): Scroll to object 'Object Repository/MessagesPage/Link_Commissions' successfully

2019-02-28 15:24:59 - [MESSAGE][PASSED] - Scroll to object 'Object Repository/MessagesPage/Link_Commissions' successfully

2019-02-28 15:24:59 - [TEST_STEP][PASSED] - click(findTestObject("MessagesPage/Link_Commissions")): Object: 'Object Repository/MessagesPage/Link_Commissions' is clicked on

2019-02-28 15:25:16 - [MESSAGE][PASSED] - Object: 'Object Repository/MessagesPage/Link_Commissions' is clicked on

2019-02-28 15:25:16 - [TEST_STEP][PASSED] - waitForPageLoad(3): Wait for page load successfully

2019-02-28 15:25:17 - [MESSAGE][PASSED] - Wait for page load successfully]]></system-out>
         <system-err><![CDATA[]]></system-err>
      </testcase>
      <system-out><![CDATA[2019-02-28 15:24:07 - [TEST_SUITE][PASSED] - demotest: Test Cases/Commission Login_Logout/Commission Login]]></system-out>
      <system-err><![CDATA[]]></system-err>
   </testsuite>
</testsuites>
